[2024-04-08T02:58:37.150+0000] {processor.py:161} INFO - Started process (PID=332) to work on /home/airflow/.local/lib/python3.8/site-packages/airflow/example_dags/example_datasets.py
[2024-04-08T02:58:37.151+0000] {processor.py:830} INFO - Processing file /home/airflow/.local/lib/python3.8/site-packages/airflow/example_dags/example_datasets.py for tasks to queue
[2024-04-08T02:58:37.152+0000] {logging_mixin.py:188} INFO - [2024-04-08T02:58:37.152+0000] {dagbag.py:540} INFO - Filling up the DagBag from /home/airflow/.local/lib/python3.8/site-packages/airflow/example_dags/example_datasets.py
[2024-04-08T02:58:37.167+0000] {processor.py:840} INFO - DAG(s) 'dataset_consumes_1_and_2', 'dataset_consumes_unknown_never_scheduled', 'dataset_consumes_1_never_scheduled', 'dataset_consumes_1', 'dataset_produces_1', 'dataset_produces_2' retrieved from /home/airflow/.local/lib/python3.8/site-packages/airflow/example_dags/example_datasets.py
[2024-04-08T02:58:37.304+0000] {logging_mixin.py:188} INFO - [2024-04-08T02:58:37.304+0000] {override.py:1769} INFO - Created Permission View: can read on DAG:dataset_consumes_1_and_2
[2024-04-08T02:58:37.317+0000] {logging_mixin.py:188} INFO - [2024-04-08T02:58:37.317+0000] {override.py:1769} INFO - Created Permission View: can delete on DAG:dataset_consumes_1_and_2
[2024-04-08T02:58:37.329+0000] {logging_mixin.py:188} INFO - [2024-04-08T02:58:37.328+0000] {override.py:1769} INFO - Created Permission View: can edit on DAG:dataset_consumes_1_and_2
[2024-04-08T02:58:37.358+0000] {logging_mixin.py:188} INFO - [2024-04-08T02:58:37.357+0000] {override.py:1769} INFO - Created Permission View: can read on DAG:dataset_consumes_unknown_never_scheduled
[2024-04-08T02:58:37.369+0000] {logging_mixin.py:188} INFO - [2024-04-08T02:58:37.368+0000] {override.py:1769} INFO - Created Permission View: can delete on DAG:dataset_consumes_unknown_never_scheduled
[2024-04-08T02:58:37.381+0000] {logging_mixin.py:188} INFO - [2024-04-08T02:58:37.381+0000] {override.py:1769} INFO - Created Permission View: can edit on DAG:dataset_consumes_unknown_never_scheduled
[2024-04-08T02:58:37.416+0000] {logging_mixin.py:188} INFO - [2024-04-08T02:58:37.416+0000] {override.py:1769} INFO - Created Permission View: can read on DAG:dataset_consumes_1_never_scheduled
[2024-04-08T02:58:37.440+0000] {logging_mixin.py:188} INFO - [2024-04-08T02:58:37.440+0000] {override.py:1769} INFO - Created Permission View: can delete on DAG:dataset_consumes_1_never_scheduled
[2024-04-08T02:58:37.458+0000] {logging_mixin.py:188} INFO - [2024-04-08T02:58:37.457+0000] {override.py:1769} INFO - Created Permission View: can edit on DAG:dataset_consumes_1_never_scheduled
[2024-04-08T02:58:37.505+0000] {logging_mixin.py:188} INFO - [2024-04-08T02:58:37.505+0000] {override.py:1769} INFO - Created Permission View: can read on DAG:dataset_consumes_1
[2024-04-08T02:58:37.530+0000] {logging_mixin.py:188} INFO - [2024-04-08T02:58:37.530+0000] {override.py:1769} INFO - Created Permission View: can delete on DAG:dataset_consumes_1
[2024-04-08T02:58:37.558+0000] {logging_mixin.py:188} INFO - [2024-04-08T02:58:37.558+0000] {override.py:1769} INFO - Created Permission View: can edit on DAG:dataset_consumes_1
[2024-04-08T02:58:37.594+0000] {logging_mixin.py:188} INFO - [2024-04-08T02:58:37.593+0000] {override.py:1769} INFO - Created Permission View: can read on DAG:dataset_produces_1
[2024-04-08T02:58:37.612+0000] {logging_mixin.py:188} INFO - [2024-04-08T02:58:37.612+0000] {override.py:1769} INFO - Created Permission View: can delete on DAG:dataset_produces_1
[2024-04-08T02:58:37.624+0000] {logging_mixin.py:188} INFO - [2024-04-08T02:58:37.624+0000] {override.py:1769} INFO - Created Permission View: can edit on DAG:dataset_produces_1
[2024-04-08T02:58:37.655+0000] {logging_mixin.py:188} INFO - [2024-04-08T02:58:37.654+0000] {override.py:1769} INFO - Created Permission View: can read on DAG:dataset_produces_2
[2024-04-08T02:58:37.666+0000] {logging_mixin.py:188} INFO - [2024-04-08T02:58:37.666+0000] {override.py:1769} INFO - Created Permission View: can delete on DAG:dataset_produces_2
[2024-04-08T02:58:37.678+0000] {logging_mixin.py:188} INFO - [2024-04-08T02:58:37.678+0000] {override.py:1769} INFO - Created Permission View: can edit on DAG:dataset_produces_2
[2024-04-08T02:58:37.678+0000] {logging_mixin.py:188} INFO - [2024-04-08T02:58:37.678+0000] {dag.py:3047} INFO - Sync 6 DAGs
[2024-04-08T02:58:37.691+0000] {logging_mixin.py:188} INFO - [2024-04-08T02:58:37.691+0000] {dag.py:3069} INFO - Creating ORM DAG for dataset_consumes_unknown_never_scheduled
[2024-04-08T02:58:37.692+0000] {logging_mixin.py:188} INFO - [2024-04-08T02:58:37.692+0000] {dag.py:3069} INFO - Creating ORM DAG for dataset_consumes_1
[2024-04-08T02:58:37.693+0000] {logging_mixin.py:188} INFO - [2024-04-08T02:58:37.693+0000] {dag.py:3069} INFO - Creating ORM DAG for dataset_consumes_1_never_scheduled
[2024-04-08T02:58:37.694+0000] {logging_mixin.py:188} INFO - [2024-04-08T02:58:37.694+0000] {dag.py:3069} INFO - Creating ORM DAG for dataset_produces_1
[2024-04-08T02:58:37.695+0000] {logging_mixin.py:188} INFO - [2024-04-08T02:58:37.695+0000] {dag.py:3069} INFO - Creating ORM DAG for dataset_consumes_1_and_2
[2024-04-08T02:58:37.696+0000] {logging_mixin.py:188} INFO - [2024-04-08T02:58:37.696+0000] {dag.py:3069} INFO - Creating ORM DAG for dataset_produces_2
[2024-04-08T02:58:37.706+0000] {logging_mixin.py:188} INFO - [2024-04-08T02:58:37.706+0000] {dag.py:3834} INFO - Setting next_dagrun for dataset_consumes_1 to None, run_after=None
[2024-04-08T02:58:37.707+0000] {logging_mixin.py:188} INFO - [2024-04-08T02:58:37.706+0000] {dag.py:3834} INFO - Setting next_dagrun for dataset_consumes_1_and_2 to None, run_after=None
[2024-04-08T02:58:37.707+0000] {logging_mixin.py:188} INFO - [2024-04-08T02:58:37.707+0000] {dag.py:3834} INFO - Setting next_dagrun for dataset_consumes_1_never_scheduled to None, run_after=None
[2024-04-08T02:58:37.708+0000] {logging_mixin.py:188} INFO - [2024-04-08T02:58:37.708+0000] {dag.py:3834} INFO - Setting next_dagrun for dataset_consumes_unknown_never_scheduled to None, run_after=None
[2024-04-08T02:58:37.711+0000] {logging_mixin.py:188} INFO - [2024-04-08T02:58:37.710+0000] {dag.py:3834} INFO - Setting next_dagrun for dataset_produces_1 to 2024-04-07 00:00:00+00:00, run_after=2024-04-08 00:00:00+00:00
[2024-04-08T02:58:37.711+0000] {logging_mixin.py:188} INFO - [2024-04-08T02:58:37.711+0000] {dag.py:3834} INFO - Setting next_dagrun for dataset_produces_2 to None, run_after=None
[2024-04-08T02:58:37.754+0000] {processor.py:183} INFO - Processing /home/airflow/.local/lib/python3.8/site-packages/airflow/example_dags/example_datasets.py took 0.608 seconds
[2024-04-08T02:59:08.031+0000] {processor.py:161} INFO - Started process (PID=581) to work on /home/airflow/.local/lib/python3.8/site-packages/airflow/example_dags/example_datasets.py
[2024-04-08T02:59:08.032+0000] {processor.py:830} INFO - Processing file /home/airflow/.local/lib/python3.8/site-packages/airflow/example_dags/example_datasets.py for tasks to queue
[2024-04-08T02:59:08.033+0000] {logging_mixin.py:188} INFO - [2024-04-08T02:59:08.033+0000] {dagbag.py:540} INFO - Filling up the DagBag from /home/airflow/.local/lib/python3.8/site-packages/airflow/example_dags/example_datasets.py
[2024-04-08T02:59:08.051+0000] {processor.py:840} INFO - DAG(s) 'dataset_consumes_unknown_never_scheduled', 'dataset_produces_2', 'dataset_consumes_1_and_2', 'dataset_consumes_1', 'dataset_produces_1', 'dataset_consumes_1_never_scheduled' retrieved from /home/airflow/.local/lib/python3.8/site-packages/airflow/example_dags/example_datasets.py
[2024-04-08T02:59:08.137+0000] {logging_mixin.py:188} INFO - [2024-04-08T02:59:08.136+0000] {dag.py:3047} INFO - Sync 6 DAGs
[2024-04-08T02:59:08.176+0000] {logging_mixin.py:188} INFO - [2024-04-08T02:59:08.176+0000] {dag.py:3834} INFO - Setting next_dagrun for dataset_consumes_1 to None, run_after=None
[2024-04-08T02:59:08.182+0000] {logging_mixin.py:188} INFO - [2024-04-08T02:59:08.181+0000] {dag.py:3834} INFO - Setting next_dagrun for dataset_consumes_1_and_2 to None, run_after=None
[2024-04-08T02:59:08.183+0000] {logging_mixin.py:188} INFO - [2024-04-08T02:59:08.183+0000] {dag.py:3834} INFO - Setting next_dagrun for dataset_consumes_1_never_scheduled to None, run_after=None
[2024-04-08T02:59:08.184+0000] {logging_mixin.py:188} INFO - [2024-04-08T02:59:08.184+0000] {dag.py:3834} INFO - Setting next_dagrun for dataset_consumes_unknown_never_scheduled to None, run_after=None
[2024-04-08T02:59:08.188+0000] {logging_mixin.py:188} INFO - [2024-04-08T02:59:08.188+0000] {dag.py:3834} INFO - Setting next_dagrun for dataset_produces_1 to 2024-04-07 00:00:00+00:00, run_after=2024-04-08 00:00:00+00:00
[2024-04-08T02:59:08.189+0000] {logging_mixin.py:188} INFO - [2024-04-08T02:59:08.189+0000] {dag.py:3834} INFO - Setting next_dagrun for dataset_produces_2 to None, run_after=None
[2024-04-08T02:59:08.258+0000] {processor.py:183} INFO - Processing /home/airflow/.local/lib/python3.8/site-packages/airflow/example_dags/example_datasets.py took 0.230 seconds
[2024-04-08T02:59:39.084+0000] {processor.py:161} INFO - Started process (PID=826) to work on /home/airflow/.local/lib/python3.8/site-packages/airflow/example_dags/example_datasets.py
[2024-04-08T02:59:39.085+0000] {processor.py:830} INFO - Processing file /home/airflow/.local/lib/python3.8/site-packages/airflow/example_dags/example_datasets.py for tasks to queue
[2024-04-08T02:59:39.086+0000] {logging_mixin.py:188} INFO - [2024-04-08T02:59:39.086+0000] {dagbag.py:540} INFO - Filling up the DagBag from /home/airflow/.local/lib/python3.8/site-packages/airflow/example_dags/example_datasets.py
[2024-04-08T02:59:39.098+0000] {processor.py:840} INFO - DAG(s) 'dataset_consumes_unknown_never_scheduled', 'dataset_consumes_1_never_scheduled', 'dataset_produces_1', 'dataset_consumes_1_and_2', 'dataset_consumes_1', 'dataset_produces_2' retrieved from /home/airflow/.local/lib/python3.8/site-packages/airflow/example_dags/example_datasets.py
[2024-04-08T02:59:39.137+0000] {logging_mixin.py:188} INFO - [2024-04-08T02:59:39.137+0000] {dag.py:3047} INFO - Sync 6 DAGs
[2024-04-08T02:59:39.163+0000] {logging_mixin.py:188} INFO - [2024-04-08T02:59:39.163+0000] {dag.py:3834} INFO - Setting next_dagrun for dataset_consumes_1 to None, run_after=None
[2024-04-08T02:59:39.167+0000] {logging_mixin.py:188} INFO - [2024-04-08T02:59:39.167+0000] {dag.py:3834} INFO - Setting next_dagrun for dataset_consumes_1_and_2 to None, run_after=None
[2024-04-08T02:59:39.169+0000] {logging_mixin.py:188} INFO - [2024-04-08T02:59:39.169+0000] {dag.py:3834} INFO - Setting next_dagrun for dataset_consumes_1_never_scheduled to None, run_after=None
[2024-04-08T02:59:39.171+0000] {logging_mixin.py:188} INFO - [2024-04-08T02:59:39.171+0000] {dag.py:3834} INFO - Setting next_dagrun for dataset_consumes_unknown_never_scheduled to None, run_after=None
[2024-04-08T02:59:39.175+0000] {logging_mixin.py:188} INFO - [2024-04-08T02:59:39.174+0000] {dag.py:3834} INFO - Setting next_dagrun for dataset_produces_1 to 2024-04-07 00:00:00+00:00, run_after=2024-04-08 00:00:00+00:00
[2024-04-08T02:59:39.176+0000] {logging_mixin.py:188} INFO - [2024-04-08T02:59:39.176+0000] {dag.py:3834} INFO - Setting next_dagrun for dataset_produces_2 to None, run_after=None
[2024-04-08T02:59:39.211+0000] {processor.py:183} INFO - Processing /home/airflow/.local/lib/python3.8/site-packages/airflow/example_dags/example_datasets.py took 0.130 seconds
[2024-04-08T03:00:09.406+0000] {processor.py:161} INFO - Started process (PID=1073) to work on /home/airflow/.local/lib/python3.8/site-packages/airflow/example_dags/example_datasets.py
[2024-04-08T03:00:09.407+0000] {processor.py:830} INFO - Processing file /home/airflow/.local/lib/python3.8/site-packages/airflow/example_dags/example_datasets.py for tasks to queue
[2024-04-08T03:00:09.408+0000] {logging_mixin.py:188} INFO - [2024-04-08T03:00:09.408+0000] {dagbag.py:540} INFO - Filling up the DagBag from /home/airflow/.local/lib/python3.8/site-packages/airflow/example_dags/example_datasets.py
[2024-04-08T03:00:09.420+0000] {processor.py:840} INFO - DAG(s) 'dataset_consumes_1', 'dataset_consumes_1_never_scheduled', 'dataset_consumes_1_and_2', 'dataset_consumes_unknown_never_scheduled', 'dataset_produces_1', 'dataset_produces_2' retrieved from /home/airflow/.local/lib/python3.8/site-packages/airflow/example_dags/example_datasets.py
[2024-04-08T03:00:09.459+0000] {logging_mixin.py:188} INFO - [2024-04-08T03:00:09.459+0000] {dag.py:3047} INFO - Sync 6 DAGs
[2024-04-08T03:00:09.484+0000] {logging_mixin.py:188} INFO - [2024-04-08T03:00:09.483+0000] {dag.py:3834} INFO - Setting next_dagrun for dataset_consumes_1 to None, run_after=None
[2024-04-08T03:00:09.487+0000] {logging_mixin.py:188} INFO - [2024-04-08T03:00:09.487+0000] {dag.py:3834} INFO - Setting next_dagrun for dataset_consumes_1_and_2 to None, run_after=None
[2024-04-08T03:00:09.488+0000] {logging_mixin.py:188} INFO - [2024-04-08T03:00:09.488+0000] {dag.py:3834} INFO - Setting next_dagrun for dataset_consumes_1_never_scheduled to None, run_after=None
[2024-04-08T03:00:09.490+0000] {logging_mixin.py:188} INFO - [2024-04-08T03:00:09.489+0000] {dag.py:3834} INFO - Setting next_dagrun for dataset_consumes_unknown_never_scheduled to None, run_after=None
[2024-04-08T03:00:09.492+0000] {logging_mixin.py:188} INFO - [2024-04-08T03:00:09.492+0000] {dag.py:3834} INFO - Setting next_dagrun for dataset_produces_1 to 2024-04-07 00:00:00+00:00, run_after=2024-04-08 00:00:00+00:00
[2024-04-08T03:00:09.494+0000] {logging_mixin.py:188} INFO - [2024-04-08T03:00:09.493+0000] {dag.py:3834} INFO - Setting next_dagrun for dataset_produces_2 to None, run_after=None
[2024-04-08T03:00:09.532+0000] {processor.py:183} INFO - Processing /home/airflow/.local/lib/python3.8/site-packages/airflow/example_dags/example_datasets.py took 0.131 seconds
[2024-04-08T03:00:40.248+0000] {processor.py:161} INFO - Started process (PID=1322) to work on /home/airflow/.local/lib/python3.8/site-packages/airflow/example_dags/example_datasets.py
[2024-04-08T03:00:40.249+0000] {processor.py:830} INFO - Processing file /home/airflow/.local/lib/python3.8/site-packages/airflow/example_dags/example_datasets.py for tasks to queue
[2024-04-08T03:00:40.250+0000] {logging_mixin.py:188} INFO - [2024-04-08T03:00:40.250+0000] {dagbag.py:540} INFO - Filling up the DagBag from /home/airflow/.local/lib/python3.8/site-packages/airflow/example_dags/example_datasets.py
[2024-04-08T03:00:40.260+0000] {processor.py:840} INFO - DAG(s) 'dataset_produces_2', 'dataset_produces_1', 'dataset_consumes_1_never_scheduled', 'dataset_consumes_1', 'dataset_consumes_1_and_2', 'dataset_consumes_unknown_never_scheduled' retrieved from /home/airflow/.local/lib/python3.8/site-packages/airflow/example_dags/example_datasets.py
[2024-04-08T03:00:40.296+0000] {logging_mixin.py:188} INFO - [2024-04-08T03:00:40.296+0000] {dag.py:3047} INFO - Sync 6 DAGs
[2024-04-08T03:00:40.320+0000] {logging_mixin.py:188} INFO - [2024-04-08T03:00:40.320+0000] {dag.py:3834} INFO - Setting next_dagrun for dataset_consumes_1 to None, run_after=None
[2024-04-08T03:00:40.324+0000] {logging_mixin.py:188} INFO - [2024-04-08T03:00:40.324+0000] {dag.py:3834} INFO - Setting next_dagrun for dataset_consumes_1_and_2 to None, run_after=None
[2024-04-08T03:00:40.325+0000] {logging_mixin.py:188} INFO - [2024-04-08T03:00:40.325+0000] {dag.py:3834} INFO - Setting next_dagrun for dataset_consumes_1_never_scheduled to None, run_after=None
[2024-04-08T03:00:40.326+0000] {logging_mixin.py:188} INFO - [2024-04-08T03:00:40.326+0000] {dag.py:3834} INFO - Setting next_dagrun for dataset_consumes_unknown_never_scheduled to None, run_after=None
[2024-04-08T03:00:40.329+0000] {logging_mixin.py:188} INFO - [2024-04-08T03:00:40.328+0000] {dag.py:3834} INFO - Setting next_dagrun for dataset_produces_1 to 2024-04-07 00:00:00+00:00, run_after=2024-04-08 00:00:00+00:00
[2024-04-08T03:00:40.330+0000] {logging_mixin.py:188} INFO - [2024-04-08T03:00:40.329+0000] {dag.py:3834} INFO - Setting next_dagrun for dataset_produces_2 to None, run_after=None
[2024-04-08T03:00:40.361+0000] {processor.py:183} INFO - Processing /home/airflow/.local/lib/python3.8/site-packages/airflow/example_dags/example_datasets.py took 0.116 seconds
[2024-04-08T03:01:10.770+0000] {processor.py:161} INFO - Started process (PID=1567) to work on /home/airflow/.local/lib/python3.8/site-packages/airflow/example_dags/example_datasets.py
[2024-04-08T03:01:10.771+0000] {processor.py:830} INFO - Processing file /home/airflow/.local/lib/python3.8/site-packages/airflow/example_dags/example_datasets.py for tasks to queue
[2024-04-08T03:01:10.773+0000] {logging_mixin.py:188} INFO - [2024-04-08T03:01:10.772+0000] {dagbag.py:540} INFO - Filling up the DagBag from /home/airflow/.local/lib/python3.8/site-packages/airflow/example_dags/example_datasets.py
[2024-04-08T03:01:10.782+0000] {processor.py:840} INFO - DAG(s) 'dataset_produces_2', 'dataset_consumes_unknown_never_scheduled', 'dataset_consumes_1', 'dataset_produces_1', 'dataset_consumes_1_and_2', 'dataset_consumes_1_never_scheduled' retrieved from /home/airflow/.local/lib/python3.8/site-packages/airflow/example_dags/example_datasets.py
[2024-04-08T03:01:10.817+0000] {logging_mixin.py:188} INFO - [2024-04-08T03:01:10.817+0000] {dag.py:3047} INFO - Sync 6 DAGs
[2024-04-08T03:01:10.842+0000] {logging_mixin.py:188} INFO - [2024-04-08T03:01:10.842+0000] {dag.py:3834} INFO - Setting next_dagrun for dataset_consumes_1 to None, run_after=None
[2024-04-08T03:01:10.846+0000] {logging_mixin.py:188} INFO - [2024-04-08T03:01:10.846+0000] {dag.py:3834} INFO - Setting next_dagrun for dataset_consumes_1_and_2 to None, run_after=None
[2024-04-08T03:01:10.848+0000] {logging_mixin.py:188} INFO - [2024-04-08T03:01:10.848+0000] {dag.py:3834} INFO - Setting next_dagrun for dataset_consumes_1_never_scheduled to None, run_after=None
[2024-04-08T03:01:10.850+0000] {logging_mixin.py:188} INFO - [2024-04-08T03:01:10.849+0000] {dag.py:3834} INFO - Setting next_dagrun for dataset_consumes_unknown_never_scheduled to None, run_after=None
[2024-04-08T03:01:10.853+0000] {logging_mixin.py:188} INFO - [2024-04-08T03:01:10.853+0000] {dag.py:3834} INFO - Setting next_dagrun for dataset_produces_1 to 2024-04-07 00:00:00+00:00, run_after=2024-04-08 00:00:00+00:00
[2024-04-08T03:01:10.854+0000] {logging_mixin.py:188} INFO - [2024-04-08T03:01:10.854+0000] {dag.py:3834} INFO - Setting next_dagrun for dataset_produces_2 to None, run_after=None
[2024-04-08T03:01:10.892+0000] {processor.py:183} INFO - Processing /home/airflow/.local/lib/python3.8/site-packages/airflow/example_dags/example_datasets.py took 0.126 seconds
[2024-04-08T03:01:41.332+0000] {processor.py:161} INFO - Started process (PID=1814) to work on /home/airflow/.local/lib/python3.8/site-packages/airflow/example_dags/example_datasets.py
[2024-04-08T03:01:41.333+0000] {processor.py:830} INFO - Processing file /home/airflow/.local/lib/python3.8/site-packages/airflow/example_dags/example_datasets.py for tasks to queue
[2024-04-08T03:01:41.335+0000] {logging_mixin.py:188} INFO - [2024-04-08T03:01:41.334+0000] {dagbag.py:540} INFO - Filling up the DagBag from /home/airflow/.local/lib/python3.8/site-packages/airflow/example_dags/example_datasets.py
[2024-04-08T03:01:41.345+0000] {processor.py:840} INFO - DAG(s) 'dataset_consumes_1', 'dataset_produces_2', 'dataset_produces_1', 'dataset_consumes_1_never_scheduled', 'dataset_consumes_1_and_2', 'dataset_consumes_unknown_never_scheduled' retrieved from /home/airflow/.local/lib/python3.8/site-packages/airflow/example_dags/example_datasets.py
[2024-04-08T03:01:41.385+0000] {logging_mixin.py:188} INFO - [2024-04-08T03:01:41.384+0000] {dag.py:3047} INFO - Sync 6 DAGs
[2024-04-08T03:01:41.410+0000] {logging_mixin.py:188} INFO - [2024-04-08T03:01:41.410+0000] {dag.py:3834} INFO - Setting next_dagrun for dataset_consumes_1 to None, run_after=None
[2024-04-08T03:01:41.414+0000] {logging_mixin.py:188} INFO - [2024-04-08T03:01:41.414+0000] {dag.py:3834} INFO - Setting next_dagrun for dataset_consumes_1_and_2 to None, run_after=None
[2024-04-08T03:01:41.416+0000] {logging_mixin.py:188} INFO - [2024-04-08T03:01:41.416+0000] {dag.py:3834} INFO - Setting next_dagrun for dataset_consumes_1_never_scheduled to None, run_after=None
[2024-04-08T03:01:41.417+0000] {logging_mixin.py:188} INFO - [2024-04-08T03:01:41.417+0000] {dag.py:3834} INFO - Setting next_dagrun for dataset_consumes_unknown_never_scheduled to None, run_after=None
[2024-04-08T03:01:41.422+0000] {logging_mixin.py:188} INFO - [2024-04-08T03:01:41.421+0000] {dag.py:3834} INFO - Setting next_dagrun for dataset_produces_1 to 2024-04-07 00:00:00+00:00, run_after=2024-04-08 00:00:00+00:00
[2024-04-08T03:01:41.424+0000] {logging_mixin.py:188} INFO - [2024-04-08T03:01:41.424+0000] {dag.py:3834} INFO - Setting next_dagrun for dataset_produces_2 to None, run_after=None
[2024-04-08T03:01:41.463+0000] {processor.py:183} INFO - Processing /home/airflow/.local/lib/python3.8/site-packages/airflow/example_dags/example_datasets.py took 0.134 seconds
[2024-04-08T03:02:11.809+0000] {processor.py:161} INFO - Started process (PID=2061) to work on /home/airflow/.local/lib/python3.8/site-packages/airflow/example_dags/example_datasets.py
[2024-04-08T03:02:11.810+0000] {processor.py:830} INFO - Processing file /home/airflow/.local/lib/python3.8/site-packages/airflow/example_dags/example_datasets.py for tasks to queue
[2024-04-08T03:02:11.811+0000] {logging_mixin.py:188} INFO - [2024-04-08T03:02:11.810+0000] {dagbag.py:540} INFO - Filling up the DagBag from /home/airflow/.local/lib/python3.8/site-packages/airflow/example_dags/example_datasets.py
[2024-04-08T03:02:11.820+0000] {processor.py:840} INFO - DAG(s) 'dataset_consumes_1_never_scheduled', 'dataset_consumes_1', 'dataset_consumes_unknown_never_scheduled', 'dataset_produces_1', 'dataset_produces_2', 'dataset_consumes_1_and_2' retrieved from /home/airflow/.local/lib/python3.8/site-packages/airflow/example_dags/example_datasets.py
[2024-04-08T03:02:11.857+0000] {logging_mixin.py:188} INFO - [2024-04-08T03:02:11.857+0000] {dag.py:3047} INFO - Sync 6 DAGs
[2024-04-08T03:02:11.883+0000] {logging_mixin.py:188} INFO - [2024-04-08T03:02:11.882+0000] {dag.py:3834} INFO - Setting next_dagrun for dataset_consumes_1 to None, run_after=None
[2024-04-08T03:02:11.887+0000] {logging_mixin.py:188} INFO - [2024-04-08T03:02:11.887+0000] {dag.py:3834} INFO - Setting next_dagrun for dataset_consumes_1_and_2 to None, run_after=None
[2024-04-08T03:02:11.888+0000] {logging_mixin.py:188} INFO - [2024-04-08T03:02:11.888+0000] {dag.py:3834} INFO - Setting next_dagrun for dataset_consumes_1_never_scheduled to None, run_after=None
[2024-04-08T03:02:11.890+0000] {logging_mixin.py:188} INFO - [2024-04-08T03:02:11.890+0000] {dag.py:3834} INFO - Setting next_dagrun for dataset_consumes_unknown_never_scheduled to None, run_after=None
[2024-04-08T03:02:11.893+0000] {logging_mixin.py:188} INFO - [2024-04-08T03:02:11.893+0000] {dag.py:3834} INFO - Setting next_dagrun for dataset_produces_1 to 2024-04-07 00:00:00+00:00, run_after=2024-04-08 00:00:00+00:00
[2024-04-08T03:02:11.895+0000] {logging_mixin.py:188} INFO - [2024-04-08T03:02:11.895+0000] {dag.py:3834} INFO - Setting next_dagrun for dataset_produces_2 to None, run_after=None
[2024-04-08T03:02:11.939+0000] {processor.py:183} INFO - Processing /home/airflow/.local/lib/python3.8/site-packages/airflow/example_dags/example_datasets.py took 0.133 seconds
[2024-04-08T03:02:42.548+0000] {processor.py:161} INFO - Started process (PID=2309) to work on /home/airflow/.local/lib/python3.8/site-packages/airflow/example_dags/example_datasets.py
[2024-04-08T03:02:42.549+0000] {processor.py:830} INFO - Processing file /home/airflow/.local/lib/python3.8/site-packages/airflow/example_dags/example_datasets.py for tasks to queue
[2024-04-08T03:02:42.550+0000] {logging_mixin.py:188} INFO - [2024-04-08T03:02:42.550+0000] {dagbag.py:540} INFO - Filling up the DagBag from /home/airflow/.local/lib/python3.8/site-packages/airflow/example_dags/example_datasets.py
[2024-04-08T03:02:42.561+0000] {processor.py:840} INFO - DAG(s) 'dataset_consumes_1_and_2', 'dataset_consumes_1_never_scheduled', 'dataset_produces_2', 'dataset_consumes_unknown_never_scheduled', 'dataset_consumes_1', 'dataset_produces_1' retrieved from /home/airflow/.local/lib/python3.8/site-packages/airflow/example_dags/example_datasets.py
[2024-04-08T03:02:42.599+0000] {logging_mixin.py:188} INFO - [2024-04-08T03:02:42.598+0000] {dag.py:3047} INFO - Sync 6 DAGs
[2024-04-08T03:02:42.624+0000] {logging_mixin.py:188} INFO - [2024-04-08T03:02:42.624+0000] {dag.py:3834} INFO - Setting next_dagrun for dataset_consumes_1 to None, run_after=None
[2024-04-08T03:02:42.628+0000] {logging_mixin.py:188} INFO - [2024-04-08T03:02:42.627+0000] {dag.py:3834} INFO - Setting next_dagrun for dataset_consumes_1_and_2 to None, run_after=None
[2024-04-08T03:02:42.630+0000] {logging_mixin.py:188} INFO - [2024-04-08T03:02:42.629+0000] {dag.py:3834} INFO - Setting next_dagrun for dataset_consumes_1_never_scheduled to None, run_after=None
[2024-04-08T03:02:42.631+0000] {logging_mixin.py:188} INFO - [2024-04-08T03:02:42.631+0000] {dag.py:3834} INFO - Setting next_dagrun for dataset_consumes_unknown_never_scheduled to None, run_after=None
[2024-04-08T03:02:42.635+0000] {logging_mixin.py:188} INFO - [2024-04-08T03:02:42.635+0000] {dag.py:3834} INFO - Setting next_dagrun for dataset_produces_1 to 2024-04-07 00:00:00+00:00, run_after=2024-04-08 00:00:00+00:00
[2024-04-08T03:02:42.636+0000] {logging_mixin.py:188} INFO - [2024-04-08T03:02:42.636+0000] {dag.py:3834} INFO - Setting next_dagrun for dataset_produces_2 to None, run_after=None
[2024-04-08T03:02:42.672+0000] {processor.py:183} INFO - Processing /home/airflow/.local/lib/python3.8/site-packages/airflow/example_dags/example_datasets.py took 0.127 seconds
[2024-04-08T03:03:12.979+0000] {processor.py:161} INFO - Started process (PID=2557) to work on /home/airflow/.local/lib/python3.8/site-packages/airflow/example_dags/example_datasets.py
[2024-04-08T03:03:12.981+0000] {processor.py:830} INFO - Processing file /home/airflow/.local/lib/python3.8/site-packages/airflow/example_dags/example_datasets.py for tasks to queue
[2024-04-08T03:03:12.982+0000] {logging_mixin.py:188} INFO - [2024-04-08T03:03:12.982+0000] {dagbag.py:540} INFO - Filling up the DagBag from /home/airflow/.local/lib/python3.8/site-packages/airflow/example_dags/example_datasets.py
[2024-04-08T03:03:13.001+0000] {processor.py:840} INFO - DAG(s) 'dataset_produces_2', 'dataset_consumes_1', 'dataset_consumes_unknown_never_scheduled', 'dataset_produces_1', 'dataset_consumes_1_and_2', 'dataset_consumes_1_never_scheduled' retrieved from /home/airflow/.local/lib/python3.8/site-packages/airflow/example_dags/example_datasets.py
[2024-04-08T03:03:13.050+0000] {logging_mixin.py:188} INFO - [2024-04-08T03:03:13.050+0000] {dag.py:3047} INFO - Sync 6 DAGs
[2024-04-08T03:03:13.078+0000] {logging_mixin.py:188} INFO - [2024-04-08T03:03:13.078+0000] {dag.py:3834} INFO - Setting next_dagrun for dataset_consumes_1 to None, run_after=None
[2024-04-08T03:03:13.083+0000] {logging_mixin.py:188} INFO - [2024-04-08T03:03:13.082+0000] {dag.py:3834} INFO - Setting next_dagrun for dataset_consumes_1_and_2 to None, run_after=None
[2024-04-08T03:03:13.085+0000] {logging_mixin.py:188} INFO - [2024-04-08T03:03:13.085+0000] {dag.py:3834} INFO - Setting next_dagrun for dataset_consumes_1_never_scheduled to None, run_after=None
[2024-04-08T03:03:13.087+0000] {logging_mixin.py:188} INFO - [2024-04-08T03:03:13.087+0000] {dag.py:3834} INFO - Setting next_dagrun for dataset_consumes_unknown_never_scheduled to None, run_after=None
[2024-04-08T03:03:13.089+0000] {logging_mixin.py:188} INFO - [2024-04-08T03:03:13.089+0000] {dag.py:3834} INFO - Setting next_dagrun for dataset_produces_1 to 2024-04-07 00:00:00+00:00, run_after=2024-04-08 00:00:00+00:00
[2024-04-08T03:03:13.090+0000] {logging_mixin.py:188} INFO - [2024-04-08T03:03:13.090+0000] {dag.py:3834} INFO - Setting next_dagrun for dataset_produces_2 to None, run_after=None
[2024-04-08T03:03:13.124+0000] {processor.py:183} INFO - Processing /home/airflow/.local/lib/python3.8/site-packages/airflow/example_dags/example_datasets.py took 0.148 seconds
[2024-04-08T03:03:43.494+0000] {processor.py:161} INFO - Started process (PID=2807) to work on /home/airflow/.local/lib/python3.8/site-packages/airflow/example_dags/example_datasets.py
[2024-04-08T03:03:43.495+0000] {processor.py:830} INFO - Processing file /home/airflow/.local/lib/python3.8/site-packages/airflow/example_dags/example_datasets.py for tasks to queue
[2024-04-08T03:03:43.496+0000] {logging_mixin.py:188} INFO - [2024-04-08T03:03:43.496+0000] {dagbag.py:540} INFO - Filling up the DagBag from /home/airflow/.local/lib/python3.8/site-packages/airflow/example_dags/example_datasets.py
[2024-04-08T03:03:43.506+0000] {processor.py:840} INFO - DAG(s) 'dataset_consumes_unknown_never_scheduled', 'dataset_consumes_1_and_2', 'dataset_consumes_1_never_scheduled', 'dataset_produces_2', 'dataset_produces_1', 'dataset_consumes_1' retrieved from /home/airflow/.local/lib/python3.8/site-packages/airflow/example_dags/example_datasets.py
[2024-04-08T03:03:43.562+0000] {logging_mixin.py:188} INFO - [2024-04-08T03:03:43.562+0000] {dag.py:3047} INFO - Sync 6 DAGs
[2024-04-08T03:03:43.699+0000] {logging_mixin.py:188} INFO - [2024-04-08T03:03:43.699+0000] {dag.py:3834} INFO - Setting next_dagrun for dataset_consumes_1 to None, run_after=None
[2024-04-08T03:03:43.708+0000] {logging_mixin.py:188} INFO - [2024-04-08T03:03:43.707+0000] {dag.py:3834} INFO - Setting next_dagrun for dataset_consumes_1_and_2 to None, run_after=None
[2024-04-08T03:03:43.712+0000] {logging_mixin.py:188} INFO - [2024-04-08T03:03:43.712+0000] {dag.py:3834} INFO - Setting next_dagrun for dataset_consumes_1_never_scheduled to None, run_after=None
[2024-04-08T03:03:43.715+0000] {logging_mixin.py:188} INFO - [2024-04-08T03:03:43.714+0000] {dag.py:3834} INFO - Setting next_dagrun for dataset_consumes_unknown_never_scheduled to None, run_after=None
[2024-04-08T03:03:43.721+0000] {logging_mixin.py:188} INFO - [2024-04-08T03:03:43.721+0000] {dag.py:3834} INFO - Setting next_dagrun for dataset_produces_1 to 2024-04-07 00:00:00+00:00, run_after=2024-04-08 00:00:00+00:00
[2024-04-08T03:03:43.731+0000] {logging_mixin.py:188} INFO - [2024-04-08T03:03:43.730+0000] {dag.py:3834} INFO - Setting next_dagrun for dataset_produces_2 to None, run_after=None
[2024-04-08T03:03:43.847+0000] {processor.py:183} INFO - Processing /home/airflow/.local/lib/python3.8/site-packages/airflow/example_dags/example_datasets.py took 0.357 seconds
[2024-04-08T03:04:14.006+0000] {processor.py:161} INFO - Started process (PID=3057) to work on /home/airflow/.local/lib/python3.8/site-packages/airflow/example_dags/example_datasets.py
[2024-04-08T03:04:14.007+0000] {processor.py:830} INFO - Processing file /home/airflow/.local/lib/python3.8/site-packages/airflow/example_dags/example_datasets.py for tasks to queue
[2024-04-08T03:04:14.008+0000] {logging_mixin.py:188} INFO - [2024-04-08T03:04:14.008+0000] {dagbag.py:540} INFO - Filling up the DagBag from /home/airflow/.local/lib/python3.8/site-packages/airflow/example_dags/example_datasets.py
[2024-04-08T03:04:14.016+0000] {processor.py:840} INFO - DAG(s) 'dataset_consumes_1', 'dataset_produces_1', 'dataset_consumes_1_and_2', 'dataset_produces_2', 'dataset_consumes_unknown_never_scheduled', 'dataset_consumes_1_never_scheduled' retrieved from /home/airflow/.local/lib/python3.8/site-packages/airflow/example_dags/example_datasets.py
[2024-04-08T03:04:14.044+0000] {logging_mixin.py:188} INFO - [2024-04-08T03:04:14.043+0000] {dag.py:3047} INFO - Sync 6 DAGs
[2024-04-08T03:04:14.065+0000] {logging_mixin.py:188} INFO - [2024-04-08T03:04:14.065+0000] {dag.py:3834} INFO - Setting next_dagrun for dataset_consumes_1 to None, run_after=None
[2024-04-08T03:04:14.068+0000] {logging_mixin.py:188} INFO - [2024-04-08T03:04:14.068+0000] {dag.py:3834} INFO - Setting next_dagrun for dataset_consumes_1_and_2 to None, run_after=None
[2024-04-08T03:04:14.069+0000] {logging_mixin.py:188} INFO - [2024-04-08T03:04:14.069+0000] {dag.py:3834} INFO - Setting next_dagrun for dataset_consumes_1_never_scheduled to None, run_after=None
[2024-04-08T03:04:14.071+0000] {logging_mixin.py:188} INFO - [2024-04-08T03:04:14.070+0000] {dag.py:3834} INFO - Setting next_dagrun for dataset_consumes_unknown_never_scheduled to None, run_after=None
[2024-04-08T03:04:14.073+0000] {logging_mixin.py:188} INFO - [2024-04-08T03:04:14.073+0000] {dag.py:3834} INFO - Setting next_dagrun for dataset_produces_1 to 2024-04-07 00:00:00+00:00, run_after=2024-04-08 00:00:00+00:00
[2024-04-08T03:04:14.074+0000] {logging_mixin.py:188} INFO - [2024-04-08T03:04:14.074+0000] {dag.py:3834} INFO - Setting next_dagrun for dataset_produces_2 to None, run_after=None
[2024-04-08T03:04:14.229+0000] {processor.py:183} INFO - Processing /home/airflow/.local/lib/python3.8/site-packages/airflow/example_dags/example_datasets.py took 0.225 seconds
[2024-04-08T03:04:44.413+0000] {processor.py:161} INFO - Started process (PID=3299) to work on /home/airflow/.local/lib/python3.8/site-packages/airflow/example_dags/example_datasets.py
[2024-04-08T03:04:44.414+0000] {processor.py:830} INFO - Processing file /home/airflow/.local/lib/python3.8/site-packages/airflow/example_dags/example_datasets.py for tasks to queue
[2024-04-08T03:04:44.415+0000] {logging_mixin.py:188} INFO - [2024-04-08T03:04:44.414+0000] {dagbag.py:540} INFO - Filling up the DagBag from /home/airflow/.local/lib/python3.8/site-packages/airflow/example_dags/example_datasets.py
[2024-04-08T03:04:44.422+0000] {processor.py:840} INFO - DAG(s) 'dataset_produces_2', 'dataset_consumes_1_never_scheduled', 'dataset_consumes_unknown_never_scheduled', 'dataset_consumes_1_and_2', 'dataset_produces_1', 'dataset_consumes_1' retrieved from /home/airflow/.local/lib/python3.8/site-packages/airflow/example_dags/example_datasets.py
[2024-04-08T03:04:44.449+0000] {logging_mixin.py:188} INFO - [2024-04-08T03:04:44.449+0000] {dag.py:3047} INFO - Sync 6 DAGs
[2024-04-08T03:04:44.470+0000] {logging_mixin.py:188} INFO - [2024-04-08T03:04:44.470+0000] {dag.py:3834} INFO - Setting next_dagrun for dataset_consumes_1 to None, run_after=None
[2024-04-08T03:04:44.475+0000] {logging_mixin.py:188} INFO - [2024-04-08T03:04:44.474+0000] {dag.py:3834} INFO - Setting next_dagrun for dataset_consumes_1_and_2 to None, run_after=None
[2024-04-08T03:04:44.476+0000] {logging_mixin.py:188} INFO - [2024-04-08T03:04:44.476+0000] {dag.py:3834} INFO - Setting next_dagrun for dataset_consumes_1_never_scheduled to None, run_after=None
[2024-04-08T03:04:44.477+0000] {logging_mixin.py:188} INFO - [2024-04-08T03:04:44.477+0000] {dag.py:3834} INFO - Setting next_dagrun for dataset_consumes_unknown_never_scheduled to None, run_after=None
[2024-04-08T03:04:44.480+0000] {logging_mixin.py:188} INFO - [2024-04-08T03:04:44.480+0000] {dag.py:3834} INFO - Setting next_dagrun for dataset_produces_1 to 2024-04-07 00:00:00+00:00, run_after=2024-04-08 00:00:00+00:00
[2024-04-08T03:04:44.481+0000] {logging_mixin.py:188} INFO - [2024-04-08T03:04:44.481+0000] {dag.py:3834} INFO - Setting next_dagrun for dataset_produces_2 to None, run_after=None
[2024-04-08T03:04:44.579+0000] {processor.py:183} INFO - Processing /home/airflow/.local/lib/python3.8/site-packages/airflow/example_dags/example_datasets.py took 0.169 seconds
[2024-04-08T03:05:14.861+0000] {processor.py:161} INFO - Started process (PID=3546) to work on /home/airflow/.local/lib/python3.8/site-packages/airflow/example_dags/example_datasets.py
[2024-04-08T03:05:14.862+0000] {processor.py:830} INFO - Processing file /home/airflow/.local/lib/python3.8/site-packages/airflow/example_dags/example_datasets.py for tasks to queue
[2024-04-08T03:05:14.862+0000] {logging_mixin.py:188} INFO - [2024-04-08T03:05:14.862+0000] {dagbag.py:540} INFO - Filling up the DagBag from /home/airflow/.local/lib/python3.8/site-packages/airflow/example_dags/example_datasets.py
[2024-04-08T03:05:14.869+0000] {processor.py:840} INFO - DAG(s) 'dataset_consumes_1_and_2', 'dataset_produces_2', 'dataset_consumes_1_never_scheduled', 'dataset_consumes_unknown_never_scheduled', 'dataset_consumes_1', 'dataset_produces_1' retrieved from /home/airflow/.local/lib/python3.8/site-packages/airflow/example_dags/example_datasets.py
[2024-04-08T03:05:14.900+0000] {logging_mixin.py:188} INFO - [2024-04-08T03:05:14.900+0000] {dag.py:3047} INFO - Sync 6 DAGs
[2024-04-08T03:05:14.923+0000] {logging_mixin.py:188} INFO - [2024-04-08T03:05:14.922+0000] {dag.py:3834} INFO - Setting next_dagrun for dataset_consumes_1 to None, run_after=None
[2024-04-08T03:05:14.927+0000] {logging_mixin.py:188} INFO - [2024-04-08T03:05:14.927+0000] {dag.py:3834} INFO - Setting next_dagrun for dataset_consumes_1_and_2 to None, run_after=None
[2024-04-08T03:05:14.929+0000] {logging_mixin.py:188} INFO - [2024-04-08T03:05:14.929+0000] {dag.py:3834} INFO - Setting next_dagrun for dataset_consumes_1_never_scheduled to None, run_after=None
[2024-04-08T03:05:14.930+0000] {logging_mixin.py:188} INFO - [2024-04-08T03:05:14.930+0000] {dag.py:3834} INFO - Setting next_dagrun for dataset_consumes_unknown_never_scheduled to None, run_after=None
[2024-04-08T03:05:14.934+0000] {logging_mixin.py:188} INFO - [2024-04-08T03:05:14.934+0000] {dag.py:3834} INFO - Setting next_dagrun for dataset_produces_1 to 2024-04-07 00:00:00+00:00, run_after=2024-04-08 00:00:00+00:00
[2024-04-08T03:05:14.936+0000] {logging_mixin.py:188} INFO - [2024-04-08T03:05:14.935+0000] {dag.py:3834} INFO - Setting next_dagrun for dataset_produces_2 to None, run_after=None
[2024-04-08T03:05:15.013+0000] {processor.py:183} INFO - Processing /home/airflow/.local/lib/python3.8/site-packages/airflow/example_dags/example_datasets.py took 0.155 seconds
[2024-04-08T03:05:45.243+0000] {processor.py:161} INFO - Started process (PID=3793) to work on /home/airflow/.local/lib/python3.8/site-packages/airflow/example_dags/example_datasets.py
[2024-04-08T03:05:45.244+0000] {processor.py:830} INFO - Processing file /home/airflow/.local/lib/python3.8/site-packages/airflow/example_dags/example_datasets.py for tasks to queue
[2024-04-08T03:05:45.245+0000] {logging_mixin.py:188} INFO - [2024-04-08T03:05:45.245+0000] {dagbag.py:540} INFO - Filling up the DagBag from /home/airflow/.local/lib/python3.8/site-packages/airflow/example_dags/example_datasets.py
[2024-04-08T03:05:45.257+0000] {processor.py:840} INFO - DAG(s) 'dataset_produces_2', 'dataset_consumes_1_and_2', 'dataset_produces_1', 'dataset_consumes_1_never_scheduled', 'dataset_consumes_unknown_never_scheduled', 'dataset_consumes_1' retrieved from /home/airflow/.local/lib/python3.8/site-packages/airflow/example_dags/example_datasets.py
[2024-04-08T03:05:45.359+0000] {logging_mixin.py:188} INFO - [2024-04-08T03:05:45.358+0000] {dag.py:3047} INFO - Sync 6 DAGs
[2024-04-08T03:05:45.442+0000] {logging_mixin.py:188} INFO - [2024-04-08T03:05:45.442+0000] {dag.py:3834} INFO - Setting next_dagrun for dataset_consumes_1 to None, run_after=None
[2024-04-08T03:05:45.451+0000] {logging_mixin.py:188} INFO - [2024-04-08T03:05:45.450+0000] {dag.py:3834} INFO - Setting next_dagrun for dataset_consumes_1_and_2 to None, run_after=None
[2024-04-08T03:05:45.452+0000] {logging_mixin.py:188} INFO - [2024-04-08T03:05:45.452+0000] {dag.py:3834} INFO - Setting next_dagrun for dataset_consumes_1_never_scheduled to None, run_after=None
[2024-04-08T03:05:45.456+0000] {logging_mixin.py:188} INFO - [2024-04-08T03:05:45.456+0000] {dag.py:3834} INFO - Setting next_dagrun for dataset_consumes_unknown_never_scheduled to None, run_after=None
[2024-04-08T03:05:45.462+0000] {logging_mixin.py:188} INFO - [2024-04-08T03:05:45.461+0000] {dag.py:3834} INFO - Setting next_dagrun for dataset_produces_1 to 2024-04-07 00:00:00+00:00, run_after=2024-04-08 00:00:00+00:00
[2024-04-08T03:05:45.471+0000] {logging_mixin.py:188} INFO - [2024-04-08T03:05:45.470+0000] {dag.py:3834} INFO - Setting next_dagrun for dataset_produces_2 to None, run_after=None
[2024-04-08T03:05:45.521+0000] {processor.py:183} INFO - Processing /home/airflow/.local/lib/python3.8/site-packages/airflow/example_dags/example_datasets.py took 0.281 seconds
[2024-04-08T03:06:15.625+0000] {processor.py:161} INFO - Started process (PID=4046) to work on /home/airflow/.local/lib/python3.8/site-packages/airflow/example_dags/example_datasets.py
[2024-04-08T03:06:15.626+0000] {processor.py:830} INFO - Processing file /home/airflow/.local/lib/python3.8/site-packages/airflow/example_dags/example_datasets.py for tasks to queue
[2024-04-08T03:06:15.627+0000] {logging_mixin.py:188} INFO - [2024-04-08T03:06:15.627+0000] {dagbag.py:540} INFO - Filling up the DagBag from /home/airflow/.local/lib/python3.8/site-packages/airflow/example_dags/example_datasets.py
[2024-04-08T03:06:15.638+0000] {processor.py:840} INFO - DAG(s) 'dataset_consumes_1_and_2', 'dataset_consumes_1', 'dataset_consumes_unknown_never_scheduled', 'dataset_produces_2', 'dataset_consumes_1_never_scheduled', 'dataset_produces_1' retrieved from /home/airflow/.local/lib/python3.8/site-packages/airflow/example_dags/example_datasets.py
[2024-04-08T03:06:15.677+0000] {logging_mixin.py:188} INFO - [2024-04-08T03:06:15.676+0000] {dag.py:3047} INFO - Sync 6 DAGs
[2024-04-08T03:06:15.701+0000] {logging_mixin.py:188} INFO - [2024-04-08T03:06:15.701+0000] {dag.py:3834} INFO - Setting next_dagrun for dataset_consumes_1 to None, run_after=None
[2024-04-08T03:06:15.705+0000] {logging_mixin.py:188} INFO - [2024-04-08T03:06:15.705+0000] {dag.py:3834} INFO - Setting next_dagrun for dataset_consumes_1_and_2 to None, run_after=None
[2024-04-08T03:06:15.706+0000] {logging_mixin.py:188} INFO - [2024-04-08T03:06:15.706+0000] {dag.py:3834} INFO - Setting next_dagrun for dataset_consumes_1_never_scheduled to None, run_after=None
[2024-04-08T03:06:15.708+0000] {logging_mixin.py:188} INFO - [2024-04-08T03:06:15.707+0000] {dag.py:3834} INFO - Setting next_dagrun for dataset_consumes_unknown_never_scheduled to None, run_after=None
[2024-04-08T03:06:15.711+0000] {logging_mixin.py:188} INFO - [2024-04-08T03:06:15.711+0000] {dag.py:3834} INFO - Setting next_dagrun for dataset_produces_1 to 2024-04-07 00:00:00+00:00, run_after=2024-04-08 00:00:00+00:00
[2024-04-08T03:06:15.712+0000] {logging_mixin.py:188} INFO - [2024-04-08T03:06:15.712+0000] {dag.py:3834} INFO - Setting next_dagrun for dataset_produces_2 to None, run_after=None
[2024-04-08T03:06:15.749+0000] {processor.py:183} INFO - Processing /home/airflow/.local/lib/python3.8/site-packages/airflow/example_dags/example_datasets.py took 0.127 seconds
