[2024-04-08T02:58:36.055+0000] {processor.py:161} INFO - Started process (PID=297) to work on /home/airflow/.local/lib/python3.8/site-packages/airflow/example_dags/example_branch_datetime_operator.py
[2024-04-08T02:58:36.057+0000] {processor.py:830} INFO - Processing file /home/airflow/.local/lib/python3.8/site-packages/airflow/example_dags/example_branch_datetime_operator.py for tasks to queue
[2024-04-08T02:58:36.058+0000] {logging_mixin.py:188} INFO - [2024-04-08T02:58:36.058+0000] {dagbag.py:540} INFO - Filling up the DagBag from /home/airflow/.local/lib/python3.8/site-packages/airflow/example_dags/example_branch_datetime_operator.py
[2024-04-08T02:58:36.074+0000] {processor.py:840} INFO - DAG(s) 'example_branch_datetime_operator_3', 'example_branch_datetime_operator_2', 'example_branch_datetime_operator' retrieved from /home/airflow/.local/lib/python3.8/site-packages/airflow/example_dags/example_branch_datetime_operator.py
[2024-04-08T02:58:36.197+0000] {logging_mixin.py:188} INFO - [2024-04-08T02:58:36.197+0000] {override.py:1769} INFO - Created Permission View: can read on DAG:example_branch_datetime_operator_3
[2024-04-08T02:58:36.213+0000] {logging_mixin.py:188} INFO - [2024-04-08T02:58:36.213+0000] {override.py:1769} INFO - Created Permission View: can delete on DAG:example_branch_datetime_operator_3
[2024-04-08T02:58:36.225+0000] {logging_mixin.py:188} INFO - [2024-04-08T02:58:36.225+0000] {override.py:1769} INFO - Created Permission View: can edit on DAG:example_branch_datetime_operator_3
[2024-04-08T02:58:36.250+0000] {logging_mixin.py:188} INFO - [2024-04-08T02:58:36.250+0000] {override.py:1769} INFO - Created Permission View: can read on DAG:example_branch_datetime_operator_2
[2024-04-08T02:58:36.262+0000] {logging_mixin.py:188} INFO - [2024-04-08T02:58:36.261+0000] {override.py:1769} INFO - Created Permission View: can delete on DAG:example_branch_datetime_operator_2
[2024-04-08T02:58:36.274+0000] {logging_mixin.py:188} INFO - [2024-04-08T02:58:36.274+0000] {override.py:1769} INFO - Created Permission View: can edit on DAG:example_branch_datetime_operator_2
[2024-04-08T02:58:36.297+0000] {logging_mixin.py:188} INFO - [2024-04-08T02:58:36.297+0000] {override.py:1769} INFO - Created Permission View: can read on DAG:example_branch_datetime_operator
[2024-04-08T02:58:36.308+0000] {logging_mixin.py:188} INFO - [2024-04-08T02:58:36.308+0000] {override.py:1769} INFO - Created Permission View: can delete on DAG:example_branch_datetime_operator
[2024-04-08T02:58:36.319+0000] {logging_mixin.py:188} INFO - [2024-04-08T02:58:36.319+0000] {override.py:1769} INFO - Created Permission View: can edit on DAG:example_branch_datetime_operator
[2024-04-08T02:58:36.320+0000] {logging_mixin.py:188} INFO - [2024-04-08T02:58:36.319+0000] {dag.py:3047} INFO - Sync 3 DAGs
[2024-04-08T02:58:36.332+0000] {logging_mixin.py:188} INFO - [2024-04-08T02:58:36.332+0000] {dag.py:3069} INFO - Creating ORM DAG for example_branch_datetime_operator_3
[2024-04-08T02:58:36.333+0000] {logging_mixin.py:188} INFO - [2024-04-08T02:58:36.333+0000] {dag.py:3069} INFO - Creating ORM DAG for example_branch_datetime_operator_2
[2024-04-08T02:58:36.334+0000] {logging_mixin.py:188} INFO - [2024-04-08T02:58:36.334+0000] {dag.py:3069} INFO - Creating ORM DAG for example_branch_datetime_operator
[2024-04-08T02:58:36.347+0000] {logging_mixin.py:188} INFO - [2024-04-08T02:58:36.347+0000] {dag.py:3834} INFO - Setting next_dagrun for example_branch_datetime_operator to 2024-04-07 00:00:00+00:00, run_after=2024-04-08 00:00:00+00:00
[2024-04-08T02:58:36.350+0000] {logging_mixin.py:188} INFO - [2024-04-08T02:58:36.350+0000] {dag.py:3834} INFO - Setting next_dagrun for example_branch_datetime_operator_2 to 2024-04-07 00:00:00+00:00, run_after=2024-04-08 00:00:00+00:00
[2024-04-08T02:58:36.353+0000] {logging_mixin.py:188} INFO - [2024-04-08T02:58:36.353+0000] {dag.py:3834} INFO - Setting next_dagrun for example_branch_datetime_operator_3 to 2024-04-07 00:00:00+00:00, run_after=2024-04-08 00:00:00+00:00
[2024-04-08T02:58:36.375+0000] {processor.py:183} INFO - Processing /home/airflow/.local/lib/python3.8/site-packages/airflow/example_dags/example_branch_datetime_operator.py took 0.323 seconds
[2024-04-08T02:59:06.445+0000] {processor.py:161} INFO - Started process (PID=546) to work on /home/airflow/.local/lib/python3.8/site-packages/airflow/example_dags/example_branch_datetime_operator.py
[2024-04-08T02:59:06.446+0000] {processor.py:830} INFO - Processing file /home/airflow/.local/lib/python3.8/site-packages/airflow/example_dags/example_branch_datetime_operator.py for tasks to queue
[2024-04-08T02:59:06.446+0000] {logging_mixin.py:188} INFO - [2024-04-08T02:59:06.446+0000] {dagbag.py:540} INFO - Filling up the DagBag from /home/airflow/.local/lib/python3.8/site-packages/airflow/example_dags/example_branch_datetime_operator.py
[2024-04-08T02:59:06.454+0000] {processor.py:840} INFO - DAG(s) 'example_branch_datetime_operator_2', 'example_branch_datetime_operator_3', 'example_branch_datetime_operator' retrieved from /home/airflow/.local/lib/python3.8/site-packages/airflow/example_dags/example_branch_datetime_operator.py
[2024-04-08T02:59:06.476+0000] {logging_mixin.py:188} INFO - [2024-04-08T02:59:06.476+0000] {dag.py:3047} INFO - Sync 3 DAGs
[2024-04-08T02:59:06.494+0000] {logging_mixin.py:188} INFO - [2024-04-08T02:59:06.494+0000] {dag.py:3834} INFO - Setting next_dagrun for example_branch_datetime_operator to 2024-04-07 00:00:00+00:00, run_after=2024-04-08 00:00:00+00:00
[2024-04-08T02:59:06.498+0000] {logging_mixin.py:188} INFO - [2024-04-08T02:59:06.498+0000] {dag.py:3834} INFO - Setting next_dagrun for example_branch_datetime_operator_2 to 2024-04-07 00:00:00+00:00, run_after=2024-04-08 00:00:00+00:00
[2024-04-08T02:59:06.500+0000] {logging_mixin.py:188} INFO - [2024-04-08T02:59:06.500+0000] {dag.py:3834} INFO - Setting next_dagrun for example_branch_datetime_operator_3 to 2024-04-07 00:00:00+00:00, run_after=2024-04-08 00:00:00+00:00
[2024-04-08T02:59:06.519+0000] {processor.py:183} INFO - Processing /home/airflow/.local/lib/python3.8/site-packages/airflow/example_dags/example_branch_datetime_operator.py took 0.076 seconds
[2024-04-08T02:59:36.559+0000] {processor.py:161} INFO - Started process (PID=793) to work on /home/airflow/.local/lib/python3.8/site-packages/airflow/example_dags/example_branch_datetime_operator.py
[2024-04-08T02:59:36.560+0000] {processor.py:830} INFO - Processing file /home/airflow/.local/lib/python3.8/site-packages/airflow/example_dags/example_branch_datetime_operator.py for tasks to queue
[2024-04-08T02:59:36.561+0000] {logging_mixin.py:188} INFO - [2024-04-08T02:59:36.561+0000] {dagbag.py:540} INFO - Filling up the DagBag from /home/airflow/.local/lib/python3.8/site-packages/airflow/example_dags/example_branch_datetime_operator.py
[2024-04-08T02:59:36.569+0000] {processor.py:840} INFO - DAG(s) 'example_branch_datetime_operator_2', 'example_branch_datetime_operator', 'example_branch_datetime_operator_3' retrieved from /home/airflow/.local/lib/python3.8/site-packages/airflow/example_dags/example_branch_datetime_operator.py
[2024-04-08T02:59:36.591+0000] {logging_mixin.py:188} INFO - [2024-04-08T02:59:36.591+0000] {dag.py:3047} INFO - Sync 3 DAGs
[2024-04-08T02:59:36.619+0000] {logging_mixin.py:188} INFO - [2024-04-08T02:59:36.618+0000] {dag.py:3834} INFO - Setting next_dagrun for example_branch_datetime_operator to 2024-04-07 00:00:00+00:00, run_after=2024-04-08 00:00:00+00:00
[2024-04-08T02:59:36.622+0000] {logging_mixin.py:188} INFO - [2024-04-08T02:59:36.622+0000] {dag.py:3834} INFO - Setting next_dagrun for example_branch_datetime_operator_2 to 2024-04-07 00:00:00+00:00, run_after=2024-04-08 00:00:00+00:00
[2024-04-08T02:59:36.625+0000] {logging_mixin.py:188} INFO - [2024-04-08T02:59:36.625+0000] {dag.py:3834} INFO - Setting next_dagrun for example_branch_datetime_operator_3 to 2024-04-07 00:00:00+00:00, run_after=2024-04-08 00:00:00+00:00
[2024-04-08T02:59:36.644+0000] {processor.py:183} INFO - Processing /home/airflow/.local/lib/python3.8/site-packages/airflow/example_dags/example_branch_datetime_operator.py took 0.087 seconds
[2024-04-08T03:00:06.872+0000] {processor.py:161} INFO - Started process (PID=1040) to work on /home/airflow/.local/lib/python3.8/site-packages/airflow/example_dags/example_branch_datetime_operator.py
[2024-04-08T03:00:06.873+0000] {processor.py:830} INFO - Processing file /home/airflow/.local/lib/python3.8/site-packages/airflow/example_dags/example_branch_datetime_operator.py for tasks to queue
[2024-04-08T03:00:06.873+0000] {logging_mixin.py:188} INFO - [2024-04-08T03:00:06.873+0000] {dagbag.py:540} INFO - Filling up the DagBag from /home/airflow/.local/lib/python3.8/site-packages/airflow/example_dags/example_branch_datetime_operator.py
[2024-04-08T03:00:06.881+0000] {processor.py:840} INFO - DAG(s) 'example_branch_datetime_operator', 'example_branch_datetime_operator_2', 'example_branch_datetime_operator_3' retrieved from /home/airflow/.local/lib/python3.8/site-packages/airflow/example_dags/example_branch_datetime_operator.py
[2024-04-08T03:00:06.903+0000] {logging_mixin.py:188} INFO - [2024-04-08T03:00:06.903+0000] {dag.py:3047} INFO - Sync 3 DAGs
[2024-04-08T03:00:06.920+0000] {logging_mixin.py:188} INFO - [2024-04-08T03:00:06.920+0000] {dag.py:3834} INFO - Setting next_dagrun for example_branch_datetime_operator to 2024-04-07 00:00:00+00:00, run_after=2024-04-08 00:00:00+00:00
[2024-04-08T03:00:06.924+0000] {logging_mixin.py:188} INFO - [2024-04-08T03:00:06.924+0000] {dag.py:3834} INFO - Setting next_dagrun for example_branch_datetime_operator_2 to 2024-04-07 00:00:00+00:00, run_after=2024-04-08 00:00:00+00:00
[2024-04-08T03:00:06.926+0000] {logging_mixin.py:188} INFO - [2024-04-08T03:00:06.926+0000] {dag.py:3834} INFO - Setting next_dagrun for example_branch_datetime_operator_3 to 2024-04-07 00:00:00+00:00, run_after=2024-04-08 00:00:00+00:00
[2024-04-08T03:00:06.944+0000] {processor.py:183} INFO - Processing /home/airflow/.local/lib/python3.8/site-packages/airflow/example_dags/example_branch_datetime_operator.py took 0.075 seconds
[2024-04-08T03:00:37.448+0000] {processor.py:161} INFO - Started process (PID=1285) to work on /home/airflow/.local/lib/python3.8/site-packages/airflow/example_dags/example_branch_datetime_operator.py
[2024-04-08T03:00:37.453+0000] {processor.py:830} INFO - Processing file /home/airflow/.local/lib/python3.8/site-packages/airflow/example_dags/example_branch_datetime_operator.py for tasks to queue
[2024-04-08T03:00:37.454+0000] {logging_mixin.py:188} INFO - [2024-04-08T03:00:37.453+0000] {dagbag.py:540} INFO - Filling up the DagBag from /home/airflow/.local/lib/python3.8/site-packages/airflow/example_dags/example_branch_datetime_operator.py
[2024-04-08T03:00:37.475+0000] {processor.py:840} INFO - DAG(s) 'example_branch_datetime_operator_3', 'example_branch_datetime_operator', 'example_branch_datetime_operator_2' retrieved from /home/airflow/.local/lib/python3.8/site-packages/airflow/example_dags/example_branch_datetime_operator.py
[2024-04-08T03:00:37.518+0000] {logging_mixin.py:188} INFO - [2024-04-08T03:00:37.512+0000] {dag.py:3047} INFO - Sync 3 DAGs
[2024-04-08T03:00:37.547+0000] {logging_mixin.py:188} INFO - [2024-04-08T03:00:37.547+0000] {dag.py:3834} INFO - Setting next_dagrun for example_branch_datetime_operator to 2024-04-07 00:00:00+00:00, run_after=2024-04-08 00:00:00+00:00
[2024-04-08T03:00:37.553+0000] {logging_mixin.py:188} INFO - [2024-04-08T03:00:37.553+0000] {dag.py:3834} INFO - Setting next_dagrun for example_branch_datetime_operator_2 to 2024-04-07 00:00:00+00:00, run_after=2024-04-08 00:00:00+00:00
[2024-04-08T03:00:37.557+0000] {logging_mixin.py:188} INFO - [2024-04-08T03:00:37.557+0000] {dag.py:3834} INFO - Setting next_dagrun for example_branch_datetime_operator_3 to 2024-04-07 00:00:00+00:00, run_after=2024-04-08 00:00:00+00:00
[2024-04-08T03:00:37.579+0000] {processor.py:183} INFO - Processing /home/airflow/.local/lib/python3.8/site-packages/airflow/example_dags/example_branch_datetime_operator.py took 0.134 seconds
[2024-04-08T03:01:08.300+0000] {processor.py:161} INFO - Started process (PID=1532) to work on /home/airflow/.local/lib/python3.8/site-packages/airflow/example_dags/example_branch_datetime_operator.py
[2024-04-08T03:01:08.301+0000] {processor.py:830} INFO - Processing file /home/airflow/.local/lib/python3.8/site-packages/airflow/example_dags/example_branch_datetime_operator.py for tasks to queue
[2024-04-08T03:01:08.302+0000] {logging_mixin.py:188} INFO - [2024-04-08T03:01:08.301+0000] {dagbag.py:540} INFO - Filling up the DagBag from /home/airflow/.local/lib/python3.8/site-packages/airflow/example_dags/example_branch_datetime_operator.py
[2024-04-08T03:01:08.312+0000] {processor.py:840} INFO - DAG(s) 'example_branch_datetime_operator_2', 'example_branch_datetime_operator', 'example_branch_datetime_operator_3' retrieved from /home/airflow/.local/lib/python3.8/site-packages/airflow/example_dags/example_branch_datetime_operator.py
[2024-04-08T03:01:08.334+0000] {logging_mixin.py:188} INFO - [2024-04-08T03:01:08.333+0000] {dag.py:3047} INFO - Sync 3 DAGs
[2024-04-08T03:01:08.351+0000] {logging_mixin.py:188} INFO - [2024-04-08T03:01:08.350+0000] {dag.py:3834} INFO - Setting next_dagrun for example_branch_datetime_operator to 2024-04-07 00:00:00+00:00, run_after=2024-04-08 00:00:00+00:00
[2024-04-08T03:01:08.354+0000] {logging_mixin.py:188} INFO - [2024-04-08T03:01:08.354+0000] {dag.py:3834} INFO - Setting next_dagrun for example_branch_datetime_operator_2 to 2024-04-07 00:00:00+00:00, run_after=2024-04-08 00:00:00+00:00
[2024-04-08T03:01:08.356+0000] {logging_mixin.py:188} INFO - [2024-04-08T03:01:08.356+0000] {dag.py:3834} INFO - Setting next_dagrun for example_branch_datetime_operator_3 to 2024-04-07 00:00:00+00:00, run_after=2024-04-08 00:00:00+00:00
[2024-04-08T03:01:08.373+0000] {processor.py:183} INFO - Processing /home/airflow/.local/lib/python3.8/site-packages/airflow/example_dags/example_branch_datetime_operator.py took 0.077 seconds
[2024-04-08T03:01:38.849+0000] {processor.py:161} INFO - Started process (PID=1779) to work on /home/airflow/.local/lib/python3.8/site-packages/airflow/example_dags/example_branch_datetime_operator.py
[2024-04-08T03:01:38.850+0000] {processor.py:830} INFO - Processing file /home/airflow/.local/lib/python3.8/site-packages/airflow/example_dags/example_branch_datetime_operator.py for tasks to queue
[2024-04-08T03:01:38.851+0000] {logging_mixin.py:188} INFO - [2024-04-08T03:01:38.851+0000] {dagbag.py:540} INFO - Filling up the DagBag from /home/airflow/.local/lib/python3.8/site-packages/airflow/example_dags/example_branch_datetime_operator.py
[2024-04-08T03:01:38.863+0000] {processor.py:840} INFO - DAG(s) 'example_branch_datetime_operator_3', 'example_branch_datetime_operator', 'example_branch_datetime_operator_2' retrieved from /home/airflow/.local/lib/python3.8/site-packages/airflow/example_dags/example_branch_datetime_operator.py
[2024-04-08T03:01:38.886+0000] {logging_mixin.py:188} INFO - [2024-04-08T03:01:38.886+0000] {dag.py:3047} INFO - Sync 3 DAGs
[2024-04-08T03:01:38.904+0000] {logging_mixin.py:188} INFO - [2024-04-08T03:01:38.904+0000] {dag.py:3834} INFO - Setting next_dagrun for example_branch_datetime_operator to 2024-04-07 00:00:00+00:00, run_after=2024-04-08 00:00:00+00:00
[2024-04-08T03:01:38.907+0000] {logging_mixin.py:188} INFO - [2024-04-08T03:01:38.907+0000] {dag.py:3834} INFO - Setting next_dagrun for example_branch_datetime_operator_2 to 2024-04-07 00:00:00+00:00, run_after=2024-04-08 00:00:00+00:00
[2024-04-08T03:01:38.910+0000] {logging_mixin.py:188} INFO - [2024-04-08T03:01:38.910+0000] {dag.py:3834} INFO - Setting next_dagrun for example_branch_datetime_operator_3 to 2024-04-07 00:00:00+00:00, run_after=2024-04-08 00:00:00+00:00
[2024-04-08T03:01:38.927+0000] {processor.py:183} INFO - Processing /home/airflow/.local/lib/python3.8/site-packages/airflow/example_dags/example_branch_datetime_operator.py took 0.082 seconds
[2024-04-08T03:02:09.300+0000] {processor.py:161} INFO - Started process (PID=2026) to work on /home/airflow/.local/lib/python3.8/site-packages/airflow/example_dags/example_branch_datetime_operator.py
[2024-04-08T03:02:09.301+0000] {processor.py:830} INFO - Processing file /home/airflow/.local/lib/python3.8/site-packages/airflow/example_dags/example_branch_datetime_operator.py for tasks to queue
[2024-04-08T03:02:09.302+0000] {logging_mixin.py:188} INFO - [2024-04-08T03:02:09.302+0000] {dagbag.py:540} INFO - Filling up the DagBag from /home/airflow/.local/lib/python3.8/site-packages/airflow/example_dags/example_branch_datetime_operator.py
[2024-04-08T03:02:09.313+0000] {processor.py:840} INFO - DAG(s) 'example_branch_datetime_operator_2', 'example_branch_datetime_operator_3', 'example_branch_datetime_operator' retrieved from /home/airflow/.local/lib/python3.8/site-packages/airflow/example_dags/example_branch_datetime_operator.py
[2024-04-08T03:02:09.334+0000] {logging_mixin.py:188} INFO - [2024-04-08T03:02:09.334+0000] {dag.py:3047} INFO - Sync 3 DAGs
[2024-04-08T03:02:09.351+0000] {logging_mixin.py:188} INFO - [2024-04-08T03:02:09.351+0000] {dag.py:3834} INFO - Setting next_dagrun for example_branch_datetime_operator to 2024-04-07 00:00:00+00:00, run_after=2024-04-08 00:00:00+00:00
[2024-04-08T03:02:09.354+0000] {logging_mixin.py:188} INFO - [2024-04-08T03:02:09.354+0000] {dag.py:3834} INFO - Setting next_dagrun for example_branch_datetime_operator_2 to 2024-04-07 00:00:00+00:00, run_after=2024-04-08 00:00:00+00:00
[2024-04-08T03:02:09.357+0000] {logging_mixin.py:188} INFO - [2024-04-08T03:02:09.357+0000] {dag.py:3834} INFO - Setting next_dagrun for example_branch_datetime_operator_3 to 2024-04-07 00:00:00+00:00, run_after=2024-04-08 00:00:00+00:00
[2024-04-08T03:02:09.389+0000] {processor.py:183} INFO - Processing /home/airflow/.local/lib/python3.8/site-packages/airflow/example_dags/example_branch_datetime_operator.py took 0.092 seconds
[2024-04-08T03:02:39.972+0000] {processor.py:161} INFO - Started process (PID=2274) to work on /home/airflow/.local/lib/python3.8/site-packages/airflow/example_dags/example_branch_datetime_operator.py
[2024-04-08T03:02:39.973+0000] {processor.py:830} INFO - Processing file /home/airflow/.local/lib/python3.8/site-packages/airflow/example_dags/example_branch_datetime_operator.py for tasks to queue
[2024-04-08T03:02:39.974+0000] {logging_mixin.py:188} INFO - [2024-04-08T03:02:39.973+0000] {dagbag.py:540} INFO - Filling up the DagBag from /home/airflow/.local/lib/python3.8/site-packages/airflow/example_dags/example_branch_datetime_operator.py
[2024-04-08T03:02:39.987+0000] {processor.py:840} INFO - DAG(s) 'example_branch_datetime_operator', 'example_branch_datetime_operator_2', 'example_branch_datetime_operator_3' retrieved from /home/airflow/.local/lib/python3.8/site-packages/airflow/example_dags/example_branch_datetime_operator.py
[2024-04-08T03:02:40.017+0000] {logging_mixin.py:188} INFO - [2024-04-08T03:02:40.017+0000] {dag.py:3047} INFO - Sync 3 DAGs
[2024-04-08T03:02:40.037+0000] {logging_mixin.py:188} INFO - [2024-04-08T03:02:40.036+0000] {dag.py:3834} INFO - Setting next_dagrun for example_branch_datetime_operator to 2024-04-07 00:00:00+00:00, run_after=2024-04-08 00:00:00+00:00
[2024-04-08T03:02:40.040+0000] {logging_mixin.py:188} INFO - [2024-04-08T03:02:40.040+0000] {dag.py:3834} INFO - Setting next_dagrun for example_branch_datetime_operator_2 to 2024-04-07 00:00:00+00:00, run_after=2024-04-08 00:00:00+00:00
[2024-04-08T03:02:40.043+0000] {logging_mixin.py:188} INFO - [2024-04-08T03:02:40.043+0000] {dag.py:3834} INFO - Setting next_dagrun for example_branch_datetime_operator_3 to 2024-04-07 00:00:00+00:00, run_after=2024-04-08 00:00:00+00:00
[2024-04-08T03:02:40.066+0000] {processor.py:183} INFO - Processing /home/airflow/.local/lib/python3.8/site-packages/airflow/example_dags/example_branch_datetime_operator.py took 0.101 seconds
[2024-04-08T03:03:10.411+0000] {processor.py:161} INFO - Started process (PID=2522) to work on /home/airflow/.local/lib/python3.8/site-packages/airflow/example_dags/example_branch_datetime_operator.py
[2024-04-08T03:03:10.412+0000] {processor.py:830} INFO - Processing file /home/airflow/.local/lib/python3.8/site-packages/airflow/example_dags/example_branch_datetime_operator.py for tasks to queue
[2024-04-08T03:03:10.413+0000] {logging_mixin.py:188} INFO - [2024-04-08T03:03:10.413+0000] {dagbag.py:540} INFO - Filling up the DagBag from /home/airflow/.local/lib/python3.8/site-packages/airflow/example_dags/example_branch_datetime_operator.py
[2024-04-08T03:03:10.424+0000] {processor.py:840} INFO - DAG(s) 'example_branch_datetime_operator_2', 'example_branch_datetime_operator_3', 'example_branch_datetime_operator' retrieved from /home/airflow/.local/lib/python3.8/site-packages/airflow/example_dags/example_branch_datetime_operator.py
[2024-04-08T03:03:10.446+0000] {logging_mixin.py:188} INFO - [2024-04-08T03:03:10.446+0000] {dag.py:3047} INFO - Sync 3 DAGs
[2024-04-08T03:03:10.463+0000] {logging_mixin.py:188} INFO - [2024-04-08T03:03:10.462+0000] {dag.py:3834} INFO - Setting next_dagrun for example_branch_datetime_operator to 2024-04-07 00:00:00+00:00, run_after=2024-04-08 00:00:00+00:00
[2024-04-08T03:03:10.467+0000] {logging_mixin.py:188} INFO - [2024-04-08T03:03:10.466+0000] {dag.py:3834} INFO - Setting next_dagrun for example_branch_datetime_operator_2 to 2024-04-07 00:00:00+00:00, run_after=2024-04-08 00:00:00+00:00
[2024-04-08T03:03:10.469+0000] {logging_mixin.py:188} INFO - [2024-04-08T03:03:10.469+0000] {dag.py:3834} INFO - Setting next_dagrun for example_branch_datetime_operator_3 to 2024-04-07 00:00:00+00:00, run_after=2024-04-08 00:00:00+00:00
[2024-04-08T03:03:10.487+0000] {processor.py:183} INFO - Processing /home/airflow/.local/lib/python3.8/site-packages/airflow/example_dags/example_branch_datetime_operator.py took 0.080 seconds
[2024-04-08T03:03:40.818+0000] {processor.py:161} INFO - Started process (PID=2770) to work on /home/airflow/.local/lib/python3.8/site-packages/airflow/example_dags/example_branch_datetime_operator.py
[2024-04-08T03:03:40.819+0000] {processor.py:830} INFO - Processing file /home/airflow/.local/lib/python3.8/site-packages/airflow/example_dags/example_branch_datetime_operator.py for tasks to queue
[2024-04-08T03:03:40.821+0000] {logging_mixin.py:188} INFO - [2024-04-08T03:03:40.820+0000] {dagbag.py:540} INFO - Filling up the DagBag from /home/airflow/.local/lib/python3.8/site-packages/airflow/example_dags/example_branch_datetime_operator.py
[2024-04-08T03:03:40.832+0000] {processor.py:840} INFO - DAG(s) 'example_branch_datetime_operator_2', 'example_branch_datetime_operator', 'example_branch_datetime_operator_3' retrieved from /home/airflow/.local/lib/python3.8/site-packages/airflow/example_dags/example_branch_datetime_operator.py
[2024-04-08T03:03:40.854+0000] {logging_mixin.py:188} INFO - [2024-04-08T03:03:40.854+0000] {dag.py:3047} INFO - Sync 3 DAGs
[2024-04-08T03:03:40.873+0000] {logging_mixin.py:188} INFO - [2024-04-08T03:03:40.873+0000] {dag.py:3834} INFO - Setting next_dagrun for example_branch_datetime_operator to 2024-04-07 00:00:00+00:00, run_after=2024-04-08 00:00:00+00:00
[2024-04-08T03:03:40.876+0000] {logging_mixin.py:188} INFO - [2024-04-08T03:03:40.876+0000] {dag.py:3834} INFO - Setting next_dagrun for example_branch_datetime_operator_2 to 2024-04-07 00:00:00+00:00, run_after=2024-04-08 00:00:00+00:00
[2024-04-08T03:03:40.879+0000] {logging_mixin.py:188} INFO - [2024-04-08T03:03:40.878+0000] {dag.py:3834} INFO - Setting next_dagrun for example_branch_datetime_operator_3 to 2024-04-07 00:00:00+00:00, run_after=2024-04-08 00:00:00+00:00
[2024-04-08T03:03:40.896+0000] {processor.py:183} INFO - Processing /home/airflow/.local/lib/python3.8/site-packages/airflow/example_dags/example_branch_datetime_operator.py took 0.082 seconds
[2024-04-08T03:04:11.030+0000] {processor.py:161} INFO - Started process (PID=3017) to work on /home/airflow/.local/lib/python3.8/site-packages/airflow/example_dags/example_branch_datetime_operator.py
[2024-04-08T03:04:11.031+0000] {processor.py:830} INFO - Processing file /home/airflow/.local/lib/python3.8/site-packages/airflow/example_dags/example_branch_datetime_operator.py for tasks to queue
[2024-04-08T03:04:11.033+0000] {logging_mixin.py:188} INFO - [2024-04-08T03:04:11.032+0000] {dagbag.py:540} INFO - Filling up the DagBag from /home/airflow/.local/lib/python3.8/site-packages/airflow/example_dags/example_branch_datetime_operator.py
[2024-04-08T03:04:11.053+0000] {processor.py:840} INFO - DAG(s) 'example_branch_datetime_operator', 'example_branch_datetime_operator_3', 'example_branch_datetime_operator_2' retrieved from /home/airflow/.local/lib/python3.8/site-packages/airflow/example_dags/example_branch_datetime_operator.py
[2024-04-08T03:04:11.114+0000] {logging_mixin.py:188} INFO - [2024-04-08T03:04:11.114+0000] {dag.py:3047} INFO - Sync 3 DAGs
[2024-04-08T03:04:11.156+0000] {logging_mixin.py:188} INFO - [2024-04-08T03:04:11.155+0000] {dag.py:3834} INFO - Setting next_dagrun for example_branch_datetime_operator to 2024-04-07 00:00:00+00:00, run_after=2024-04-08 00:00:00+00:00
[2024-04-08T03:04:11.167+0000] {logging_mixin.py:188} INFO - [2024-04-08T03:04:11.167+0000] {dag.py:3834} INFO - Setting next_dagrun for example_branch_datetime_operator_2 to 2024-04-07 00:00:00+00:00, run_after=2024-04-08 00:00:00+00:00
[2024-04-08T03:04:11.173+0000] {logging_mixin.py:188} INFO - [2024-04-08T03:04:11.173+0000] {dag.py:3834} INFO - Setting next_dagrun for example_branch_datetime_operator_3 to 2024-04-07 00:00:00+00:00, run_after=2024-04-08 00:00:00+00:00
[2024-04-08T03:04:11.207+0000] {processor.py:183} INFO - Processing /home/airflow/.local/lib/python3.8/site-packages/airflow/example_dags/example_branch_datetime_operator.py took 0.181 seconds
[2024-04-08T03:04:41.760+0000] {processor.py:161} INFO - Started process (PID=3264) to work on /home/airflow/.local/lib/python3.8/site-packages/airflow/example_dags/example_branch_datetime_operator.py
[2024-04-08T03:04:41.761+0000] {processor.py:830} INFO - Processing file /home/airflow/.local/lib/python3.8/site-packages/airflow/example_dags/example_branch_datetime_operator.py for tasks to queue
[2024-04-08T03:04:41.762+0000] {logging_mixin.py:188} INFO - [2024-04-08T03:04:41.762+0000] {dagbag.py:540} INFO - Filling up the DagBag from /home/airflow/.local/lib/python3.8/site-packages/airflow/example_dags/example_branch_datetime_operator.py
[2024-04-08T03:04:41.778+0000] {processor.py:840} INFO - DAG(s) 'example_branch_datetime_operator_2', 'example_branch_datetime_operator', 'example_branch_datetime_operator_3' retrieved from /home/airflow/.local/lib/python3.8/site-packages/airflow/example_dags/example_branch_datetime_operator.py
[2024-04-08T03:04:41.808+0000] {logging_mixin.py:188} INFO - [2024-04-08T03:04:41.808+0000] {dag.py:3047} INFO - Sync 3 DAGs
[2024-04-08T03:04:41.834+0000] {logging_mixin.py:188} INFO - [2024-04-08T03:04:41.833+0000] {dag.py:3834} INFO - Setting next_dagrun for example_branch_datetime_operator to 2024-04-07 00:00:00+00:00, run_after=2024-04-08 00:00:00+00:00
[2024-04-08T03:04:41.839+0000] {logging_mixin.py:188} INFO - [2024-04-08T03:04:41.839+0000] {dag.py:3834} INFO - Setting next_dagrun for example_branch_datetime_operator_2 to 2024-04-07 00:00:00+00:00, run_after=2024-04-08 00:00:00+00:00
[2024-04-08T03:04:41.843+0000] {logging_mixin.py:188} INFO - [2024-04-08T03:04:41.843+0000] {dag.py:3834} INFO - Setting next_dagrun for example_branch_datetime_operator_3 to 2024-04-07 00:00:00+00:00, run_after=2024-04-08 00:00:00+00:00
[2024-04-08T03:04:41.863+0000] {processor.py:183} INFO - Processing /home/airflow/.local/lib/python3.8/site-packages/airflow/example_dags/example_branch_datetime_operator.py took 0.106 seconds
[2024-04-08T03:05:12.046+0000] {processor.py:161} INFO - Started process (PID=3511) to work on /home/airflow/.local/lib/python3.8/site-packages/airflow/example_dags/example_branch_datetime_operator.py
[2024-04-08T03:05:12.048+0000] {processor.py:830} INFO - Processing file /home/airflow/.local/lib/python3.8/site-packages/airflow/example_dags/example_branch_datetime_operator.py for tasks to queue
[2024-04-08T03:05:12.049+0000] {logging_mixin.py:188} INFO - [2024-04-08T03:05:12.048+0000] {dagbag.py:540} INFO - Filling up the DagBag from /home/airflow/.local/lib/python3.8/site-packages/airflow/example_dags/example_branch_datetime_operator.py
[2024-04-08T03:05:12.061+0000] {processor.py:840} INFO - DAG(s) 'example_branch_datetime_operator_2', 'example_branch_datetime_operator_3', 'example_branch_datetime_operator' retrieved from /home/airflow/.local/lib/python3.8/site-packages/airflow/example_dags/example_branch_datetime_operator.py
[2024-04-08T03:05:12.092+0000] {logging_mixin.py:188} INFO - [2024-04-08T03:05:12.091+0000] {dag.py:3047} INFO - Sync 3 DAGs
[2024-04-08T03:05:12.113+0000] {logging_mixin.py:188} INFO - [2024-04-08T03:05:12.113+0000] {dag.py:3834} INFO - Setting next_dagrun for example_branch_datetime_operator to 2024-04-07 00:00:00+00:00, run_after=2024-04-08 00:00:00+00:00
[2024-04-08T03:05:12.117+0000] {logging_mixin.py:188} INFO - [2024-04-08T03:05:12.116+0000] {dag.py:3834} INFO - Setting next_dagrun for example_branch_datetime_operator_2 to 2024-04-07 00:00:00+00:00, run_after=2024-04-08 00:00:00+00:00
[2024-04-08T03:05:12.119+0000] {logging_mixin.py:188} INFO - [2024-04-08T03:05:12.119+0000] {dag.py:3834} INFO - Setting next_dagrun for example_branch_datetime_operator_3 to 2024-04-07 00:00:00+00:00, run_after=2024-04-08 00:00:00+00:00
[2024-04-08T03:05:12.137+0000] {processor.py:183} INFO - Processing /home/airflow/.local/lib/python3.8/site-packages/airflow/example_dags/example_branch_datetime_operator.py took 0.094 seconds
[2024-04-08T03:05:42.763+0000] {processor.py:161} INFO - Started process (PID=3760) to work on /home/airflow/.local/lib/python3.8/site-packages/airflow/example_dags/example_branch_datetime_operator.py
[2024-04-08T03:05:42.763+0000] {processor.py:830} INFO - Processing file /home/airflow/.local/lib/python3.8/site-packages/airflow/example_dags/example_branch_datetime_operator.py for tasks to queue
[2024-04-08T03:05:42.764+0000] {logging_mixin.py:188} INFO - [2024-04-08T03:05:42.764+0000] {dagbag.py:540} INFO - Filling up the DagBag from /home/airflow/.local/lib/python3.8/site-packages/airflow/example_dags/example_branch_datetime_operator.py
[2024-04-08T03:05:42.772+0000] {processor.py:840} INFO - DAG(s) 'example_branch_datetime_operator', 'example_branch_datetime_operator_2', 'example_branch_datetime_operator_3' retrieved from /home/airflow/.local/lib/python3.8/site-packages/airflow/example_dags/example_branch_datetime_operator.py
[2024-04-08T03:05:42.800+0000] {logging_mixin.py:188} INFO - [2024-04-08T03:05:42.800+0000] {dag.py:3047} INFO - Sync 3 DAGs
[2024-04-08T03:05:42.826+0000] {logging_mixin.py:188} INFO - [2024-04-08T03:05:42.826+0000] {dag.py:3834} INFO - Setting next_dagrun for example_branch_datetime_operator to 2024-04-07 00:00:00+00:00, run_after=2024-04-08 00:00:00+00:00
[2024-04-08T03:05:42.832+0000] {logging_mixin.py:188} INFO - [2024-04-08T03:05:42.831+0000] {dag.py:3834} INFO - Setting next_dagrun for example_branch_datetime_operator_2 to 2024-04-07 00:00:00+00:00, run_after=2024-04-08 00:00:00+00:00
[2024-04-08T03:05:42.835+0000] {logging_mixin.py:188} INFO - [2024-04-08T03:05:42.835+0000] {dag.py:3834} INFO - Setting next_dagrun for example_branch_datetime_operator_3 to 2024-04-07 00:00:00+00:00, run_after=2024-04-08 00:00:00+00:00
[2024-04-08T03:05:42.856+0000] {processor.py:183} INFO - Processing /home/airflow/.local/lib/python3.8/site-packages/airflow/example_dags/example_branch_datetime_operator.py took 0.097 seconds
