[2024-04-08T02:58:33.369+0000] {processor.py:161} INFO - Started process (PID=222) to work on /home/airflow/.local/lib/python3.8/site-packages/airflow/example_dags/example_branch_python_dop_operator_3.py
[2024-04-08T02:58:33.371+0000] {processor.py:830} INFO - Processing file /home/airflow/.local/lib/python3.8/site-packages/airflow/example_dags/example_branch_python_dop_operator_3.py for tasks to queue
[2024-04-08T02:58:33.372+0000] {logging_mixin.py:188} INFO - [2024-04-08T02:58:33.372+0000] {dagbag.py:540} INFO - Filling up the DagBag from /home/airflow/.local/lib/python3.8/site-packages/airflow/example_dags/example_branch_python_dop_operator_3.py
[2024-04-08T02:58:33.387+0000] {processor.py:840} INFO - DAG(s) 'example_branch_dop_operator_v3' retrieved from /home/airflow/.local/lib/python3.8/site-packages/airflow/example_dags/example_branch_python_dop_operator_3.py
[2024-04-08T02:58:33.826+0000] {logging_mixin.py:188} INFO - [2024-04-08T02:58:33.825+0000] {override.py:1769} INFO - Created Permission View: can read on DAG:example_branch_dop_operator_v3
[2024-04-08T02:58:33.849+0000] {logging_mixin.py:188} INFO - [2024-04-08T02:58:33.849+0000] {override.py:1769} INFO - Created Permission View: can delete on DAG:example_branch_dop_operator_v3
[2024-04-08T02:58:33.864+0000] {logging_mixin.py:188} INFO - [2024-04-08T02:58:33.863+0000] {override.py:1769} INFO - Created Permission View: can edit on DAG:example_branch_dop_operator_v3
[2024-04-08T02:58:33.864+0000] {logging_mixin.py:188} INFO - [2024-04-08T02:58:33.864+0000] {dag.py:3047} INFO - Sync 1 DAGs
[2024-04-08T02:58:33.875+0000] {logging_mixin.py:188} INFO - [2024-04-08T02:58:33.875+0000] {dag.py:3069} INFO - Creating ORM DAG for example_branch_dop_operator_v3
[2024-04-08T02:58:33.889+0000] {logging_mixin.py:188} INFO - [2024-04-08T02:58:33.888+0000] {dag.py:3834} INFO - Setting next_dagrun for example_branch_dop_operator_v3 to 2024-04-08 02:57:00+00:00, run_after=2024-04-08 02:58:00+00:00
[2024-04-08T02:58:33.914+0000] {processor.py:183} INFO - Processing /home/airflow/.local/lib/python3.8/site-packages/airflow/example_dags/example_branch_python_dop_operator_3.py took 0.548 seconds
[2024-04-08T02:59:04.051+0000] {processor.py:161} INFO - Started process (PID=471) to work on /home/airflow/.local/lib/python3.8/site-packages/airflow/example_dags/example_branch_python_dop_operator_3.py
[2024-04-08T02:59:04.052+0000] {processor.py:830} INFO - Processing file /home/airflow/.local/lib/python3.8/site-packages/airflow/example_dags/example_branch_python_dop_operator_3.py for tasks to queue
[2024-04-08T02:59:04.054+0000] {logging_mixin.py:188} INFO - [2024-04-08T02:59:04.053+0000] {dagbag.py:540} INFO - Filling up the DagBag from /home/airflow/.local/lib/python3.8/site-packages/airflow/example_dags/example_branch_python_dop_operator_3.py
[2024-04-08T02:59:04.064+0000] {processor.py:840} INFO - DAG(s) 'example_branch_dop_operator_v3' retrieved from /home/airflow/.local/lib/python3.8/site-packages/airflow/example_dags/example_branch_python_dop_operator_3.py
[2024-04-08T02:59:04.087+0000] {logging_mixin.py:188} INFO - [2024-04-08T02:59:04.087+0000] {dag.py:3047} INFO - Sync 1 DAGs
[2024-04-08T02:59:04.116+0000] {logging_mixin.py:188} INFO - [2024-04-08T02:59:04.116+0000] {dag.py:3834} INFO - Setting next_dagrun for example_branch_dop_operator_v3 to 2024-04-08 02:58:00+00:00, run_after=2024-04-08 02:59:00+00:00
[2024-04-08T02:59:04.142+0000] {processor.py:183} INFO - Processing /home/airflow/.local/lib/python3.8/site-packages/airflow/example_dags/example_branch_python_dop_operator_3.py took 0.095 seconds
[2024-04-08T02:59:34.292+0000] {processor.py:161} INFO - Started process (PID=718) to work on /home/airflow/.local/lib/python3.8/site-packages/airflow/example_dags/example_branch_python_dop_operator_3.py
[2024-04-08T02:59:34.293+0000] {processor.py:830} INFO - Processing file /home/airflow/.local/lib/python3.8/site-packages/airflow/example_dags/example_branch_python_dop_operator_3.py for tasks to queue
[2024-04-08T02:59:34.294+0000] {logging_mixin.py:188} INFO - [2024-04-08T02:59:34.294+0000] {dagbag.py:540} INFO - Filling up the DagBag from /home/airflow/.local/lib/python3.8/site-packages/airflow/example_dags/example_branch_python_dop_operator_3.py
[2024-04-08T02:59:34.305+0000] {processor.py:840} INFO - DAG(s) 'example_branch_dop_operator_v3' retrieved from /home/airflow/.local/lib/python3.8/site-packages/airflow/example_dags/example_branch_python_dop_operator_3.py
[2024-04-08T02:59:34.329+0000] {logging_mixin.py:188} INFO - [2024-04-08T02:59:34.328+0000] {dag.py:3047} INFO - Sync 1 DAGs
[2024-04-08T02:59:34.358+0000] {logging_mixin.py:188} INFO - [2024-04-08T02:59:34.358+0000] {dag.py:3834} INFO - Setting next_dagrun for example_branch_dop_operator_v3 to 2024-04-08 02:58:00+00:00, run_after=2024-04-08 02:59:00+00:00
[2024-04-08T02:59:34.381+0000] {processor.py:183} INFO - Processing /home/airflow/.local/lib/python3.8/site-packages/airflow/example_dags/example_branch_python_dop_operator_3.py took 0.092 seconds
[2024-04-08T03:00:04.705+0000] {processor.py:161} INFO - Started process (PID=965) to work on /home/airflow/.local/lib/python3.8/site-packages/airflow/example_dags/example_branch_python_dop_operator_3.py
[2024-04-08T03:00:04.706+0000] {processor.py:830} INFO - Processing file /home/airflow/.local/lib/python3.8/site-packages/airflow/example_dags/example_branch_python_dop_operator_3.py for tasks to queue
[2024-04-08T03:00:04.706+0000] {logging_mixin.py:188} INFO - [2024-04-08T03:00:04.706+0000] {dagbag.py:540} INFO - Filling up the DagBag from /home/airflow/.local/lib/python3.8/site-packages/airflow/example_dags/example_branch_python_dop_operator_3.py
[2024-04-08T03:00:04.715+0000] {processor.py:840} INFO - DAG(s) 'example_branch_dop_operator_v3' retrieved from /home/airflow/.local/lib/python3.8/site-packages/airflow/example_dags/example_branch_python_dop_operator_3.py
[2024-04-08T03:00:04.736+0000] {logging_mixin.py:188} INFO - [2024-04-08T03:00:04.736+0000] {dag.py:3047} INFO - Sync 1 DAGs
[2024-04-08T03:00:04.768+0000] {logging_mixin.py:188} INFO - [2024-04-08T03:00:04.767+0000] {dag.py:3834} INFO - Setting next_dagrun for example_branch_dop_operator_v3 to 2024-04-08 02:59:00+00:00, run_after=2024-04-08 03:00:00+00:00
[2024-04-08T03:00:04.791+0000] {processor.py:183} INFO - Processing /home/airflow/.local/lib/python3.8/site-packages/airflow/example_dags/example_branch_python_dop_operator_3.py took 0.089 seconds
[2024-04-08T03:00:35.448+0000] {processor.py:161} INFO - Started process (PID=1212) to work on /home/airflow/.local/lib/python3.8/site-packages/airflow/example_dags/example_branch_python_dop_operator_3.py
[2024-04-08T03:00:35.450+0000] {processor.py:830} INFO - Processing file /home/airflow/.local/lib/python3.8/site-packages/airflow/example_dags/example_branch_python_dop_operator_3.py for tasks to queue
[2024-04-08T03:00:35.451+0000] {logging_mixin.py:188} INFO - [2024-04-08T03:00:35.451+0000] {dagbag.py:540} INFO - Filling up the DagBag from /home/airflow/.local/lib/python3.8/site-packages/airflow/example_dags/example_branch_python_dop_operator_3.py
[2024-04-08T03:00:35.470+0000] {processor.py:840} INFO - DAG(s) 'example_branch_dop_operator_v3' retrieved from /home/airflow/.local/lib/python3.8/site-packages/airflow/example_dags/example_branch_python_dop_operator_3.py
[2024-04-08T03:00:35.497+0000] {logging_mixin.py:188} INFO - [2024-04-08T03:00:35.497+0000] {dag.py:3047} INFO - Sync 1 DAGs
[2024-04-08T03:00:35.530+0000] {logging_mixin.py:188} INFO - [2024-04-08T03:00:35.530+0000] {dag.py:3834} INFO - Setting next_dagrun for example_branch_dop_operator_v3 to 2024-04-08 02:59:00+00:00, run_after=2024-04-08 03:00:00+00:00
[2024-04-08T03:00:35.558+0000] {processor.py:183} INFO - Processing /home/airflow/.local/lib/python3.8/site-packages/airflow/example_dags/example_branch_python_dop_operator_3.py took 0.114 seconds
[2024-04-08T03:01:05.992+0000] {processor.py:161} INFO - Started process (PID=1457) to work on /home/airflow/.local/lib/python3.8/site-packages/airflow/example_dags/example_branch_python_dop_operator_3.py
[2024-04-08T03:01:05.993+0000] {processor.py:830} INFO - Processing file /home/airflow/.local/lib/python3.8/site-packages/airflow/example_dags/example_branch_python_dop_operator_3.py for tasks to queue
[2024-04-08T03:01:05.994+0000] {logging_mixin.py:188} INFO - [2024-04-08T03:01:05.993+0000] {dagbag.py:540} INFO - Filling up the DagBag from /home/airflow/.local/lib/python3.8/site-packages/airflow/example_dags/example_branch_python_dop_operator_3.py
[2024-04-08T03:01:06.004+0000] {processor.py:840} INFO - DAG(s) 'example_branch_dop_operator_v3' retrieved from /home/airflow/.local/lib/python3.8/site-packages/airflow/example_dags/example_branch_python_dop_operator_3.py
[2024-04-08T03:01:06.025+0000] {logging_mixin.py:188} INFO - [2024-04-08T03:01:06.025+0000] {dag.py:3047} INFO - Sync 1 DAGs
[2024-04-08T03:01:06.057+0000] {logging_mixin.py:188} INFO - [2024-04-08T03:01:06.056+0000] {dag.py:3834} INFO - Setting next_dagrun for example_branch_dop_operator_v3 to 2024-04-08 03:00:00+00:00, run_after=2024-04-08 03:01:00+00:00
[2024-04-08T03:01:06.081+0000] {processor.py:183} INFO - Processing /home/airflow/.local/lib/python3.8/site-packages/airflow/example_dags/example_branch_python_dop_operator_3.py took 0.092 seconds
[2024-04-08T03:01:36.714+0000] {processor.py:161} INFO - Started process (PID=1704) to work on /home/airflow/.local/lib/python3.8/site-packages/airflow/example_dags/example_branch_python_dop_operator_3.py
[2024-04-08T03:01:36.716+0000] {processor.py:830} INFO - Processing file /home/airflow/.local/lib/python3.8/site-packages/airflow/example_dags/example_branch_python_dop_operator_3.py for tasks to queue
[2024-04-08T03:01:36.717+0000] {logging_mixin.py:188} INFO - [2024-04-08T03:01:36.716+0000] {dagbag.py:540} INFO - Filling up the DagBag from /home/airflow/.local/lib/python3.8/site-packages/airflow/example_dags/example_branch_python_dop_operator_3.py
[2024-04-08T03:01:36.726+0000] {processor.py:840} INFO - DAG(s) 'example_branch_dop_operator_v3' retrieved from /home/airflow/.local/lib/python3.8/site-packages/airflow/example_dags/example_branch_python_dop_operator_3.py
[2024-04-08T03:01:36.747+0000] {logging_mixin.py:188} INFO - [2024-04-08T03:01:36.746+0000] {dag.py:3047} INFO - Sync 1 DAGs
[2024-04-08T03:01:36.777+0000] {logging_mixin.py:188} INFO - [2024-04-08T03:01:36.776+0000] {dag.py:3834} INFO - Setting next_dagrun for example_branch_dop_operator_v3 to 2024-04-08 03:00:00+00:00, run_after=2024-04-08 03:01:00+00:00
[2024-04-08T03:01:36.799+0000] {processor.py:183} INFO - Processing /home/airflow/.local/lib/python3.8/site-packages/airflow/example_dags/example_branch_python_dop_operator_3.py took 0.088 seconds
[2024-04-08T03:02:07.301+0000] {processor.py:161} INFO - Started process (PID=1953) to work on /home/airflow/.local/lib/python3.8/site-packages/airflow/example_dags/example_branch_python_dop_operator_3.py
[2024-04-08T03:02:07.302+0000] {processor.py:830} INFO - Processing file /home/airflow/.local/lib/python3.8/site-packages/airflow/example_dags/example_branch_python_dop_operator_3.py for tasks to queue
[2024-04-08T03:02:07.308+0000] {logging_mixin.py:188} INFO - [2024-04-08T03:02:07.307+0000] {dagbag.py:540} INFO - Filling up the DagBag from /home/airflow/.local/lib/python3.8/site-packages/airflow/example_dags/example_branch_python_dop_operator_3.py
[2024-04-08T03:02:07.325+0000] {processor.py:840} INFO - DAG(s) 'example_branch_dop_operator_v3' retrieved from /home/airflow/.local/lib/python3.8/site-packages/airflow/example_dags/example_branch_python_dop_operator_3.py
[2024-04-08T03:02:07.356+0000] {logging_mixin.py:188} INFO - [2024-04-08T03:02:07.356+0000] {dag.py:3047} INFO - Sync 1 DAGs
[2024-04-08T03:02:07.388+0000] {logging_mixin.py:188} INFO - [2024-04-08T03:02:07.388+0000] {dag.py:3834} INFO - Setting next_dagrun for example_branch_dop_operator_v3 to 2024-04-08 03:01:00+00:00, run_after=2024-04-08 03:02:00+00:00
[2024-04-08T03:02:07.411+0000] {processor.py:183} INFO - Processing /home/airflow/.local/lib/python3.8/site-packages/airflow/example_dags/example_branch_python_dop_operator_3.py took 0.121 seconds
[2024-04-08T03:02:37.840+0000] {processor.py:161} INFO - Started process (PID=2201) to work on /home/airflow/.local/lib/python3.8/site-packages/airflow/example_dags/example_branch_python_dop_operator_3.py
[2024-04-08T03:02:37.841+0000] {processor.py:830} INFO - Processing file /home/airflow/.local/lib/python3.8/site-packages/airflow/example_dags/example_branch_python_dop_operator_3.py for tasks to queue
[2024-04-08T03:02:37.842+0000] {logging_mixin.py:188} INFO - [2024-04-08T03:02:37.842+0000] {dagbag.py:540} INFO - Filling up the DagBag from /home/airflow/.local/lib/python3.8/site-packages/airflow/example_dags/example_branch_python_dop_operator_3.py
[2024-04-08T03:02:37.851+0000] {processor.py:840} INFO - DAG(s) 'example_branch_dop_operator_v3' retrieved from /home/airflow/.local/lib/python3.8/site-packages/airflow/example_dags/example_branch_python_dop_operator_3.py
[2024-04-08T03:02:37.874+0000] {logging_mixin.py:188} INFO - [2024-04-08T03:02:37.874+0000] {dag.py:3047} INFO - Sync 1 DAGs
[2024-04-08T03:02:37.912+0000] {logging_mixin.py:188} INFO - [2024-04-08T03:02:37.912+0000] {dag.py:3834} INFO - Setting next_dagrun for example_branch_dop_operator_v3 to 2024-04-08 03:01:00+00:00, run_after=2024-04-08 03:02:00+00:00
[2024-04-08T03:02:37.938+0000] {processor.py:183} INFO - Processing /home/airflow/.local/lib/python3.8/site-packages/airflow/example_dags/example_branch_python_dop_operator_3.py took 0.101 seconds
[2024-04-08T03:03:08.302+0000] {processor.py:161} INFO - Started process (PID=2447) to work on /home/airflow/.local/lib/python3.8/site-packages/airflow/example_dags/example_branch_python_dop_operator_3.py
[2024-04-08T03:03:08.303+0000] {processor.py:830} INFO - Processing file /home/airflow/.local/lib/python3.8/site-packages/airflow/example_dags/example_branch_python_dop_operator_3.py for tasks to queue
[2024-04-08T03:03:08.305+0000] {logging_mixin.py:188} INFO - [2024-04-08T03:03:08.304+0000] {dagbag.py:540} INFO - Filling up the DagBag from /home/airflow/.local/lib/python3.8/site-packages/airflow/example_dags/example_branch_python_dop_operator_3.py
[2024-04-08T03:03:08.314+0000] {processor.py:840} INFO - DAG(s) 'example_branch_dop_operator_v3' retrieved from /home/airflow/.local/lib/python3.8/site-packages/airflow/example_dags/example_branch_python_dop_operator_3.py
[2024-04-08T03:03:08.337+0000] {logging_mixin.py:188} INFO - [2024-04-08T03:03:08.336+0000] {dag.py:3047} INFO - Sync 1 DAGs
[2024-04-08T03:03:08.367+0000] {logging_mixin.py:188} INFO - [2024-04-08T03:03:08.367+0000] {dag.py:3834} INFO - Setting next_dagrun for example_branch_dop_operator_v3 to 2024-04-08 03:02:00+00:00, run_after=2024-04-08 03:03:00+00:00
[2024-04-08T03:03:08.390+0000] {processor.py:183} INFO - Processing /home/airflow/.local/lib/python3.8/site-packages/airflow/example_dags/example_branch_python_dop_operator_3.py took 0.092 seconds
[2024-04-08T03:03:38.736+0000] {processor.py:161} INFO - Started process (PID=2696) to work on /home/airflow/.local/lib/python3.8/site-packages/airflow/example_dags/example_branch_python_dop_operator_3.py
[2024-04-08T03:03:38.737+0000] {processor.py:830} INFO - Processing file /home/airflow/.local/lib/python3.8/site-packages/airflow/example_dags/example_branch_python_dop_operator_3.py for tasks to queue
[2024-04-08T03:03:38.738+0000] {logging_mixin.py:188} INFO - [2024-04-08T03:03:38.738+0000] {dagbag.py:540} INFO - Filling up the DagBag from /home/airflow/.local/lib/python3.8/site-packages/airflow/example_dags/example_branch_python_dop_operator_3.py
[2024-04-08T03:03:38.747+0000] {processor.py:840} INFO - DAG(s) 'example_branch_dop_operator_v3' retrieved from /home/airflow/.local/lib/python3.8/site-packages/airflow/example_dags/example_branch_python_dop_operator_3.py
[2024-04-08T03:03:38.768+0000] {logging_mixin.py:188} INFO - [2024-04-08T03:03:38.768+0000] {dag.py:3047} INFO - Sync 1 DAGs
[2024-04-08T03:03:38.797+0000] {logging_mixin.py:188} INFO - [2024-04-08T03:03:38.797+0000] {dag.py:3834} INFO - Setting next_dagrun for example_branch_dop_operator_v3 to 2024-04-08 03:02:00+00:00, run_after=2024-04-08 03:03:00+00:00
[2024-04-08T03:03:38.833+0000] {processor.py:183} INFO - Processing /home/airflow/.local/lib/python3.8/site-packages/airflow/example_dags/example_branch_python_dop_operator_3.py took 0.100 seconds
[2024-04-08T03:04:09.039+0000] {processor.py:161} INFO - Started process (PID=2944) to work on /home/airflow/.local/lib/python3.8/site-packages/airflow/example_dags/example_branch_python_dop_operator_3.py
[2024-04-08T03:04:09.040+0000] {processor.py:830} INFO - Processing file /home/airflow/.local/lib/python3.8/site-packages/airflow/example_dags/example_branch_python_dop_operator_3.py for tasks to queue
[2024-04-08T03:04:09.044+0000] {logging_mixin.py:188} INFO - [2024-04-08T03:04:09.044+0000] {dagbag.py:540} INFO - Filling up the DagBag from /home/airflow/.local/lib/python3.8/site-packages/airflow/example_dags/example_branch_python_dop_operator_3.py
[2024-04-08T03:04:09.054+0000] {processor.py:840} INFO - DAG(s) 'example_branch_dop_operator_v3' retrieved from /home/airflow/.local/lib/python3.8/site-packages/airflow/example_dags/example_branch_python_dop_operator_3.py
[2024-04-08T03:04:09.075+0000] {logging_mixin.py:188} INFO - [2024-04-08T03:04:09.075+0000] {dag.py:3047} INFO - Sync 1 DAGs
[2024-04-08T03:04:09.103+0000] {logging_mixin.py:188} INFO - [2024-04-08T03:04:09.103+0000] {dag.py:3834} INFO - Setting next_dagrun for example_branch_dop_operator_v3 to 2024-04-08 03:03:00+00:00, run_after=2024-04-08 03:04:00+00:00
[2024-04-08T03:04:09.129+0000] {processor.py:183} INFO - Processing /home/airflow/.local/lib/python3.8/site-packages/airflow/example_dags/example_branch_python_dop_operator_3.py took 0.093 seconds
[2024-04-08T03:04:39.498+0000] {processor.py:161} INFO - Started process (PID=3189) to work on /home/airflow/.local/lib/python3.8/site-packages/airflow/example_dags/example_branch_python_dop_operator_3.py
[2024-04-08T03:04:39.499+0000] {processor.py:830} INFO - Processing file /home/airflow/.local/lib/python3.8/site-packages/airflow/example_dags/example_branch_python_dop_operator_3.py for tasks to queue
[2024-04-08T03:04:39.500+0000] {logging_mixin.py:188} INFO - [2024-04-08T03:04:39.500+0000] {dagbag.py:540} INFO - Filling up the DagBag from /home/airflow/.local/lib/python3.8/site-packages/airflow/example_dags/example_branch_python_dop_operator_3.py
[2024-04-08T03:04:39.510+0000] {processor.py:840} INFO - DAG(s) 'example_branch_dop_operator_v3' retrieved from /home/airflow/.local/lib/python3.8/site-packages/airflow/example_dags/example_branch_python_dop_operator_3.py
[2024-04-08T03:04:39.533+0000] {logging_mixin.py:188} INFO - [2024-04-08T03:04:39.533+0000] {dag.py:3047} INFO - Sync 1 DAGs
[2024-04-08T03:04:39.561+0000] {logging_mixin.py:188} INFO - [2024-04-08T03:04:39.561+0000] {dag.py:3834} INFO - Setting next_dagrun for example_branch_dop_operator_v3 to 2024-04-08 03:03:00+00:00, run_after=2024-04-08 03:04:00+00:00
[2024-04-08T03:04:39.586+0000] {processor.py:183} INFO - Processing /home/airflow/.local/lib/python3.8/site-packages/airflow/example_dags/example_branch_python_dop_operator_3.py took 0.091 seconds
[2024-04-08T03:05:09.883+0000] {processor.py:161} INFO - Started process (PID=3436) to work on /home/airflow/.local/lib/python3.8/site-packages/airflow/example_dags/example_branch_python_dop_operator_3.py
[2024-04-08T03:05:09.885+0000] {processor.py:830} INFO - Processing file /home/airflow/.local/lib/python3.8/site-packages/airflow/example_dags/example_branch_python_dop_operator_3.py for tasks to queue
[2024-04-08T03:05:09.886+0000] {logging_mixin.py:188} INFO - [2024-04-08T03:05:09.885+0000] {dagbag.py:540} INFO - Filling up the DagBag from /home/airflow/.local/lib/python3.8/site-packages/airflow/example_dags/example_branch_python_dop_operator_3.py
[2024-04-08T03:05:09.894+0000] {processor.py:840} INFO - DAG(s) 'example_branch_dop_operator_v3' retrieved from /home/airflow/.local/lib/python3.8/site-packages/airflow/example_dags/example_branch_python_dop_operator_3.py
[2024-04-08T03:05:09.915+0000] {logging_mixin.py:188} INFO - [2024-04-08T03:05:09.914+0000] {dag.py:3047} INFO - Sync 1 DAGs
[2024-04-08T03:05:09.944+0000] {logging_mixin.py:188} INFO - [2024-04-08T03:05:09.944+0000] {dag.py:3834} INFO - Setting next_dagrun for example_branch_dop_operator_v3 to 2024-04-08 03:04:00+00:00, run_after=2024-04-08 03:05:00+00:00
[2024-04-08T03:05:09.967+0000] {processor.py:183} INFO - Processing /home/airflow/.local/lib/python3.8/site-packages/airflow/example_dags/example_branch_python_dop_operator_3.py took 0.088 seconds
[2024-04-08T03:05:40.808+0000] {processor.py:161} INFO - Started process (PID=3683) to work on /home/airflow/.local/lib/python3.8/site-packages/airflow/example_dags/example_branch_python_dop_operator_3.py
[2024-04-08T03:05:40.810+0000] {processor.py:830} INFO - Processing file /home/airflow/.local/lib/python3.8/site-packages/airflow/example_dags/example_branch_python_dop_operator_3.py for tasks to queue
[2024-04-08T03:05:40.811+0000] {logging_mixin.py:188} INFO - [2024-04-08T03:05:40.811+0000] {dagbag.py:540} INFO - Filling up the DagBag from /home/airflow/.local/lib/python3.8/site-packages/airflow/example_dags/example_branch_python_dop_operator_3.py
[2024-04-08T03:05:40.820+0000] {processor.py:840} INFO - DAG(s) 'example_branch_dop_operator_v3' retrieved from /home/airflow/.local/lib/python3.8/site-packages/airflow/example_dags/example_branch_python_dop_operator_3.py
[2024-04-08T03:05:40.840+0000] {logging_mixin.py:188} INFO - [2024-04-08T03:05:40.840+0000] {dag.py:3047} INFO - Sync 1 DAGs
[2024-04-08T03:05:40.869+0000] {logging_mixin.py:188} INFO - [2024-04-08T03:05:40.869+0000] {dag.py:3834} INFO - Setting next_dagrun for example_branch_dop_operator_v3 to 2024-04-08 03:04:00+00:00, run_after=2024-04-08 03:05:00+00:00
[2024-04-08T03:05:40.893+0000] {processor.py:183} INFO - Processing /home/airflow/.local/lib/python3.8/site-packages/airflow/example_dags/example_branch_python_dop_operator_3.py took 0.088 seconds
