[2024-04-08T02:58:38.638+0000] {processor.py:161} INFO - Started process (PID=372) to work on /home/airflow/.local/lib/python3.8/site-packages/airflow/example_dags/example_sensor_decorator.py
[2024-04-08T02:58:38.639+0000] {processor.py:830} INFO - Processing file /home/airflow/.local/lib/python3.8/site-packages/airflow/example_dags/example_sensor_decorator.py for tasks to queue
[2024-04-08T02:58:38.640+0000] {logging_mixin.py:188} INFO - [2024-04-08T02:58:38.640+0000] {dagbag.py:540} INFO - Filling up the DagBag from /home/airflow/.local/lib/python3.8/site-packages/airflow/example_dags/example_sensor_decorator.py
[2024-04-08T02:58:38.647+0000] {processor.py:840} INFO - DAG(s) 'example_sensor_decorator' retrieved from /home/airflow/.local/lib/python3.8/site-packages/airflow/example_dags/example_sensor_decorator.py
[2024-04-08T02:58:38.772+0000] {logging_mixin.py:188} INFO - [2024-04-08T02:58:38.771+0000] {override.py:1769} INFO - Created Permission View: can read on DAG:example_sensor_decorator
[2024-04-08T02:58:38.788+0000] {logging_mixin.py:188} INFO - [2024-04-08T02:58:38.788+0000] {override.py:1769} INFO - Created Permission View: can delete on DAG:example_sensor_decorator
[2024-04-08T02:58:38.800+0000] {logging_mixin.py:188} INFO - [2024-04-08T02:58:38.800+0000] {override.py:1769} INFO - Created Permission View: can edit on DAG:example_sensor_decorator
[2024-04-08T02:58:38.801+0000] {logging_mixin.py:188} INFO - [2024-04-08T02:58:38.801+0000] {dag.py:3047} INFO - Sync 1 DAGs
[2024-04-08T02:58:38.814+0000] {logging_mixin.py:188} INFO - [2024-04-08T02:58:38.813+0000] {dag.py:3069} INFO - Creating ORM DAG for example_sensor_decorator
[2024-04-08T02:58:38.814+0000] {logging_mixin.py:188} INFO - [2024-04-08T02:58:38.814+0000] {dag.py:3834} INFO - Setting next_dagrun for example_sensor_decorator to None, run_after=None
[2024-04-08T02:58:38.838+0000] {processor.py:183} INFO - Processing /home/airflow/.local/lib/python3.8/site-packages/airflow/example_dags/example_sensor_decorator.py took 0.204 seconds
[2024-04-08T02:59:09.764+0000] {processor.py:161} INFO - Started process (PID=621) to work on /home/airflow/.local/lib/python3.8/site-packages/airflow/example_dags/example_sensor_decorator.py
[2024-04-08T02:59:09.765+0000] {processor.py:830} INFO - Processing file /home/airflow/.local/lib/python3.8/site-packages/airflow/example_dags/example_sensor_decorator.py for tasks to queue
[2024-04-08T02:59:09.766+0000] {logging_mixin.py:188} INFO - [2024-04-08T02:59:09.766+0000] {dagbag.py:540} INFO - Filling up the DagBag from /home/airflow/.local/lib/python3.8/site-packages/airflow/example_dags/example_sensor_decorator.py
[2024-04-08T02:59:09.772+0000] {processor.py:840} INFO - DAG(s) 'example_sensor_decorator' retrieved from /home/airflow/.local/lib/python3.8/site-packages/airflow/example_dags/example_sensor_decorator.py
[2024-04-08T02:59:09.806+0000] {logging_mixin.py:188} INFO - [2024-04-08T02:59:09.805+0000] {dag.py:3047} INFO - Sync 1 DAGs
[2024-04-08T02:59:09.820+0000] {logging_mixin.py:188} INFO - [2024-04-08T02:59:09.819+0000] {dag.py:3834} INFO - Setting next_dagrun for example_sensor_decorator to None, run_after=None
[2024-04-08T02:59:09.850+0000] {processor.py:183} INFO - Processing /home/airflow/.local/lib/python3.8/site-packages/airflow/example_dags/example_sensor_decorator.py took 0.092 seconds
[2024-04-08T02:59:40.627+0000] {processor.py:161} INFO - Started process (PID=868) to work on /home/airflow/.local/lib/python3.8/site-packages/airflow/example_dags/example_sensor_decorator.py
[2024-04-08T02:59:40.628+0000] {processor.py:830} INFO - Processing file /home/airflow/.local/lib/python3.8/site-packages/airflow/example_dags/example_sensor_decorator.py for tasks to queue
[2024-04-08T02:59:40.628+0000] {logging_mixin.py:188} INFO - [2024-04-08T02:59:40.628+0000] {dagbag.py:540} INFO - Filling up the DagBag from /home/airflow/.local/lib/python3.8/site-packages/airflow/example_dags/example_sensor_decorator.py
[2024-04-08T02:59:40.633+0000] {processor.py:840} INFO - DAG(s) 'example_sensor_decorator' retrieved from /home/airflow/.local/lib/python3.8/site-packages/airflow/example_dags/example_sensor_decorator.py
[2024-04-08T02:59:40.647+0000] {logging_mixin.py:188} INFO - [2024-04-08T02:59:40.647+0000] {dag.py:3047} INFO - Sync 1 DAGs
[2024-04-08T02:59:40.656+0000] {logging_mixin.py:188} INFO - [2024-04-08T02:59:40.656+0000] {dag.py:3834} INFO - Setting next_dagrun for example_sensor_decorator to None, run_after=None
[2024-04-08T02:59:40.680+0000] {processor.py:183} INFO - Processing /home/airflow/.local/lib/python3.8/site-packages/airflow/example_dags/example_sensor_decorator.py took 0.055 seconds
[2024-04-08T03:00:11.146+0000] {processor.py:161} INFO - Started process (PID=1114) to work on /home/airflow/.local/lib/python3.8/site-packages/airflow/example_dags/example_sensor_decorator.py
[2024-04-08T03:00:11.147+0000] {processor.py:830} INFO - Processing file /home/airflow/.local/lib/python3.8/site-packages/airflow/example_dags/example_sensor_decorator.py for tasks to queue
[2024-04-08T03:00:11.148+0000] {logging_mixin.py:188} INFO - [2024-04-08T03:00:11.147+0000] {dagbag.py:540} INFO - Filling up the DagBag from /home/airflow/.local/lib/python3.8/site-packages/airflow/example_dags/example_sensor_decorator.py
[2024-04-08T03:00:11.156+0000] {processor.py:840} INFO - DAG(s) 'example_sensor_decorator' retrieved from /home/airflow/.local/lib/python3.8/site-packages/airflow/example_dags/example_sensor_decorator.py
[2024-04-08T03:00:11.196+0000] {logging_mixin.py:188} INFO - [2024-04-08T03:00:11.195+0000] {dag.py:3047} INFO - Sync 1 DAGs
[2024-04-08T03:00:11.217+0000] {logging_mixin.py:188} INFO - [2024-04-08T03:00:11.217+0000] {dag.py:3834} INFO - Setting next_dagrun for example_sensor_decorator to None, run_after=None
[2024-04-08T03:00:11.259+0000] {processor.py:183} INFO - Processing /home/airflow/.local/lib/python3.8/site-packages/airflow/example_dags/example_sensor_decorator.py took 0.118 seconds
[2024-04-08T03:00:41.826+0000] {processor.py:161} INFO - Started process (PID=1362) to work on /home/airflow/.local/lib/python3.8/site-packages/airflow/example_dags/example_sensor_decorator.py
[2024-04-08T03:00:41.835+0000] {processor.py:830} INFO - Processing file /home/airflow/.local/lib/python3.8/site-packages/airflow/example_dags/example_sensor_decorator.py for tasks to queue
[2024-04-08T03:00:41.836+0000] {logging_mixin.py:188} INFO - [2024-04-08T03:00:41.836+0000] {dagbag.py:540} INFO - Filling up the DagBag from /home/airflow/.local/lib/python3.8/site-packages/airflow/example_dags/example_sensor_decorator.py
[2024-04-08T03:00:41.854+0000] {processor.py:840} INFO - DAG(s) 'example_sensor_decorator' retrieved from /home/airflow/.local/lib/python3.8/site-packages/airflow/example_dags/example_sensor_decorator.py
[2024-04-08T03:00:41.881+0000] {logging_mixin.py:188} INFO - [2024-04-08T03:00:41.881+0000] {dag.py:3047} INFO - Sync 1 DAGs
[2024-04-08T03:00:41.895+0000] {logging_mixin.py:188} INFO - [2024-04-08T03:00:41.895+0000] {dag.py:3834} INFO - Setting next_dagrun for example_sensor_decorator to None, run_after=None
[2024-04-08T03:00:41.920+0000] {processor.py:183} INFO - Processing /home/airflow/.local/lib/python3.8/site-packages/airflow/example_dags/example_sensor_decorator.py took 0.096 seconds
[2024-04-08T03:01:12.516+0000] {processor.py:161} INFO - Started process (PID=1608) to work on /home/airflow/.local/lib/python3.8/site-packages/airflow/example_dags/example_sensor_decorator.py
[2024-04-08T03:01:12.517+0000] {processor.py:830} INFO - Processing file /home/airflow/.local/lib/python3.8/site-packages/airflow/example_dags/example_sensor_decorator.py for tasks to queue
[2024-04-08T03:01:12.520+0000] {logging_mixin.py:188} INFO - [2024-04-08T03:01:12.518+0000] {dagbag.py:540} INFO - Filling up the DagBag from /home/airflow/.local/lib/python3.8/site-packages/airflow/example_dags/example_sensor_decorator.py
[2024-04-08T03:01:12.530+0000] {processor.py:840} INFO - DAG(s) 'example_sensor_decorator' retrieved from /home/airflow/.local/lib/python3.8/site-packages/airflow/example_dags/example_sensor_decorator.py
[2024-04-08T03:01:12.577+0000] {logging_mixin.py:188} INFO - [2024-04-08T03:01:12.576+0000] {dag.py:3047} INFO - Sync 1 DAGs
[2024-04-08T03:01:12.622+0000] {logging_mixin.py:188} INFO - [2024-04-08T03:01:12.622+0000] {dag.py:3834} INFO - Setting next_dagrun for example_sensor_decorator to None, run_after=None
[2024-04-08T03:01:12.695+0000] {processor.py:183} INFO - Processing /home/airflow/.local/lib/python3.8/site-packages/airflow/example_dags/example_sensor_decorator.py took 0.183 seconds
[2024-04-08T03:01:42.827+0000] {processor.py:161} INFO - Started process (PID=1855) to work on /home/airflow/.local/lib/python3.8/site-packages/airflow/example_dags/example_sensor_decorator.py
[2024-04-08T03:01:42.828+0000] {processor.py:830} INFO - Processing file /home/airflow/.local/lib/python3.8/site-packages/airflow/example_dags/example_sensor_decorator.py for tasks to queue
[2024-04-08T03:01:42.829+0000] {logging_mixin.py:188} INFO - [2024-04-08T03:01:42.828+0000] {dagbag.py:540} INFO - Filling up the DagBag from /home/airflow/.local/lib/python3.8/site-packages/airflow/example_dags/example_sensor_decorator.py
[2024-04-08T03:01:42.835+0000] {processor.py:840} INFO - DAG(s) 'example_sensor_decorator' retrieved from /home/airflow/.local/lib/python3.8/site-packages/airflow/example_dags/example_sensor_decorator.py
[2024-04-08T03:01:42.859+0000] {logging_mixin.py:188} INFO - [2024-04-08T03:01:42.858+0000] {dag.py:3047} INFO - Sync 1 DAGs
[2024-04-08T03:01:42.882+0000] {logging_mixin.py:188} INFO - [2024-04-08T03:01:42.882+0000] {dag.py:3834} INFO - Setting next_dagrun for example_sensor_decorator to None, run_after=None
[2024-04-08T03:01:42.925+0000] {processor.py:183} INFO - Processing /home/airflow/.local/lib/python3.8/site-packages/airflow/example_dags/example_sensor_decorator.py took 0.100 seconds
[2024-04-08T03:02:13.617+0000] {processor.py:161} INFO - Started process (PID=2103) to work on /home/airflow/.local/lib/python3.8/site-packages/airflow/example_dags/example_sensor_decorator.py
[2024-04-08T03:02:13.618+0000] {processor.py:830} INFO - Processing file /home/airflow/.local/lib/python3.8/site-packages/airflow/example_dags/example_sensor_decorator.py for tasks to queue
[2024-04-08T03:02:13.619+0000] {logging_mixin.py:188} INFO - [2024-04-08T03:02:13.618+0000] {dagbag.py:540} INFO - Filling up the DagBag from /home/airflow/.local/lib/python3.8/site-packages/airflow/example_dags/example_sensor_decorator.py
[2024-04-08T03:02:13.633+0000] {processor.py:840} INFO - DAG(s) 'example_sensor_decorator' retrieved from /home/airflow/.local/lib/python3.8/site-packages/airflow/example_dags/example_sensor_decorator.py
[2024-04-08T03:02:13.661+0000] {logging_mixin.py:188} INFO - [2024-04-08T03:02:13.660+0000] {dag.py:3047} INFO - Sync 1 DAGs
[2024-04-08T03:02:13.675+0000] {logging_mixin.py:188} INFO - [2024-04-08T03:02:13.675+0000] {dag.py:3834} INFO - Setting next_dagrun for example_sensor_decorator to None, run_after=None
[2024-04-08T03:02:13.705+0000] {processor.py:183} INFO - Processing /home/airflow/.local/lib/python3.8/site-packages/airflow/example_dags/example_sensor_decorator.py took 0.091 seconds
[2024-04-08T03:02:44.104+0000] {processor.py:161} INFO - Started process (PID=2351) to work on /home/airflow/.local/lib/python3.8/site-packages/airflow/example_dags/example_sensor_decorator.py
[2024-04-08T03:02:44.105+0000] {processor.py:830} INFO - Processing file /home/airflow/.local/lib/python3.8/site-packages/airflow/example_dags/example_sensor_decorator.py for tasks to queue
[2024-04-08T03:02:44.106+0000] {logging_mixin.py:188} INFO - [2024-04-08T03:02:44.106+0000] {dagbag.py:540} INFO - Filling up the DagBag from /home/airflow/.local/lib/python3.8/site-packages/airflow/example_dags/example_sensor_decorator.py
[2024-04-08T03:02:44.116+0000] {processor.py:840} INFO - DAG(s) 'example_sensor_decorator' retrieved from /home/airflow/.local/lib/python3.8/site-packages/airflow/example_dags/example_sensor_decorator.py
[2024-04-08T03:02:44.170+0000] {logging_mixin.py:188} INFO - [2024-04-08T03:02:44.170+0000] {dag.py:3047} INFO - Sync 1 DAGs
[2024-04-08T03:02:44.204+0000] {logging_mixin.py:188} INFO - [2024-04-08T03:02:44.203+0000] {dag.py:3834} INFO - Setting next_dagrun for example_sensor_decorator to None, run_after=None
[2024-04-08T03:02:44.238+0000] {processor.py:183} INFO - Processing /home/airflow/.local/lib/python3.8/site-packages/airflow/example_dags/example_sensor_decorator.py took 0.137 seconds
[2024-04-08T03:03:14.496+0000] {processor.py:161} INFO - Started process (PID=2599) to work on /home/airflow/.local/lib/python3.8/site-packages/airflow/example_dags/example_sensor_decorator.py
[2024-04-08T03:03:14.496+0000] {processor.py:830} INFO - Processing file /home/airflow/.local/lib/python3.8/site-packages/airflow/example_dags/example_sensor_decorator.py for tasks to queue
[2024-04-08T03:03:14.497+0000] {logging_mixin.py:188} INFO - [2024-04-08T03:03:14.497+0000] {dagbag.py:540} INFO - Filling up the DagBag from /home/airflow/.local/lib/python3.8/site-packages/airflow/example_dags/example_sensor_decorator.py
[2024-04-08T03:03:14.502+0000] {processor.py:840} INFO - DAG(s) 'example_sensor_decorator' retrieved from /home/airflow/.local/lib/python3.8/site-packages/airflow/example_dags/example_sensor_decorator.py
[2024-04-08T03:03:14.518+0000] {logging_mixin.py:188} INFO - [2024-04-08T03:03:14.518+0000] {dag.py:3047} INFO - Sync 1 DAGs
[2024-04-08T03:03:14.528+0000] {logging_mixin.py:188} INFO - [2024-04-08T03:03:14.528+0000] {dag.py:3834} INFO - Setting next_dagrun for example_sensor_decorator to None, run_after=None
[2024-04-08T03:03:14.550+0000] {processor.py:183} INFO - Processing /home/airflow/.local/lib/python3.8/site-packages/airflow/example_dags/example_sensor_decorator.py took 0.056 seconds
[2024-04-08T03:03:45.199+0000] {processor.py:161} INFO - Started process (PID=2847) to work on /home/airflow/.local/lib/python3.8/site-packages/airflow/example_dags/example_sensor_decorator.py
[2024-04-08T03:03:45.200+0000] {processor.py:830} INFO - Processing file /home/airflow/.local/lib/python3.8/site-packages/airflow/example_dags/example_sensor_decorator.py for tasks to queue
[2024-04-08T03:03:45.200+0000] {logging_mixin.py:188} INFO - [2024-04-08T03:03:45.200+0000] {dagbag.py:540} INFO - Filling up the DagBag from /home/airflow/.local/lib/python3.8/site-packages/airflow/example_dags/example_sensor_decorator.py
[2024-04-08T03:03:45.206+0000] {processor.py:840} INFO - DAG(s) 'example_sensor_decorator' retrieved from /home/airflow/.local/lib/python3.8/site-packages/airflow/example_dags/example_sensor_decorator.py
[2024-04-08T03:03:45.229+0000] {logging_mixin.py:188} INFO - [2024-04-08T03:03:45.229+0000] {dag.py:3047} INFO - Sync 1 DAGs
[2024-04-08T03:03:45.249+0000] {logging_mixin.py:188} INFO - [2024-04-08T03:03:45.248+0000] {dag.py:3834} INFO - Setting next_dagrun for example_sensor_decorator to None, run_after=None
[2024-04-08T03:03:45.291+0000] {processor.py:183} INFO - Processing /home/airflow/.local/lib/python3.8/site-packages/airflow/example_dags/example_sensor_decorator.py took 0.095 seconds
[2024-04-08T03:04:15.732+0000] {processor.py:161} INFO - Started process (PID=3092) to work on /home/airflow/.local/lib/python3.8/site-packages/airflow/example_dags/example_sensor_decorator.py
[2024-04-08T03:04:15.733+0000] {processor.py:830} INFO - Processing file /home/airflow/.local/lib/python3.8/site-packages/airflow/example_dags/example_sensor_decorator.py for tasks to queue
[2024-04-08T03:04:15.733+0000] {logging_mixin.py:188} INFO - [2024-04-08T03:04:15.733+0000] {dagbag.py:540} INFO - Filling up the DagBag from /home/airflow/.local/lib/python3.8/site-packages/airflow/example_dags/example_sensor_decorator.py
[2024-04-08T03:04:15.738+0000] {processor.py:840} INFO - DAG(s) 'example_sensor_decorator' retrieved from /home/airflow/.local/lib/python3.8/site-packages/airflow/example_dags/example_sensor_decorator.py
[2024-04-08T03:04:15.753+0000] {logging_mixin.py:188} INFO - [2024-04-08T03:04:15.753+0000] {dag.py:3047} INFO - Sync 1 DAGs
[2024-04-08T03:04:15.761+0000] {logging_mixin.py:188} INFO - [2024-04-08T03:04:15.761+0000] {dag.py:3834} INFO - Setting next_dagrun for example_sensor_decorator to None, run_after=None
[2024-04-08T03:04:15.950+0000] {processor.py:183} INFO - Processing /home/airflow/.local/lib/python3.8/site-packages/airflow/example_dags/example_sensor_decorator.py took 0.220 seconds
[2024-04-08T03:04:46.232+0000] {processor.py:161} INFO - Started process (PID=3344) to work on /home/airflow/.local/lib/python3.8/site-packages/airflow/example_dags/example_sensor_decorator.py
[2024-04-08T03:04:46.233+0000] {processor.py:830} INFO - Processing file /home/airflow/.local/lib/python3.8/site-packages/airflow/example_dags/example_sensor_decorator.py for tasks to queue
[2024-04-08T03:04:46.234+0000] {logging_mixin.py:188} INFO - [2024-04-08T03:04:46.234+0000] {dagbag.py:540} INFO - Filling up the DagBag from /home/airflow/.local/lib/python3.8/site-packages/airflow/example_dags/example_sensor_decorator.py
[2024-04-08T03:04:46.241+0000] {processor.py:840} INFO - DAG(s) 'example_sensor_decorator' retrieved from /home/airflow/.local/lib/python3.8/site-packages/airflow/example_dags/example_sensor_decorator.py
[2024-04-08T03:04:46.257+0000] {logging_mixin.py:188} INFO - [2024-04-08T03:04:46.257+0000] {dag.py:3047} INFO - Sync 1 DAGs
[2024-04-08T03:04:46.267+0000] {logging_mixin.py:188} INFO - [2024-04-08T03:04:46.266+0000] {dag.py:3834} INFO - Setting next_dagrun for example_sensor_decorator to None, run_after=None
[2024-04-08T03:04:46.375+0000] {processor.py:183} INFO - Processing /home/airflow/.local/lib/python3.8/site-packages/airflow/example_dags/example_sensor_decorator.py took 0.147 seconds
[2024-04-08T03:05:16.584+0000] {processor.py:161} INFO - Started process (PID=3603) to work on /home/airflow/.local/lib/python3.8/site-packages/airflow/example_dags/example_sensor_decorator.py
[2024-04-08T03:05:16.585+0000] {processor.py:830} INFO - Processing file /home/airflow/.local/lib/python3.8/site-packages/airflow/example_dags/example_sensor_decorator.py for tasks to queue
[2024-04-08T03:05:16.586+0000] {logging_mixin.py:188} INFO - [2024-04-08T03:05:16.585+0000] {dagbag.py:540} INFO - Filling up the DagBag from /home/airflow/.local/lib/python3.8/site-packages/airflow/example_dags/example_sensor_decorator.py
[2024-04-08T03:05:16.590+0000] {processor.py:840} INFO - DAG(s) 'example_sensor_decorator' retrieved from /home/airflow/.local/lib/python3.8/site-packages/airflow/example_dags/example_sensor_decorator.py
[2024-04-08T03:05:16.606+0000] {logging_mixin.py:188} INFO - [2024-04-08T03:05:16.606+0000] {dag.py:3047} INFO - Sync 1 DAGs
[2024-04-08T03:05:16.615+0000] {logging_mixin.py:188} INFO - [2024-04-08T03:05:16.615+0000] {dag.py:3834} INFO - Setting next_dagrun for example_sensor_decorator to None, run_after=None
[2024-04-08T03:05:16.768+0000] {processor.py:183} INFO - Processing /home/airflow/.local/lib/python3.8/site-packages/airflow/example_dags/example_sensor_decorator.py took 0.187 seconds
[2024-04-08T03:05:47.027+0000] {processor.py:161} INFO - Started process (PID=3835) to work on /home/airflow/.local/lib/python3.8/site-packages/airflow/example_dags/example_sensor_decorator.py
[2024-04-08T03:05:47.028+0000] {processor.py:830} INFO - Processing file /home/airflow/.local/lib/python3.8/site-packages/airflow/example_dags/example_sensor_decorator.py for tasks to queue
[2024-04-08T03:05:47.028+0000] {logging_mixin.py:188} INFO - [2024-04-08T03:05:47.028+0000] {dagbag.py:540} INFO - Filling up the DagBag from /home/airflow/.local/lib/python3.8/site-packages/airflow/example_dags/example_sensor_decorator.py
[2024-04-08T03:05:47.033+0000] {processor.py:840} INFO - DAG(s) 'example_sensor_decorator' retrieved from /home/airflow/.local/lib/python3.8/site-packages/airflow/example_dags/example_sensor_decorator.py
[2024-04-08T03:05:47.049+0000] {logging_mixin.py:188} INFO - [2024-04-08T03:05:47.049+0000] {dag.py:3047} INFO - Sync 1 DAGs
[2024-04-08T03:05:47.057+0000] {logging_mixin.py:188} INFO - [2024-04-08T03:05:47.057+0000] {dag.py:3834} INFO - Setting next_dagrun for example_sensor_decorator to None, run_after=None
[2024-04-08T03:05:47.076+0000] {processor.py:183} INFO - Processing /home/airflow/.local/lib/python3.8/site-packages/airflow/example_dags/example_sensor_decorator.py took 0.052 seconds
[2024-04-08T03:06:17.412+0000] {processor.py:161} INFO - Started process (PID=4082) to work on /home/airflow/.local/lib/python3.8/site-packages/airflow/example_dags/example_sensor_decorator.py
[2024-04-08T03:06:17.413+0000] {processor.py:830} INFO - Processing file /home/airflow/.local/lib/python3.8/site-packages/airflow/example_dags/example_sensor_decorator.py for tasks to queue
[2024-04-08T03:06:17.414+0000] {logging_mixin.py:188} INFO - [2024-04-08T03:06:17.414+0000] {dagbag.py:540} INFO - Filling up the DagBag from /home/airflow/.local/lib/python3.8/site-packages/airflow/example_dags/example_sensor_decorator.py
[2024-04-08T03:06:17.421+0000] {processor.py:840} INFO - DAG(s) 'example_sensor_decorator' retrieved from /home/airflow/.local/lib/python3.8/site-packages/airflow/example_dags/example_sensor_decorator.py
[2024-04-08T03:06:17.441+0000] {logging_mixin.py:188} INFO - [2024-04-08T03:06:17.441+0000] {dag.py:3047} INFO - Sync 1 DAGs
[2024-04-08T03:06:17.455+0000] {logging_mixin.py:188} INFO - [2024-04-08T03:06:17.455+0000] {dag.py:3834} INFO - Setting next_dagrun for example_sensor_decorator to None, run_after=None
[2024-04-08T03:06:17.481+0000] {processor.py:183} INFO - Processing /home/airflow/.local/lib/python3.8/site-packages/airflow/example_dags/example_sensor_decorator.py took 0.072 seconds
