[2024-04-08T02:58:38.480+0000] {processor.py:161} INFO - Started process (PID=367) to work on /home/airflow/.local/lib/python3.8/site-packages/airflow/example_dags/example_sla_dag.py
[2024-04-08T02:58:38.482+0000] {processor.py:830} INFO - Processing file /home/airflow/.local/lib/python3.8/site-packages/airflow/example_dags/example_sla_dag.py for tasks to queue
[2024-04-08T02:58:38.483+0000] {logging_mixin.py:188} INFO - [2024-04-08T02:58:38.483+0000] {dagbag.py:540} INFO - Filling up the DagBag from /home/airflow/.local/lib/python3.8/site-packages/airflow/example_dags/example_sla_dag.py
[2024-04-08T02:58:38.493+0000] {processor.py:840} INFO - DAG(s) 'example_sla_dag' retrieved from /home/airflow/.local/lib/python3.8/site-packages/airflow/example_dags/example_sla_dag.py
[2024-04-08T02:58:38.642+0000] {logging_mixin.py:188} INFO - [2024-04-08T02:58:38.641+0000] {override.py:1769} INFO - Created Permission View: can read on DAG:example_sla_dag
[2024-04-08T02:58:38.657+0000] {logging_mixin.py:188} INFO - [2024-04-08T02:58:38.657+0000] {override.py:1769} INFO - Created Permission View: can delete on DAG:example_sla_dag
[2024-04-08T02:58:38.669+0000] {logging_mixin.py:188} INFO - [2024-04-08T02:58:38.669+0000] {override.py:1769} INFO - Created Permission View: can edit on DAG:example_sla_dag
[2024-04-08T02:58:38.670+0000] {logging_mixin.py:188} INFO - [2024-04-08T02:58:38.670+0000] {dag.py:3047} INFO - Sync 1 DAGs
[2024-04-08T02:58:38.685+0000] {logging_mixin.py:188} INFO - [2024-04-08T02:58:38.685+0000] {dag.py:3069} INFO - Creating ORM DAG for example_sla_dag
[2024-04-08T02:58:38.700+0000] {logging_mixin.py:188} INFO - [2024-04-08T02:58:38.700+0000] {dag.py:3834} INFO - Setting next_dagrun for example_sla_dag to 2024-04-08 02:56:00+00:00, run_after=2024-04-08 02:58:00+00:00
[2024-04-08T02:58:38.721+0000] {processor.py:183} INFO - Processing /home/airflow/.local/lib/python3.8/site-packages/airflow/example_dags/example_sla_dag.py took 0.244 seconds
[2024-04-08T02:59:09.626+0000] {processor.py:161} INFO - Started process (PID=614) to work on /home/airflow/.local/lib/python3.8/site-packages/airflow/example_dags/example_sla_dag.py
[2024-04-08T02:59:09.627+0000] {processor.py:830} INFO - Processing file /home/airflow/.local/lib/python3.8/site-packages/airflow/example_dags/example_sla_dag.py for tasks to queue
[2024-04-08T02:59:09.628+0000] {logging_mixin.py:188} INFO - [2024-04-08T02:59:09.628+0000] {dagbag.py:540} INFO - Filling up the DagBag from /home/airflow/.local/lib/python3.8/site-packages/airflow/example_dags/example_sla_dag.py
[2024-04-08T02:59:09.638+0000] {processor.py:840} INFO - DAG(s) 'example_sla_dag' retrieved from /home/airflow/.local/lib/python3.8/site-packages/airflow/example_dags/example_sla_dag.py
[2024-04-08T02:59:09.656+0000] {logging_mixin.py:188} INFO - [2024-04-08T02:59:09.656+0000] {dag.py:3047} INFO - Sync 1 DAGs
[2024-04-08T02:59:09.684+0000] {logging_mixin.py:188} INFO - [2024-04-08T02:59:09.683+0000] {dag.py:3834} INFO - Setting next_dagrun for example_sla_dag to 2024-04-08 02:56:00+00:00, run_after=2024-04-08 02:58:00+00:00
[2024-04-08T02:59:09.716+0000] {processor.py:183} INFO - Processing /home/airflow/.local/lib/python3.8/site-packages/airflow/example_dags/example_sla_dag.py took 0.092 seconds
[2024-04-08T02:59:40.486+0000] {processor.py:161} INFO - Started process (PID=860) to work on /home/airflow/.local/lib/python3.8/site-packages/airflow/example_dags/example_sla_dag.py
[2024-04-08T02:59:40.487+0000] {processor.py:830} INFO - Processing file /home/airflow/.local/lib/python3.8/site-packages/airflow/example_dags/example_sla_dag.py for tasks to queue
[2024-04-08T02:59:40.488+0000] {logging_mixin.py:188} INFO - [2024-04-08T02:59:40.488+0000] {dagbag.py:540} INFO - Filling up the DagBag from /home/airflow/.local/lib/python3.8/site-packages/airflow/example_dags/example_sla_dag.py
[2024-04-08T02:59:40.505+0000] {processor.py:840} INFO - DAG(s) 'example_sla_dag' retrieved from /home/airflow/.local/lib/python3.8/site-packages/airflow/example_dags/example_sla_dag.py
[2024-04-08T02:59:40.534+0000] {logging_mixin.py:188} INFO - [2024-04-08T02:59:40.534+0000] {dag.py:3047} INFO - Sync 1 DAGs
[2024-04-08T02:59:40.573+0000] {logging_mixin.py:188} INFO - [2024-04-08T02:59:40.573+0000] {dag.py:3834} INFO - Setting next_dagrun for example_sla_dag to 2024-04-08 02:56:00+00:00, run_after=2024-04-08 02:58:00+00:00
[2024-04-08T02:59:40.608+0000] {processor.py:183} INFO - Processing /home/airflow/.local/lib/python3.8/site-packages/airflow/example_dags/example_sla_dag.py took 0.126 seconds
[2024-04-08T03:00:10.949+0000] {processor.py:161} INFO - Started process (PID=1108) to work on /home/airflow/.local/lib/python3.8/site-packages/airflow/example_dags/example_sla_dag.py
[2024-04-08T03:00:10.950+0000] {processor.py:830} INFO - Processing file /home/airflow/.local/lib/python3.8/site-packages/airflow/example_dags/example_sla_dag.py for tasks to queue
[2024-04-08T03:00:10.951+0000] {logging_mixin.py:188} INFO - [2024-04-08T03:00:10.951+0000] {dagbag.py:540} INFO - Filling up the DagBag from /home/airflow/.local/lib/python3.8/site-packages/airflow/example_dags/example_sla_dag.py
[2024-04-08T03:00:10.961+0000] {processor.py:840} INFO - DAG(s) 'example_sla_dag' retrieved from /home/airflow/.local/lib/python3.8/site-packages/airflow/example_dags/example_sla_dag.py
[2024-04-08T03:00:11.008+0000] {logging_mixin.py:188} INFO - [2024-04-08T03:00:11.007+0000] {dag.py:3047} INFO - Sync 1 DAGs
[2024-04-08T03:00:11.050+0000] {logging_mixin.py:188} INFO - [2024-04-08T03:00:11.050+0000] {dag.py:3834} INFO - Setting next_dagrun for example_sla_dag to 2024-04-08 02:58:00+00:00, run_after=2024-04-08 03:00:00+00:00
[2024-04-08T03:00:11.092+0000] {processor.py:183} INFO - Processing /home/airflow/.local/lib/python3.8/site-packages/airflow/example_dags/example_sla_dag.py took 0.147 seconds
[2024-04-08T03:00:41.590+0000] {processor.py:161} INFO - Started process (PID=1355) to work on /home/airflow/.local/lib/python3.8/site-packages/airflow/example_dags/example_sla_dag.py
[2024-04-08T03:00:41.591+0000] {processor.py:830} INFO - Processing file /home/airflow/.local/lib/python3.8/site-packages/airflow/example_dags/example_sla_dag.py for tasks to queue
[2024-04-08T03:00:41.592+0000] {logging_mixin.py:188} INFO - [2024-04-08T03:00:41.592+0000] {dagbag.py:540} INFO - Filling up the DagBag from /home/airflow/.local/lib/python3.8/site-packages/airflow/example_dags/example_sla_dag.py
[2024-04-08T03:00:41.606+0000] {processor.py:840} INFO - DAG(s) 'example_sla_dag' retrieved from /home/airflow/.local/lib/python3.8/site-packages/airflow/example_dags/example_sla_dag.py
[2024-04-08T03:00:41.678+0000] {logging_mixin.py:188} INFO - [2024-04-08T03:00:41.677+0000] {dag.py:3047} INFO - Sync 1 DAGs
[2024-04-08T03:00:41.721+0000] {logging_mixin.py:188} INFO - [2024-04-08T03:00:41.721+0000] {dag.py:3834} INFO - Setting next_dagrun for example_sla_dag to 2024-04-08 02:58:00+00:00, run_after=2024-04-08 03:00:00+00:00
[2024-04-08T03:00:41.775+0000] {processor.py:183} INFO - Processing /home/airflow/.local/lib/python3.8/site-packages/airflow/example_dags/example_sla_dag.py took 0.188 seconds
[2024-04-08T03:01:12.203+0000] {processor.py:161} INFO - Started process (PID=1601) to work on /home/airflow/.local/lib/python3.8/site-packages/airflow/example_dags/example_sla_dag.py
[2024-04-08T03:01:12.204+0000] {processor.py:830} INFO - Processing file /home/airflow/.local/lib/python3.8/site-packages/airflow/example_dags/example_sla_dag.py for tasks to queue
[2024-04-08T03:01:12.205+0000] {logging_mixin.py:188} INFO - [2024-04-08T03:01:12.205+0000] {dagbag.py:540} INFO - Filling up the DagBag from /home/airflow/.local/lib/python3.8/site-packages/airflow/example_dags/example_sla_dag.py
[2024-04-08T03:01:12.214+0000] {processor.py:840} INFO - DAG(s) 'example_sla_dag' retrieved from /home/airflow/.local/lib/python3.8/site-packages/airflow/example_dags/example_sla_dag.py
[2024-04-08T03:01:12.278+0000] {logging_mixin.py:188} INFO - [2024-04-08T03:01:12.277+0000] {dag.py:3047} INFO - Sync 1 DAGs
[2024-04-08T03:01:12.341+0000] {logging_mixin.py:188} INFO - [2024-04-08T03:01:12.341+0000] {dag.py:3834} INFO - Setting next_dagrun for example_sla_dag to 2024-04-08 02:58:00+00:00, run_after=2024-04-08 03:00:00+00:00
[2024-04-08T03:01:12.386+0000] {processor.py:183} INFO - Processing /home/airflow/.local/lib/python3.8/site-packages/airflow/example_dags/example_sla_dag.py took 0.189 seconds
[2024-04-08T03:01:42.719+0000] {processor.py:161} INFO - Started process (PID=1847) to work on /home/airflow/.local/lib/python3.8/site-packages/airflow/example_dags/example_sla_dag.py
[2024-04-08T03:01:42.719+0000] {processor.py:830} INFO - Processing file /home/airflow/.local/lib/python3.8/site-packages/airflow/example_dags/example_sla_dag.py for tasks to queue
[2024-04-08T03:01:42.720+0000] {logging_mixin.py:188} INFO - [2024-04-08T03:01:42.720+0000] {dagbag.py:540} INFO - Filling up the DagBag from /home/airflow/.local/lib/python3.8/site-packages/airflow/example_dags/example_sla_dag.py
[2024-04-08T03:01:42.729+0000] {processor.py:840} INFO - DAG(s) 'example_sla_dag' retrieved from /home/airflow/.local/lib/python3.8/site-packages/airflow/example_dags/example_sla_dag.py
[2024-04-08T03:01:42.750+0000] {logging_mixin.py:188} INFO - [2024-04-08T03:01:42.750+0000] {dag.py:3047} INFO - Sync 1 DAGs
[2024-04-08T03:01:42.777+0000] {logging_mixin.py:188} INFO - [2024-04-08T03:01:42.777+0000] {dag.py:3834} INFO - Setting next_dagrun for example_sla_dag to 2024-04-08 02:58:00+00:00, run_after=2024-04-08 03:00:00+00:00
[2024-04-08T03:01:42.801+0000] {processor.py:183} INFO - Processing /home/airflow/.local/lib/python3.8/site-packages/airflow/example_dags/example_sla_dag.py took 0.085 seconds
[2024-04-08T03:02:13.398+0000] {processor.py:161} INFO - Started process (PID=2096) to work on /home/airflow/.local/lib/python3.8/site-packages/airflow/example_dags/example_sla_dag.py
[2024-04-08T03:02:13.399+0000] {processor.py:830} INFO - Processing file /home/airflow/.local/lib/python3.8/site-packages/airflow/example_dags/example_sla_dag.py for tasks to queue
[2024-04-08T03:02:13.400+0000] {logging_mixin.py:188} INFO - [2024-04-08T03:02:13.400+0000] {dagbag.py:540} INFO - Filling up the DagBag from /home/airflow/.local/lib/python3.8/site-packages/airflow/example_dags/example_sla_dag.py
[2024-04-08T03:02:13.417+0000] {processor.py:840} INFO - DAG(s) 'example_sla_dag' retrieved from /home/airflow/.local/lib/python3.8/site-packages/airflow/example_dags/example_sla_dag.py
[2024-04-08T03:02:13.474+0000] {logging_mixin.py:188} INFO - [2024-04-08T03:02:13.474+0000] {dag.py:3047} INFO - Sync 1 DAGs
[2024-04-08T03:02:13.534+0000] {logging_mixin.py:188} INFO - [2024-04-08T03:02:13.534+0000] {dag.py:3834} INFO - Setting next_dagrun for example_sla_dag to 2024-04-08 03:00:00+00:00, run_after=2024-04-08 03:02:00+00:00
[2024-04-08T03:02:13.568+0000] {processor.py:183} INFO - Processing /home/airflow/.local/lib/python3.8/site-packages/airflow/example_dags/example_sla_dag.py took 0.173 seconds
[2024-04-08T03:02:43.926+0000] {processor.py:161} INFO - Started process (PID=2344) to work on /home/airflow/.local/lib/python3.8/site-packages/airflow/example_dags/example_sla_dag.py
[2024-04-08T03:02:43.927+0000] {processor.py:830} INFO - Processing file /home/airflow/.local/lib/python3.8/site-packages/airflow/example_dags/example_sla_dag.py for tasks to queue
[2024-04-08T03:02:43.930+0000] {logging_mixin.py:188} INFO - [2024-04-08T03:02:43.929+0000] {dagbag.py:540} INFO - Filling up the DagBag from /home/airflow/.local/lib/python3.8/site-packages/airflow/example_dags/example_sla_dag.py
[2024-04-08T03:02:43.940+0000] {processor.py:840} INFO - DAG(s) 'example_sla_dag' retrieved from /home/airflow/.local/lib/python3.8/site-packages/airflow/example_dags/example_sla_dag.py
[2024-04-08T03:02:43.959+0000] {logging_mixin.py:188} INFO - [2024-04-08T03:02:43.959+0000] {dag.py:3047} INFO - Sync 1 DAGs
[2024-04-08T03:02:44.005+0000] {logging_mixin.py:188} INFO - [2024-04-08T03:02:44.005+0000] {dag.py:3834} INFO - Setting next_dagrun for example_sla_dag to 2024-04-08 03:00:00+00:00, run_after=2024-04-08 03:02:00+00:00
[2024-04-08T03:02:44.057+0000] {processor.py:183} INFO - Processing /home/airflow/.local/lib/python3.8/site-packages/airflow/example_dags/example_sla_dag.py took 0.133 seconds
[2024-04-08T03:03:14.378+0000] {processor.py:161} INFO - Started process (PID=2592) to work on /home/airflow/.local/lib/python3.8/site-packages/airflow/example_dags/example_sla_dag.py
[2024-04-08T03:03:14.379+0000] {processor.py:830} INFO - Processing file /home/airflow/.local/lib/python3.8/site-packages/airflow/example_dags/example_sla_dag.py for tasks to queue
[2024-04-08T03:03:14.380+0000] {logging_mixin.py:188} INFO - [2024-04-08T03:03:14.380+0000] {dagbag.py:540} INFO - Filling up the DagBag from /home/airflow/.local/lib/python3.8/site-packages/airflow/example_dags/example_sla_dag.py
[2024-04-08T03:03:14.389+0000] {processor.py:840} INFO - DAG(s) 'example_sla_dag' retrieved from /home/airflow/.local/lib/python3.8/site-packages/airflow/example_dags/example_sla_dag.py
[2024-04-08T03:03:14.410+0000] {logging_mixin.py:188} INFO - [2024-04-08T03:03:14.410+0000] {dag.py:3047} INFO - Sync 1 DAGs
[2024-04-08T03:03:14.439+0000] {logging_mixin.py:188} INFO - [2024-04-08T03:03:14.439+0000] {dag.py:3834} INFO - Setting next_dagrun for example_sla_dag to 2024-04-08 03:00:00+00:00, run_after=2024-04-08 03:02:00+00:00
[2024-04-08T03:03:14.466+0000] {processor.py:183} INFO - Processing /home/airflow/.local/lib/python3.8/site-packages/airflow/example_dags/example_sla_dag.py took 0.091 seconds
[2024-04-08T03:03:45.094+0000] {processor.py:161} INFO - Started process (PID=2840) to work on /home/airflow/.local/lib/python3.8/site-packages/airflow/example_dags/example_sla_dag.py
[2024-04-08T03:03:45.095+0000] {processor.py:830} INFO - Processing file /home/airflow/.local/lib/python3.8/site-packages/airflow/example_dags/example_sla_dag.py for tasks to queue
[2024-04-08T03:03:45.096+0000] {logging_mixin.py:188} INFO - [2024-04-08T03:03:45.096+0000] {dagbag.py:540} INFO - Filling up the DagBag from /home/airflow/.local/lib/python3.8/site-packages/airflow/example_dags/example_sla_dag.py
[2024-04-08T03:03:45.106+0000] {processor.py:840} INFO - DAG(s) 'example_sla_dag' retrieved from /home/airflow/.local/lib/python3.8/site-packages/airflow/example_dags/example_sla_dag.py
[2024-04-08T03:03:45.125+0000] {logging_mixin.py:188} INFO - [2024-04-08T03:03:45.125+0000] {dag.py:3047} INFO - Sync 1 DAGs
[2024-04-08T03:03:45.153+0000] {logging_mixin.py:188} INFO - [2024-04-08T03:03:45.153+0000] {dag.py:3834} INFO - Setting next_dagrun for example_sla_dag to 2024-04-08 03:00:00+00:00, run_after=2024-04-08 03:02:00+00:00
[2024-04-08T03:03:45.174+0000] {processor.py:183} INFO - Processing /home/airflow/.local/lib/python3.8/site-packages/airflow/example_dags/example_sla_dag.py took 0.083 seconds
[2024-04-08T03:04:15.500+0000] {processor.py:161} INFO - Started process (PID=3087) to work on /home/airflow/.local/lib/python3.8/site-packages/airflow/example_dags/example_sla_dag.py
[2024-04-08T03:04:15.501+0000] {processor.py:830} INFO - Processing file /home/airflow/.local/lib/python3.8/site-packages/airflow/example_dags/example_sla_dag.py for tasks to queue
[2024-04-08T03:04:15.502+0000] {logging_mixin.py:188} INFO - [2024-04-08T03:04:15.502+0000] {dagbag.py:540} INFO - Filling up the DagBag from /home/airflow/.local/lib/python3.8/site-packages/airflow/example_dags/example_sla_dag.py
[2024-04-08T03:04:15.515+0000] {processor.py:840} INFO - DAG(s) 'example_sla_dag' retrieved from /home/airflow/.local/lib/python3.8/site-packages/airflow/example_dags/example_sla_dag.py
[2024-04-08T03:04:15.534+0000] {logging_mixin.py:188} INFO - [2024-04-08T03:04:15.534+0000] {dag.py:3047} INFO - Sync 1 DAGs
[2024-04-08T03:04:15.596+0000] {logging_mixin.py:188} INFO - [2024-04-08T03:04:15.596+0000] {dag.py:3834} INFO - Setting next_dagrun for example_sla_dag to 2024-04-08 03:02:00+00:00, run_after=2024-04-08 03:04:00+00:00
[2024-04-08T03:04:15.791+0000] {processor.py:183} INFO - Processing /home/airflow/.local/lib/python3.8/site-packages/airflow/example_dags/example_sla_dag.py took 0.294 seconds
[2024-04-08T03:04:45.928+0000] {processor.py:161} INFO - Started process (PID=3334) to work on /home/airflow/.local/lib/python3.8/site-packages/airflow/example_dags/example_sla_dag.py
[2024-04-08T03:04:45.929+0000] {processor.py:830} INFO - Processing file /home/airflow/.local/lib/python3.8/site-packages/airflow/example_dags/example_sla_dag.py for tasks to queue
[2024-04-08T03:04:45.930+0000] {logging_mixin.py:188} INFO - [2024-04-08T03:04:45.930+0000] {dagbag.py:540} INFO - Filling up the DagBag from /home/airflow/.local/lib/python3.8/site-packages/airflow/example_dags/example_sla_dag.py
[2024-04-08T03:04:45.940+0000] {processor.py:840} INFO - DAG(s) 'example_sla_dag' retrieved from /home/airflow/.local/lib/python3.8/site-packages/airflow/example_dags/example_sla_dag.py
[2024-04-08T03:04:45.959+0000] {logging_mixin.py:188} INFO - [2024-04-08T03:04:45.959+0000] {dag.py:3047} INFO - Sync 1 DAGs
[2024-04-08T03:04:45.994+0000] {logging_mixin.py:188} INFO - [2024-04-08T03:04:45.993+0000] {dag.py:3834} INFO - Setting next_dagrun for example_sla_dag to 2024-04-08 03:02:00+00:00, run_after=2024-04-08 03:04:00+00:00
[2024-04-08T03:04:46.174+0000] {processor.py:183} INFO - Processing /home/airflow/.local/lib/python3.8/site-packages/airflow/example_dags/example_sla_dag.py took 0.249 seconds
[2024-04-08T03:05:16.385+0000] {processor.py:161} INFO - Started process (PID=3581) to work on /home/airflow/.local/lib/python3.8/site-packages/airflow/example_dags/example_sla_dag.py
[2024-04-08T03:05:16.386+0000] {processor.py:830} INFO - Processing file /home/airflow/.local/lib/python3.8/site-packages/airflow/example_dags/example_sla_dag.py for tasks to queue
[2024-04-08T03:05:16.387+0000] {logging_mixin.py:188} INFO - [2024-04-08T03:05:16.387+0000] {dagbag.py:540} INFO - Filling up the DagBag from /home/airflow/.local/lib/python3.8/site-packages/airflow/example_dags/example_sla_dag.py
[2024-04-08T03:05:16.396+0000] {processor.py:840} INFO - DAG(s) 'example_sla_dag' retrieved from /home/airflow/.local/lib/python3.8/site-packages/airflow/example_dags/example_sla_dag.py
[2024-04-08T03:05:16.417+0000] {logging_mixin.py:188} INFO - [2024-04-08T03:05:16.417+0000] {dag.py:3047} INFO - Sync 1 DAGs
[2024-04-08T03:05:16.449+0000] {logging_mixin.py:188} INFO - [2024-04-08T03:05:16.449+0000] {dag.py:3834} INFO - Setting next_dagrun for example_sla_dag to 2024-04-08 03:02:00+00:00, run_after=2024-04-08 03:04:00+00:00
[2024-04-08T03:05:16.473+0000] {processor.py:183} INFO - Processing /home/airflow/.local/lib/python3.8/site-packages/airflow/example_dags/example_sla_dag.py took 0.091 seconds
[2024-04-08T03:05:46.910+0000] {processor.py:161} INFO - Started process (PID=3828) to work on /home/airflow/.local/lib/python3.8/site-packages/airflow/example_dags/example_sla_dag.py
[2024-04-08T03:05:46.911+0000] {processor.py:830} INFO - Processing file /home/airflow/.local/lib/python3.8/site-packages/airflow/example_dags/example_sla_dag.py for tasks to queue
[2024-04-08T03:05:46.912+0000] {logging_mixin.py:188} INFO - [2024-04-08T03:05:46.912+0000] {dagbag.py:540} INFO - Filling up the DagBag from /home/airflow/.local/lib/python3.8/site-packages/airflow/example_dags/example_sla_dag.py
[2024-04-08T03:05:46.922+0000] {processor.py:840} INFO - DAG(s) 'example_sla_dag' retrieved from /home/airflow/.local/lib/python3.8/site-packages/airflow/example_dags/example_sla_dag.py
[2024-04-08T03:05:46.941+0000] {logging_mixin.py:188} INFO - [2024-04-08T03:05:46.941+0000] {dag.py:3047} INFO - Sync 1 DAGs
[2024-04-08T03:05:46.974+0000] {logging_mixin.py:188} INFO - [2024-04-08T03:05:46.973+0000] {dag.py:3834} INFO - Setting next_dagrun for example_sla_dag to 2024-04-08 03:02:00+00:00, run_after=2024-04-08 03:04:00+00:00
[2024-04-08T03:05:47.000+0000] {processor.py:183} INFO - Processing /home/airflow/.local/lib/python3.8/site-packages/airflow/example_dags/example_sla_dag.py took 0.093 seconds
[2024-04-08T03:06:17.292+0000] {processor.py:161} INFO - Started process (PID=4076) to work on /home/airflow/.local/lib/python3.8/site-packages/airflow/example_dags/example_sla_dag.py
[2024-04-08T03:06:17.293+0000] {processor.py:830} INFO - Processing file /home/airflow/.local/lib/python3.8/site-packages/airflow/example_dags/example_sla_dag.py for tasks to queue
[2024-04-08T03:06:17.294+0000] {logging_mixin.py:188} INFO - [2024-04-08T03:06:17.294+0000] {dagbag.py:540} INFO - Filling up the DagBag from /home/airflow/.local/lib/python3.8/site-packages/airflow/example_dags/example_sla_dag.py
[2024-04-08T03:06:17.304+0000] {processor.py:840} INFO - DAG(s) 'example_sla_dag' retrieved from /home/airflow/.local/lib/python3.8/site-packages/airflow/example_dags/example_sla_dag.py
[2024-04-08T03:06:17.323+0000] {logging_mixin.py:188} INFO - [2024-04-08T03:06:17.323+0000] {dag.py:3047} INFO - Sync 1 DAGs
[2024-04-08T03:06:17.352+0000] {logging_mixin.py:188} INFO - [2024-04-08T03:06:17.351+0000] {dag.py:3834} INFO - Setting next_dagrun for example_sla_dag to 2024-04-08 03:04:00+00:00, run_after=2024-04-08 03:06:00+00:00
[2024-04-08T03:06:17.376+0000] {processor.py:183} INFO - Processing /home/airflow/.local/lib/python3.8/site-packages/airflow/example_dags/example_sla_dag.py took 0.086 seconds
