[2024-04-08T02:58:34.947+0000] {processor.py:161} INFO - Started process (PID=264) to work on /home/airflow/.local/lib/python3.8/site-packages/airflow/example_dags/example_skip_dag.py
[2024-04-08T02:58:34.948+0000] {processor.py:830} INFO - Processing file /home/airflow/.local/lib/python3.8/site-packages/airflow/example_dags/example_skip_dag.py for tasks to queue
[2024-04-08T02:58:34.949+0000] {logging_mixin.py:188} INFO - [2024-04-08T02:58:34.949+0000] {dagbag.py:540} INFO - Filling up the DagBag from /home/airflow/.local/lib/python3.8/site-packages/airflow/example_dags/example_skip_dag.py
[2024-04-08T02:58:34.959+0000] {processor.py:840} INFO - DAG(s) 'example_skip_dag' retrieved from /home/airflow/.local/lib/python3.8/site-packages/airflow/example_dags/example_skip_dag.py
[2024-04-08T02:58:35.089+0000] {logging_mixin.py:188} INFO - [2024-04-08T02:58:35.089+0000] {override.py:1769} INFO - Created Permission View: can read on DAG:example_skip_dag
[2024-04-08T02:58:35.106+0000] {logging_mixin.py:188} INFO - [2024-04-08T02:58:35.106+0000] {override.py:1769} INFO - Created Permission View: can delete on DAG:example_skip_dag
[2024-04-08T02:58:35.118+0000] {logging_mixin.py:188} INFO - [2024-04-08T02:58:35.118+0000] {override.py:1769} INFO - Created Permission View: can edit on DAG:example_skip_dag
[2024-04-08T02:58:35.119+0000] {logging_mixin.py:188} INFO - [2024-04-08T02:58:35.119+0000] {dag.py:3047} INFO - Sync 1 DAGs
[2024-04-08T02:58:35.131+0000] {logging_mixin.py:188} INFO - [2024-04-08T02:58:35.130+0000] {dag.py:3069} INFO - Creating ORM DAG for example_skip_dag
[2024-04-08T02:58:35.141+0000] {logging_mixin.py:188} INFO - [2024-04-08T02:58:35.141+0000] {dag.py:3834} INFO - Setting next_dagrun for example_skip_dag to 2024-04-07 00:00:00+00:00, run_after=2024-04-08 00:00:00+00:00
[2024-04-08T02:58:35.162+0000] {processor.py:183} INFO - Processing /home/airflow/.local/lib/python3.8/site-packages/airflow/example_dags/example_skip_dag.py took 0.219 seconds
[2024-04-08T02:59:05.754+0000] {processor.py:161} INFO - Started process (PID=510) to work on /home/airflow/.local/lib/python3.8/site-packages/airflow/example_dags/example_skip_dag.py
[2024-04-08T02:59:05.760+0000] {processor.py:830} INFO - Processing file /home/airflow/.local/lib/python3.8/site-packages/airflow/example_dags/example_skip_dag.py for tasks to queue
[2024-04-08T02:59:05.763+0000] {logging_mixin.py:188} INFO - [2024-04-08T02:59:05.762+0000] {dagbag.py:540} INFO - Filling up the DagBag from /home/airflow/.local/lib/python3.8/site-packages/airflow/example_dags/example_skip_dag.py
[2024-04-08T02:59:05.773+0000] {processor.py:840} INFO - DAG(s) 'example_skip_dag' retrieved from /home/airflow/.local/lib/python3.8/site-packages/airflow/example_dags/example_skip_dag.py
[2024-04-08T02:59:05.839+0000] {logging_mixin.py:188} INFO - [2024-04-08T02:59:05.838+0000] {dag.py:3047} INFO - Sync 1 DAGs
[2024-04-08T02:59:05.905+0000] {logging_mixin.py:188} INFO - [2024-04-08T02:59:05.905+0000] {dag.py:3834} INFO - Setting next_dagrun for example_skip_dag to 2024-04-07 00:00:00+00:00, run_after=2024-04-08 00:00:00+00:00
[2024-04-08T02:59:05.964+0000] {processor.py:183} INFO - Processing /home/airflow/.local/lib/python3.8/site-packages/airflow/example_dags/example_skip_dag.py took 0.214 seconds
[2024-04-08T02:59:36.093+0000] {processor.py:161} INFO - Started process (PID=758) to work on /home/airflow/.local/lib/python3.8/site-packages/airflow/example_dags/example_skip_dag.py
[2024-04-08T02:59:36.094+0000] {processor.py:830} INFO - Processing file /home/airflow/.local/lib/python3.8/site-packages/airflow/example_dags/example_skip_dag.py for tasks to queue
[2024-04-08T02:59:36.095+0000] {logging_mixin.py:188} INFO - [2024-04-08T02:59:36.095+0000] {dagbag.py:540} INFO - Filling up the DagBag from /home/airflow/.local/lib/python3.8/site-packages/airflow/example_dags/example_skip_dag.py
[2024-04-08T02:59:36.104+0000] {processor.py:840} INFO - DAG(s) 'example_skip_dag' retrieved from /home/airflow/.local/lib/python3.8/site-packages/airflow/example_dags/example_skip_dag.py
[2024-04-08T02:59:36.154+0000] {logging_mixin.py:188} INFO - [2024-04-08T02:59:36.153+0000] {dag.py:3047} INFO - Sync 1 DAGs
[2024-04-08T02:59:36.180+0000] {logging_mixin.py:188} INFO - [2024-04-08T02:59:36.180+0000] {dag.py:3834} INFO - Setting next_dagrun for example_skip_dag to 2024-04-07 00:00:00+00:00, run_after=2024-04-08 00:00:00+00:00
[2024-04-08T02:59:36.202+0000] {processor.py:183} INFO - Processing /home/airflow/.local/lib/python3.8/site-packages/airflow/example_dags/example_skip_dag.py took 0.112 seconds
[2024-04-08T03:00:06.228+0000] {processor.py:161} INFO - Started process (PID=1005) to work on /home/airflow/.local/lib/python3.8/site-packages/airflow/example_dags/example_skip_dag.py
[2024-04-08T03:00:06.229+0000] {processor.py:830} INFO - Processing file /home/airflow/.local/lib/python3.8/site-packages/airflow/example_dags/example_skip_dag.py for tasks to queue
[2024-04-08T03:00:06.229+0000] {logging_mixin.py:188} INFO - [2024-04-08T03:00:06.229+0000] {dagbag.py:540} INFO - Filling up the DagBag from /home/airflow/.local/lib/python3.8/site-packages/airflow/example_dags/example_skip_dag.py
[2024-04-08T03:00:06.235+0000] {processor.py:840} INFO - DAG(s) 'example_skip_dag' retrieved from /home/airflow/.local/lib/python3.8/site-packages/airflow/example_dags/example_skip_dag.py
[2024-04-08T03:00:06.252+0000] {logging_mixin.py:188} INFO - [2024-04-08T03:00:06.252+0000] {dag.py:3047} INFO - Sync 1 DAGs
[2024-04-08T03:00:06.270+0000] {logging_mixin.py:188} INFO - [2024-04-08T03:00:06.270+0000] {dag.py:3834} INFO - Setting next_dagrun for example_skip_dag to 2024-04-07 00:00:00+00:00, run_after=2024-04-08 00:00:00+00:00
[2024-04-08T03:00:06.290+0000] {processor.py:183} INFO - Processing /home/airflow/.local/lib/python3.8/site-packages/airflow/example_dags/example_skip_dag.py took 0.064 seconds
[2024-04-08T03:00:36.966+0000] {processor.py:161} INFO - Started process (PID=1250) to work on /home/airflow/.local/lib/python3.8/site-packages/airflow/example_dags/example_skip_dag.py
[2024-04-08T03:00:36.967+0000] {processor.py:830} INFO - Processing file /home/airflow/.local/lib/python3.8/site-packages/airflow/example_dags/example_skip_dag.py for tasks to queue
[2024-04-08T03:00:36.968+0000] {logging_mixin.py:188} INFO - [2024-04-08T03:00:36.968+0000] {dagbag.py:540} INFO - Filling up the DagBag from /home/airflow/.local/lib/python3.8/site-packages/airflow/example_dags/example_skip_dag.py
[2024-04-08T03:00:36.974+0000] {processor.py:840} INFO - DAG(s) 'example_skip_dag' retrieved from /home/airflow/.local/lib/python3.8/site-packages/airflow/example_dags/example_skip_dag.py
[2024-04-08T03:00:36.995+0000] {logging_mixin.py:188} INFO - [2024-04-08T03:00:36.995+0000] {dag.py:3047} INFO - Sync 1 DAGs
[2024-04-08T03:00:37.018+0000] {logging_mixin.py:188} INFO - [2024-04-08T03:00:37.018+0000] {dag.py:3834} INFO - Setting next_dagrun for example_skip_dag to 2024-04-07 00:00:00+00:00, run_after=2024-04-08 00:00:00+00:00
[2024-04-08T03:00:37.080+0000] {processor.py:183} INFO - Processing /home/airflow/.local/lib/python3.8/site-packages/airflow/example_dags/example_skip_dag.py took 0.118 seconds
[2024-04-08T03:01:07.641+0000] {processor.py:161} INFO - Started process (PID=1498) to work on /home/airflow/.local/lib/python3.8/site-packages/airflow/example_dags/example_skip_dag.py
[2024-04-08T03:01:07.641+0000] {processor.py:830} INFO - Processing file /home/airflow/.local/lib/python3.8/site-packages/airflow/example_dags/example_skip_dag.py for tasks to queue
[2024-04-08T03:01:07.643+0000] {logging_mixin.py:188} INFO - [2024-04-08T03:01:07.642+0000] {dagbag.py:540} INFO - Filling up the DagBag from /home/airflow/.local/lib/python3.8/site-packages/airflow/example_dags/example_skip_dag.py
[2024-04-08T03:01:07.650+0000] {processor.py:840} INFO - DAG(s) 'example_skip_dag' retrieved from /home/airflow/.local/lib/python3.8/site-packages/airflow/example_dags/example_skip_dag.py
[2024-04-08T03:01:07.675+0000] {logging_mixin.py:188} INFO - [2024-04-08T03:01:07.674+0000] {dag.py:3047} INFO - Sync 1 DAGs
[2024-04-08T03:01:07.699+0000] {logging_mixin.py:188} INFO - [2024-04-08T03:01:07.699+0000] {dag.py:3834} INFO - Setting next_dagrun for example_skip_dag to 2024-04-07 00:00:00+00:00, run_after=2024-04-08 00:00:00+00:00
[2024-04-08T03:01:07.736+0000] {processor.py:183} INFO - Processing /home/airflow/.local/lib/python3.8/site-packages/airflow/example_dags/example_skip_dag.py took 0.099 seconds
[2024-04-08T03:01:38.418+0000] {processor.py:161} INFO - Started process (PID=1746) to work on /home/airflow/.local/lib/python3.8/site-packages/airflow/example_dags/example_skip_dag.py
[2024-04-08T03:01:38.419+0000] {processor.py:830} INFO - Processing file /home/airflow/.local/lib/python3.8/site-packages/airflow/example_dags/example_skip_dag.py for tasks to queue
[2024-04-08T03:01:38.420+0000] {logging_mixin.py:188} INFO - [2024-04-08T03:01:38.420+0000] {dagbag.py:540} INFO - Filling up the DagBag from /home/airflow/.local/lib/python3.8/site-packages/airflow/example_dags/example_skip_dag.py
[2024-04-08T03:01:38.427+0000] {processor.py:840} INFO - DAG(s) 'example_skip_dag' retrieved from /home/airflow/.local/lib/python3.8/site-packages/airflow/example_dags/example_skip_dag.py
[2024-04-08T03:01:38.451+0000] {logging_mixin.py:188} INFO - [2024-04-08T03:01:38.451+0000] {dag.py:3047} INFO - Sync 1 DAGs
[2024-04-08T03:01:38.477+0000] {logging_mixin.py:188} INFO - [2024-04-08T03:01:38.477+0000] {dag.py:3834} INFO - Setting next_dagrun for example_skip_dag to 2024-04-07 00:00:00+00:00, run_after=2024-04-08 00:00:00+00:00
[2024-04-08T03:01:38.499+0000] {processor.py:183} INFO - Processing /home/airflow/.local/lib/python3.8/site-packages/airflow/example_dags/example_skip_dag.py took 0.084 seconds
[2024-04-08T03:02:08.863+0000] {processor.py:161} INFO - Started process (PID=1991) to work on /home/airflow/.local/lib/python3.8/site-packages/airflow/example_dags/example_skip_dag.py
[2024-04-08T03:02:08.864+0000] {processor.py:830} INFO - Processing file /home/airflow/.local/lib/python3.8/site-packages/airflow/example_dags/example_skip_dag.py for tasks to queue
[2024-04-08T03:02:08.865+0000] {logging_mixin.py:188} INFO - [2024-04-08T03:02:08.864+0000] {dagbag.py:540} INFO - Filling up the DagBag from /home/airflow/.local/lib/python3.8/site-packages/airflow/example_dags/example_skip_dag.py
[2024-04-08T03:02:08.873+0000] {processor.py:840} INFO - DAG(s) 'example_skip_dag' retrieved from /home/airflow/.local/lib/python3.8/site-packages/airflow/example_dags/example_skip_dag.py
[2024-04-08T03:02:08.893+0000] {logging_mixin.py:188} INFO - [2024-04-08T03:02:08.893+0000] {dag.py:3047} INFO - Sync 1 DAGs
[2024-04-08T03:02:08.915+0000] {logging_mixin.py:188} INFO - [2024-04-08T03:02:08.915+0000] {dag.py:3834} INFO - Setting next_dagrun for example_skip_dag to 2024-04-07 00:00:00+00:00, run_after=2024-04-08 00:00:00+00:00
[2024-04-08T03:02:08.939+0000] {processor.py:183} INFO - Processing /home/airflow/.local/lib/python3.8/site-packages/airflow/example_dags/example_skip_dag.py took 0.080 seconds
[2024-04-08T03:02:39.215+0000] {processor.py:161} INFO - Started process (PID=2239) to work on /home/airflow/.local/lib/python3.8/site-packages/airflow/example_dags/example_skip_dag.py
[2024-04-08T03:02:39.224+0000] {processor.py:830} INFO - Processing file /home/airflow/.local/lib/python3.8/site-packages/airflow/example_dags/example_skip_dag.py for tasks to queue
[2024-04-08T03:02:39.225+0000] {logging_mixin.py:188} INFO - [2024-04-08T03:02:39.225+0000] {dagbag.py:540} INFO - Filling up the DagBag from /home/airflow/.local/lib/python3.8/site-packages/airflow/example_dags/example_skip_dag.py
[2024-04-08T03:02:39.251+0000] {processor.py:840} INFO - DAG(s) 'example_skip_dag' retrieved from /home/airflow/.local/lib/python3.8/site-packages/airflow/example_dags/example_skip_dag.py
[2024-04-08T03:02:39.277+0000] {logging_mixin.py:188} INFO - [2024-04-08T03:02:39.277+0000] {dag.py:3047} INFO - Sync 1 DAGs
[2024-04-08T03:02:39.315+0000] {logging_mixin.py:188} INFO - [2024-04-08T03:02:39.315+0000] {dag.py:3834} INFO - Setting next_dagrun for example_skip_dag to 2024-04-07 00:00:00+00:00, run_after=2024-04-08 00:00:00+00:00
[2024-04-08T03:02:39.408+0000] {processor.py:183} INFO - Processing /home/airflow/.local/lib/python3.8/site-packages/airflow/example_dags/example_skip_dag.py took 0.196 seconds
[2024-04-08T03:03:09.975+0000] {processor.py:161} INFO - Started process (PID=2489) to work on /home/airflow/.local/lib/python3.8/site-packages/airflow/example_dags/example_skip_dag.py
[2024-04-08T03:03:09.976+0000] {processor.py:830} INFO - Processing file /home/airflow/.local/lib/python3.8/site-packages/airflow/example_dags/example_skip_dag.py for tasks to queue
[2024-04-08T03:03:09.976+0000] {logging_mixin.py:188} INFO - [2024-04-08T03:03:09.976+0000] {dagbag.py:540} INFO - Filling up the DagBag from /home/airflow/.local/lib/python3.8/site-packages/airflow/example_dags/example_skip_dag.py
[2024-04-08T03:03:09.982+0000] {processor.py:840} INFO - DAG(s) 'example_skip_dag' retrieved from /home/airflow/.local/lib/python3.8/site-packages/airflow/example_dags/example_skip_dag.py
[2024-04-08T03:03:09.997+0000] {logging_mixin.py:188} INFO - [2024-04-08T03:03:09.997+0000] {dag.py:3047} INFO - Sync 1 DAGs
[2024-04-08T03:03:10.015+0000] {logging_mixin.py:188} INFO - [2024-04-08T03:03:10.014+0000] {dag.py:3834} INFO - Setting next_dagrun for example_skip_dag to 2024-04-07 00:00:00+00:00, run_after=2024-04-08 00:00:00+00:00
[2024-04-08T03:03:10.036+0000] {processor.py:183} INFO - Processing /home/airflow/.local/lib/python3.8/site-packages/airflow/example_dags/example_skip_dag.py took 0.063 seconds
[2024-04-08T03:03:40.340+0000] {processor.py:161} INFO - Started process (PID=2735) to work on /home/airflow/.local/lib/python3.8/site-packages/airflow/example_dags/example_skip_dag.py
[2024-04-08T03:03:40.341+0000] {processor.py:830} INFO - Processing file /home/airflow/.local/lib/python3.8/site-packages/airflow/example_dags/example_skip_dag.py for tasks to queue
[2024-04-08T03:03:40.342+0000] {logging_mixin.py:188} INFO - [2024-04-08T03:03:40.341+0000] {dagbag.py:540} INFO - Filling up the DagBag from /home/airflow/.local/lib/python3.8/site-packages/airflow/example_dags/example_skip_dag.py
[2024-04-08T03:03:40.349+0000] {processor.py:840} INFO - DAG(s) 'example_skip_dag' retrieved from /home/airflow/.local/lib/python3.8/site-packages/airflow/example_dags/example_skip_dag.py
[2024-04-08T03:03:40.370+0000] {logging_mixin.py:188} INFO - [2024-04-08T03:03:40.369+0000] {dag.py:3047} INFO - Sync 1 DAGs
[2024-04-08T03:03:40.393+0000] {logging_mixin.py:188} INFO - [2024-04-08T03:03:40.393+0000] {dag.py:3834} INFO - Setting next_dagrun for example_skip_dag to 2024-04-07 00:00:00+00:00, run_after=2024-04-08 00:00:00+00:00
[2024-04-08T03:03:40.421+0000] {processor.py:183} INFO - Processing /home/airflow/.local/lib/python3.8/site-packages/airflow/example_dags/example_skip_dag.py took 0.084 seconds
[2024-04-08T03:04:10.616+0000] {processor.py:161} INFO - Started process (PID=2982) to work on /home/airflow/.local/lib/python3.8/site-packages/airflow/example_dags/example_skip_dag.py
[2024-04-08T03:04:10.617+0000] {processor.py:830} INFO - Processing file /home/airflow/.local/lib/python3.8/site-packages/airflow/example_dags/example_skip_dag.py for tasks to queue
[2024-04-08T03:04:10.618+0000] {logging_mixin.py:188} INFO - [2024-04-08T03:04:10.618+0000] {dagbag.py:540} INFO - Filling up the DagBag from /home/airflow/.local/lib/python3.8/site-packages/airflow/example_dags/example_skip_dag.py
[2024-04-08T03:04:10.623+0000] {processor.py:840} INFO - DAG(s) 'example_skip_dag' retrieved from /home/airflow/.local/lib/python3.8/site-packages/airflow/example_dags/example_skip_dag.py
[2024-04-08T03:04:10.644+0000] {logging_mixin.py:188} INFO - [2024-04-08T03:04:10.644+0000] {dag.py:3047} INFO - Sync 1 DAGs
[2024-04-08T03:04:10.667+0000] {logging_mixin.py:188} INFO - [2024-04-08T03:04:10.667+0000] {dag.py:3834} INFO - Setting next_dagrun for example_skip_dag to 2024-04-07 00:00:00+00:00, run_after=2024-04-08 00:00:00+00:00
[2024-04-08T03:04:10.691+0000] {processor.py:183} INFO - Processing /home/airflow/.local/lib/python3.8/site-packages/airflow/example_dags/example_skip_dag.py took 0.078 seconds
[2024-04-08T03:04:41.053+0000] {processor.py:161} INFO - Started process (PID=3229) to work on /home/airflow/.local/lib/python3.8/site-packages/airflow/example_dags/example_skip_dag.py
[2024-04-08T03:04:41.054+0000] {processor.py:830} INFO - Processing file /home/airflow/.local/lib/python3.8/site-packages/airflow/example_dags/example_skip_dag.py for tasks to queue
[2024-04-08T03:04:41.055+0000] {logging_mixin.py:188} INFO - [2024-04-08T03:04:41.055+0000] {dagbag.py:540} INFO - Filling up the DagBag from /home/airflow/.local/lib/python3.8/site-packages/airflow/example_dags/example_skip_dag.py
[2024-04-08T03:04:41.067+0000] {processor.py:840} INFO - DAG(s) 'example_skip_dag' retrieved from /home/airflow/.local/lib/python3.8/site-packages/airflow/example_dags/example_skip_dag.py
[2024-04-08T03:04:41.092+0000] {logging_mixin.py:188} INFO - [2024-04-08T03:04:41.091+0000] {dag.py:3047} INFO - Sync 1 DAGs
[2024-04-08T03:04:41.116+0000] {logging_mixin.py:188} INFO - [2024-04-08T03:04:41.115+0000] {dag.py:3834} INFO - Setting next_dagrun for example_skip_dag to 2024-04-07 00:00:00+00:00, run_after=2024-04-08 00:00:00+00:00
[2024-04-08T03:04:41.149+0000] {processor.py:183} INFO - Processing /home/airflow/.local/lib/python3.8/site-packages/airflow/example_dags/example_skip_dag.py took 0.099 seconds
[2024-04-08T03:05:11.616+0000] {processor.py:161} INFO - Started process (PID=3478) to work on /home/airflow/.local/lib/python3.8/site-packages/airflow/example_dags/example_skip_dag.py
[2024-04-08T03:05:11.616+0000] {processor.py:830} INFO - Processing file /home/airflow/.local/lib/python3.8/site-packages/airflow/example_dags/example_skip_dag.py for tasks to queue
[2024-04-08T03:05:11.617+0000] {logging_mixin.py:188} INFO - [2024-04-08T03:05:11.617+0000] {dagbag.py:540} INFO - Filling up the DagBag from /home/airflow/.local/lib/python3.8/site-packages/airflow/example_dags/example_skip_dag.py
[2024-04-08T03:05:11.624+0000] {processor.py:840} INFO - DAG(s) 'example_skip_dag' retrieved from /home/airflow/.local/lib/python3.8/site-packages/airflow/example_dags/example_skip_dag.py
[2024-04-08T03:05:11.649+0000] {logging_mixin.py:188} INFO - [2024-04-08T03:05:11.649+0000] {dag.py:3047} INFO - Sync 1 DAGs
[2024-04-08T03:05:11.674+0000] {logging_mixin.py:188} INFO - [2024-04-08T03:05:11.673+0000] {dag.py:3834} INFO - Setting next_dagrun for example_skip_dag to 2024-04-07 00:00:00+00:00, run_after=2024-04-08 00:00:00+00:00
[2024-04-08T03:05:11.695+0000] {processor.py:183} INFO - Processing /home/airflow/.local/lib/python3.8/site-packages/airflow/example_dags/example_skip_dag.py took 0.082 seconds
[2024-04-08T03:05:42.300+0000] {processor.py:161} INFO - Started process (PID=3723) to work on /home/airflow/.local/lib/python3.8/site-packages/airflow/example_dags/example_skip_dag.py
[2024-04-08T03:05:42.301+0000] {processor.py:830} INFO - Processing file /home/airflow/.local/lib/python3.8/site-packages/airflow/example_dags/example_skip_dag.py for tasks to queue
[2024-04-08T03:05:42.302+0000] {logging_mixin.py:188} INFO - [2024-04-08T03:05:42.302+0000] {dagbag.py:540} INFO - Filling up the DagBag from /home/airflow/.local/lib/python3.8/site-packages/airflow/example_dags/example_skip_dag.py
[2024-04-08T03:05:42.308+0000] {processor.py:840} INFO - DAG(s) 'example_skip_dag' retrieved from /home/airflow/.local/lib/python3.8/site-packages/airflow/example_dags/example_skip_dag.py
[2024-04-08T03:05:42.331+0000] {logging_mixin.py:188} INFO - [2024-04-08T03:05:42.331+0000] {dag.py:3047} INFO - Sync 1 DAGs
[2024-04-08T03:05:42.356+0000] {logging_mixin.py:188} INFO - [2024-04-08T03:05:42.355+0000] {dag.py:3834} INFO - Setting next_dagrun for example_skip_dag to 2024-04-07 00:00:00+00:00, run_after=2024-04-08 00:00:00+00:00
[2024-04-08T03:05:42.380+0000] {processor.py:183} INFO - Processing /home/airflow/.local/lib/python3.8/site-packages/airflow/example_dags/example_skip_dag.py took 0.084 seconds
