[2024-04-08T02:58:33.993+0000] {processor.py:161} INFO - Started process (PID=232) to work on /home/airflow/.local/lib/python3.8/site-packages/airflow/example_dags/example_xcomargs.py
[2024-04-08T02:58:33.996+0000] {processor.py:830} INFO - Processing file /home/airflow/.local/lib/python3.8/site-packages/airflow/example_dags/example_xcomargs.py for tasks to queue
[2024-04-08T02:58:33.998+0000] {logging_mixin.py:188} INFO - [2024-04-08T02:58:33.998+0000] {dagbag.py:540} INFO - Filling up the DagBag from /home/airflow/.local/lib/python3.8/site-packages/airflow/example_dags/example_xcomargs.py
[2024-04-08T02:58:34.020+0000] {processor.py:840} INFO - DAG(s) 'example_xcom_args', 'example_xcom_args_with_operators' retrieved from /home/airflow/.local/lib/python3.8/site-packages/airflow/example_dags/example_xcomargs.py
[2024-04-08T02:58:34.167+0000] {logging_mixin.py:188} INFO - [2024-04-08T02:58:34.167+0000] {override.py:1769} INFO - Created Permission View: can read on DAG:example_xcom_args
[2024-04-08T02:58:34.184+0000] {logging_mixin.py:188} INFO - [2024-04-08T02:58:34.183+0000] {override.py:1769} INFO - Created Permission View: can delete on DAG:example_xcom_args
[2024-04-08T02:58:34.197+0000] {logging_mixin.py:188} INFO - [2024-04-08T02:58:34.196+0000] {override.py:1769} INFO - Created Permission View: can edit on DAG:example_xcom_args
[2024-04-08T02:58:34.221+0000] {logging_mixin.py:188} INFO - [2024-04-08T02:58:34.221+0000] {override.py:1769} INFO - Created Permission View: can read on DAG:example_xcom_args_with_operators
[2024-04-08T02:58:34.234+0000] {logging_mixin.py:188} INFO - [2024-04-08T02:58:34.234+0000] {override.py:1769} INFO - Created Permission View: can delete on DAG:example_xcom_args_with_operators
[2024-04-08T02:58:34.246+0000] {logging_mixin.py:188} INFO - [2024-04-08T02:58:34.245+0000] {override.py:1769} INFO - Created Permission View: can edit on DAG:example_xcom_args_with_operators
[2024-04-08T02:58:34.246+0000] {logging_mixin.py:188} INFO - [2024-04-08T02:58:34.246+0000] {dag.py:3047} INFO - Sync 2 DAGs
[2024-04-08T02:58:34.257+0000] {logging_mixin.py:188} INFO - [2024-04-08T02:58:34.256+0000] {dag.py:3069} INFO - Creating ORM DAG for example_xcom_args_with_operators
[2024-04-08T02:58:34.257+0000] {logging_mixin.py:188} INFO - [2024-04-08T02:58:34.257+0000] {dag.py:3069} INFO - Creating ORM DAG for example_xcom_args
[2024-04-08T02:58:34.258+0000] {logging_mixin.py:188} INFO - [2024-04-08T02:58:34.258+0000] {dag.py:3834} INFO - Setting next_dagrun for example_xcom_args to None, run_after=None
[2024-04-08T02:58:34.259+0000] {logging_mixin.py:188} INFO - [2024-04-08T02:58:34.259+0000] {dag.py:3834} INFO - Setting next_dagrun for example_xcom_args_with_operators to None, run_after=None
[2024-04-08T02:58:34.285+0000] {processor.py:183} INFO - Processing /home/airflow/.local/lib/python3.8/site-packages/airflow/example_dags/example_xcomargs.py took 0.301 seconds
[2024-04-08T02:59:05.177+0000] {processor.py:161} INFO - Started process (PID=481) to work on /home/airflow/.local/lib/python3.8/site-packages/airflow/example_dags/example_xcomargs.py
[2024-04-08T02:59:05.178+0000] {processor.py:830} INFO - Processing file /home/airflow/.local/lib/python3.8/site-packages/airflow/example_dags/example_xcomargs.py for tasks to queue
[2024-04-08T02:59:05.179+0000] {logging_mixin.py:188} INFO - [2024-04-08T02:59:05.178+0000] {dagbag.py:540} INFO - Filling up the DagBag from /home/airflow/.local/lib/python3.8/site-packages/airflow/example_dags/example_xcomargs.py
[2024-04-08T02:59:05.187+0000] {processor.py:840} INFO - DAG(s) 'example_xcom_args', 'example_xcom_args_with_operators' retrieved from /home/airflow/.local/lib/python3.8/site-packages/airflow/example_dags/example_xcomargs.py
[2024-04-08T02:59:05.212+0000] {logging_mixin.py:188} INFO - [2024-04-08T02:59:05.212+0000] {dag.py:3047} INFO - Sync 2 DAGs
[2024-04-08T02:59:05.226+0000] {logging_mixin.py:188} INFO - [2024-04-08T02:59:05.226+0000] {dag.py:3834} INFO - Setting next_dagrun for example_xcom_args to None, run_after=None
[2024-04-08T02:59:05.231+0000] {logging_mixin.py:188} INFO - [2024-04-08T02:59:05.231+0000] {dag.py:3834} INFO - Setting next_dagrun for example_xcom_args_with_operators to None, run_after=None
[2024-04-08T02:59:05.273+0000] {processor.py:183} INFO - Processing /home/airflow/.local/lib/python3.8/site-packages/airflow/example_dags/example_xcomargs.py took 0.099 seconds
[2024-04-08T02:59:35.415+0000] {processor.py:161} INFO - Started process (PID=728) to work on /home/airflow/.local/lib/python3.8/site-packages/airflow/example_dags/example_xcomargs.py
[2024-04-08T02:59:35.416+0000] {processor.py:830} INFO - Processing file /home/airflow/.local/lib/python3.8/site-packages/airflow/example_dags/example_xcomargs.py for tasks to queue
[2024-04-08T02:59:35.417+0000] {logging_mixin.py:188} INFO - [2024-04-08T02:59:35.416+0000] {dagbag.py:540} INFO - Filling up the DagBag from /home/airflow/.local/lib/python3.8/site-packages/airflow/example_dags/example_xcomargs.py
[2024-04-08T02:59:35.425+0000] {processor.py:840} INFO - DAG(s) 'example_xcom_args_with_operators', 'example_xcom_args' retrieved from /home/airflow/.local/lib/python3.8/site-packages/airflow/example_dags/example_xcomargs.py
[2024-04-08T02:59:35.449+0000] {logging_mixin.py:188} INFO - [2024-04-08T02:59:35.448+0000] {dag.py:3047} INFO - Sync 2 DAGs
[2024-04-08T02:59:35.464+0000] {logging_mixin.py:188} INFO - [2024-04-08T02:59:35.464+0000] {dag.py:3834} INFO - Setting next_dagrun for example_xcom_args to None, run_after=None
[2024-04-08T02:59:35.468+0000] {logging_mixin.py:188} INFO - [2024-04-08T02:59:35.468+0000] {dag.py:3834} INFO - Setting next_dagrun for example_xcom_args_with_operators to None, run_after=None
[2024-04-08T02:59:35.492+0000] {processor.py:183} INFO - Processing /home/airflow/.local/lib/python3.8/site-packages/airflow/example_dags/example_xcomargs.py took 0.080 seconds
[2024-04-08T03:00:05.825+0000] {processor.py:161} INFO - Started process (PID=975) to work on /home/airflow/.local/lib/python3.8/site-packages/airflow/example_dags/example_xcomargs.py
[2024-04-08T03:00:05.826+0000] {processor.py:830} INFO - Processing file /home/airflow/.local/lib/python3.8/site-packages/airflow/example_dags/example_xcomargs.py for tasks to queue
[2024-04-08T03:00:05.827+0000] {logging_mixin.py:188} INFO - [2024-04-08T03:00:05.827+0000] {dagbag.py:540} INFO - Filling up the DagBag from /home/airflow/.local/lib/python3.8/site-packages/airflow/example_dags/example_xcomargs.py
[2024-04-08T03:00:05.840+0000] {processor.py:840} INFO - DAG(s) 'example_xcom_args_with_operators', 'example_xcom_args' retrieved from /home/airflow/.local/lib/python3.8/site-packages/airflow/example_dags/example_xcomargs.py
[2024-04-08T03:00:05.866+0000] {logging_mixin.py:188} INFO - [2024-04-08T03:00:05.865+0000] {dag.py:3047} INFO - Sync 2 DAGs
[2024-04-08T03:00:05.881+0000] {logging_mixin.py:188} INFO - [2024-04-08T03:00:05.880+0000] {dag.py:3834} INFO - Setting next_dagrun for example_xcom_args to None, run_after=None
[2024-04-08T03:00:05.885+0000] {logging_mixin.py:188} INFO - [2024-04-08T03:00:05.885+0000] {dag.py:3834} INFO - Setting next_dagrun for example_xcom_args_with_operators to None, run_after=None
[2024-04-08T03:00:05.907+0000] {processor.py:183} INFO - Processing /home/airflow/.local/lib/python3.8/site-packages/airflow/example_dags/example_xcomargs.py took 0.085 seconds
[2024-04-08T03:00:36.598+0000] {processor.py:161} INFO - Started process (PID=1222) to work on /home/airflow/.local/lib/python3.8/site-packages/airflow/example_dags/example_xcomargs.py
[2024-04-08T03:00:36.600+0000] {processor.py:830} INFO - Processing file /home/airflow/.local/lib/python3.8/site-packages/airflow/example_dags/example_xcomargs.py for tasks to queue
[2024-04-08T03:00:36.601+0000] {logging_mixin.py:188} INFO - [2024-04-08T03:00:36.601+0000] {dagbag.py:540} INFO - Filling up the DagBag from /home/airflow/.local/lib/python3.8/site-packages/airflow/example_dags/example_xcomargs.py
[2024-04-08T03:00:36.611+0000] {processor.py:840} INFO - DAG(s) 'example_xcom_args_with_operators', 'example_xcom_args' retrieved from /home/airflow/.local/lib/python3.8/site-packages/airflow/example_dags/example_xcomargs.py
[2024-04-08T03:00:36.652+0000] {logging_mixin.py:188} INFO - [2024-04-08T03:00:36.651+0000] {dag.py:3047} INFO - Sync 2 DAGs
[2024-04-08T03:00:36.667+0000] {logging_mixin.py:188} INFO - [2024-04-08T03:00:36.666+0000] {dag.py:3834} INFO - Setting next_dagrun for example_xcom_args to None, run_after=None
[2024-04-08T03:00:36.671+0000] {logging_mixin.py:188} INFO - [2024-04-08T03:00:36.671+0000] {dag.py:3834} INFO - Setting next_dagrun for example_xcom_args_with_operators to None, run_after=None
[2024-04-08T03:00:36.696+0000] {processor.py:183} INFO - Processing /home/airflow/.local/lib/python3.8/site-packages/airflow/example_dags/example_xcomargs.py took 0.101 seconds
[2024-04-08T03:01:07.137+0000] {processor.py:161} INFO - Started process (PID=1469) to work on /home/airflow/.local/lib/python3.8/site-packages/airflow/example_dags/example_xcomargs.py
[2024-04-08T03:01:07.138+0000] {processor.py:830} INFO - Processing file /home/airflow/.local/lib/python3.8/site-packages/airflow/example_dags/example_xcomargs.py for tasks to queue
[2024-04-08T03:01:07.139+0000] {logging_mixin.py:188} INFO - [2024-04-08T03:01:07.139+0000] {dagbag.py:540} INFO - Filling up the DagBag from /home/airflow/.local/lib/python3.8/site-packages/airflow/example_dags/example_xcomargs.py
[2024-04-08T03:01:07.148+0000] {processor.py:840} INFO - DAG(s) 'example_xcom_args', 'example_xcom_args_with_operators' retrieved from /home/airflow/.local/lib/python3.8/site-packages/airflow/example_dags/example_xcomargs.py
[2024-04-08T03:01:07.173+0000] {logging_mixin.py:188} INFO - [2024-04-08T03:01:07.173+0000] {dag.py:3047} INFO - Sync 2 DAGs
[2024-04-08T03:01:07.186+0000] {logging_mixin.py:188} INFO - [2024-04-08T03:01:07.186+0000] {dag.py:3834} INFO - Setting next_dagrun for example_xcom_args to None, run_after=None
[2024-04-08T03:01:07.190+0000] {logging_mixin.py:188} INFO - [2024-04-08T03:01:07.190+0000] {dag.py:3834} INFO - Setting next_dagrun for example_xcom_args_with_operators to None, run_after=None
[2024-04-08T03:01:07.212+0000] {processor.py:183} INFO - Processing /home/airflow/.local/lib/python3.8/site-packages/airflow/example_dags/example_xcomargs.py took 0.079 seconds
[2024-04-08T03:01:37.832+0000] {processor.py:161} INFO - Started process (PID=1716) to work on /home/airflow/.local/lib/python3.8/site-packages/airflow/example_dags/example_xcomargs.py
[2024-04-08T03:01:37.833+0000] {processor.py:830} INFO - Processing file /home/airflow/.local/lib/python3.8/site-packages/airflow/example_dags/example_xcomargs.py for tasks to queue
[2024-04-08T03:01:37.834+0000] {logging_mixin.py:188} INFO - [2024-04-08T03:01:37.833+0000] {dagbag.py:540} INFO - Filling up the DagBag from /home/airflow/.local/lib/python3.8/site-packages/airflow/example_dags/example_xcomargs.py
[2024-04-08T03:01:37.845+0000] {processor.py:840} INFO - DAG(s) 'example_xcom_args', 'example_xcom_args_with_operators' retrieved from /home/airflow/.local/lib/python3.8/site-packages/airflow/example_dags/example_xcomargs.py
[2024-04-08T03:01:37.869+0000] {logging_mixin.py:188} INFO - [2024-04-08T03:01:37.869+0000] {dag.py:3047} INFO - Sync 2 DAGs
[2024-04-08T03:01:37.883+0000] {logging_mixin.py:188} INFO - [2024-04-08T03:01:37.883+0000] {dag.py:3834} INFO - Setting next_dagrun for example_xcom_args to None, run_after=None
[2024-04-08T03:01:37.890+0000] {logging_mixin.py:188} INFO - [2024-04-08T03:01:37.890+0000] {dag.py:3834} INFO - Setting next_dagrun for example_xcom_args_with_operators to None, run_after=None
[2024-04-08T03:01:37.940+0000] {processor.py:183} INFO - Processing /home/airflow/.local/lib/python3.8/site-packages/airflow/example_dags/example_xcomargs.py took 0.111 seconds
[2024-04-08T03:02:08.442+0000] {processor.py:161} INFO - Started process (PID=1963) to work on /home/airflow/.local/lib/python3.8/site-packages/airflow/example_dags/example_xcomargs.py
[2024-04-08T03:02:08.443+0000] {processor.py:830} INFO - Processing file /home/airflow/.local/lib/python3.8/site-packages/airflow/example_dags/example_xcomargs.py for tasks to queue
[2024-04-08T03:02:08.443+0000] {logging_mixin.py:188} INFO - [2024-04-08T03:02:08.443+0000] {dagbag.py:540} INFO - Filling up the DagBag from /home/airflow/.local/lib/python3.8/site-packages/airflow/example_dags/example_xcomargs.py
[2024-04-08T03:02:08.456+0000] {processor.py:840} INFO - DAG(s) 'example_xcom_args', 'example_xcom_args_with_operators' retrieved from /home/airflow/.local/lib/python3.8/site-packages/airflow/example_dags/example_xcomargs.py
[2024-04-08T03:02:08.481+0000] {logging_mixin.py:188} INFO - [2024-04-08T03:02:08.481+0000] {dag.py:3047} INFO - Sync 2 DAGs
[2024-04-08T03:02:08.495+0000] {logging_mixin.py:188} INFO - [2024-04-08T03:02:08.495+0000] {dag.py:3834} INFO - Setting next_dagrun for example_xcom_args to None, run_after=None
[2024-04-08T03:02:08.500+0000] {logging_mixin.py:188} INFO - [2024-04-08T03:02:08.499+0000] {dag.py:3834} INFO - Setting next_dagrun for example_xcom_args_with_operators to None, run_after=None
[2024-04-08T03:02:08.522+0000] {processor.py:183} INFO - Processing /home/airflow/.local/lib/python3.8/site-packages/airflow/example_dags/example_xcomargs.py took 0.083 seconds
[2024-04-08T03:02:38.855+0000] {processor.py:161} INFO - Started process (PID=2211) to work on /home/airflow/.local/lib/python3.8/site-packages/airflow/example_dags/example_xcomargs.py
[2024-04-08T03:02:38.856+0000] {processor.py:830} INFO - Processing file /home/airflow/.local/lib/python3.8/site-packages/airflow/example_dags/example_xcomargs.py for tasks to queue
[2024-04-08T03:02:38.857+0000] {logging_mixin.py:188} INFO - [2024-04-08T03:02:38.857+0000] {dagbag.py:540} INFO - Filling up the DagBag from /home/airflow/.local/lib/python3.8/site-packages/airflow/example_dags/example_xcomargs.py
[2024-04-08T03:02:38.865+0000] {processor.py:840} INFO - DAG(s) 'example_xcom_args_with_operators', 'example_xcom_args' retrieved from /home/airflow/.local/lib/python3.8/site-packages/airflow/example_dags/example_xcomargs.py
[2024-04-08T03:02:38.894+0000] {logging_mixin.py:188} INFO - [2024-04-08T03:02:38.893+0000] {dag.py:3047} INFO - Sync 2 DAGs
[2024-04-08T03:02:38.907+0000] {logging_mixin.py:188} INFO - [2024-04-08T03:02:38.907+0000] {dag.py:3834} INFO - Setting next_dagrun for example_xcom_args to None, run_after=None
[2024-04-08T03:02:38.911+0000] {logging_mixin.py:188} INFO - [2024-04-08T03:02:38.911+0000] {dag.py:3834} INFO - Setting next_dagrun for example_xcom_args_with_operators to None, run_after=None
[2024-04-08T03:02:38.933+0000] {processor.py:183} INFO - Processing /home/airflow/.local/lib/python3.8/site-packages/airflow/example_dags/example_xcomargs.py took 0.081 seconds
[2024-04-08T03:03:09.424+0000] {processor.py:161} INFO - Started process (PID=2459) to work on /home/airflow/.local/lib/python3.8/site-packages/airflow/example_dags/example_xcomargs.py
[2024-04-08T03:03:09.425+0000] {processor.py:830} INFO - Processing file /home/airflow/.local/lib/python3.8/site-packages/airflow/example_dags/example_xcomargs.py for tasks to queue
[2024-04-08T03:03:09.426+0000] {logging_mixin.py:188} INFO - [2024-04-08T03:03:09.426+0000] {dagbag.py:540} INFO - Filling up the DagBag from /home/airflow/.local/lib/python3.8/site-packages/airflow/example_dags/example_xcomargs.py
[2024-04-08T03:03:09.435+0000] {processor.py:840} INFO - DAG(s) 'example_xcom_args_with_operators', 'example_xcom_args' retrieved from /home/airflow/.local/lib/python3.8/site-packages/airflow/example_dags/example_xcomargs.py
[2024-04-08T03:03:09.461+0000] {logging_mixin.py:188} INFO - [2024-04-08T03:03:09.460+0000] {dag.py:3047} INFO - Sync 2 DAGs
[2024-04-08T03:03:09.476+0000] {logging_mixin.py:188} INFO - [2024-04-08T03:03:09.476+0000] {dag.py:3834} INFO - Setting next_dagrun for example_xcom_args to None, run_after=None
[2024-04-08T03:03:09.484+0000] {logging_mixin.py:188} INFO - [2024-04-08T03:03:09.484+0000] {dag.py:3834} INFO - Setting next_dagrun for example_xcom_args_with_operators to None, run_after=None
[2024-04-08T03:03:09.507+0000] {processor.py:183} INFO - Processing /home/airflow/.local/lib/python3.8/site-packages/airflow/example_dags/example_xcomargs.py took 0.086 seconds
[2024-04-08T03:03:39.891+0000] {processor.py:161} INFO - Started process (PID=2707) to work on /home/airflow/.local/lib/python3.8/site-packages/airflow/example_dags/example_xcomargs.py
[2024-04-08T03:03:39.892+0000] {processor.py:830} INFO - Processing file /home/airflow/.local/lib/python3.8/site-packages/airflow/example_dags/example_xcomargs.py for tasks to queue
[2024-04-08T03:03:39.893+0000] {logging_mixin.py:188} INFO - [2024-04-08T03:03:39.893+0000] {dagbag.py:540} INFO - Filling up the DagBag from /home/airflow/.local/lib/python3.8/site-packages/airflow/example_dags/example_xcomargs.py
[2024-04-08T03:03:39.902+0000] {processor.py:840} INFO - DAG(s) 'example_xcom_args', 'example_xcom_args_with_operators' retrieved from /home/airflow/.local/lib/python3.8/site-packages/airflow/example_dags/example_xcomargs.py
[2024-04-08T03:03:39.930+0000] {logging_mixin.py:188} INFO - [2024-04-08T03:03:39.930+0000] {dag.py:3047} INFO - Sync 2 DAGs
[2024-04-08T03:03:39.943+0000] {logging_mixin.py:188} INFO - [2024-04-08T03:03:39.943+0000] {dag.py:3834} INFO - Setting next_dagrun for example_xcom_args to None, run_after=None
[2024-04-08T03:03:39.947+0000] {logging_mixin.py:188} INFO - [2024-04-08T03:03:39.947+0000] {dag.py:3834} INFO - Setting next_dagrun for example_xcom_args_with_operators to None, run_after=None
[2024-04-08T03:03:39.998+0000] {processor.py:183} INFO - Processing /home/airflow/.local/lib/python3.8/site-packages/airflow/example_dags/example_xcomargs.py took 0.110 seconds
[2024-04-08T03:04:10.164+0000] {processor.py:161} INFO - Started process (PID=2954) to work on /home/airflow/.local/lib/python3.8/site-packages/airflow/example_dags/example_xcomargs.py
[2024-04-08T03:04:10.165+0000] {processor.py:830} INFO - Processing file /home/airflow/.local/lib/python3.8/site-packages/airflow/example_dags/example_xcomargs.py for tasks to queue
[2024-04-08T03:04:10.166+0000] {logging_mixin.py:188} INFO - [2024-04-08T03:04:10.166+0000] {dagbag.py:540} INFO - Filling up the DagBag from /home/airflow/.local/lib/python3.8/site-packages/airflow/example_dags/example_xcomargs.py
[2024-04-08T03:04:10.174+0000] {processor.py:840} INFO - DAG(s) 'example_xcom_args', 'example_xcom_args_with_operators' retrieved from /home/airflow/.local/lib/python3.8/site-packages/airflow/example_dags/example_xcomargs.py
[2024-04-08T03:04:10.202+0000] {logging_mixin.py:188} INFO - [2024-04-08T03:04:10.202+0000] {dag.py:3047} INFO - Sync 2 DAGs
[2024-04-08T03:04:10.216+0000] {logging_mixin.py:188} INFO - [2024-04-08T03:04:10.216+0000] {dag.py:3834} INFO - Setting next_dagrun for example_xcom_args to None, run_after=None
[2024-04-08T03:04:10.220+0000] {logging_mixin.py:188} INFO - [2024-04-08T03:04:10.220+0000] {dag.py:3834} INFO - Setting next_dagrun for example_xcom_args_with_operators to None, run_after=None
[2024-04-08T03:04:10.348+0000] {processor.py:183} INFO - Processing /home/airflow/.local/lib/python3.8/site-packages/airflow/example_dags/example_xcomargs.py took 0.187 seconds
[2024-04-08T03:04:40.621+0000] {processor.py:161} INFO - Started process (PID=3201) to work on /home/airflow/.local/lib/python3.8/site-packages/airflow/example_dags/example_xcomargs.py
[2024-04-08T03:04:40.622+0000] {processor.py:830} INFO - Processing file /home/airflow/.local/lib/python3.8/site-packages/airflow/example_dags/example_xcomargs.py for tasks to queue
[2024-04-08T03:04:40.623+0000] {logging_mixin.py:188} INFO - [2024-04-08T03:04:40.623+0000] {dagbag.py:540} INFO - Filling up the DagBag from /home/airflow/.local/lib/python3.8/site-packages/airflow/example_dags/example_xcomargs.py
[2024-04-08T03:04:40.631+0000] {processor.py:840} INFO - DAG(s) 'example_xcom_args', 'example_xcom_args_with_operators' retrieved from /home/airflow/.local/lib/python3.8/site-packages/airflow/example_dags/example_xcomargs.py
[2024-04-08T03:04:40.658+0000] {logging_mixin.py:188} INFO - [2024-04-08T03:04:40.657+0000] {dag.py:3047} INFO - Sync 2 DAGs
[2024-04-08T03:04:40.676+0000] {logging_mixin.py:188} INFO - [2024-04-08T03:04:40.676+0000] {dag.py:3834} INFO - Setting next_dagrun for example_xcom_args to None, run_after=None
[2024-04-08T03:04:40.680+0000] {logging_mixin.py:188} INFO - [2024-04-08T03:04:40.680+0000] {dag.py:3834} INFO - Setting next_dagrun for example_xcom_args_with_operators to None, run_after=None
[2024-04-08T03:04:40.772+0000] {processor.py:183} INFO - Processing /home/airflow/.local/lib/python3.8/site-packages/airflow/example_dags/example_xcomargs.py took 0.154 seconds
[2024-04-08T03:05:11.003+0000] {processor.py:161} INFO - Started process (PID=3448) to work on /home/airflow/.local/lib/python3.8/site-packages/airflow/example_dags/example_xcomargs.py
[2024-04-08T03:05:11.004+0000] {processor.py:830} INFO - Processing file /home/airflow/.local/lib/python3.8/site-packages/airflow/example_dags/example_xcomargs.py for tasks to queue
[2024-04-08T03:05:11.005+0000] {logging_mixin.py:188} INFO - [2024-04-08T03:05:11.005+0000] {dagbag.py:540} INFO - Filling up the DagBag from /home/airflow/.local/lib/python3.8/site-packages/airflow/example_dags/example_xcomargs.py
[2024-04-08T03:05:11.014+0000] {processor.py:840} INFO - DAG(s) 'example_xcom_args_with_operators', 'example_xcom_args' retrieved from /home/airflow/.local/lib/python3.8/site-packages/airflow/example_dags/example_xcomargs.py
[2024-04-08T03:05:11.066+0000] {logging_mixin.py:188} INFO - [2024-04-08T03:05:11.066+0000] {dag.py:3047} INFO - Sync 2 DAGs
[2024-04-08T03:05:11.088+0000] {logging_mixin.py:188} INFO - [2024-04-08T03:05:11.088+0000] {dag.py:3834} INFO - Setting next_dagrun for example_xcom_args to None, run_after=None
[2024-04-08T03:05:11.092+0000] {logging_mixin.py:188} INFO - [2024-04-08T03:05:11.092+0000] {dag.py:3834} INFO - Setting next_dagrun for example_xcom_args_with_operators to None, run_after=None
[2024-04-08T03:05:11.214+0000] {processor.py:183} INFO - Processing /home/airflow/.local/lib/python3.8/site-packages/airflow/example_dags/example_xcomargs.py took 0.214 seconds
[2024-04-08T03:05:41.928+0000] {processor.py:161} INFO - Started process (PID=3695) to work on /home/airflow/.local/lib/python3.8/site-packages/airflow/example_dags/example_xcomargs.py
[2024-04-08T03:05:41.929+0000] {processor.py:830} INFO - Processing file /home/airflow/.local/lib/python3.8/site-packages/airflow/example_dags/example_xcomargs.py for tasks to queue
[2024-04-08T03:05:41.931+0000] {logging_mixin.py:188} INFO - [2024-04-08T03:05:41.930+0000] {dagbag.py:540} INFO - Filling up the DagBag from /home/airflow/.local/lib/python3.8/site-packages/airflow/example_dags/example_xcomargs.py
[2024-04-08T03:05:41.940+0000] {processor.py:840} INFO - DAG(s) 'example_xcom_args', 'example_xcom_args_with_operators' retrieved from /home/airflow/.local/lib/python3.8/site-packages/airflow/example_dags/example_xcomargs.py
[2024-04-08T03:05:41.966+0000] {logging_mixin.py:188} INFO - [2024-04-08T03:05:41.966+0000] {dag.py:3047} INFO - Sync 2 DAGs
[2024-04-08T03:05:41.982+0000] {logging_mixin.py:188} INFO - [2024-04-08T03:05:41.982+0000] {dag.py:3834} INFO - Setting next_dagrun for example_xcom_args to None, run_after=None
[2024-04-08T03:05:41.986+0000] {logging_mixin.py:188} INFO - [2024-04-08T03:05:41.986+0000] {dag.py:3834} INFO - Setting next_dagrun for example_xcom_args_with_operators to None, run_after=None
[2024-04-08T03:05:42.011+0000] {processor.py:183} INFO - Processing /home/airflow/.local/lib/python3.8/site-packages/airflow/example_dags/example_xcomargs.py took 0.086 seconds
[2024-04-08T03:06:12.767+0000] {processor.py:161} INFO - Started process (PID=3943) to work on /home/airflow/.local/lib/python3.8/site-packages/airflow/example_dags/example_xcomargs.py
[2024-04-08T03:06:12.771+0000] {processor.py:830} INFO - Processing file /home/airflow/.local/lib/python3.8/site-packages/airflow/example_dags/example_xcomargs.py for tasks to queue
[2024-04-08T03:06:12.774+0000] {logging_mixin.py:188} INFO - [2024-04-08T03:06:12.774+0000] {dagbag.py:540} INFO - Filling up the DagBag from /home/airflow/.local/lib/python3.8/site-packages/airflow/example_dags/example_xcomargs.py
[2024-04-08T03:06:12.793+0000] {processor.py:840} INFO - DAG(s) 'example_xcom_args_with_operators', 'example_xcom_args' retrieved from /home/airflow/.local/lib/python3.8/site-packages/airflow/example_dags/example_xcomargs.py
[2024-04-08T03:06:12.824+0000] {logging_mixin.py:188} INFO - [2024-04-08T03:06:12.824+0000] {dag.py:3047} INFO - Sync 2 DAGs
[2024-04-08T03:06:12.839+0000] {logging_mixin.py:188} INFO - [2024-04-08T03:06:12.839+0000] {dag.py:3834} INFO - Setting next_dagrun for example_xcom_args to None, run_after=None
[2024-04-08T03:06:12.843+0000] {logging_mixin.py:188} INFO - [2024-04-08T03:06:12.843+0000] {dag.py:3834} INFO - Setting next_dagrun for example_xcom_args_with_operators to None, run_after=None
[2024-04-08T03:06:12.866+0000] {processor.py:183} INFO - Processing /home/airflow/.local/lib/python3.8/site-packages/airflow/example_dags/example_xcomargs.py took 0.114 seconds
[2024-04-08T03:06:43.519+0000] {processor.py:161} INFO - Started process (PID=4191) to work on /home/airflow/.local/lib/python3.8/site-packages/airflow/example_dags/example_xcomargs.py
[2024-04-08T03:06:43.522+0000] {processor.py:830} INFO - Processing file /home/airflow/.local/lib/python3.8/site-packages/airflow/example_dags/example_xcomargs.py for tasks to queue
[2024-04-08T03:06:43.529+0000] {logging_mixin.py:188} INFO - [2024-04-08T03:06:43.529+0000] {dagbag.py:540} INFO - Filling up the DagBag from /home/airflow/.local/lib/python3.8/site-packages/airflow/example_dags/example_xcomargs.py
[2024-04-08T03:06:43.543+0000] {processor.py:840} INFO - DAG(s) 'example_xcom_args', 'example_xcom_args_with_operators' retrieved from /home/airflow/.local/lib/python3.8/site-packages/airflow/example_dags/example_xcomargs.py
[2024-04-08T03:06:43.597+0000] {logging_mixin.py:188} INFO - [2024-04-08T03:06:43.594+0000] {dag.py:3047} INFO - Sync 2 DAGs
