[2024-04-08T02:58:31.942+0000] {processor.py:161} INFO - Started process (PID=174) to work on /home/airflow/.local/lib/python3.8/site-packages/airflow/example_dags/example_branch_operator.py
[2024-04-08T02:58:31.943+0000] {processor.py:830} INFO - Processing file /home/airflow/.local/lib/python3.8/site-packages/airflow/example_dags/example_branch_operator.py for tasks to queue
[2024-04-08T02:58:31.944+0000] {logging_mixin.py:188} INFO - [2024-04-08T02:58:31.944+0000] {dagbag.py:540} INFO - Filling up the DagBag from /home/airflow/.local/lib/python3.8/site-packages/airflow/example_dags/example_branch_operator.py
[2024-04-08T02:58:31.976+0000] {processor.py:840} INFO - DAG(s) 'example_branch_operator' retrieved from /home/airflow/.local/lib/python3.8/site-packages/airflow/example_dags/example_branch_operator.py
[2024-04-08T02:58:32.126+0000] {logging_mixin.py:188} INFO - [2024-04-08T02:58:32.126+0000] {override.py:1769} INFO - Created Permission View: can read on DAG:example_branch_operator
[2024-04-08T02:58:32.139+0000] {logging_mixin.py:188} INFO - [2024-04-08T02:58:32.139+0000] {override.py:1769} INFO - Created Permission View: can delete on DAG:example_branch_operator
[2024-04-08T02:58:32.151+0000] {logging_mixin.py:188} INFO - [2024-04-08T02:58:32.151+0000] {override.py:1769} INFO - Created Permission View: can edit on DAG:example_branch_operator
[2024-04-08T02:58:32.151+0000] {logging_mixin.py:188} INFO - [2024-04-08T02:58:32.151+0000] {dag.py:3047} INFO - Sync 1 DAGs
[2024-04-08T02:58:32.162+0000] {logging_mixin.py:188} INFO - [2024-04-08T02:58:32.162+0000] {dag.py:3069} INFO - Creating ORM DAG for example_branch_operator
[2024-04-08T02:58:32.174+0000] {logging_mixin.py:188} INFO - [2024-04-08T02:58:32.174+0000] {dag.py:3834} INFO - Setting next_dagrun for example_branch_operator to 2024-04-07 00:00:00+00:00, run_after=2024-04-08 00:00:00+00:00
[2024-04-08T02:58:32.197+0000] {processor.py:183} INFO - Processing /home/airflow/.local/lib/python3.8/site-packages/airflow/example_dags/example_branch_operator.py took 0.258 seconds
[2024-04-08T02:59:02.289+0000] {processor.py:161} INFO - Started process (PID=421) to work on /home/airflow/.local/lib/python3.8/site-packages/airflow/example_dags/example_branch_operator.py
[2024-04-08T02:59:02.290+0000] {processor.py:830} INFO - Processing file /home/airflow/.local/lib/python3.8/site-packages/airflow/example_dags/example_branch_operator.py for tasks to queue
[2024-04-08T02:59:02.291+0000] {logging_mixin.py:188} INFO - [2024-04-08T02:59:02.291+0000] {dagbag.py:540} INFO - Filling up the DagBag from /home/airflow/.local/lib/python3.8/site-packages/airflow/example_dags/example_branch_operator.py
[2024-04-08T02:59:02.306+0000] {processor.py:840} INFO - DAG(s) 'example_branch_operator' retrieved from /home/airflow/.local/lib/python3.8/site-packages/airflow/example_dags/example_branch_operator.py
[2024-04-08T02:59:02.326+0000] {logging_mixin.py:188} INFO - [2024-04-08T02:59:02.326+0000] {dag.py:3047} INFO - Sync 1 DAGs
[2024-04-08T02:59:02.344+0000] {logging_mixin.py:188} INFO - [2024-04-08T02:59:02.343+0000] {dag.py:3834} INFO - Setting next_dagrun for example_branch_operator to 2024-04-07 00:00:00+00:00, run_after=2024-04-08 00:00:00+00:00
[2024-04-08T02:59:02.362+0000] {processor.py:183} INFO - Processing /home/airflow/.local/lib/python3.8/site-packages/airflow/example_dags/example_branch_operator.py took 0.077 seconds
[2024-04-08T02:59:32.560+0000] {processor.py:161} INFO - Started process (PID=668) to work on /home/airflow/.local/lib/python3.8/site-packages/airflow/example_dags/example_branch_operator.py
[2024-04-08T02:59:32.561+0000] {processor.py:830} INFO - Processing file /home/airflow/.local/lib/python3.8/site-packages/airflow/example_dags/example_branch_operator.py for tasks to queue
[2024-04-08T02:59:32.562+0000] {logging_mixin.py:188} INFO - [2024-04-08T02:59:32.562+0000] {dagbag.py:540} INFO - Filling up the DagBag from /home/airflow/.local/lib/python3.8/site-packages/airflow/example_dags/example_branch_operator.py
[2024-04-08T02:59:32.576+0000] {processor.py:840} INFO - DAG(s) 'example_branch_operator' retrieved from /home/airflow/.local/lib/python3.8/site-packages/airflow/example_dags/example_branch_operator.py
[2024-04-08T02:59:32.596+0000] {logging_mixin.py:188} INFO - [2024-04-08T02:59:32.596+0000] {dag.py:3047} INFO - Sync 1 DAGs
[2024-04-08T02:59:32.613+0000] {logging_mixin.py:188} INFO - [2024-04-08T02:59:32.613+0000] {dag.py:3834} INFO - Setting next_dagrun for example_branch_operator to 2024-04-07 00:00:00+00:00, run_after=2024-04-08 00:00:00+00:00
[2024-04-08T02:59:32.635+0000] {processor.py:183} INFO - Processing /home/airflow/.local/lib/python3.8/site-packages/airflow/example_dags/example_branch_operator.py took 0.077 seconds
[2024-04-08T03:00:03.052+0000] {processor.py:161} INFO - Started process (PID=915) to work on /home/airflow/.local/lib/python3.8/site-packages/airflow/example_dags/example_branch_operator.py
[2024-04-08T03:00:03.053+0000] {processor.py:830} INFO - Processing file /home/airflow/.local/lib/python3.8/site-packages/airflow/example_dags/example_branch_operator.py for tasks to queue
[2024-04-08T03:00:03.053+0000] {logging_mixin.py:188} INFO - [2024-04-08T03:00:03.053+0000] {dagbag.py:540} INFO - Filling up the DagBag from /home/airflow/.local/lib/python3.8/site-packages/airflow/example_dags/example_branch_operator.py
[2024-04-08T03:00:03.066+0000] {processor.py:840} INFO - DAG(s) 'example_branch_operator' retrieved from /home/airflow/.local/lib/python3.8/site-packages/airflow/example_dags/example_branch_operator.py
[2024-04-08T03:00:03.088+0000] {logging_mixin.py:188} INFO - [2024-04-08T03:00:03.088+0000] {dag.py:3047} INFO - Sync 1 DAGs
[2024-04-08T03:00:03.105+0000] {logging_mixin.py:188} INFO - [2024-04-08T03:00:03.105+0000] {dag.py:3834} INFO - Setting next_dagrun for example_branch_operator to 2024-04-07 00:00:00+00:00, run_after=2024-04-08 00:00:00+00:00
[2024-04-08T03:00:03.123+0000] {processor.py:183} INFO - Processing /home/airflow/.local/lib/python3.8/site-packages/airflow/example_dags/example_branch_operator.py took 0.074 seconds
[2024-04-08T03:00:33.664+0000] {processor.py:161} INFO - Started process (PID=1162) to work on /home/airflow/.local/lib/python3.8/site-packages/airflow/example_dags/example_branch_operator.py
[2024-04-08T03:00:33.665+0000] {processor.py:830} INFO - Processing file /home/airflow/.local/lib/python3.8/site-packages/airflow/example_dags/example_branch_operator.py for tasks to queue
[2024-04-08T03:00:33.666+0000] {logging_mixin.py:188} INFO - [2024-04-08T03:00:33.666+0000] {dagbag.py:540} INFO - Filling up the DagBag from /home/airflow/.local/lib/python3.8/site-packages/airflow/example_dags/example_branch_operator.py
[2024-04-08T03:00:33.689+0000] {processor.py:840} INFO - DAG(s) 'example_branch_operator' retrieved from /home/airflow/.local/lib/python3.8/site-packages/airflow/example_dags/example_branch_operator.py
[2024-04-08T03:00:33.722+0000] {logging_mixin.py:188} INFO - [2024-04-08T03:00:33.721+0000] {dag.py:3047} INFO - Sync 1 DAGs
[2024-04-08T03:00:33.746+0000] {logging_mixin.py:188} INFO - [2024-04-08T03:00:33.746+0000] {dag.py:3834} INFO - Setting next_dagrun for example_branch_operator to 2024-04-07 00:00:00+00:00, run_after=2024-04-08 00:00:00+00:00
[2024-04-08T03:00:33.768+0000] {processor.py:183} INFO - Processing /home/airflow/.local/lib/python3.8/site-packages/airflow/example_dags/example_branch_operator.py took 0.107 seconds
[2024-04-08T03:01:04.238+0000] {processor.py:161} INFO - Started process (PID=1409) to work on /home/airflow/.local/lib/python3.8/site-packages/airflow/example_dags/example_branch_operator.py
[2024-04-08T03:01:04.239+0000] {processor.py:830} INFO - Processing file /home/airflow/.local/lib/python3.8/site-packages/airflow/example_dags/example_branch_operator.py for tasks to queue
[2024-04-08T03:01:04.239+0000] {logging_mixin.py:188} INFO - [2024-04-08T03:01:04.239+0000] {dagbag.py:540} INFO - Filling up the DagBag from /home/airflow/.local/lib/python3.8/site-packages/airflow/example_dags/example_branch_operator.py
[2024-04-08T03:01:04.253+0000] {processor.py:840} INFO - DAG(s) 'example_branch_operator' retrieved from /home/airflow/.local/lib/python3.8/site-packages/airflow/example_dags/example_branch_operator.py
[2024-04-08T03:01:04.274+0000] {logging_mixin.py:188} INFO - [2024-04-08T03:01:04.273+0000] {dag.py:3047} INFO - Sync 1 DAGs
[2024-04-08T03:01:04.292+0000] {logging_mixin.py:188} INFO - [2024-04-08T03:01:04.292+0000] {dag.py:3834} INFO - Setting next_dagrun for example_branch_operator to 2024-04-07 00:00:00+00:00, run_after=2024-04-08 00:00:00+00:00
[2024-04-08T03:01:04.312+0000] {processor.py:183} INFO - Processing /home/airflow/.local/lib/python3.8/site-packages/airflow/example_dags/example_branch_operator.py took 0.077 seconds
[2024-04-08T03:01:35.032+0000] {processor.py:161} INFO - Started process (PID=1656) to work on /home/airflow/.local/lib/python3.8/site-packages/airflow/example_dags/example_branch_operator.py
[2024-04-08T03:01:35.033+0000] {processor.py:830} INFO - Processing file /home/airflow/.local/lib/python3.8/site-packages/airflow/example_dags/example_branch_operator.py for tasks to queue
[2024-04-08T03:01:35.034+0000] {logging_mixin.py:188} INFO - [2024-04-08T03:01:35.034+0000] {dagbag.py:540} INFO - Filling up the DagBag from /home/airflow/.local/lib/python3.8/site-packages/airflow/example_dags/example_branch_operator.py
[2024-04-08T03:01:35.048+0000] {processor.py:840} INFO - DAG(s) 'example_branch_operator' retrieved from /home/airflow/.local/lib/python3.8/site-packages/airflow/example_dags/example_branch_operator.py
[2024-04-08T03:01:35.069+0000] {logging_mixin.py:188} INFO - [2024-04-08T03:01:35.069+0000] {dag.py:3047} INFO - Sync 1 DAGs
[2024-04-08T03:01:35.087+0000] {logging_mixin.py:188} INFO - [2024-04-08T03:01:35.087+0000] {dag.py:3834} INFO - Setting next_dagrun for example_branch_operator to 2024-04-07 00:00:00+00:00, run_after=2024-04-08 00:00:00+00:00
[2024-04-08T03:01:35.108+0000] {processor.py:183} INFO - Processing /home/airflow/.local/lib/python3.8/site-packages/airflow/example_dags/example_branch_operator.py took 0.079 seconds
[2024-04-08T03:02:05.332+0000] {processor.py:161} INFO - Started process (PID=1903) to work on /home/airflow/.local/lib/python3.8/site-packages/airflow/example_dags/example_branch_operator.py
[2024-04-08T03:02:05.333+0000] {processor.py:830} INFO - Processing file /home/airflow/.local/lib/python3.8/site-packages/airflow/example_dags/example_branch_operator.py for tasks to queue
[2024-04-08T03:02:05.333+0000] {logging_mixin.py:188} INFO - [2024-04-08T03:02:05.333+0000] {dagbag.py:540} INFO - Filling up the DagBag from /home/airflow/.local/lib/python3.8/site-packages/airflow/example_dags/example_branch_operator.py
[2024-04-08T03:02:05.346+0000] {processor.py:840} INFO - DAG(s) 'example_branch_operator' retrieved from /home/airflow/.local/lib/python3.8/site-packages/airflow/example_dags/example_branch_operator.py
[2024-04-08T03:02:05.380+0000] {logging_mixin.py:188} INFO - [2024-04-08T03:02:05.380+0000] {dag.py:3047} INFO - Sync 1 DAGs
[2024-04-08T03:02:05.405+0000] {logging_mixin.py:188} INFO - [2024-04-08T03:02:05.405+0000] {dag.py:3834} INFO - Setting next_dagrun for example_branch_operator to 2024-04-07 00:00:00+00:00, run_after=2024-04-08 00:00:00+00:00
[2024-04-08T03:02:05.429+0000] {processor.py:183} INFO - Processing /home/airflow/.local/lib/python3.8/site-packages/airflow/example_dags/example_branch_operator.py took 0.099 seconds
[2024-04-08T03:02:36.121+0000] {processor.py:161} INFO - Started process (PID=2151) to work on /home/airflow/.local/lib/python3.8/site-packages/airflow/example_dags/example_branch_operator.py
[2024-04-08T03:02:36.122+0000] {processor.py:830} INFO - Processing file /home/airflow/.local/lib/python3.8/site-packages/airflow/example_dags/example_branch_operator.py for tasks to queue
[2024-04-08T03:02:36.122+0000] {logging_mixin.py:188} INFO - [2024-04-08T03:02:36.122+0000] {dagbag.py:540} INFO - Filling up the DagBag from /home/airflow/.local/lib/python3.8/site-packages/airflow/example_dags/example_branch_operator.py
[2024-04-08T03:02:36.135+0000] {processor.py:840} INFO - DAG(s) 'example_branch_operator' retrieved from /home/airflow/.local/lib/python3.8/site-packages/airflow/example_dags/example_branch_operator.py
[2024-04-08T03:02:36.156+0000] {logging_mixin.py:188} INFO - [2024-04-08T03:02:36.156+0000] {dag.py:3047} INFO - Sync 1 DAGs
[2024-04-08T03:02:36.174+0000] {logging_mixin.py:188} INFO - [2024-04-08T03:02:36.173+0000] {dag.py:3834} INFO - Setting next_dagrun for example_branch_operator to 2024-04-07 00:00:00+00:00, run_after=2024-04-08 00:00:00+00:00
[2024-04-08T03:02:36.193+0000] {processor.py:183} INFO - Processing /home/airflow/.local/lib/python3.8/site-packages/airflow/example_dags/example_branch_operator.py took 0.074 seconds
[2024-04-08T03:03:06.636+0000] {processor.py:161} INFO - Started process (PID=2399) to work on /home/airflow/.local/lib/python3.8/site-packages/airflow/example_dags/example_branch_operator.py
[2024-04-08T03:03:06.637+0000] {processor.py:830} INFO - Processing file /home/airflow/.local/lib/python3.8/site-packages/airflow/example_dags/example_branch_operator.py for tasks to queue
[2024-04-08T03:03:06.637+0000] {logging_mixin.py:188} INFO - [2024-04-08T03:03:06.637+0000] {dagbag.py:540} INFO - Filling up the DagBag from /home/airflow/.local/lib/python3.8/site-packages/airflow/example_dags/example_branch_operator.py
[2024-04-08T03:03:06.651+0000] {processor.py:840} INFO - DAG(s) 'example_branch_operator' retrieved from /home/airflow/.local/lib/python3.8/site-packages/airflow/example_dags/example_branch_operator.py
[2024-04-08T03:03:06.679+0000] {logging_mixin.py:188} INFO - [2024-04-08T03:03:06.679+0000] {dag.py:3047} INFO - Sync 1 DAGs
[2024-04-08T03:03:06.705+0000] {logging_mixin.py:188} INFO - [2024-04-08T03:03:06.705+0000] {dag.py:3834} INFO - Setting next_dagrun for example_branch_operator to 2024-04-07 00:00:00+00:00, run_after=2024-04-08 00:00:00+00:00
[2024-04-08T03:03:06.729+0000] {processor.py:183} INFO - Processing /home/airflow/.local/lib/python3.8/site-packages/airflow/example_dags/example_branch_operator.py took 0.095 seconds
[2024-04-08T03:03:37.050+0000] {processor.py:161} INFO - Started process (PID=2647) to work on /home/airflow/.local/lib/python3.8/site-packages/airflow/example_dags/example_branch_operator.py
[2024-04-08T03:03:37.051+0000] {processor.py:830} INFO - Processing file /home/airflow/.local/lib/python3.8/site-packages/airflow/example_dags/example_branch_operator.py for tasks to queue
[2024-04-08T03:03:37.052+0000] {logging_mixin.py:188} INFO - [2024-04-08T03:03:37.052+0000] {dagbag.py:540} INFO - Filling up the DagBag from /home/airflow/.local/lib/python3.8/site-packages/airflow/example_dags/example_branch_operator.py
[2024-04-08T03:03:37.066+0000] {processor.py:840} INFO - DAG(s) 'example_branch_operator' retrieved from /home/airflow/.local/lib/python3.8/site-packages/airflow/example_dags/example_branch_operator.py
[2024-04-08T03:03:37.089+0000] {logging_mixin.py:188} INFO - [2024-04-08T03:03:37.088+0000] {dag.py:3047} INFO - Sync 1 DAGs
[2024-04-08T03:03:37.106+0000] {logging_mixin.py:188} INFO - [2024-04-08T03:03:37.106+0000] {dag.py:3834} INFO - Setting next_dagrun for example_branch_operator to 2024-04-07 00:00:00+00:00, run_after=2024-04-08 00:00:00+00:00
[2024-04-08T03:03:37.126+0000] {processor.py:183} INFO - Processing /home/airflow/.local/lib/python3.8/site-packages/airflow/example_dags/example_branch_operator.py took 0.078 seconds
[2024-04-08T03:04:07.966+0000] {processor.py:161} INFO - Started process (PID=2892) to work on /home/airflow/.local/lib/python3.8/site-packages/airflow/example_dags/example_branch_operator.py
[2024-04-08T03:04:07.967+0000] {processor.py:830} INFO - Processing file /home/airflow/.local/lib/python3.8/site-packages/airflow/example_dags/example_branch_operator.py for tasks to queue
[2024-04-08T03:04:07.968+0000] {logging_mixin.py:188} INFO - [2024-04-08T03:04:07.967+0000] {dagbag.py:540} INFO - Filling up the DagBag from /home/airflow/.local/lib/python3.8/site-packages/airflow/example_dags/example_branch_operator.py
[2024-04-08T03:04:07.980+0000] {processor.py:840} INFO - DAG(s) 'example_branch_operator' retrieved from /home/airflow/.local/lib/python3.8/site-packages/airflow/example_dags/example_branch_operator.py
[2024-04-08T03:04:08.004+0000] {logging_mixin.py:188} INFO - [2024-04-08T03:04:08.004+0000] {dag.py:3047} INFO - Sync 1 DAGs
[2024-04-08T03:04:08.023+0000] {logging_mixin.py:188} INFO - [2024-04-08T03:04:08.023+0000] {dag.py:3834} INFO - Setting next_dagrun for example_branch_operator to 2024-04-07 00:00:00+00:00, run_after=2024-04-08 00:00:00+00:00
[2024-04-08T03:04:08.347+0000] {processor.py:183} INFO - Processing /home/airflow/.local/lib/python3.8/site-packages/airflow/example_dags/example_branch_operator.py took 0.384 seconds
[2024-04-08T03:04:38.541+0000] {processor.py:161} INFO - Started process (PID=3139) to work on /home/airflow/.local/lib/python3.8/site-packages/airflow/example_dags/example_branch_operator.py
[2024-04-08T03:04:38.542+0000] {processor.py:830} INFO - Processing file /home/airflow/.local/lib/python3.8/site-packages/airflow/example_dags/example_branch_operator.py for tasks to queue
[2024-04-08T03:04:38.543+0000] {logging_mixin.py:188} INFO - [2024-04-08T03:04:38.543+0000] {dagbag.py:540} INFO - Filling up the DagBag from /home/airflow/.local/lib/python3.8/site-packages/airflow/example_dags/example_branch_operator.py
[2024-04-08T03:04:38.556+0000] {processor.py:840} INFO - DAG(s) 'example_branch_operator' retrieved from /home/airflow/.local/lib/python3.8/site-packages/airflow/example_dags/example_branch_operator.py
[2024-04-08T03:04:38.578+0000] {logging_mixin.py:188} INFO - [2024-04-08T03:04:38.578+0000] {dag.py:3047} INFO - Sync 1 DAGs
[2024-04-08T03:04:38.601+0000] {logging_mixin.py:188} INFO - [2024-04-08T03:04:38.601+0000] {dag.py:3834} INFO - Setting next_dagrun for example_branch_operator to 2024-04-07 00:00:00+00:00, run_after=2024-04-08 00:00:00+00:00
[2024-04-08T03:04:38.670+0000] {processor.py:183} INFO - Processing /home/airflow/.local/lib/python3.8/site-packages/airflow/example_dags/example_branch_operator.py took 0.132 seconds
[2024-04-08T03:05:08.792+0000] {processor.py:161} INFO - Started process (PID=3386) to work on /home/airflow/.local/lib/python3.8/site-packages/airflow/example_dags/example_branch_operator.py
[2024-04-08T03:05:08.793+0000] {processor.py:830} INFO - Processing file /home/airflow/.local/lib/python3.8/site-packages/airflow/example_dags/example_branch_operator.py for tasks to queue
[2024-04-08T03:05:08.794+0000] {logging_mixin.py:188} INFO - [2024-04-08T03:05:08.794+0000] {dagbag.py:540} INFO - Filling up the DagBag from /home/airflow/.local/lib/python3.8/site-packages/airflow/example_dags/example_branch_operator.py
[2024-04-08T03:05:08.815+0000] {processor.py:840} INFO - DAG(s) 'example_branch_operator' retrieved from /home/airflow/.local/lib/python3.8/site-packages/airflow/example_dags/example_branch_operator.py
[2024-04-08T03:05:08.846+0000] {logging_mixin.py:188} INFO - [2024-04-08T03:05:08.846+0000] {dag.py:3047} INFO - Sync 1 DAGs
[2024-04-08T03:05:08.864+0000] {logging_mixin.py:188} INFO - [2024-04-08T03:05:08.864+0000] {dag.py:3834} INFO - Setting next_dagrun for example_branch_operator to 2024-04-07 00:00:00+00:00, run_after=2024-04-08 00:00:00+00:00
[2024-04-08T03:05:09.083+0000] {processor.py:183} INFO - Processing /home/airflow/.local/lib/python3.8/site-packages/airflow/example_dags/example_branch_operator.py took 0.295 seconds
[2024-04-08T03:05:39.189+0000] {processor.py:161} INFO - Started process (PID=3633) to work on /home/airflow/.local/lib/python3.8/site-packages/airflow/example_dags/example_branch_operator.py
[2024-04-08T03:05:39.190+0000] {processor.py:830} INFO - Processing file /home/airflow/.local/lib/python3.8/site-packages/airflow/example_dags/example_branch_operator.py for tasks to queue
[2024-04-08T03:05:39.191+0000] {logging_mixin.py:188} INFO - [2024-04-08T03:05:39.191+0000] {dagbag.py:540} INFO - Filling up the DagBag from /home/airflow/.local/lib/python3.8/site-packages/airflow/example_dags/example_branch_operator.py
[2024-04-08T03:05:39.213+0000] {processor.py:840} INFO - DAG(s) 'example_branch_operator' retrieved from /home/airflow/.local/lib/python3.8/site-packages/airflow/example_dags/example_branch_operator.py
[2024-04-08T03:05:39.246+0000] {logging_mixin.py:188} INFO - [2024-04-08T03:05:39.245+0000] {dag.py:3047} INFO - Sync 1 DAGs
[2024-04-08T03:05:39.267+0000] {logging_mixin.py:188} INFO - [2024-04-08T03:05:39.267+0000] {dag.py:3834} INFO - Setting next_dagrun for example_branch_operator to 2024-04-07 00:00:00+00:00, run_after=2024-04-08 00:00:00+00:00
[2024-04-08T03:05:39.294+0000] {processor.py:183} INFO - Processing /home/airflow/.local/lib/python3.8/site-packages/airflow/example_dags/example_branch_operator.py took 0.108 seconds
[2024-04-08T03:06:09.537+0000] {processor.py:161} INFO - Started process (PID=3883) to work on /home/airflow/.local/lib/python3.8/site-packages/airflow/example_dags/example_branch_operator.py
[2024-04-08T03:06:09.539+0000] {processor.py:830} INFO - Processing file /home/airflow/.local/lib/python3.8/site-packages/airflow/example_dags/example_branch_operator.py for tasks to queue
[2024-04-08T03:06:09.540+0000] {logging_mixin.py:188} INFO - [2024-04-08T03:06:09.539+0000] {dagbag.py:540} INFO - Filling up the DagBag from /home/airflow/.local/lib/python3.8/site-packages/airflow/example_dags/example_branch_operator.py
[2024-04-08T03:06:09.566+0000] {processor.py:840} INFO - DAG(s) 'example_branch_operator' retrieved from /home/airflow/.local/lib/python3.8/site-packages/airflow/example_dags/example_branch_operator.py
[2024-04-08T03:06:09.598+0000] {logging_mixin.py:188} INFO - [2024-04-08T03:06:09.597+0000] {dag.py:3047} INFO - Sync 1 DAGs
[2024-04-08T03:06:09.620+0000] {logging_mixin.py:188} INFO - [2024-04-08T03:06:09.620+0000] {dag.py:3834} INFO - Setting next_dagrun for example_branch_operator to 2024-04-07 00:00:00+00:00, run_after=2024-04-08 00:00:00+00:00
[2024-04-08T03:06:09.642+0000] {processor.py:183} INFO - Processing /home/airflow/.local/lib/python3.8/site-packages/airflow/example_dags/example_branch_operator.py took 0.108 seconds
[2024-04-08T03:06:39.859+0000] {processor.py:161} INFO - Started process (PID=4131) to work on /home/airflow/.local/lib/python3.8/site-packages/airflow/example_dags/example_branch_operator.py
[2024-04-08T03:06:39.860+0000] {processor.py:830} INFO - Processing file /home/airflow/.local/lib/python3.8/site-packages/airflow/example_dags/example_branch_operator.py for tasks to queue
[2024-04-08T03:06:39.862+0000] {logging_mixin.py:188} INFO - [2024-04-08T03:06:39.861+0000] {dagbag.py:540} INFO - Filling up the DagBag from /home/airflow/.local/lib/python3.8/site-packages/airflow/example_dags/example_branch_operator.py
[2024-04-08T03:06:39.884+0000] {processor.py:840} INFO - DAG(s) 'example_branch_operator' retrieved from /home/airflow/.local/lib/python3.8/site-packages/airflow/example_dags/example_branch_operator.py
[2024-04-08T03:06:39.922+0000] {logging_mixin.py:188} INFO - [2024-04-08T03:06:39.922+0000] {dag.py:3047} INFO - Sync 1 DAGs
[2024-04-08T03:06:39.948+0000] {logging_mixin.py:188} INFO - [2024-04-08T03:06:39.948+0000] {dag.py:3834} INFO - Setting next_dagrun for example_branch_operator to 2024-04-07 00:00:00+00:00, run_after=2024-04-08 00:00:00+00:00
[2024-04-08T03:06:39.978+0000] {processor.py:183} INFO - Processing /home/airflow/.local/lib/python3.8/site-packages/airflow/example_dags/example_branch_operator.py took 0.122 seconds
