[2024-04-08T02:58:36.714+0000] {processor.py:161} INFO - Started process (PID=317) to work on /home/airflow/.local/lib/python3.8/site-packages/airflow/example_dags/example_python_operator.py
[2024-04-08T02:58:36.715+0000] {processor.py:830} INFO - Processing file /home/airflow/.local/lib/python3.8/site-packages/airflow/example_dags/example_python_operator.py for tasks to queue
[2024-04-08T02:58:36.717+0000] {logging_mixin.py:188} INFO - [2024-04-08T02:58:36.716+0000] {dagbag.py:540} INFO - Filling up the DagBag from /home/airflow/.local/lib/python3.8/site-packages/airflow/example_dags/example_python_operator.py
[2024-04-08T02:58:36.731+0000] {processor.py:840} INFO - DAG(s) 'example_python_operator' retrieved from /home/airflow/.local/lib/python3.8/site-packages/airflow/example_dags/example_python_operator.py
[2024-04-08T02:58:36.861+0000] {logging_mixin.py:188} INFO - [2024-04-08T02:58:36.861+0000] {override.py:1769} INFO - Created Permission View: can read on DAG:example_python_operator
[2024-04-08T02:58:36.878+0000] {logging_mixin.py:188} INFO - [2024-04-08T02:58:36.877+0000] {override.py:1769} INFO - Created Permission View: can delete on DAG:example_python_operator
[2024-04-08T02:58:36.890+0000] {logging_mixin.py:188} INFO - [2024-04-08T02:58:36.890+0000] {override.py:1769} INFO - Created Permission View: can edit on DAG:example_python_operator
[2024-04-08T02:58:36.891+0000] {logging_mixin.py:188} INFO - [2024-04-08T02:58:36.891+0000] {dag.py:3047} INFO - Sync 1 DAGs
[2024-04-08T02:58:36.903+0000] {logging_mixin.py:188} INFO - [2024-04-08T02:58:36.903+0000] {dag.py:3069} INFO - Creating ORM DAG for example_python_operator
[2024-04-08T02:58:36.904+0000] {logging_mixin.py:188} INFO - [2024-04-08T02:58:36.904+0000] {dag.py:3834} INFO - Setting next_dagrun for example_python_operator to None, run_after=None
[2024-04-08T02:58:36.925+0000] {processor.py:183} INFO - Processing /home/airflow/.local/lib/python3.8/site-packages/airflow/example_dags/example_python_operator.py took 0.214 seconds
[2024-04-08T02:59:07.828+0000] {processor.py:161} INFO - Started process (PID=566) to work on /home/airflow/.local/lib/python3.8/site-packages/airflow/example_dags/example_python_operator.py
[2024-04-08T02:59:07.829+0000] {processor.py:830} INFO - Processing file /home/airflow/.local/lib/python3.8/site-packages/airflow/example_dags/example_python_operator.py for tasks to queue
[2024-04-08T02:59:07.830+0000] {logging_mixin.py:188} INFO - [2024-04-08T02:59:07.830+0000] {dagbag.py:540} INFO - Filling up the DagBag from /home/airflow/.local/lib/python3.8/site-packages/airflow/example_dags/example_python_operator.py
[2024-04-08T02:59:07.843+0000] {processor.py:840} INFO - DAG(s) 'example_python_operator' retrieved from /home/airflow/.local/lib/python3.8/site-packages/airflow/example_dags/example_python_operator.py
[2024-04-08T02:59:07.869+0000] {logging_mixin.py:188} INFO - [2024-04-08T02:59:07.869+0000] {dag.py:3047} INFO - Sync 1 DAGs
[2024-04-08T02:59:07.883+0000] {logging_mixin.py:188} INFO - [2024-04-08T02:59:07.883+0000] {dag.py:3834} INFO - Setting next_dagrun for example_python_operator to None, run_after=None
[2024-04-08T02:59:07.907+0000] {processor.py:183} INFO - Processing /home/airflow/.local/lib/python3.8/site-packages/airflow/example_dags/example_python_operator.py took 0.083 seconds
[2024-04-08T02:59:38.858+0000] {processor.py:161} INFO - Started process (PID=811) to work on /home/airflow/.local/lib/python3.8/site-packages/airflow/example_dags/example_python_operator.py
[2024-04-08T02:59:38.859+0000] {processor.py:830} INFO - Processing file /home/airflow/.local/lib/python3.8/site-packages/airflow/example_dags/example_python_operator.py for tasks to queue
[2024-04-08T02:59:38.861+0000] {logging_mixin.py:188} INFO - [2024-04-08T02:59:38.860+0000] {dagbag.py:540} INFO - Filling up the DagBag from /home/airflow/.local/lib/python3.8/site-packages/airflow/example_dags/example_python_operator.py
[2024-04-08T02:59:38.879+0000] {processor.py:840} INFO - DAG(s) 'example_python_operator' retrieved from /home/airflow/.local/lib/python3.8/site-packages/airflow/example_dags/example_python_operator.py
[2024-04-08T02:59:38.904+0000] {logging_mixin.py:188} INFO - [2024-04-08T02:59:38.903+0000] {dag.py:3047} INFO - Sync 1 DAGs
[2024-04-08T02:59:38.917+0000] {logging_mixin.py:188} INFO - [2024-04-08T02:59:38.917+0000] {dag.py:3834} INFO - Setting next_dagrun for example_python_operator to None, run_after=None
[2024-04-08T02:59:38.940+0000] {processor.py:183} INFO - Processing /home/airflow/.local/lib/python3.8/site-packages/airflow/example_dags/example_python_operator.py took 0.086 seconds
[2024-04-08T03:00:09.000+0000] {processor.py:161} INFO - Started process (PID=1053) to work on /home/airflow/.local/lib/python3.8/site-packages/airflow/example_dags/example_python_operator.py
[2024-04-08T03:00:09.001+0000] {processor.py:830} INFO - Processing file /home/airflow/.local/lib/python3.8/site-packages/airflow/example_dags/example_python_operator.py for tasks to queue
[2024-04-08T03:00:09.002+0000] {logging_mixin.py:188} INFO - [2024-04-08T03:00:09.002+0000] {dagbag.py:540} INFO - Filling up the DagBag from /home/airflow/.local/lib/python3.8/site-packages/airflow/example_dags/example_python_operator.py
[2024-04-08T03:00:09.014+0000] {processor.py:840} INFO - DAG(s) 'example_python_operator' retrieved from /home/airflow/.local/lib/python3.8/site-packages/airflow/example_dags/example_python_operator.py
[2024-04-08T03:00:09.037+0000] {logging_mixin.py:188} INFO - [2024-04-08T03:00:09.037+0000] {dag.py:3047} INFO - Sync 1 DAGs
[2024-04-08T03:00:09.050+0000] {logging_mixin.py:188} INFO - [2024-04-08T03:00:09.050+0000] {dag.py:3834} INFO - Setting next_dagrun for example_python_operator to None, run_after=None
[2024-04-08T03:00:09.075+0000] {processor.py:183} INFO - Processing /home/airflow/.local/lib/python3.8/site-packages/airflow/example_dags/example_python_operator.py took 0.079 seconds
[2024-04-08T03:00:39.973+0000] {processor.py:161} INFO - Started process (PID=1305) to work on /home/airflow/.local/lib/python3.8/site-packages/airflow/example_dags/example_python_operator.py
[2024-04-08T03:00:39.981+0000] {processor.py:830} INFO - Processing file /home/airflow/.local/lib/python3.8/site-packages/airflow/example_dags/example_python_operator.py for tasks to queue
[2024-04-08T03:00:39.982+0000] {logging_mixin.py:188} INFO - [2024-04-08T03:00:39.982+0000] {dagbag.py:540} INFO - Filling up the DagBag from /home/airflow/.local/lib/python3.8/site-packages/airflow/example_dags/example_python_operator.py
[2024-04-08T03:00:40.010+0000] {processor.py:840} INFO - DAG(s) 'example_python_operator' retrieved from /home/airflow/.local/lib/python3.8/site-packages/airflow/example_dags/example_python_operator.py
[2024-04-08T03:00:40.055+0000] {logging_mixin.py:188} INFO - [2024-04-08T03:00:40.055+0000] {dag.py:3047} INFO - Sync 1 DAGs
[2024-04-08T03:00:40.093+0000] {logging_mixin.py:188} INFO - [2024-04-08T03:00:40.085+0000] {dag.py:3834} INFO - Setting next_dagrun for example_python_operator to None, run_after=None
[2024-04-08T03:00:40.118+0000] {processor.py:183} INFO - Processing /home/airflow/.local/lib/python3.8/site-packages/airflow/example_dags/example_python_operator.py took 0.149 seconds
[2024-04-08T03:01:10.554+0000] {processor.py:161} INFO - Started process (PID=1552) to work on /home/airflow/.local/lib/python3.8/site-packages/airflow/example_dags/example_python_operator.py
[2024-04-08T03:01:10.555+0000] {processor.py:830} INFO - Processing file /home/airflow/.local/lib/python3.8/site-packages/airflow/example_dags/example_python_operator.py for tasks to queue
[2024-04-08T03:01:10.557+0000] {logging_mixin.py:188} INFO - [2024-04-08T03:01:10.556+0000] {dagbag.py:540} INFO - Filling up the DagBag from /home/airflow/.local/lib/python3.8/site-packages/airflow/example_dags/example_python_operator.py
[2024-04-08T03:01:10.570+0000] {processor.py:840} INFO - DAG(s) 'example_python_operator' retrieved from /home/airflow/.local/lib/python3.8/site-packages/airflow/example_dags/example_python_operator.py
[2024-04-08T03:01:10.595+0000] {logging_mixin.py:188} INFO - [2024-04-08T03:01:10.595+0000] {dag.py:3047} INFO - Sync 1 DAGs
[2024-04-08T03:01:10.610+0000] {logging_mixin.py:188} INFO - [2024-04-08T03:01:10.609+0000] {dag.py:3834} INFO - Setting next_dagrun for example_python_operator to None, run_after=None
[2024-04-08T03:01:10.634+0000] {processor.py:183} INFO - Processing /home/airflow/.local/lib/python3.8/site-packages/airflow/example_dags/example_python_operator.py took 0.084 seconds
[2024-04-08T03:01:41.108+0000] {processor.py:161} INFO - Started process (PID=1799) to work on /home/airflow/.local/lib/python3.8/site-packages/airflow/example_dags/example_python_operator.py
[2024-04-08T03:01:41.110+0000] {processor.py:830} INFO - Processing file /home/airflow/.local/lib/python3.8/site-packages/airflow/example_dags/example_python_operator.py for tasks to queue
[2024-04-08T03:01:41.111+0000] {logging_mixin.py:188} INFO - [2024-04-08T03:01:41.110+0000] {dagbag.py:540} INFO - Filling up the DagBag from /home/airflow/.local/lib/python3.8/site-packages/airflow/example_dags/example_python_operator.py
[2024-04-08T03:01:41.123+0000] {processor.py:840} INFO - DAG(s) 'example_python_operator' retrieved from /home/airflow/.local/lib/python3.8/site-packages/airflow/example_dags/example_python_operator.py
[2024-04-08T03:01:41.148+0000] {logging_mixin.py:188} INFO - [2024-04-08T03:01:41.148+0000] {dag.py:3047} INFO - Sync 1 DAGs
[2024-04-08T03:01:41.162+0000] {logging_mixin.py:188} INFO - [2024-04-08T03:01:41.162+0000] {dag.py:3834} INFO - Setting next_dagrun for example_python_operator to None, run_after=None
[2024-04-08T03:01:41.186+0000] {processor.py:183} INFO - Processing /home/airflow/.local/lib/python3.8/site-packages/airflow/example_dags/example_python_operator.py took 0.081 seconds
[2024-04-08T03:02:11.487+0000] {processor.py:161} INFO - Started process (PID=2046) to work on /home/airflow/.local/lib/python3.8/site-packages/airflow/example_dags/example_python_operator.py
[2024-04-08T03:02:11.488+0000] {processor.py:830} INFO - Processing file /home/airflow/.local/lib/python3.8/site-packages/airflow/example_dags/example_python_operator.py for tasks to queue
[2024-04-08T03:02:11.489+0000] {logging_mixin.py:188} INFO - [2024-04-08T03:02:11.489+0000] {dagbag.py:540} INFO - Filling up the DagBag from /home/airflow/.local/lib/python3.8/site-packages/airflow/example_dags/example_python_operator.py
[2024-04-08T03:02:11.513+0000] {processor.py:840} INFO - DAG(s) 'example_python_operator' retrieved from /home/airflow/.local/lib/python3.8/site-packages/airflow/example_dags/example_python_operator.py
[2024-04-08T03:02:11.565+0000] {logging_mixin.py:188} INFO - [2024-04-08T03:02:11.565+0000] {dag.py:3047} INFO - Sync 1 DAGs
[2024-04-08T03:02:11.588+0000] {logging_mixin.py:188} INFO - [2024-04-08T03:02:11.588+0000] {dag.py:3834} INFO - Setting next_dagrun for example_python_operator to None, run_after=None
[2024-04-08T03:02:11.646+0000] {processor.py:183} INFO - Processing /home/airflow/.local/lib/python3.8/site-packages/airflow/example_dags/example_python_operator.py took 0.162 seconds
[2024-04-08T03:02:42.321+0000] {processor.py:161} INFO - Started process (PID=2294) to work on /home/airflow/.local/lib/python3.8/site-packages/airflow/example_dags/example_python_operator.py
[2024-04-08T03:02:42.323+0000] {processor.py:830} INFO - Processing file /home/airflow/.local/lib/python3.8/site-packages/airflow/example_dags/example_python_operator.py for tasks to queue
[2024-04-08T03:02:42.324+0000] {logging_mixin.py:188} INFO - [2024-04-08T03:02:42.323+0000] {dagbag.py:540} INFO - Filling up the DagBag from /home/airflow/.local/lib/python3.8/site-packages/airflow/example_dags/example_python_operator.py
[2024-04-08T03:02:42.350+0000] {processor.py:840} INFO - DAG(s) 'example_python_operator' retrieved from /home/airflow/.local/lib/python3.8/site-packages/airflow/example_dags/example_python_operator.py
[2024-04-08T03:02:42.380+0000] {logging_mixin.py:188} INFO - [2024-04-08T03:02:42.379+0000] {dag.py:3047} INFO - Sync 1 DAGs
[2024-04-08T03:02:42.394+0000] {logging_mixin.py:188} INFO - [2024-04-08T03:02:42.394+0000] {dag.py:3834} INFO - Setting next_dagrun for example_python_operator to None, run_after=None
[2024-04-08T03:02:42.417+0000] {processor.py:183} INFO - Processing /home/airflow/.local/lib/python3.8/site-packages/airflow/example_dags/example_python_operator.py took 0.099 seconds
[2024-04-08T03:03:12.713+0000] {processor.py:161} INFO - Started process (PID=2542) to work on /home/airflow/.local/lib/python3.8/site-packages/airflow/example_dags/example_python_operator.py
[2024-04-08T03:03:12.722+0000] {processor.py:830} INFO - Processing file /home/airflow/.local/lib/python3.8/site-packages/airflow/example_dags/example_python_operator.py for tasks to queue
[2024-04-08T03:03:12.723+0000] {logging_mixin.py:188} INFO - [2024-04-08T03:03:12.723+0000] {dagbag.py:540} INFO - Filling up the DagBag from /home/airflow/.local/lib/python3.8/site-packages/airflow/example_dags/example_python_operator.py
[2024-04-08T03:03:12.742+0000] {processor.py:840} INFO - DAG(s) 'example_python_operator' retrieved from /home/airflow/.local/lib/python3.8/site-packages/airflow/example_dags/example_python_operator.py
[2024-04-08T03:03:12.784+0000] {logging_mixin.py:188} INFO - [2024-04-08T03:03:12.783+0000] {dag.py:3047} INFO - Sync 1 DAGs
[2024-04-08T03:03:12.798+0000] {logging_mixin.py:188} INFO - [2024-04-08T03:03:12.797+0000] {dag.py:3834} INFO - Setting next_dagrun for example_python_operator to None, run_after=None
[2024-04-08T03:03:12.823+0000] {processor.py:183} INFO - Processing /home/airflow/.local/lib/python3.8/site-packages/airflow/example_dags/example_python_operator.py took 0.130 seconds
[2024-04-08T03:03:43.075+0000] {processor.py:161} INFO - Started process (PID=2790) to work on /home/airflow/.local/lib/python3.8/site-packages/airflow/example_dags/example_python_operator.py
[2024-04-08T03:03:43.076+0000] {processor.py:830} INFO - Processing file /home/airflow/.local/lib/python3.8/site-packages/airflow/example_dags/example_python_operator.py for tasks to queue
[2024-04-08T03:03:43.077+0000] {logging_mixin.py:188} INFO - [2024-04-08T03:03:43.077+0000] {dagbag.py:540} INFO - Filling up the DagBag from /home/airflow/.local/lib/python3.8/site-packages/airflow/example_dags/example_python_operator.py
[2024-04-08T03:03:43.102+0000] {processor.py:840} INFO - DAG(s) 'example_python_operator' retrieved from /home/airflow/.local/lib/python3.8/site-packages/airflow/example_dags/example_python_operator.py
[2024-04-08T03:03:43.142+0000] {logging_mixin.py:188} INFO - [2024-04-08T03:03:43.142+0000] {dag.py:3047} INFO - Sync 1 DAGs
[2024-04-08T03:03:43.170+0000] {logging_mixin.py:188} INFO - [2024-04-08T03:03:43.170+0000] {dag.py:3834} INFO - Setting next_dagrun for example_python_operator to None, run_after=None
[2024-04-08T03:03:43.210+0000] {processor.py:183} INFO - Processing /home/airflow/.local/lib/python3.8/site-packages/airflow/example_dags/example_python_operator.py took 0.140 seconds
[2024-04-08T03:04:13.269+0000] {processor.py:161} INFO - Started process (PID=3032) to work on /home/airflow/.local/lib/python3.8/site-packages/airflow/example_dags/example_python_operator.py
[2024-04-08T03:04:13.271+0000] {processor.py:830} INFO - Processing file /home/airflow/.local/lib/python3.8/site-packages/airflow/example_dags/example_python_operator.py for tasks to queue
[2024-04-08T03:04:13.272+0000] {logging_mixin.py:188} INFO - [2024-04-08T03:04:13.271+0000] {dagbag.py:540} INFO - Filling up the DagBag from /home/airflow/.local/lib/python3.8/site-packages/airflow/example_dags/example_python_operator.py
[2024-04-08T03:04:13.284+0000] {processor.py:840} INFO - DAG(s) 'example_python_operator' retrieved from /home/airflow/.local/lib/python3.8/site-packages/airflow/example_dags/example_python_operator.py
[2024-04-08T03:04:13.306+0000] {logging_mixin.py:188} INFO - [2024-04-08T03:04:13.306+0000] {dag.py:3047} INFO - Sync 1 DAGs
[2024-04-08T03:04:13.319+0000] {logging_mixin.py:188} INFO - [2024-04-08T03:04:13.318+0000] {dag.py:3834} INFO - Setting next_dagrun for example_python_operator to None, run_after=None
[2024-04-08T03:04:13.347+0000] {processor.py:183} INFO - Processing /home/airflow/.local/lib/python3.8/site-packages/airflow/example_dags/example_python_operator.py took 0.080 seconds
[2024-04-08T03:04:44.200+0000] {processor.py:161} INFO - Started process (PID=3284) to work on /home/airflow/.local/lib/python3.8/site-packages/airflow/example_dags/example_python_operator.py
[2024-04-08T03:04:44.200+0000] {processor.py:830} INFO - Processing file /home/airflow/.local/lib/python3.8/site-packages/airflow/example_dags/example_python_operator.py for tasks to queue
[2024-04-08T03:04:44.201+0000] {logging_mixin.py:188} INFO - [2024-04-08T03:04:44.201+0000] {dagbag.py:540} INFO - Filling up the DagBag from /home/airflow/.local/lib/python3.8/site-packages/airflow/example_dags/example_python_operator.py
[2024-04-08T03:04:44.211+0000] {processor.py:840} INFO - DAG(s) 'example_python_operator' retrieved from /home/airflow/.local/lib/python3.8/site-packages/airflow/example_dags/example_python_operator.py
[2024-04-08T03:04:44.230+0000] {logging_mixin.py:188} INFO - [2024-04-08T03:04:44.230+0000] {dag.py:3047} INFO - Sync 1 DAGs
[2024-04-08T03:04:44.246+0000] {logging_mixin.py:188} INFO - [2024-04-08T03:04:44.245+0000] {dag.py:3834} INFO - Setting next_dagrun for example_python_operator to None, run_after=None
[2024-04-08T03:04:44.317+0000] {processor.py:183} INFO - Processing /home/airflow/.local/lib/python3.8/site-packages/airflow/example_dags/example_python_operator.py took 0.120 seconds
[2024-04-08T03:05:14.498+0000] {processor.py:161} INFO - Started process (PID=3531) to work on /home/airflow/.local/lib/python3.8/site-packages/airflow/example_dags/example_python_operator.py
[2024-04-08T03:05:14.501+0000] {processor.py:830} INFO - Processing file /home/airflow/.local/lib/python3.8/site-packages/airflow/example_dags/example_python_operator.py for tasks to queue
[2024-04-08T03:05:14.502+0000] {logging_mixin.py:188} INFO - [2024-04-08T03:05:14.502+0000] {dagbag.py:540} INFO - Filling up the DagBag from /home/airflow/.local/lib/python3.8/site-packages/airflow/example_dags/example_python_operator.py
[2024-04-08T03:05:14.514+0000] {processor.py:840} INFO - DAG(s) 'example_python_operator' retrieved from /home/airflow/.local/lib/python3.8/site-packages/airflow/example_dags/example_python_operator.py
[2024-04-08T03:05:14.540+0000] {logging_mixin.py:188} INFO - [2024-04-08T03:05:14.540+0000] {dag.py:3047} INFO - Sync 1 DAGs
[2024-04-08T03:05:14.555+0000] {logging_mixin.py:188} INFO - [2024-04-08T03:05:14.555+0000] {dag.py:3834} INFO - Setting next_dagrun for example_python_operator to None, run_after=None
[2024-04-08T03:05:14.711+0000] {processor.py:183} INFO - Processing /home/airflow/.local/lib/python3.8/site-packages/airflow/example_dags/example_python_operator.py took 0.217 seconds
[2024-04-08T03:05:44.801+0000] {processor.py:161} INFO - Started process (PID=3773) to work on /home/airflow/.local/lib/python3.8/site-packages/airflow/example_dags/example_python_operator.py
[2024-04-08T03:05:44.802+0000] {processor.py:830} INFO - Processing file /home/airflow/.local/lib/python3.8/site-packages/airflow/example_dags/example_python_operator.py for tasks to queue
[2024-04-08T03:05:44.803+0000] {logging_mixin.py:188} INFO - [2024-04-08T03:05:44.803+0000] {dagbag.py:540} INFO - Filling up the DagBag from /home/airflow/.local/lib/python3.8/site-packages/airflow/example_dags/example_python_operator.py
[2024-04-08T03:05:44.815+0000] {processor.py:840} INFO - DAG(s) 'example_python_operator' retrieved from /home/airflow/.local/lib/python3.8/site-packages/airflow/example_dags/example_python_operator.py
[2024-04-08T03:05:44.838+0000] {logging_mixin.py:188} INFO - [2024-04-08T03:05:44.838+0000] {dag.py:3047} INFO - Sync 1 DAGs
[2024-04-08T03:05:44.856+0000] {logging_mixin.py:188} INFO - [2024-04-08T03:05:44.856+0000] {dag.py:3834} INFO - Setting next_dagrun for example_python_operator to None, run_after=None
[2024-04-08T03:05:44.880+0000] {processor.py:183} INFO - Processing /home/airflow/.local/lib/python3.8/site-packages/airflow/example_dags/example_python_operator.py took 0.084 seconds
[2024-04-08T03:06:15.339+0000] {processor.py:161} INFO - Started process (PID=4026) to work on /home/airflow/.local/lib/python3.8/site-packages/airflow/example_dags/example_python_operator.py
[2024-04-08T03:06:15.340+0000] {processor.py:830} INFO - Processing file /home/airflow/.local/lib/python3.8/site-packages/airflow/example_dags/example_python_operator.py for tasks to queue
[2024-04-08T03:06:15.341+0000] {logging_mixin.py:188} INFO - [2024-04-08T03:06:15.341+0000] {dagbag.py:540} INFO - Filling up the DagBag from /home/airflow/.local/lib/python3.8/site-packages/airflow/example_dags/example_python_operator.py
[2024-04-08T03:06:15.366+0000] {processor.py:840} INFO - DAG(s) 'example_python_operator' retrieved from /home/airflow/.local/lib/python3.8/site-packages/airflow/example_dags/example_python_operator.py
[2024-04-08T03:06:15.391+0000] {logging_mixin.py:188} INFO - [2024-04-08T03:06:15.390+0000] {dag.py:3047} INFO - Sync 1 DAGs
[2024-04-08T03:06:15.404+0000] {logging_mixin.py:188} INFO - [2024-04-08T03:06:15.404+0000] {dag.py:3834} INFO - Setting next_dagrun for example_python_operator to None, run_after=None
[2024-04-08T03:06:15.428+0000] {processor.py:183} INFO - Processing /home/airflow/.local/lib/python3.8/site-packages/airflow/example_dags/example_python_operator.py took 0.092 seconds
