[2024-04-08T02:58:38.759+0000] {processor.py:161} INFO - Started process (PID=377) to work on /home/airflow/.local/lib/python3.8/site-packages/airflow/example_dags/example_setup_teardown.py
[2024-04-08T02:58:38.759+0000] {processor.py:830} INFO - Processing file /home/airflow/.local/lib/python3.8/site-packages/airflow/example_dags/example_setup_teardown.py for tasks to queue
[2024-04-08T02:58:38.760+0000] {logging_mixin.py:188} INFO - [2024-04-08T02:58:38.760+0000] {dagbag.py:540} INFO - Filling up the DagBag from /home/airflow/.local/lib/python3.8/site-packages/airflow/example_dags/example_setup_teardown.py
[2024-04-08T02:58:38.768+0000] {processor.py:840} INFO - DAG(s) 'example_setup_teardown' retrieved from /home/airflow/.local/lib/python3.8/site-packages/airflow/example_dags/example_setup_teardown.py
[2024-04-08T02:58:38.892+0000] {logging_mixin.py:188} INFO - [2024-04-08T02:58:38.892+0000] {override.py:1769} INFO - Created Permission View: can read on DAG:example_setup_teardown
[2024-04-08T02:58:38.907+0000] {logging_mixin.py:188} INFO - [2024-04-08T02:58:38.907+0000] {override.py:1769} INFO - Created Permission View: can delete on DAG:example_setup_teardown
[2024-04-08T02:58:38.919+0000] {logging_mixin.py:188} INFO - [2024-04-08T02:58:38.919+0000] {override.py:1769} INFO - Created Permission View: can edit on DAG:example_setup_teardown
[2024-04-08T02:58:38.920+0000] {logging_mixin.py:188} INFO - [2024-04-08T02:58:38.919+0000] {dag.py:3047} INFO - Sync 1 DAGs
[2024-04-08T02:58:38.934+0000] {logging_mixin.py:188} INFO - [2024-04-08T02:58:38.934+0000] {dag.py:3069} INFO - Creating ORM DAG for example_setup_teardown
[2024-04-08T02:58:38.945+0000] {logging_mixin.py:188} INFO - [2024-04-08T02:58:38.945+0000] {dag.py:3834} INFO - Setting next_dagrun for example_setup_teardown to 2024-04-07 00:00:00+00:00, run_after=2024-04-08 00:00:00+00:00
[2024-04-08T02:58:38.968+0000] {processor.py:183} INFO - Processing /home/airflow/.local/lib/python3.8/site-packages/airflow/example_dags/example_setup_teardown.py took 0.213 seconds
[2024-04-08T02:59:09.894+0000] {processor.py:161} INFO - Started process (PID=626) to work on /home/airflow/.local/lib/python3.8/site-packages/airflow/example_dags/example_setup_teardown.py
[2024-04-08T02:59:09.895+0000] {processor.py:830} INFO - Processing file /home/airflow/.local/lib/python3.8/site-packages/airflow/example_dags/example_setup_teardown.py for tasks to queue
[2024-04-08T02:59:09.896+0000] {logging_mixin.py:188} INFO - [2024-04-08T02:59:09.896+0000] {dagbag.py:540} INFO - Filling up the DagBag from /home/airflow/.local/lib/python3.8/site-packages/airflow/example_dags/example_setup_teardown.py
[2024-04-08T02:59:09.905+0000] {processor.py:840} INFO - DAG(s) 'example_setup_teardown' retrieved from /home/airflow/.local/lib/python3.8/site-packages/airflow/example_dags/example_setup_teardown.py
[2024-04-08T02:59:09.939+0000] {logging_mixin.py:188} INFO - [2024-04-08T02:59:09.938+0000] {dag.py:3047} INFO - Sync 1 DAGs
[2024-04-08T02:59:09.971+0000] {logging_mixin.py:188} INFO - [2024-04-08T02:59:09.971+0000] {dag.py:3834} INFO - Setting next_dagrun for example_setup_teardown to 2024-04-07 00:00:00+00:00, run_after=2024-04-08 00:00:00+00:00
[2024-04-08T02:59:10.003+0000] {processor.py:183} INFO - Processing /home/airflow/.local/lib/python3.8/site-packages/airflow/example_dags/example_setup_teardown.py took 0.114 seconds
[2024-04-08T02:59:40.703+0000] {processor.py:161} INFO - Started process (PID=873) to work on /home/airflow/.local/lib/python3.8/site-packages/airflow/example_dags/example_setup_teardown.py
[2024-04-08T02:59:40.704+0000] {processor.py:830} INFO - Processing file /home/airflow/.local/lib/python3.8/site-packages/airflow/example_dags/example_setup_teardown.py for tasks to queue
[2024-04-08T02:59:40.704+0000] {logging_mixin.py:188} INFO - [2024-04-08T02:59:40.704+0000] {dagbag.py:540} INFO - Filling up the DagBag from /home/airflow/.local/lib/python3.8/site-packages/airflow/example_dags/example_setup_teardown.py
[2024-04-08T02:59:40.713+0000] {processor.py:840} INFO - DAG(s) 'example_setup_teardown' retrieved from /home/airflow/.local/lib/python3.8/site-packages/airflow/example_dags/example_setup_teardown.py
[2024-04-08T02:59:40.735+0000] {logging_mixin.py:188} INFO - [2024-04-08T02:59:40.735+0000] {dag.py:3047} INFO - Sync 1 DAGs
[2024-04-08T02:59:40.756+0000] {logging_mixin.py:188} INFO - [2024-04-08T02:59:40.756+0000] {dag.py:3834} INFO - Setting next_dagrun for example_setup_teardown to 2024-04-07 00:00:00+00:00, run_after=2024-04-08 00:00:00+00:00
[2024-04-08T02:59:40.783+0000] {processor.py:183} INFO - Processing /home/airflow/.local/lib/python3.8/site-packages/airflow/example_dags/example_setup_teardown.py took 0.083 seconds
[2024-04-08T03:00:11.211+0000] {processor.py:161} INFO - Started process (PID=1118) to work on /home/airflow/.local/lib/python3.8/site-packages/airflow/example_dags/example_setup_teardown.py
[2024-04-08T03:00:11.212+0000] {processor.py:830} INFO - Processing file /home/airflow/.local/lib/python3.8/site-packages/airflow/example_dags/example_setup_teardown.py for tasks to queue
[2024-04-08T03:00:11.213+0000] {logging_mixin.py:188} INFO - [2024-04-08T03:00:11.213+0000] {dagbag.py:540} INFO - Filling up the DagBag from /home/airflow/.local/lib/python3.8/site-packages/airflow/example_dags/example_setup_teardown.py
[2024-04-08T03:00:11.222+0000] {processor.py:840} INFO - DAG(s) 'example_setup_teardown' retrieved from /home/airflow/.local/lib/python3.8/site-packages/airflow/example_dags/example_setup_teardown.py
[2024-04-08T03:00:11.250+0000] {logging_mixin.py:188} INFO - [2024-04-08T03:00:11.250+0000] {dag.py:3047} INFO - Sync 1 DAGs
[2024-04-08T03:00:11.301+0000] {logging_mixin.py:188} INFO - [2024-04-08T03:00:11.300+0000] {dag.py:3834} INFO - Setting next_dagrun for example_setup_teardown to 2024-04-07 00:00:00+00:00, run_after=2024-04-08 00:00:00+00:00
[2024-04-08T03:00:11.328+0000] {processor.py:183} INFO - Processing /home/airflow/.local/lib/python3.8/site-packages/airflow/example_dags/example_setup_teardown.py took 0.121 seconds
[2024-04-08T03:00:41.859+0000] {processor.py:161} INFO - Started process (PID=1364) to work on /home/airflow/.local/lib/python3.8/site-packages/airflow/example_dags/example_setup_teardown.py
[2024-04-08T03:00:41.860+0000] {processor.py:830} INFO - Processing file /home/airflow/.local/lib/python3.8/site-packages/airflow/example_dags/example_setup_teardown.py for tasks to queue
[2024-04-08T03:00:41.862+0000] {logging_mixin.py:188} INFO - [2024-04-08T03:00:41.861+0000] {dagbag.py:540} INFO - Filling up the DagBag from /home/airflow/.local/lib/python3.8/site-packages/airflow/example_dags/example_setup_teardown.py
[2024-04-08T03:00:41.871+0000] {processor.py:840} INFO - DAG(s) 'example_setup_teardown' retrieved from /home/airflow/.local/lib/python3.8/site-packages/airflow/example_dags/example_setup_teardown.py
[2024-04-08T03:00:41.893+0000] {logging_mixin.py:188} INFO - [2024-04-08T03:00:41.893+0000] {dag.py:3047} INFO - Sync 1 DAGs
[2024-04-08T03:00:41.913+0000] {logging_mixin.py:188} INFO - [2024-04-08T03:00:41.913+0000] {dag.py:3834} INFO - Setting next_dagrun for example_setup_teardown to 2024-04-07 00:00:00+00:00, run_after=2024-04-08 00:00:00+00:00
[2024-04-08T03:00:41.936+0000] {processor.py:183} INFO - Processing /home/airflow/.local/lib/python3.8/site-packages/airflow/example_dags/example_setup_teardown.py took 0.086 seconds
[2024-04-08T03:01:12.615+0000] {processor.py:161} INFO - Started process (PID=1612) to work on /home/airflow/.local/lib/python3.8/site-packages/airflow/example_dags/example_setup_teardown.py
[2024-04-08T03:01:12.634+0000] {processor.py:830} INFO - Processing file /home/airflow/.local/lib/python3.8/site-packages/airflow/example_dags/example_setup_teardown.py for tasks to queue
[2024-04-08T03:01:12.635+0000] {logging_mixin.py:188} INFO - [2024-04-08T03:01:12.635+0000] {dagbag.py:540} INFO - Filling up the DagBag from /home/airflow/.local/lib/python3.8/site-packages/airflow/example_dags/example_setup_teardown.py
[2024-04-08T03:01:12.648+0000] {processor.py:840} INFO - DAG(s) 'example_setup_teardown' retrieved from /home/airflow/.local/lib/python3.8/site-packages/airflow/example_dags/example_setup_teardown.py
[2024-04-08T03:01:12.687+0000] {logging_mixin.py:188} INFO - [2024-04-08T03:01:12.687+0000] {dag.py:3047} INFO - Sync 1 DAGs
[2024-04-08T03:01:12.711+0000] {logging_mixin.py:188} INFO - [2024-04-08T03:01:12.711+0000] {dag.py:3834} INFO - Setting next_dagrun for example_setup_teardown to 2024-04-07 00:00:00+00:00, run_after=2024-04-08 00:00:00+00:00
[2024-04-08T03:01:12.737+0000] {processor.py:183} INFO - Processing /home/airflow/.local/lib/python3.8/site-packages/airflow/example_dags/example_setup_teardown.py took 0.129 seconds
[2024-04-08T03:01:42.849+0000] {processor.py:161} INFO - Started process (PID=1859) to work on /home/airflow/.local/lib/python3.8/site-packages/airflow/example_dags/example_setup_teardown.py
[2024-04-08T03:01:42.850+0000] {processor.py:830} INFO - Processing file /home/airflow/.local/lib/python3.8/site-packages/airflow/example_dags/example_setup_teardown.py for tasks to queue
[2024-04-08T03:01:42.851+0000] {logging_mixin.py:188} INFO - [2024-04-08T03:01:42.851+0000] {dagbag.py:540} INFO - Filling up the DagBag from /home/airflow/.local/lib/python3.8/site-packages/airflow/example_dags/example_setup_teardown.py
[2024-04-08T03:01:42.858+0000] {processor.py:840} INFO - DAG(s) 'example_setup_teardown' retrieved from /home/airflow/.local/lib/python3.8/site-packages/airflow/example_dags/example_setup_teardown.py
[2024-04-08T03:01:42.887+0000] {logging_mixin.py:188} INFO - [2024-04-08T03:01:42.887+0000] {dag.py:3047} INFO - Sync 1 DAGs
[2024-04-08T03:01:42.929+0000] {logging_mixin.py:188} INFO - [2024-04-08T03:01:42.928+0000] {dag.py:3834} INFO - Setting next_dagrun for example_setup_teardown to 2024-04-07 00:00:00+00:00, run_after=2024-04-08 00:00:00+00:00
[2024-04-08T03:01:42.990+0000] {processor.py:183} INFO - Processing /home/airflow/.local/lib/python3.8/site-packages/airflow/example_dags/example_setup_teardown.py took 0.145 seconds
[2024-04-08T03:02:13.634+0000] {processor.py:161} INFO - Started process (PID=2106) to work on /home/airflow/.local/lib/python3.8/site-packages/airflow/example_dags/example_setup_teardown.py
[2024-04-08T03:02:13.638+0000] {processor.py:830} INFO - Processing file /home/airflow/.local/lib/python3.8/site-packages/airflow/example_dags/example_setup_teardown.py for tasks to queue
[2024-04-08T03:02:13.639+0000] {logging_mixin.py:188} INFO - [2024-04-08T03:02:13.639+0000] {dagbag.py:540} INFO - Filling up the DagBag from /home/airflow/.local/lib/python3.8/site-packages/airflow/example_dags/example_setup_teardown.py
[2024-04-08T03:02:13.652+0000] {processor.py:840} INFO - DAG(s) 'example_setup_teardown' retrieved from /home/airflow/.local/lib/python3.8/site-packages/airflow/example_dags/example_setup_teardown.py
[2024-04-08T03:02:13.691+0000] {logging_mixin.py:188} INFO - [2024-04-08T03:02:13.690+0000] {dag.py:3047} INFO - Sync 1 DAGs
[2024-04-08T03:02:13.714+0000] {logging_mixin.py:188} INFO - [2024-04-08T03:02:13.713+0000] {dag.py:3834} INFO - Setting next_dagrun for example_setup_teardown to 2024-04-07 00:00:00+00:00, run_after=2024-04-08 00:00:00+00:00
[2024-04-08T03:02:13.743+0000] {processor.py:183} INFO - Processing /home/airflow/.local/lib/python3.8/site-packages/airflow/example_dags/example_setup_teardown.py took 0.114 seconds
[2024-04-08T03:02:44.293+0000] {processor.py:161} INFO - Started process (PID=2356) to work on /home/airflow/.local/lib/python3.8/site-packages/airflow/example_dags/example_setup_teardown.py
[2024-04-08T03:02:44.294+0000] {processor.py:830} INFO - Processing file /home/airflow/.local/lib/python3.8/site-packages/airflow/example_dags/example_setup_teardown.py for tasks to queue
[2024-04-08T03:02:44.295+0000] {logging_mixin.py:188} INFO - [2024-04-08T03:02:44.295+0000] {dagbag.py:540} INFO - Filling up the DagBag from /home/airflow/.local/lib/python3.8/site-packages/airflow/example_dags/example_setup_teardown.py
[2024-04-08T03:02:44.303+0000] {processor.py:840} INFO - DAG(s) 'example_setup_teardown' retrieved from /home/airflow/.local/lib/python3.8/site-packages/airflow/example_dags/example_setup_teardown.py
[2024-04-08T03:02:44.339+0000] {logging_mixin.py:188} INFO - [2024-04-08T03:02:44.338+0000] {dag.py:3047} INFO - Sync 1 DAGs
[2024-04-08T03:02:44.362+0000] {logging_mixin.py:188} INFO - [2024-04-08T03:02:44.362+0000] {dag.py:3834} INFO - Setting next_dagrun for example_setup_teardown to 2024-04-07 00:00:00+00:00, run_after=2024-04-08 00:00:00+00:00
[2024-04-08T03:02:44.386+0000] {processor.py:183} INFO - Processing /home/airflow/.local/lib/python3.8/site-packages/airflow/example_dags/example_setup_teardown.py took 0.096 seconds
[2024-04-08T03:03:14.622+0000] {processor.py:161} INFO - Started process (PID=2609) to work on /home/airflow/.local/lib/python3.8/site-packages/airflow/example_dags/example_setup_teardown.py
[2024-04-08T03:03:14.623+0000] {processor.py:830} INFO - Processing file /home/airflow/.local/lib/python3.8/site-packages/airflow/example_dags/example_setup_teardown.py for tasks to queue
[2024-04-08T03:03:14.625+0000] {logging_mixin.py:188} INFO - [2024-04-08T03:03:14.625+0000] {dagbag.py:540} INFO - Filling up the DagBag from /home/airflow/.local/lib/python3.8/site-packages/airflow/example_dags/example_setup_teardown.py
[2024-04-08T03:03:14.636+0000] {processor.py:840} INFO - DAG(s) 'example_setup_teardown' retrieved from /home/airflow/.local/lib/python3.8/site-packages/airflow/example_dags/example_setup_teardown.py
[2024-04-08T03:03:14.664+0000] {logging_mixin.py:188} INFO - [2024-04-08T03:03:14.664+0000] {dag.py:3047} INFO - Sync 1 DAGs
[2024-04-08T03:03:14.715+0000] {logging_mixin.py:188} INFO - [2024-04-08T03:03:14.715+0000] {dag.py:3834} INFO - Setting next_dagrun for example_setup_teardown to 2024-04-07 00:00:00+00:00, run_after=2024-04-08 00:00:00+00:00
[2024-04-08T03:03:14.755+0000] {processor.py:183} INFO - Processing /home/airflow/.local/lib/python3.8/site-packages/airflow/example_dags/example_setup_teardown.py took 0.136 seconds
[2024-04-08T03:03:45.356+0000] {processor.py:161} INFO - Started process (PID=2852) to work on /home/airflow/.local/lib/python3.8/site-packages/airflow/example_dags/example_setup_teardown.py
[2024-04-08T03:03:45.356+0000] {processor.py:830} INFO - Processing file /home/airflow/.local/lib/python3.8/site-packages/airflow/example_dags/example_setup_teardown.py for tasks to queue
[2024-04-08T03:03:45.357+0000] {logging_mixin.py:188} INFO - [2024-04-08T03:03:45.357+0000] {dagbag.py:540} INFO - Filling up the DagBag from /home/airflow/.local/lib/python3.8/site-packages/airflow/example_dags/example_setup_teardown.py
[2024-04-08T03:03:45.366+0000] {processor.py:840} INFO - DAG(s) 'example_setup_teardown' retrieved from /home/airflow/.local/lib/python3.8/site-packages/airflow/example_dags/example_setup_teardown.py
[2024-04-08T03:03:45.399+0000] {logging_mixin.py:188} INFO - [2024-04-08T03:03:45.399+0000] {dag.py:3047} INFO - Sync 1 DAGs
[2024-04-08T03:03:45.445+0000] {logging_mixin.py:188} INFO - [2024-04-08T03:03:45.445+0000] {dag.py:3834} INFO - Setting next_dagrun for example_setup_teardown to 2024-04-07 00:00:00+00:00, run_after=2024-04-08 00:00:00+00:00
[2024-04-08T03:03:45.487+0000] {processor.py:183} INFO - Processing /home/airflow/.local/lib/python3.8/site-packages/airflow/example_dags/example_setup_teardown.py took 0.135 seconds
[2024-04-08T03:04:15.889+0000] {processor.py:161} INFO - Started process (PID=3102) to work on /home/airflow/.local/lib/python3.8/site-packages/airflow/example_dags/example_setup_teardown.py
[2024-04-08T03:04:15.894+0000] {processor.py:830} INFO - Processing file /home/airflow/.local/lib/python3.8/site-packages/airflow/example_dags/example_setup_teardown.py for tasks to queue
[2024-04-08T03:04:15.898+0000] {logging_mixin.py:188} INFO - [2024-04-08T03:04:15.897+0000] {dagbag.py:540} INFO - Filling up the DagBag from /home/airflow/.local/lib/python3.8/site-packages/airflow/example_dags/example_setup_teardown.py
[2024-04-08T03:04:15.906+0000] {processor.py:840} INFO - DAG(s) 'example_setup_teardown' retrieved from /home/airflow/.local/lib/python3.8/site-packages/airflow/example_dags/example_setup_teardown.py
[2024-04-08T03:04:15.995+0000] {logging_mixin.py:188} INFO - [2024-04-08T03:04:15.995+0000] {dag.py:3047} INFO - Sync 1 DAGs
[2024-04-08T03:04:16.055+0000] {logging_mixin.py:188} INFO - [2024-04-08T03:04:16.055+0000] {dag.py:3834} INFO - Setting next_dagrun for example_setup_teardown to 2024-04-07 00:00:00+00:00, run_after=2024-04-08 00:00:00+00:00
[2024-04-08T03:04:16.254+0000] {processor.py:183} INFO - Processing /home/airflow/.local/lib/python3.8/site-packages/airflow/example_dags/example_setup_teardown.py took 0.369 seconds
[2024-04-08T03:04:46.367+0000] {processor.py:161} INFO - Started process (PID=3359) to work on /home/airflow/.local/lib/python3.8/site-packages/airflow/example_dags/example_setup_teardown.py
[2024-04-08T03:04:46.368+0000] {processor.py:830} INFO - Processing file /home/airflow/.local/lib/python3.8/site-packages/airflow/example_dags/example_setup_teardown.py for tasks to queue
[2024-04-08T03:04:46.370+0000] {logging_mixin.py:188} INFO - [2024-04-08T03:04:46.369+0000] {dagbag.py:540} INFO - Filling up the DagBag from /home/airflow/.local/lib/python3.8/site-packages/airflow/example_dags/example_setup_teardown.py
[2024-04-08T03:04:46.378+0000] {processor.py:840} INFO - DAG(s) 'example_setup_teardown' retrieved from /home/airflow/.local/lib/python3.8/site-packages/airflow/example_dags/example_setup_teardown.py
[2024-04-08T03:04:46.397+0000] {logging_mixin.py:188} INFO - [2024-04-08T03:04:46.397+0000] {dag.py:3047} INFO - Sync 1 DAGs
[2024-04-08T03:04:46.413+0000] {logging_mixin.py:188} INFO - [2024-04-08T03:04:46.413+0000] {dag.py:3834} INFO - Setting next_dagrun for example_setup_teardown to 2024-04-07 00:00:00+00:00, run_after=2024-04-08 00:00:00+00:00
[2024-04-08T03:04:46.481+0000] {processor.py:183} INFO - Processing /home/airflow/.local/lib/python3.8/site-packages/airflow/example_dags/example_setup_teardown.py took 0.118 seconds
[2024-04-08T03:05:16.788+0000] {processor.py:161} INFO - Started process (PID=3608) to work on /home/airflow/.local/lib/python3.8/site-packages/airflow/example_dags/example_setup_teardown.py
[2024-04-08T03:05:16.789+0000] {processor.py:830} INFO - Processing file /home/airflow/.local/lib/python3.8/site-packages/airflow/example_dags/example_setup_teardown.py for tasks to queue
[2024-04-08T03:05:16.790+0000] {logging_mixin.py:188} INFO - [2024-04-08T03:05:16.789+0000] {dagbag.py:540} INFO - Filling up the DagBag from /home/airflow/.local/lib/python3.8/site-packages/airflow/example_dags/example_setup_teardown.py
[2024-04-08T03:05:16.795+0000] {processor.py:840} INFO - DAG(s) 'example_setup_teardown' retrieved from /home/airflow/.local/lib/python3.8/site-packages/airflow/example_dags/example_setup_teardown.py
[2024-04-08T03:05:16.810+0000] {logging_mixin.py:188} INFO - [2024-04-08T03:05:16.810+0000] {dag.py:3047} INFO - Sync 1 DAGs
[2024-04-08T03:05:16.825+0000] {logging_mixin.py:188} INFO - [2024-04-08T03:05:16.825+0000] {dag.py:3834} INFO - Setting next_dagrun for example_setup_teardown to 2024-04-07 00:00:00+00:00, run_after=2024-04-08 00:00:00+00:00
[2024-04-08T03:05:16.907+0000] {processor.py:183} INFO - Processing /home/airflow/.local/lib/python3.8/site-packages/airflow/example_dags/example_setup_teardown.py took 0.121 seconds
[2024-04-08T03:05:47.161+0000] {processor.py:161} INFO - Started process (PID=3853) to work on /home/airflow/.local/lib/python3.8/site-packages/airflow/example_dags/example_setup_teardown.py
[2024-04-08T03:05:47.162+0000] {processor.py:830} INFO - Processing file /home/airflow/.local/lib/python3.8/site-packages/airflow/example_dags/example_setup_teardown.py for tasks to queue
[2024-04-08T03:05:47.165+0000] {logging_mixin.py:188} INFO - [2024-04-08T03:05:47.164+0000] {dagbag.py:540} INFO - Filling up the DagBag from /home/airflow/.local/lib/python3.8/site-packages/airflow/example_dags/example_setup_teardown.py
[2024-04-08T03:05:47.173+0000] {processor.py:840} INFO - DAG(s) 'example_setup_teardown' retrieved from /home/airflow/.local/lib/python3.8/site-packages/airflow/example_dags/example_setup_teardown.py
[2024-04-08T03:05:47.200+0000] {logging_mixin.py:188} INFO - [2024-04-08T03:05:47.199+0000] {dag.py:3047} INFO - Sync 1 DAGs
[2024-04-08T03:05:47.232+0000] {logging_mixin.py:188} INFO - [2024-04-08T03:05:47.231+0000] {dag.py:3834} INFO - Setting next_dagrun for example_setup_teardown to 2024-04-07 00:00:00+00:00, run_after=2024-04-08 00:00:00+00:00
[2024-04-08T03:05:47.256+0000] {processor.py:183} INFO - Processing /home/airflow/.local/lib/python3.8/site-packages/airflow/example_dags/example_setup_teardown.py took 0.098 seconds
