[2024-04-08T02:58:35.903+0000] {processor.py:161} INFO - Started process (PID=292) to work on /home/airflow/.local/lib/python3.8/site-packages/airflow/example_dags/example_sensors.py
[2024-04-08T02:58:35.904+0000] {processor.py:830} INFO - Processing file /home/airflow/.local/lib/python3.8/site-packages/airflow/example_dags/example_sensors.py for tasks to queue
[2024-04-08T02:58:35.904+0000] {logging_mixin.py:188} INFO - [2024-04-08T02:58:35.904+0000] {dagbag.py:540} INFO - Filling up the DagBag from /home/airflow/.local/lib/python3.8/site-packages/airflow/example_dags/example_sensors.py
[2024-04-08T02:58:35.942+0000] {processor.py:840} INFO - DAG(s) 'example_sensors' retrieved from /home/airflow/.local/lib/python3.8/site-packages/airflow/example_dags/example_sensors.py
[2024-04-08T02:58:36.112+0000] {logging_mixin.py:188} INFO - [2024-04-08T02:58:36.111+0000] {override.py:1769} INFO - Created Permission View: can read on DAG:example_sensors
[2024-04-08T02:58:36.127+0000] {logging_mixin.py:188} INFO - [2024-04-08T02:58:36.127+0000] {override.py:1769} INFO - Created Permission View: can delete on DAG:example_sensors
[2024-04-08T02:58:36.140+0000] {logging_mixin.py:188} INFO - [2024-04-08T02:58:36.140+0000] {override.py:1769} INFO - Created Permission View: can edit on DAG:example_sensors
[2024-04-08T02:58:36.141+0000] {logging_mixin.py:188} INFO - [2024-04-08T02:58:36.141+0000] {dag.py:3047} INFO - Sync 1 DAGs
[2024-04-08T02:58:36.154+0000] {logging_mixin.py:188} INFO - [2024-04-08T02:58:36.154+0000] {dag.py:3069} INFO - Creating ORM DAG for example_sensors
[2024-04-08T02:58:36.155+0000] {logging_mixin.py:188} INFO - [2024-04-08T02:58:36.155+0000] {dag.py:3834} INFO - Setting next_dagrun for example_sensors to None, run_after=None
[2024-04-08T02:58:36.178+0000] {processor.py:183} INFO - Processing /home/airflow/.local/lib/python3.8/site-packages/airflow/example_dags/example_sensors.py took 0.279 seconds
[2024-04-08T02:59:06.344+0000] {processor.py:161} INFO - Started process (PID=539) to work on /home/airflow/.local/lib/python3.8/site-packages/airflow/example_dags/example_sensors.py
[2024-04-08T02:59:06.346+0000] {processor.py:830} INFO - Processing file /home/airflow/.local/lib/python3.8/site-packages/airflow/example_dags/example_sensors.py for tasks to queue
[2024-04-08T02:59:06.348+0000] {logging_mixin.py:188} INFO - [2024-04-08T02:59:06.348+0000] {dagbag.py:540} INFO - Filling up the DagBag from /home/airflow/.local/lib/python3.8/site-packages/airflow/example_dags/example_sensors.py
[2024-04-08T02:59:06.362+0000] {processor.py:840} INFO - DAG(s) 'example_sensors' retrieved from /home/airflow/.local/lib/python3.8/site-packages/airflow/example_dags/example_sensors.py
[2024-04-08T02:59:06.388+0000] {logging_mixin.py:188} INFO - [2024-04-08T02:59:06.388+0000] {dag.py:3047} INFO - Sync 1 DAGs
[2024-04-08T02:59:06.397+0000] {logging_mixin.py:188} INFO - [2024-04-08T02:59:06.397+0000] {dag.py:3834} INFO - Setting next_dagrun for example_sensors to None, run_after=None
[2024-04-08T02:59:06.421+0000] {processor.py:183} INFO - Processing /home/airflow/.local/lib/python3.8/site-packages/airflow/example_dags/example_sensors.py took 0.081 seconds
[2024-04-08T02:59:36.470+0000] {processor.py:161} INFO - Started process (PID=786) to work on /home/airflow/.local/lib/python3.8/site-packages/airflow/example_dags/example_sensors.py
[2024-04-08T02:59:36.471+0000] {processor.py:830} INFO - Processing file /home/airflow/.local/lib/python3.8/site-packages/airflow/example_dags/example_sensors.py for tasks to queue
[2024-04-08T02:59:36.472+0000] {logging_mixin.py:188} INFO - [2024-04-08T02:59:36.472+0000] {dagbag.py:540} INFO - Filling up the DagBag from /home/airflow/.local/lib/python3.8/site-packages/airflow/example_dags/example_sensors.py
[2024-04-08T02:59:36.483+0000] {processor.py:840} INFO - DAG(s) 'example_sensors' retrieved from /home/airflow/.local/lib/python3.8/site-packages/airflow/example_dags/example_sensors.py
[2024-04-08T02:59:36.509+0000] {logging_mixin.py:188} INFO - [2024-04-08T02:59:36.509+0000] {dag.py:3047} INFO - Sync 1 DAGs
[2024-04-08T02:59:36.520+0000] {logging_mixin.py:188} INFO - [2024-04-08T02:59:36.520+0000] {dag.py:3834} INFO - Setting next_dagrun for example_sensors to None, run_after=None
[2024-04-08T02:59:36.539+0000] {processor.py:183} INFO - Processing /home/airflow/.local/lib/python3.8/site-packages/airflow/example_dags/example_sensors.py took 0.073 seconds
[2024-04-08T03:00:06.755+0000] {processor.py:161} INFO - Started process (PID=1033) to work on /home/airflow/.local/lib/python3.8/site-packages/airflow/example_dags/example_sensors.py
[2024-04-08T03:00:06.755+0000] {processor.py:830} INFO - Processing file /home/airflow/.local/lib/python3.8/site-packages/airflow/example_dags/example_sensors.py for tasks to queue
[2024-04-08T03:00:06.756+0000] {logging_mixin.py:188} INFO - [2024-04-08T03:00:06.756+0000] {dagbag.py:540} INFO - Filling up the DagBag from /home/airflow/.local/lib/python3.8/site-packages/airflow/example_dags/example_sensors.py
[2024-04-08T03:00:06.768+0000] {processor.py:840} INFO - DAG(s) 'example_sensors' retrieved from /home/airflow/.local/lib/python3.8/site-packages/airflow/example_dags/example_sensors.py
[2024-04-08T03:00:06.797+0000] {logging_mixin.py:188} INFO - [2024-04-08T03:00:06.797+0000] {dag.py:3047} INFO - Sync 1 DAGs
[2024-04-08T03:00:06.824+0000] {logging_mixin.py:188} INFO - [2024-04-08T03:00:06.824+0000] {dag.py:3834} INFO - Setting next_dagrun for example_sensors to None, run_after=None
[2024-04-08T03:00:06.851+0000] {processor.py:183} INFO - Processing /home/airflow/.local/lib/python3.8/site-packages/airflow/example_dags/example_sensors.py took 0.100 seconds
[2024-04-08T03:00:37.390+0000] {processor.py:161} INFO - Started process (PID=1280) to work on /home/airflow/.local/lib/python3.8/site-packages/airflow/example_dags/example_sensors.py
[2024-04-08T03:00:37.391+0000] {processor.py:830} INFO - Processing file /home/airflow/.local/lib/python3.8/site-packages/airflow/example_dags/example_sensors.py for tasks to queue
[2024-04-08T03:00:37.392+0000] {logging_mixin.py:188} INFO - [2024-04-08T03:00:37.392+0000] {dagbag.py:540} INFO - Filling up the DagBag from /home/airflow/.local/lib/python3.8/site-packages/airflow/example_dags/example_sensors.py
[2024-04-08T03:00:37.404+0000] {processor.py:840} INFO - DAG(s) 'example_sensors' retrieved from /home/airflow/.local/lib/python3.8/site-packages/airflow/example_dags/example_sensors.py
[2024-04-08T03:00:37.431+0000] {logging_mixin.py:188} INFO - [2024-04-08T03:00:37.430+0000] {dag.py:3047} INFO - Sync 1 DAGs
[2024-04-08T03:00:37.443+0000] {logging_mixin.py:188} INFO - [2024-04-08T03:00:37.443+0000] {dag.py:3834} INFO - Setting next_dagrun for example_sensors to None, run_after=None
[2024-04-08T03:00:37.469+0000] {processor.py:183} INFO - Processing /home/airflow/.local/lib/python3.8/site-packages/airflow/example_dags/example_sensors.py took 0.083 seconds
[2024-04-08T03:01:08.220+0000] {processor.py:161} INFO - Started process (PID=1527) to work on /home/airflow/.local/lib/python3.8/site-packages/airflow/example_dags/example_sensors.py
[2024-04-08T03:01:08.221+0000] {processor.py:830} INFO - Processing file /home/airflow/.local/lib/python3.8/site-packages/airflow/example_dags/example_sensors.py for tasks to queue
[2024-04-08T03:01:08.222+0000] {logging_mixin.py:188} INFO - [2024-04-08T03:01:08.221+0000] {dagbag.py:540} INFO - Filling up the DagBag from /home/airflow/.local/lib/python3.8/site-packages/airflow/example_dags/example_sensors.py
[2024-04-08T03:01:08.233+0000] {processor.py:840} INFO - DAG(s) 'example_sensors' retrieved from /home/airflow/.local/lib/python3.8/site-packages/airflow/example_dags/example_sensors.py
[2024-04-08T03:01:08.256+0000] {logging_mixin.py:188} INFO - [2024-04-08T03:01:08.256+0000] {dag.py:3047} INFO - Sync 1 DAGs
[2024-04-08T03:01:08.269+0000] {logging_mixin.py:188} INFO - [2024-04-08T03:01:08.269+0000] {dag.py:3834} INFO - Setting next_dagrun for example_sensors to None, run_after=None
[2024-04-08T03:01:08.297+0000] {processor.py:183} INFO - Processing /home/airflow/.local/lib/python3.8/site-packages/airflow/example_dags/example_sensors.py took 0.081 seconds
[2024-04-08T03:01:38.777+0000] {processor.py:161} INFO - Started process (PID=1774) to work on /home/airflow/.local/lib/python3.8/site-packages/airflow/example_dags/example_sensors.py
[2024-04-08T03:01:38.778+0000] {processor.py:830} INFO - Processing file /home/airflow/.local/lib/python3.8/site-packages/airflow/example_dags/example_sensors.py for tasks to queue
[2024-04-08T03:01:38.779+0000] {logging_mixin.py:188} INFO - [2024-04-08T03:01:38.779+0000] {dagbag.py:540} INFO - Filling up the DagBag from /home/airflow/.local/lib/python3.8/site-packages/airflow/example_dags/example_sensors.py
[2024-04-08T03:01:38.790+0000] {processor.py:840} INFO - DAG(s) 'example_sensors' retrieved from /home/airflow/.local/lib/python3.8/site-packages/airflow/example_dags/example_sensors.py
[2024-04-08T03:01:38.813+0000] {logging_mixin.py:188} INFO - [2024-04-08T03:01:38.813+0000] {dag.py:3047} INFO - Sync 1 DAGs
[2024-04-08T03:01:38.825+0000] {logging_mixin.py:188} INFO - [2024-04-08T03:01:38.825+0000] {dag.py:3834} INFO - Setting next_dagrun for example_sensors to None, run_after=None
[2024-04-08T03:01:38.847+0000] {processor.py:183} INFO - Processing /home/airflow/.local/lib/python3.8/site-packages/airflow/example_dags/example_sensors.py took 0.074 seconds
[2024-04-08T03:02:09.222+0000] {processor.py:161} INFO - Started process (PID=2021) to work on /home/airflow/.local/lib/python3.8/site-packages/airflow/example_dags/example_sensors.py
[2024-04-08T03:02:09.223+0000] {processor.py:830} INFO - Processing file /home/airflow/.local/lib/python3.8/site-packages/airflow/example_dags/example_sensors.py for tasks to queue
[2024-04-08T03:02:09.224+0000] {logging_mixin.py:188} INFO - [2024-04-08T03:02:09.224+0000] {dagbag.py:540} INFO - Filling up the DagBag from /home/airflow/.local/lib/python3.8/site-packages/airflow/example_dags/example_sensors.py
[2024-04-08T03:02:09.235+0000] {processor.py:840} INFO - DAG(s) 'example_sensors' retrieved from /home/airflow/.local/lib/python3.8/site-packages/airflow/example_dags/example_sensors.py
[2024-04-08T03:02:09.261+0000] {logging_mixin.py:188} INFO - [2024-04-08T03:02:09.261+0000] {dag.py:3047} INFO - Sync 1 DAGs
[2024-04-08T03:02:09.274+0000] {logging_mixin.py:188} INFO - [2024-04-08T03:02:09.274+0000] {dag.py:3834} INFO - Setting next_dagrun for example_sensors to None, run_after=None
[2024-04-08T03:02:09.296+0000] {processor.py:183} INFO - Processing /home/airflow/.local/lib/python3.8/site-packages/airflow/example_dags/example_sensors.py took 0.078 seconds
[2024-04-08T03:02:39.894+0000] {processor.py:161} INFO - Started process (PID=2269) to work on /home/airflow/.local/lib/python3.8/site-packages/airflow/example_dags/example_sensors.py
[2024-04-08T03:02:39.898+0000] {processor.py:830} INFO - Processing file /home/airflow/.local/lib/python3.8/site-packages/airflow/example_dags/example_sensors.py for tasks to queue
[2024-04-08T03:02:39.899+0000] {logging_mixin.py:188} INFO - [2024-04-08T03:02:39.898+0000] {dagbag.py:540} INFO - Filling up the DagBag from /home/airflow/.local/lib/python3.8/site-packages/airflow/example_dags/example_sensors.py
[2024-04-08T03:02:39.912+0000] {processor.py:840} INFO - DAG(s) 'example_sensors' retrieved from /home/airflow/.local/lib/python3.8/site-packages/airflow/example_dags/example_sensors.py
[2024-04-08T03:02:39.954+0000] {logging_mixin.py:188} INFO - [2024-04-08T03:02:39.953+0000] {dag.py:3047} INFO - Sync 1 DAGs
[2024-04-08T03:02:39.966+0000] {logging_mixin.py:188} INFO - [2024-04-08T03:02:39.966+0000] {dag.py:3834} INFO - Setting next_dagrun for example_sensors to None, run_after=None
[2024-04-08T03:02:40.002+0000] {processor.py:183} INFO - Processing /home/airflow/.local/lib/python3.8/site-packages/airflow/example_dags/example_sensors.py took 0.120 seconds
[2024-04-08T03:03:10.338+0000] {processor.py:161} INFO - Started process (PID=2517) to work on /home/airflow/.local/lib/python3.8/site-packages/airflow/example_dags/example_sensors.py
[2024-04-08T03:03:10.339+0000] {processor.py:830} INFO - Processing file /home/airflow/.local/lib/python3.8/site-packages/airflow/example_dags/example_sensors.py for tasks to queue
[2024-04-08T03:03:10.340+0000] {logging_mixin.py:188} INFO - [2024-04-08T03:03:10.340+0000] {dagbag.py:540} INFO - Filling up the DagBag from /home/airflow/.local/lib/python3.8/site-packages/airflow/example_dags/example_sensors.py
[2024-04-08T03:03:10.350+0000] {processor.py:840} INFO - DAG(s) 'example_sensors' retrieved from /home/airflow/.local/lib/python3.8/site-packages/airflow/example_dags/example_sensors.py
[2024-04-08T03:03:10.373+0000] {logging_mixin.py:188} INFO - [2024-04-08T03:03:10.372+0000] {dag.py:3047} INFO - Sync 1 DAGs
[2024-04-08T03:03:10.387+0000] {logging_mixin.py:188} INFO - [2024-04-08T03:03:10.386+0000] {dag.py:3834} INFO - Setting next_dagrun for example_sensors to None, run_after=None
[2024-04-08T03:03:10.412+0000] {processor.py:183} INFO - Processing /home/airflow/.local/lib/python3.8/site-packages/airflow/example_dags/example_sensors.py took 0.077 seconds
[2024-04-08T03:03:40.736+0000] {processor.py:161} INFO - Started process (PID=2765) to work on /home/airflow/.local/lib/python3.8/site-packages/airflow/example_dags/example_sensors.py
[2024-04-08T03:03:40.738+0000] {processor.py:830} INFO - Processing file /home/airflow/.local/lib/python3.8/site-packages/airflow/example_dags/example_sensors.py for tasks to queue
[2024-04-08T03:03:40.739+0000] {logging_mixin.py:188} INFO - [2024-04-08T03:03:40.739+0000] {dagbag.py:540} INFO - Filling up the DagBag from /home/airflow/.local/lib/python3.8/site-packages/airflow/example_dags/example_sensors.py
[2024-04-08T03:03:40.750+0000] {processor.py:840} INFO - DAG(s) 'example_sensors' retrieved from /home/airflow/.local/lib/python3.8/site-packages/airflow/example_dags/example_sensors.py
[2024-04-08T03:03:40.777+0000] {logging_mixin.py:188} INFO - [2024-04-08T03:03:40.777+0000] {dag.py:3047} INFO - Sync 1 DAGs
[2024-04-08T03:03:40.792+0000] {logging_mixin.py:188} INFO - [2024-04-08T03:03:40.792+0000] {dag.py:3834} INFO - Setting next_dagrun for example_sensors to None, run_after=None
[2024-04-08T03:03:40.815+0000] {processor.py:183} INFO - Processing /home/airflow/.local/lib/python3.8/site-packages/airflow/example_dags/example_sensors.py took 0.082 seconds
[2024-04-08T03:04:10.953+0000] {processor.py:161} INFO - Started process (PID=3012) to work on /home/airflow/.local/lib/python3.8/site-packages/airflow/example_dags/example_sensors.py
[2024-04-08T03:04:10.954+0000] {processor.py:830} INFO - Processing file /home/airflow/.local/lib/python3.8/site-packages/airflow/example_dags/example_sensors.py for tasks to queue
[2024-04-08T03:04:10.955+0000] {logging_mixin.py:188} INFO - [2024-04-08T03:04:10.955+0000] {dagbag.py:540} INFO - Filling up the DagBag from /home/airflow/.local/lib/python3.8/site-packages/airflow/example_dags/example_sensors.py
[2024-04-08T03:04:10.971+0000] {processor.py:840} INFO - DAG(s) 'example_sensors' retrieved from /home/airflow/.local/lib/python3.8/site-packages/airflow/example_dags/example_sensors.py
[2024-04-08T03:04:10.994+0000] {logging_mixin.py:188} INFO - [2024-04-08T03:04:10.994+0000] {dag.py:3047} INFO - Sync 1 DAGs
[2024-04-08T03:04:11.009+0000] {logging_mixin.py:188} INFO - [2024-04-08T03:04:11.009+0000] {dag.py:3834} INFO - Setting next_dagrun for example_sensors to None, run_after=None
[2024-04-08T03:04:11.032+0000] {processor.py:183} INFO - Processing /home/airflow/.local/lib/python3.8/site-packages/airflow/example_dags/example_sensors.py took 0.083 seconds
[2024-04-08T03:04:41.646+0000] {processor.py:161} INFO - Started process (PID=3259) to work on /home/airflow/.local/lib/python3.8/site-packages/airflow/example_dags/example_sensors.py
[2024-04-08T03:04:41.647+0000] {processor.py:830} INFO - Processing file /home/airflow/.local/lib/python3.8/site-packages/airflow/example_dags/example_sensors.py for tasks to queue
[2024-04-08T03:04:41.647+0000] {logging_mixin.py:188} INFO - [2024-04-08T03:04:41.647+0000] {dagbag.py:540} INFO - Filling up the DagBag from /home/airflow/.local/lib/python3.8/site-packages/airflow/example_dags/example_sensors.py
[2024-04-08T03:04:41.658+0000] {processor.py:840} INFO - DAG(s) 'example_sensors' retrieved from /home/airflow/.local/lib/python3.8/site-packages/airflow/example_dags/example_sensors.py
[2024-04-08T03:04:41.687+0000] {logging_mixin.py:188} INFO - [2024-04-08T03:04:41.687+0000] {dag.py:3047} INFO - Sync 1 DAGs
[2024-04-08T03:04:41.700+0000] {logging_mixin.py:188} INFO - [2024-04-08T03:04:41.700+0000] {dag.py:3834} INFO - Setting next_dagrun for example_sensors to None, run_after=None
[2024-04-08T03:04:41.736+0000] {processor.py:183} INFO - Processing /home/airflow/.local/lib/python3.8/site-packages/airflow/example_dags/example_sensors.py took 0.093 seconds
[2024-04-08T03:05:12.007+0000] {processor.py:161} INFO - Started process (PID=3506) to work on /home/airflow/.local/lib/python3.8/site-packages/airflow/example_dags/example_sensors.py
[2024-04-08T03:05:12.008+0000] {processor.py:830} INFO - Processing file /home/airflow/.local/lib/python3.8/site-packages/airflow/example_dags/example_sensors.py for tasks to queue
[2024-04-08T03:05:12.009+0000] {logging_mixin.py:188} INFO - [2024-04-08T03:05:12.009+0000] {dagbag.py:540} INFO - Filling up the DagBag from /home/airflow/.local/lib/python3.8/site-packages/airflow/example_dags/example_sensors.py
[2024-04-08T03:05:12.020+0000] {processor.py:840} INFO - DAG(s) 'example_sensors' retrieved from /home/airflow/.local/lib/python3.8/site-packages/airflow/example_dags/example_sensors.py
[2024-04-08T03:05:12.045+0000] {logging_mixin.py:188} INFO - [2024-04-08T03:05:12.045+0000] {dag.py:3047} INFO - Sync 1 DAGs
[2024-04-08T03:05:12.058+0000] {logging_mixin.py:188} INFO - [2024-04-08T03:05:12.058+0000] {dag.py:3834} INFO - Setting next_dagrun for example_sensors to None, run_after=None
[2024-04-08T03:05:12.082+0000] {processor.py:183} INFO - Processing /home/airflow/.local/lib/python3.8/site-packages/airflow/example_dags/example_sensors.py took 0.077 seconds
[2024-04-08T03:05:42.661+0000] {processor.py:161} INFO - Started process (PID=3753) to work on /home/airflow/.local/lib/python3.8/site-packages/airflow/example_dags/example_sensors.py
[2024-04-08T03:05:42.662+0000] {processor.py:830} INFO - Processing file /home/airflow/.local/lib/python3.8/site-packages/airflow/example_dags/example_sensors.py for tasks to queue
[2024-04-08T03:05:42.663+0000] {logging_mixin.py:188} INFO - [2024-04-08T03:05:42.663+0000] {dagbag.py:540} INFO - Filling up the DagBag from /home/airflow/.local/lib/python3.8/site-packages/airflow/example_dags/example_sensors.py
[2024-04-08T03:05:42.676+0000] {processor.py:840} INFO - DAG(s) 'example_sensors' retrieved from /home/airflow/.local/lib/python3.8/site-packages/airflow/example_dags/example_sensors.py
[2024-04-08T03:05:42.704+0000] {logging_mixin.py:188} INFO - [2024-04-08T03:05:42.704+0000] {dag.py:3047} INFO - Sync 1 DAGs
[2024-04-08T03:05:42.714+0000] {logging_mixin.py:188} INFO - [2024-04-08T03:05:42.714+0000] {dag.py:3834} INFO - Setting next_dagrun for example_sensors to None, run_after=None
[2024-04-08T03:05:42.737+0000] {processor.py:183} INFO - Processing /home/airflow/.local/lib/python3.8/site-packages/airflow/example_dags/example_sensors.py took 0.080 seconds
[2024-04-08T03:06:14.023+0000] {processor.py:161} INFO - Started process (PID=4003) to work on /home/airflow/.local/lib/python3.8/site-packages/airflow/example_dags/example_sensors.py
[2024-04-08T03:06:14.024+0000] {processor.py:830} INFO - Processing file /home/airflow/.local/lib/python3.8/site-packages/airflow/example_dags/example_sensors.py for tasks to queue
[2024-04-08T03:06:14.025+0000] {logging_mixin.py:188} INFO - [2024-04-08T03:06:14.024+0000] {dagbag.py:540} INFO - Filling up the DagBag from /home/airflow/.local/lib/python3.8/site-packages/airflow/example_dags/example_sensors.py
[2024-04-08T03:06:14.036+0000] {processor.py:840} INFO - DAG(s) 'example_sensors' retrieved from /home/airflow/.local/lib/python3.8/site-packages/airflow/example_dags/example_sensors.py
[2024-04-08T03:06:14.066+0000] {logging_mixin.py:188} INFO - [2024-04-08T03:06:14.066+0000] {dag.py:3047} INFO - Sync 1 DAGs
[2024-04-08T03:06:14.083+0000] {logging_mixin.py:188} INFO - [2024-04-08T03:06:14.083+0000] {dag.py:3834} INFO - Setting next_dagrun for example_sensors to None, run_after=None
[2024-04-08T03:06:14.106+0000] {processor.py:183} INFO - Processing /home/airflow/.local/lib/python3.8/site-packages/airflow/example_dags/example_sensors.py took 0.087 seconds
