[2024-04-08T02:58:31.543+0000] {processor.py:161} INFO - Started process (PID=167) to work on /home/airflow/.local/lib/python3.8/site-packages/airflow/example_dags/example_latest_only.py
[2024-04-08T02:58:31.544+0000] {processor.py:830} INFO - Processing file /home/airflow/.local/lib/python3.8/site-packages/airflow/example_dags/example_latest_only.py for tasks to queue
[2024-04-08T02:58:31.545+0000] {logging_mixin.py:188} INFO - [2024-04-08T02:58:31.544+0000] {dagbag.py:540} INFO - Filling up the DagBag from /home/airflow/.local/lib/python3.8/site-packages/airflow/example_dags/example_latest_only.py
[2024-04-08T02:58:31.553+0000] {processor.py:840} INFO - DAG(s) 'latest_only' retrieved from /home/airflow/.local/lib/python3.8/site-packages/airflow/example_dags/example_latest_only.py
[2024-04-08T02:58:31.838+0000] {logging_mixin.py:188} INFO - [2024-04-08T02:58:31.837+0000] {override.py:1769} INFO - Created Permission View: can read on DAG:latest_only
[2024-04-08T02:58:31.851+0000] {logging_mixin.py:188} INFO - [2024-04-08T02:58:31.850+0000] {override.py:1769} INFO - Created Permission View: can delete on DAG:latest_only
[2024-04-08T02:58:31.865+0000] {logging_mixin.py:188} INFO - [2024-04-08T02:58:31.865+0000] {override.py:1769} INFO - Created Permission View: can edit on DAG:latest_only
[2024-04-08T02:58:31.865+0000] {logging_mixin.py:188} INFO - [2024-04-08T02:58:31.865+0000] {dag.py:3047} INFO - Sync 1 DAGs
[2024-04-08T02:58:31.875+0000] {logging_mixin.py:188} INFO - [2024-04-08T02:58:31.875+0000] {dag.py:3069} INFO - Creating ORM DAG for latest_only
[2024-04-08T02:58:31.887+0000] {logging_mixin.py:188} INFO - [2024-04-08T02:58:31.887+0000] {dag.py:3834} INFO - Setting next_dagrun for latest_only to 2024-04-07 20:00:00+00:00, run_after=2024-04-08 00:00:00+00:00
[2024-04-08T02:58:31.913+0000] {processor.py:183} INFO - Processing /home/airflow/.local/lib/python3.8/site-packages/airflow/example_dags/example_latest_only.py took 0.373 seconds
[2024-04-08T02:59:02.147+0000] {processor.py:161} INFO - Started process (PID=414) to work on /home/airflow/.local/lib/python3.8/site-packages/airflow/example_dags/example_latest_only.py
[2024-04-08T02:59:02.148+0000] {processor.py:830} INFO - Processing file /home/airflow/.local/lib/python3.8/site-packages/airflow/example_dags/example_latest_only.py for tasks to queue
[2024-04-08T02:59:02.149+0000] {logging_mixin.py:188} INFO - [2024-04-08T02:59:02.149+0000] {dagbag.py:540} INFO - Filling up the DagBag from /home/airflow/.local/lib/python3.8/site-packages/airflow/example_dags/example_latest_only.py
[2024-04-08T02:59:02.155+0000] {processor.py:840} INFO - DAG(s) 'latest_only' retrieved from /home/airflow/.local/lib/python3.8/site-packages/airflow/example_dags/example_latest_only.py
[2024-04-08T02:59:02.176+0000] {logging_mixin.py:188} INFO - [2024-04-08T02:59:02.176+0000] {dag.py:3047} INFO - Sync 1 DAGs
[2024-04-08T02:59:02.200+0000] {logging_mixin.py:188} INFO - [2024-04-08T02:59:02.200+0000] {dag.py:3834} INFO - Setting next_dagrun for latest_only to 2024-04-07 20:00:00+00:00, run_after=2024-04-08 00:00:00+00:00
[2024-04-08T02:59:02.260+0000] {processor.py:183} INFO - Processing /home/airflow/.local/lib/python3.8/site-packages/airflow/example_dags/example_latest_only.py took 0.115 seconds
[2024-04-08T02:59:32.447+0000] {processor.py:161} INFO - Started process (PID=661) to work on /home/airflow/.local/lib/python3.8/site-packages/airflow/example_dags/example_latest_only.py
[2024-04-08T02:59:32.448+0000] {processor.py:830} INFO - Processing file /home/airflow/.local/lib/python3.8/site-packages/airflow/example_dags/example_latest_only.py for tasks to queue
[2024-04-08T02:59:32.449+0000] {logging_mixin.py:188} INFO - [2024-04-08T02:59:32.449+0000] {dagbag.py:540} INFO - Filling up the DagBag from /home/airflow/.local/lib/python3.8/site-packages/airflow/example_dags/example_latest_only.py
[2024-04-08T02:59:32.454+0000] {processor.py:840} INFO - DAG(s) 'latest_only' retrieved from /home/airflow/.local/lib/python3.8/site-packages/airflow/example_dags/example_latest_only.py
[2024-04-08T02:59:32.475+0000] {logging_mixin.py:188} INFO - [2024-04-08T02:59:32.475+0000] {dag.py:3047} INFO - Sync 1 DAGs
[2024-04-08T02:59:32.501+0000] {logging_mixin.py:188} INFO - [2024-04-08T02:59:32.501+0000] {dag.py:3834} INFO - Setting next_dagrun for latest_only to 2024-04-07 20:00:00+00:00, run_after=2024-04-08 00:00:00+00:00
[2024-04-08T02:59:32.539+0000] {processor.py:183} INFO - Processing /home/airflow/.local/lib/python3.8/site-packages/airflow/example_dags/example_latest_only.py took 0.095 seconds
[2024-04-08T03:00:02.946+0000] {processor.py:161} INFO - Started process (PID=908) to work on /home/airflow/.local/lib/python3.8/site-packages/airflow/example_dags/example_latest_only.py
[2024-04-08T03:00:02.947+0000] {processor.py:830} INFO - Processing file /home/airflow/.local/lib/python3.8/site-packages/airflow/example_dags/example_latest_only.py for tasks to queue
[2024-04-08T03:00:02.948+0000] {logging_mixin.py:188} INFO - [2024-04-08T03:00:02.947+0000] {dagbag.py:540} INFO - Filling up the DagBag from /home/airflow/.local/lib/python3.8/site-packages/airflow/example_dags/example_latest_only.py
[2024-04-08T03:00:02.953+0000] {processor.py:840} INFO - DAG(s) 'latest_only' retrieved from /home/airflow/.local/lib/python3.8/site-packages/airflow/example_dags/example_latest_only.py
[2024-04-08T03:00:02.973+0000] {logging_mixin.py:188} INFO - [2024-04-08T03:00:02.973+0000] {dag.py:3047} INFO - Sync 1 DAGs
[2024-04-08T03:00:02.995+0000] {logging_mixin.py:188} INFO - [2024-04-08T03:00:02.995+0000] {dag.py:3834} INFO - Setting next_dagrun for latest_only to 2024-04-07 20:00:00+00:00, run_after=2024-04-08 00:00:00+00:00
[2024-04-08T03:00:03.029+0000] {processor.py:183} INFO - Processing /home/airflow/.local/lib/python3.8/site-packages/airflow/example_dags/example_latest_only.py took 0.086 seconds
[2024-04-08T03:00:33.554+0000] {processor.py:161} INFO - Started process (PID=1155) to work on /home/airflow/.local/lib/python3.8/site-packages/airflow/example_dags/example_latest_only.py
[2024-04-08T03:00:33.555+0000] {processor.py:830} INFO - Processing file /home/airflow/.local/lib/python3.8/site-packages/airflow/example_dags/example_latest_only.py for tasks to queue
[2024-04-08T03:00:33.557+0000] {logging_mixin.py:188} INFO - [2024-04-08T03:00:33.556+0000] {dagbag.py:540} INFO - Filling up the DagBag from /home/airflow/.local/lib/python3.8/site-packages/airflow/example_dags/example_latest_only.py
[2024-04-08T03:00:33.563+0000] {processor.py:840} INFO - DAG(s) 'latest_only' retrieved from /home/airflow/.local/lib/python3.8/site-packages/airflow/example_dags/example_latest_only.py
[2024-04-08T03:00:33.586+0000] {logging_mixin.py:188} INFO - [2024-04-08T03:00:33.585+0000] {dag.py:3047} INFO - Sync 1 DAGs
[2024-04-08T03:00:33.612+0000] {logging_mixin.py:188} INFO - [2024-04-08T03:00:33.612+0000] {dag.py:3834} INFO - Setting next_dagrun for latest_only to 2024-04-07 20:00:00+00:00, run_after=2024-04-08 00:00:00+00:00
[2024-04-08T03:00:33.635+0000] {processor.py:183} INFO - Processing /home/airflow/.local/lib/python3.8/site-packages/airflow/example_dags/example_latest_only.py took 0.084 seconds
[2024-04-08T03:01:04.139+0000] {processor.py:161} INFO - Started process (PID=1402) to work on /home/airflow/.local/lib/python3.8/site-packages/airflow/example_dags/example_latest_only.py
[2024-04-08T03:01:04.139+0000] {processor.py:830} INFO - Processing file /home/airflow/.local/lib/python3.8/site-packages/airflow/example_dags/example_latest_only.py for tasks to queue
[2024-04-08T03:01:04.141+0000] {logging_mixin.py:188} INFO - [2024-04-08T03:01:04.140+0000] {dagbag.py:540} INFO - Filling up the DagBag from /home/airflow/.local/lib/python3.8/site-packages/airflow/example_dags/example_latest_only.py
[2024-04-08T03:01:04.147+0000] {processor.py:840} INFO - DAG(s) 'latest_only' retrieved from /home/airflow/.local/lib/python3.8/site-packages/airflow/example_dags/example_latest_only.py
[2024-04-08T03:01:04.177+0000] {logging_mixin.py:188} INFO - [2024-04-08T03:01:04.177+0000] {dag.py:3047} INFO - Sync 1 DAGs
[2024-04-08T03:01:04.199+0000] {logging_mixin.py:188} INFO - [2024-04-08T03:01:04.199+0000] {dag.py:3834} INFO - Setting next_dagrun for latest_only to 2024-04-07 20:00:00+00:00, run_after=2024-04-08 00:00:00+00:00
[2024-04-08T03:01:04.221+0000] {processor.py:183} INFO - Processing /home/airflow/.local/lib/python3.8/site-packages/airflow/example_dags/example_latest_only.py took 0.085 seconds
[2024-04-08T03:01:34.926+0000] {processor.py:161} INFO - Started process (PID=1649) to work on /home/airflow/.local/lib/python3.8/site-packages/airflow/example_dags/example_latest_only.py
[2024-04-08T03:01:34.927+0000] {processor.py:830} INFO - Processing file /home/airflow/.local/lib/python3.8/site-packages/airflow/example_dags/example_latest_only.py for tasks to queue
[2024-04-08T03:01:34.928+0000] {logging_mixin.py:188} INFO - [2024-04-08T03:01:34.928+0000] {dagbag.py:540} INFO - Filling up the DagBag from /home/airflow/.local/lib/python3.8/site-packages/airflow/example_dags/example_latest_only.py
[2024-04-08T03:01:34.934+0000] {processor.py:840} INFO - DAG(s) 'latest_only' retrieved from /home/airflow/.local/lib/python3.8/site-packages/airflow/example_dags/example_latest_only.py
[2024-04-08T03:01:34.953+0000] {logging_mixin.py:188} INFO - [2024-04-08T03:01:34.953+0000] {dag.py:3047} INFO - Sync 1 DAGs
[2024-04-08T03:01:34.980+0000] {logging_mixin.py:188} INFO - [2024-04-08T03:01:34.980+0000] {dag.py:3834} INFO - Setting next_dagrun for latest_only to 2024-04-07 20:00:00+00:00, run_after=2024-04-08 00:00:00+00:00
[2024-04-08T03:01:35.002+0000] {processor.py:183} INFO - Processing /home/airflow/.local/lib/python3.8/site-packages/airflow/example_dags/example_latest_only.py took 0.079 seconds
[2024-04-08T03:02:05.233+0000] {processor.py:161} INFO - Started process (PID=1896) to work on /home/airflow/.local/lib/python3.8/site-packages/airflow/example_dags/example_latest_only.py
[2024-04-08T03:02:05.234+0000] {processor.py:830} INFO - Processing file /home/airflow/.local/lib/python3.8/site-packages/airflow/example_dags/example_latest_only.py for tasks to queue
[2024-04-08T03:02:05.235+0000] {logging_mixin.py:188} INFO - [2024-04-08T03:02:05.234+0000] {dagbag.py:540} INFO - Filling up the DagBag from /home/airflow/.local/lib/python3.8/site-packages/airflow/example_dags/example_latest_only.py
[2024-04-08T03:02:05.240+0000] {processor.py:840} INFO - DAG(s) 'latest_only' retrieved from /home/airflow/.local/lib/python3.8/site-packages/airflow/example_dags/example_latest_only.py
[2024-04-08T03:02:05.259+0000] {logging_mixin.py:188} INFO - [2024-04-08T03:02:05.259+0000] {dag.py:3047} INFO - Sync 1 DAGs
[2024-04-08T03:02:05.282+0000] {logging_mixin.py:188} INFO - [2024-04-08T03:02:05.281+0000] {dag.py:3834} INFO - Setting next_dagrun for latest_only to 2024-04-07 20:00:00+00:00, run_after=2024-04-08 00:00:00+00:00
[2024-04-08T03:02:05.304+0000] {processor.py:183} INFO - Processing /home/airflow/.local/lib/python3.8/site-packages/airflow/example_dags/example_latest_only.py took 0.074 seconds
[2024-04-08T03:02:36.018+0000] {processor.py:161} INFO - Started process (PID=2144) to work on /home/airflow/.local/lib/python3.8/site-packages/airflow/example_dags/example_latest_only.py
[2024-04-08T03:02:36.019+0000] {processor.py:830} INFO - Processing file /home/airflow/.local/lib/python3.8/site-packages/airflow/example_dags/example_latest_only.py for tasks to queue
[2024-04-08T03:02:36.020+0000] {logging_mixin.py:188} INFO - [2024-04-08T03:02:36.020+0000] {dagbag.py:540} INFO - Filling up the DagBag from /home/airflow/.local/lib/python3.8/site-packages/airflow/example_dags/example_latest_only.py
[2024-04-08T03:02:36.026+0000] {processor.py:840} INFO - DAG(s) 'latest_only' retrieved from /home/airflow/.local/lib/python3.8/site-packages/airflow/example_dags/example_latest_only.py
[2024-04-08T03:02:36.045+0000] {logging_mixin.py:188} INFO - [2024-04-08T03:02:36.045+0000] {dag.py:3047} INFO - Sync 1 DAGs
[2024-04-08T03:02:36.069+0000] {logging_mixin.py:188} INFO - [2024-04-08T03:02:36.069+0000] {dag.py:3834} INFO - Setting next_dagrun for latest_only to 2024-04-07 20:00:00+00:00, run_after=2024-04-08 00:00:00+00:00
[2024-04-08T03:02:36.093+0000] {processor.py:183} INFO - Processing /home/airflow/.local/lib/python3.8/site-packages/airflow/example_dags/example_latest_only.py took 0.078 seconds
[2024-04-08T03:03:06.532+0000] {processor.py:161} INFO - Started process (PID=2392) to work on /home/airflow/.local/lib/python3.8/site-packages/airflow/example_dags/example_latest_only.py
[2024-04-08T03:03:06.534+0000] {processor.py:830} INFO - Processing file /home/airflow/.local/lib/python3.8/site-packages/airflow/example_dags/example_latest_only.py for tasks to queue
[2024-04-08T03:03:06.535+0000] {logging_mixin.py:188} INFO - [2024-04-08T03:03:06.535+0000] {dagbag.py:540} INFO - Filling up the DagBag from /home/airflow/.local/lib/python3.8/site-packages/airflow/example_dags/example_latest_only.py
[2024-04-08T03:03:06.541+0000] {processor.py:840} INFO - DAG(s) 'latest_only' retrieved from /home/airflow/.local/lib/python3.8/site-packages/airflow/example_dags/example_latest_only.py
[2024-04-08T03:03:06.561+0000] {logging_mixin.py:188} INFO - [2024-04-08T03:03:06.561+0000] {dag.py:3047} INFO - Sync 1 DAGs
[2024-04-08T03:03:06.585+0000] {logging_mixin.py:188} INFO - [2024-04-08T03:03:06.585+0000] {dag.py:3834} INFO - Setting next_dagrun for latest_only to 2024-04-07 20:00:00+00:00, run_after=2024-04-08 00:00:00+00:00
[2024-04-08T03:03:06.607+0000] {processor.py:183} INFO - Processing /home/airflow/.local/lib/python3.8/site-packages/airflow/example_dags/example_latest_only.py took 0.078 seconds
[2024-04-08T03:03:36.939+0000] {processor.py:161} INFO - Started process (PID=2640) to work on /home/airflow/.local/lib/python3.8/site-packages/airflow/example_dags/example_latest_only.py
[2024-04-08T03:03:36.940+0000] {processor.py:830} INFO - Processing file /home/airflow/.local/lib/python3.8/site-packages/airflow/example_dags/example_latest_only.py for tasks to queue
[2024-04-08T03:03:36.941+0000] {logging_mixin.py:188} INFO - [2024-04-08T03:03:36.941+0000] {dagbag.py:540} INFO - Filling up the DagBag from /home/airflow/.local/lib/python3.8/site-packages/airflow/example_dags/example_latest_only.py
[2024-04-08T03:03:36.947+0000] {processor.py:840} INFO - DAG(s) 'latest_only' retrieved from /home/airflow/.local/lib/python3.8/site-packages/airflow/example_dags/example_latest_only.py
[2024-04-08T03:03:36.972+0000] {logging_mixin.py:188} INFO - [2024-04-08T03:03:36.972+0000] {dag.py:3047} INFO - Sync 1 DAGs
[2024-04-08T03:03:36.995+0000] {logging_mixin.py:188} INFO - [2024-04-08T03:03:36.994+0000] {dag.py:3834} INFO - Setting next_dagrun for latest_only to 2024-04-07 20:00:00+00:00, run_after=2024-04-08 00:00:00+00:00
[2024-04-08T03:03:37.019+0000] {processor.py:183} INFO - Processing /home/airflow/.local/lib/python3.8/site-packages/airflow/example_dags/example_latest_only.py took 0.083 seconds
[2024-04-08T03:04:07.773+0000] {processor.py:161} INFO - Started process (PID=2887) to work on /home/airflow/.local/lib/python3.8/site-packages/airflow/example_dags/example_latest_only.py
[2024-04-08T03:04:07.774+0000] {processor.py:830} INFO - Processing file /home/airflow/.local/lib/python3.8/site-packages/airflow/example_dags/example_latest_only.py for tasks to queue
[2024-04-08T03:04:07.775+0000] {logging_mixin.py:188} INFO - [2024-04-08T03:04:07.775+0000] {dagbag.py:540} INFO - Filling up the DagBag from /home/airflow/.local/lib/python3.8/site-packages/airflow/example_dags/example_latest_only.py
[2024-04-08T03:04:07.782+0000] {processor.py:840} INFO - DAG(s) 'latest_only' retrieved from /home/airflow/.local/lib/python3.8/site-packages/airflow/example_dags/example_latest_only.py
[2024-04-08T03:04:07.802+0000] {logging_mixin.py:188} INFO - [2024-04-08T03:04:07.802+0000] {dag.py:3047} INFO - Sync 1 DAGs
[2024-04-08T03:04:07.828+0000] {logging_mixin.py:188} INFO - [2024-04-08T03:04:07.828+0000] {dag.py:3834} INFO - Setting next_dagrun for latest_only to 2024-04-07 20:00:00+00:00, run_after=2024-04-08 00:00:00+00:00
[2024-04-08T03:04:07.943+0000] {processor.py:183} INFO - Processing /home/airflow/.local/lib/python3.8/site-packages/airflow/example_dags/example_latest_only.py took 0.173 seconds
[2024-04-08T03:04:38.392+0000] {processor.py:161} INFO - Started process (PID=3134) to work on /home/airflow/.local/lib/python3.8/site-packages/airflow/example_dags/example_latest_only.py
[2024-04-08T03:04:38.393+0000] {processor.py:830} INFO - Processing file /home/airflow/.local/lib/python3.8/site-packages/airflow/example_dags/example_latest_only.py for tasks to queue
[2024-04-08T03:04:38.394+0000] {logging_mixin.py:188} INFO - [2024-04-08T03:04:38.394+0000] {dagbag.py:540} INFO - Filling up the DagBag from /home/airflow/.local/lib/python3.8/site-packages/airflow/example_dags/example_latest_only.py
[2024-04-08T03:04:38.400+0000] {processor.py:840} INFO - DAG(s) 'latest_only' retrieved from /home/airflow/.local/lib/python3.8/site-packages/airflow/example_dags/example_latest_only.py
[2024-04-08T03:04:38.419+0000] {logging_mixin.py:188} INFO - [2024-04-08T03:04:38.419+0000] {dag.py:3047} INFO - Sync 1 DAGs
[2024-04-08T03:04:38.443+0000] {logging_mixin.py:188} INFO - [2024-04-08T03:04:38.443+0000] {dag.py:3834} INFO - Setting next_dagrun for latest_only to 2024-04-07 20:00:00+00:00, run_after=2024-04-08 00:00:00+00:00
[2024-04-08T03:04:38.518+0000] {processor.py:183} INFO - Processing /home/airflow/.local/lib/python3.8/site-packages/airflow/example_dags/example_latest_only.py took 0.129 seconds
[2024-04-08T03:05:08.592+0000] {processor.py:161} INFO - Started process (PID=3378) to work on /home/airflow/.local/lib/python3.8/site-packages/airflow/example_dags/example_latest_only.py
[2024-04-08T03:05:08.593+0000] {processor.py:830} INFO - Processing file /home/airflow/.local/lib/python3.8/site-packages/airflow/example_dags/example_latest_only.py for tasks to queue
[2024-04-08T03:05:08.594+0000] {logging_mixin.py:188} INFO - [2024-04-08T03:05:08.593+0000] {dagbag.py:540} INFO - Filling up the DagBag from /home/airflow/.local/lib/python3.8/site-packages/airflow/example_dags/example_latest_only.py
[2024-04-08T03:05:08.598+0000] {processor.py:840} INFO - DAG(s) 'latest_only' retrieved from /home/airflow/.local/lib/python3.8/site-packages/airflow/example_dags/example_latest_only.py
[2024-04-08T03:05:08.613+0000] {logging_mixin.py:188} INFO - [2024-04-08T03:05:08.613+0000] {dag.py:3047} INFO - Sync 1 DAGs
[2024-04-08T03:05:08.629+0000] {logging_mixin.py:188} INFO - [2024-04-08T03:05:08.629+0000] {dag.py:3834} INFO - Setting next_dagrun for latest_only to 2024-04-07 20:00:00+00:00, run_after=2024-04-08 00:00:00+00:00
[2024-04-08T03:05:08.741+0000] {processor.py:183} INFO - Processing /home/airflow/.local/lib/python3.8/site-packages/airflow/example_dags/example_latest_only.py took 0.151 seconds
[2024-04-08T03:05:39.071+0000] {processor.py:161} INFO - Started process (PID=3625) to work on /home/airflow/.local/lib/python3.8/site-packages/airflow/example_dags/example_latest_only.py
[2024-04-08T03:05:39.072+0000] {processor.py:830} INFO - Processing file /home/airflow/.local/lib/python3.8/site-packages/airflow/example_dags/example_latest_only.py for tasks to queue
[2024-04-08T03:05:39.072+0000] {logging_mixin.py:188} INFO - [2024-04-08T03:05:39.072+0000] {dagbag.py:540} INFO - Filling up the DagBag from /home/airflow/.local/lib/python3.8/site-packages/airflow/example_dags/example_latest_only.py
[2024-04-08T03:05:39.079+0000] {processor.py:840} INFO - DAG(s) 'latest_only' retrieved from /home/airflow/.local/lib/python3.8/site-packages/airflow/example_dags/example_latest_only.py
[2024-04-08T03:05:39.103+0000] {logging_mixin.py:188} INFO - [2024-04-08T03:05:39.103+0000] {dag.py:3047} INFO - Sync 1 DAGs
[2024-04-08T03:05:39.133+0000] {logging_mixin.py:188} INFO - [2024-04-08T03:05:39.133+0000] {dag.py:3834} INFO - Setting next_dagrun for latest_only to 2024-04-07 20:00:00+00:00, run_after=2024-04-08 00:00:00+00:00
[2024-04-08T03:05:39.155+0000] {processor.py:183} INFO - Processing /home/airflow/.local/lib/python3.8/site-packages/airflow/example_dags/example_latest_only.py took 0.099 seconds
[2024-04-08T03:06:09.404+0000] {processor.py:161} INFO - Started process (PID=3876) to work on /home/airflow/.local/lib/python3.8/site-packages/airflow/example_dags/example_latest_only.py
[2024-04-08T03:06:09.408+0000] {processor.py:830} INFO - Processing file /home/airflow/.local/lib/python3.8/site-packages/airflow/example_dags/example_latest_only.py for tasks to queue
[2024-04-08T03:06:09.411+0000] {logging_mixin.py:188} INFO - [2024-04-08T03:06:09.411+0000] {dagbag.py:540} INFO - Filling up the DagBag from /home/airflow/.local/lib/python3.8/site-packages/airflow/example_dags/example_latest_only.py
[2024-04-08T03:06:09.421+0000] {processor.py:840} INFO - DAG(s) 'latest_only' retrieved from /home/airflow/.local/lib/python3.8/site-packages/airflow/example_dags/example_latest_only.py
[2024-04-08T03:06:09.456+0000] {logging_mixin.py:188} INFO - [2024-04-08T03:06:09.456+0000] {dag.py:3047} INFO - Sync 1 DAGs
[2024-04-08T03:06:09.500+0000] {logging_mixin.py:188} INFO - [2024-04-08T03:06:09.500+0000] {dag.py:3834} INFO - Setting next_dagrun for latest_only to 2024-04-07 20:00:00+00:00, run_after=2024-04-08 00:00:00+00:00
[2024-04-08T03:06:09.523+0000] {processor.py:183} INFO - Processing /home/airflow/.local/lib/python3.8/site-packages/airflow/example_dags/example_latest_only.py took 0.122 seconds
[2024-04-08T03:06:39.724+0000] {processor.py:161} INFO - Started process (PID=4124) to work on /home/airflow/.local/lib/python3.8/site-packages/airflow/example_dags/example_latest_only.py
[2024-04-08T03:06:39.725+0000] {processor.py:830} INFO - Processing file /home/airflow/.local/lib/python3.8/site-packages/airflow/example_dags/example_latest_only.py for tasks to queue
[2024-04-08T03:06:39.726+0000] {logging_mixin.py:188} INFO - [2024-04-08T03:06:39.725+0000] {dagbag.py:540} INFO - Filling up the DagBag from /home/airflow/.local/lib/python3.8/site-packages/airflow/example_dags/example_latest_only.py
[2024-04-08T03:06:39.731+0000] {processor.py:840} INFO - DAG(s) 'latest_only' retrieved from /home/airflow/.local/lib/python3.8/site-packages/airflow/example_dags/example_latest_only.py
[2024-04-08T03:06:39.751+0000] {logging_mixin.py:188} INFO - [2024-04-08T03:06:39.751+0000] {dag.py:3047} INFO - Sync 1 DAGs
[2024-04-08T03:06:39.775+0000] {logging_mixin.py:188} INFO - [2024-04-08T03:06:39.775+0000] {dag.py:3834} INFO - Setting next_dagrun for latest_only to 2024-04-07 20:00:00+00:00, run_after=2024-04-08 00:00:00+00:00
[2024-04-08T03:06:39.804+0000] {processor.py:183} INFO - Processing /home/airflow/.local/lib/python3.8/site-packages/airflow/example_dags/example_latest_only.py took 0.083 seconds
