[2024-04-08T02:58:32.454+0000] {processor.py:161} INFO - Started process (PID=192) to work on /home/airflow/.local/lib/python3.8/site-packages/airflow/example_dags/example_branch_labels.py
[2024-04-08T02:58:32.455+0000] {processor.py:830} INFO - Processing file /home/airflow/.local/lib/python3.8/site-packages/airflow/example_dags/example_branch_labels.py for tasks to queue
[2024-04-08T02:58:32.456+0000] {logging_mixin.py:188} INFO - [2024-04-08T02:58:32.455+0000] {dagbag.py:540} INFO - Filling up the DagBag from /home/airflow/.local/lib/python3.8/site-packages/airflow/example_dags/example_branch_labels.py
[2024-04-08T02:58:32.466+0000] {processor.py:840} INFO - DAG(s) 'example_branch_labels' retrieved from /home/airflow/.local/lib/python3.8/site-packages/airflow/example_dags/example_branch_labels.py
[2024-04-08T02:58:32.620+0000] {logging_mixin.py:188} INFO - [2024-04-08T02:58:32.620+0000] {override.py:1769} INFO - Created Permission View: can read on DAG:example_branch_labels
[2024-04-08T02:58:32.638+0000] {logging_mixin.py:188} INFO - [2024-04-08T02:58:32.638+0000] {override.py:1769} INFO - Created Permission View: can delete on DAG:example_branch_labels
[2024-04-08T02:58:32.650+0000] {logging_mixin.py:188} INFO - [2024-04-08T02:58:32.650+0000] {override.py:1769} INFO - Created Permission View: can edit on DAG:example_branch_labels
[2024-04-08T02:58:32.651+0000] {logging_mixin.py:188} INFO - [2024-04-08T02:58:32.651+0000] {dag.py:3047} INFO - Sync 1 DAGs
[2024-04-08T02:58:32.666+0000] {logging_mixin.py:188} INFO - [2024-04-08T02:58:32.666+0000] {dag.py:3069} INFO - Creating ORM DAG for example_branch_labels
[2024-04-08T02:58:32.677+0000] {logging_mixin.py:188} INFO - [2024-04-08T02:58:32.676+0000] {dag.py:3834} INFO - Setting next_dagrun for example_branch_labels to 2024-04-07 00:00:00+00:00, run_after=2024-04-08 00:00:00+00:00
[2024-04-08T02:58:32.699+0000] {processor.py:183} INFO - Processing /home/airflow/.local/lib/python3.8/site-packages/airflow/example_dags/example_branch_labels.py took 0.249 seconds
[2024-04-08T02:59:03.552+0000] {processor.py:161} INFO - Started process (PID=441) to work on /home/airflow/.local/lib/python3.8/site-packages/airflow/example_dags/example_branch_labels.py
[2024-04-08T02:59:03.554+0000] {processor.py:830} INFO - Processing file /home/airflow/.local/lib/python3.8/site-packages/airflow/example_dags/example_branch_labels.py for tasks to queue
[2024-04-08T02:59:03.555+0000] {logging_mixin.py:188} INFO - [2024-04-08T02:59:03.555+0000] {dagbag.py:540} INFO - Filling up the DagBag from /home/airflow/.local/lib/python3.8/site-packages/airflow/example_dags/example_branch_labels.py
[2024-04-08T02:59:03.564+0000] {processor.py:840} INFO - DAG(s) 'example_branch_labels' retrieved from /home/airflow/.local/lib/python3.8/site-packages/airflow/example_dags/example_branch_labels.py
[2024-04-08T02:59:03.588+0000] {logging_mixin.py:188} INFO - [2024-04-08T02:59:03.588+0000] {dag.py:3047} INFO - Sync 1 DAGs
[2024-04-08T02:59:03.636+0000] {logging_mixin.py:188} INFO - [2024-04-08T02:59:03.636+0000] {dag.py:3834} INFO - Setting next_dagrun for example_branch_labels to 2024-04-07 00:00:00+00:00, run_after=2024-04-08 00:00:00+00:00
[2024-04-08T02:59:03.675+0000] {processor.py:183} INFO - Processing /home/airflow/.local/lib/python3.8/site-packages/airflow/example_dags/example_branch_labels.py took 0.126 seconds
[2024-04-08T02:59:33.808+0000] {processor.py:161} INFO - Started process (PID=688) to work on /home/airflow/.local/lib/python3.8/site-packages/airflow/example_dags/example_branch_labels.py
[2024-04-08T02:59:33.813+0000] {processor.py:830} INFO - Processing file /home/airflow/.local/lib/python3.8/site-packages/airflow/example_dags/example_branch_labels.py for tasks to queue
[2024-04-08T02:59:33.814+0000] {logging_mixin.py:188} INFO - [2024-04-08T02:59:33.813+0000] {dagbag.py:540} INFO - Filling up the DagBag from /home/airflow/.local/lib/python3.8/site-packages/airflow/example_dags/example_branch_labels.py
[2024-04-08T02:59:33.833+0000] {processor.py:840} INFO - DAG(s) 'example_branch_labels' retrieved from /home/airflow/.local/lib/python3.8/site-packages/airflow/example_dags/example_branch_labels.py
[2024-04-08T02:59:33.865+0000] {logging_mixin.py:188} INFO - [2024-04-08T02:59:33.865+0000] {dag.py:3047} INFO - Sync 1 DAGs
[2024-04-08T02:59:33.895+0000] {logging_mixin.py:188} INFO - [2024-04-08T02:59:33.895+0000] {dag.py:3834} INFO - Setting next_dagrun for example_branch_labels to 2024-04-07 00:00:00+00:00, run_after=2024-04-08 00:00:00+00:00
[2024-04-08T02:59:33.917+0000] {processor.py:183} INFO - Processing /home/airflow/.local/lib/python3.8/site-packages/airflow/example_dags/example_branch_labels.py took 0.113 seconds
[2024-04-08T03:00:04.365+0000] {processor.py:161} INFO - Started process (PID=935) to work on /home/airflow/.local/lib/python3.8/site-packages/airflow/example_dags/example_branch_labels.py
[2024-04-08T03:00:04.367+0000] {processor.py:830} INFO - Processing file /home/airflow/.local/lib/python3.8/site-packages/airflow/example_dags/example_branch_labels.py for tasks to queue
[2024-04-08T03:00:04.368+0000] {logging_mixin.py:188} INFO - [2024-04-08T03:00:04.368+0000] {dagbag.py:540} INFO - Filling up the DagBag from /home/airflow/.local/lib/python3.8/site-packages/airflow/example_dags/example_branch_labels.py
[2024-04-08T03:00:04.376+0000] {processor.py:840} INFO - DAG(s) 'example_branch_labels' retrieved from /home/airflow/.local/lib/python3.8/site-packages/airflow/example_dags/example_branch_labels.py
[2024-04-08T03:00:04.399+0000] {logging_mixin.py:188} INFO - [2024-04-08T03:00:04.399+0000] {dag.py:3047} INFO - Sync 1 DAGs
[2024-04-08T03:00:04.424+0000] {logging_mixin.py:188} INFO - [2024-04-08T03:00:04.423+0000] {dag.py:3834} INFO - Setting next_dagrun for example_branch_labels to 2024-04-07 00:00:00+00:00, run_after=2024-04-08 00:00:00+00:00
[2024-04-08T03:00:04.447+0000] {processor.py:183} INFO - Processing /home/airflow/.local/lib/python3.8/site-packages/airflow/example_dags/example_branch_labels.py took 0.085 seconds
[2024-04-08T03:00:34.935+0000] {processor.py:161} INFO - Started process (PID=1182) to work on /home/airflow/.local/lib/python3.8/site-packages/airflow/example_dags/example_branch_labels.py
[2024-04-08T03:00:34.936+0000] {processor.py:830} INFO - Processing file /home/airflow/.local/lib/python3.8/site-packages/airflow/example_dags/example_branch_labels.py for tasks to queue
[2024-04-08T03:00:34.936+0000] {logging_mixin.py:188} INFO - [2024-04-08T03:00:34.936+0000] {dagbag.py:540} INFO - Filling up the DagBag from /home/airflow/.local/lib/python3.8/site-packages/airflow/example_dags/example_branch_labels.py
[2024-04-08T03:00:34.946+0000] {processor.py:840} INFO - DAG(s) 'example_branch_labels' retrieved from /home/airflow/.local/lib/python3.8/site-packages/airflow/example_dags/example_branch_labels.py
[2024-04-08T03:00:34.969+0000] {logging_mixin.py:188} INFO - [2024-04-08T03:00:34.969+0000] {dag.py:3047} INFO - Sync 1 DAGs
[2024-04-08T03:00:34.994+0000] {logging_mixin.py:188} INFO - [2024-04-08T03:00:34.994+0000] {dag.py:3834} INFO - Setting next_dagrun for example_branch_labels to 2024-04-07 00:00:00+00:00, run_after=2024-04-08 00:00:00+00:00
[2024-04-08T03:00:35.018+0000] {processor.py:183} INFO - Processing /home/airflow/.local/lib/python3.8/site-packages/airflow/example_dags/example_branch_labels.py took 0.087 seconds
[2024-04-08T03:01:05.469+0000] {processor.py:161} INFO - Started process (PID=1429) to work on /home/airflow/.local/lib/python3.8/site-packages/airflow/example_dags/example_branch_labels.py
[2024-04-08T03:01:05.471+0000] {processor.py:830} INFO - Processing file /home/airflow/.local/lib/python3.8/site-packages/airflow/example_dags/example_branch_labels.py for tasks to queue
[2024-04-08T03:01:05.472+0000] {logging_mixin.py:188} INFO - [2024-04-08T03:01:05.471+0000] {dagbag.py:540} INFO - Filling up the DagBag from /home/airflow/.local/lib/python3.8/site-packages/airflow/example_dags/example_branch_labels.py
[2024-04-08T03:01:05.482+0000] {processor.py:840} INFO - DAG(s) 'example_branch_labels' retrieved from /home/airflow/.local/lib/python3.8/site-packages/airflow/example_dags/example_branch_labels.py
[2024-04-08T03:01:05.512+0000] {logging_mixin.py:188} INFO - [2024-04-08T03:01:05.512+0000] {dag.py:3047} INFO - Sync 1 DAGs
[2024-04-08T03:01:05.536+0000] {logging_mixin.py:188} INFO - [2024-04-08T03:01:05.536+0000] {dag.py:3834} INFO - Setting next_dagrun for example_branch_labels to 2024-04-07 00:00:00+00:00, run_after=2024-04-08 00:00:00+00:00
[2024-04-08T03:01:05.560+0000] {processor.py:183} INFO - Processing /home/airflow/.local/lib/python3.8/site-packages/airflow/example_dags/example_branch_labels.py took 0.093 seconds
[2024-04-08T03:01:36.360+0000] {processor.py:161} INFO - Started process (PID=1676) to work on /home/airflow/.local/lib/python3.8/site-packages/airflow/example_dags/example_branch_labels.py
[2024-04-08T03:01:36.361+0000] {processor.py:830} INFO - Processing file /home/airflow/.local/lib/python3.8/site-packages/airflow/example_dags/example_branch_labels.py for tasks to queue
[2024-04-08T03:01:36.362+0000] {logging_mixin.py:188} INFO - [2024-04-08T03:01:36.362+0000] {dagbag.py:540} INFO - Filling up the DagBag from /home/airflow/.local/lib/python3.8/site-packages/airflow/example_dags/example_branch_labels.py
[2024-04-08T03:01:36.371+0000] {processor.py:840} INFO - DAG(s) 'example_branch_labels' retrieved from /home/airflow/.local/lib/python3.8/site-packages/airflow/example_dags/example_branch_labels.py
[2024-04-08T03:01:36.396+0000] {logging_mixin.py:188} INFO - [2024-04-08T03:01:36.396+0000] {dag.py:3047} INFO - Sync 1 DAGs
[2024-04-08T03:01:36.422+0000] {logging_mixin.py:188} INFO - [2024-04-08T03:01:36.422+0000] {dag.py:3834} INFO - Setting next_dagrun for example_branch_labels to 2024-04-07 00:00:00+00:00, run_after=2024-04-08 00:00:00+00:00
[2024-04-08T03:01:36.447+0000] {processor.py:183} INFO - Processing /home/airflow/.local/lib/python3.8/site-packages/airflow/example_dags/example_branch_labels.py took 0.090 seconds
[2024-04-08T03:02:06.738+0000] {processor.py:161} INFO - Started process (PID=1923) to work on /home/airflow/.local/lib/python3.8/site-packages/airflow/example_dags/example_branch_labels.py
[2024-04-08T03:02:06.739+0000] {processor.py:830} INFO - Processing file /home/airflow/.local/lib/python3.8/site-packages/airflow/example_dags/example_branch_labels.py for tasks to queue
[2024-04-08T03:02:06.740+0000] {logging_mixin.py:188} INFO - [2024-04-08T03:02:06.740+0000] {dagbag.py:540} INFO - Filling up the DagBag from /home/airflow/.local/lib/python3.8/site-packages/airflow/example_dags/example_branch_labels.py
[2024-04-08T03:02:06.762+0000] {processor.py:840} INFO - DAG(s) 'example_branch_labels' retrieved from /home/airflow/.local/lib/python3.8/site-packages/airflow/example_dags/example_branch_labels.py
[2024-04-08T03:02:06.794+0000] {logging_mixin.py:188} INFO - [2024-04-08T03:02:06.793+0000] {dag.py:3047} INFO - Sync 1 DAGs
[2024-04-08T03:02:06.822+0000] {logging_mixin.py:188} INFO - [2024-04-08T03:02:06.822+0000] {dag.py:3834} INFO - Setting next_dagrun for example_branch_labels to 2024-04-07 00:00:00+00:00, run_after=2024-04-08 00:00:00+00:00
[2024-04-08T03:02:06.844+0000] {processor.py:183} INFO - Processing /home/airflow/.local/lib/python3.8/site-packages/airflow/example_dags/example_branch_labels.py took 0.111 seconds
[2024-04-08T03:02:37.341+0000] {processor.py:161} INFO - Started process (PID=2171) to work on /home/airflow/.local/lib/python3.8/site-packages/airflow/example_dags/example_branch_labels.py
[2024-04-08T03:02:37.341+0000] {processor.py:830} INFO - Processing file /home/airflow/.local/lib/python3.8/site-packages/airflow/example_dags/example_branch_labels.py for tasks to queue
[2024-04-08T03:02:37.342+0000] {logging_mixin.py:188} INFO - [2024-04-08T03:02:37.342+0000] {dagbag.py:540} INFO - Filling up the DagBag from /home/airflow/.local/lib/python3.8/site-packages/airflow/example_dags/example_branch_labels.py
[2024-04-08T03:02:37.350+0000] {processor.py:840} INFO - DAG(s) 'example_branch_labels' retrieved from /home/airflow/.local/lib/python3.8/site-packages/airflow/example_dags/example_branch_labels.py
[2024-04-08T03:02:37.375+0000] {logging_mixin.py:188} INFO - [2024-04-08T03:02:37.375+0000] {dag.py:3047} INFO - Sync 1 DAGs
[2024-04-08T03:02:37.399+0000] {logging_mixin.py:188} INFO - [2024-04-08T03:02:37.399+0000] {dag.py:3834} INFO - Setting next_dagrun for example_branch_labels to 2024-04-07 00:00:00+00:00, run_after=2024-04-08 00:00:00+00:00
[2024-04-08T03:02:37.425+0000] {processor.py:183} INFO - Processing /home/airflow/.local/lib/python3.8/site-packages/airflow/example_dags/example_branch_labels.py took 0.087 seconds
[2024-04-08T03:03:07.930+0000] {processor.py:161} INFO - Started process (PID=2419) to work on /home/airflow/.local/lib/python3.8/site-packages/airflow/example_dags/example_branch_labels.py
[2024-04-08T03:03:07.931+0000] {processor.py:830} INFO - Processing file /home/airflow/.local/lib/python3.8/site-packages/airflow/example_dags/example_branch_labels.py for tasks to queue
[2024-04-08T03:03:07.932+0000] {logging_mixin.py:188} INFO - [2024-04-08T03:03:07.932+0000] {dagbag.py:540} INFO - Filling up the DagBag from /home/airflow/.local/lib/python3.8/site-packages/airflow/example_dags/example_branch_labels.py
[2024-04-08T03:03:07.944+0000] {processor.py:840} INFO - DAG(s) 'example_branch_labels' retrieved from /home/airflow/.local/lib/python3.8/site-packages/airflow/example_dags/example_branch_labels.py
[2024-04-08T03:03:07.980+0000] {logging_mixin.py:188} INFO - [2024-04-08T03:03:07.980+0000] {dag.py:3047} INFO - Sync 1 DAGs
[2024-04-08T03:03:08.021+0000] {logging_mixin.py:188} INFO - [2024-04-08T03:03:08.021+0000] {dag.py:3834} INFO - Setting next_dagrun for example_branch_labels to 2024-04-07 00:00:00+00:00, run_after=2024-04-08 00:00:00+00:00
[2024-04-08T03:03:08.044+0000] {processor.py:183} INFO - Processing /home/airflow/.local/lib/python3.8/site-packages/airflow/example_dags/example_branch_labels.py took 0.117 seconds
[2024-04-08T03:03:38.379+0000] {processor.py:161} INFO - Started process (PID=2667) to work on /home/airflow/.local/lib/python3.8/site-packages/airflow/example_dags/example_branch_labels.py
[2024-04-08T03:03:38.380+0000] {processor.py:830} INFO - Processing file /home/airflow/.local/lib/python3.8/site-packages/airflow/example_dags/example_branch_labels.py for tasks to queue
[2024-04-08T03:03:38.381+0000] {logging_mixin.py:188} INFO - [2024-04-08T03:03:38.381+0000] {dagbag.py:540} INFO - Filling up the DagBag from /home/airflow/.local/lib/python3.8/site-packages/airflow/example_dags/example_branch_labels.py
[2024-04-08T03:03:38.390+0000] {processor.py:840} INFO - DAG(s) 'example_branch_labels' retrieved from /home/airflow/.local/lib/python3.8/site-packages/airflow/example_dags/example_branch_labels.py
[2024-04-08T03:03:38.420+0000] {logging_mixin.py:188} INFO - [2024-04-08T03:03:38.419+0000] {dag.py:3047} INFO - Sync 1 DAGs
[2024-04-08T03:03:38.444+0000] {logging_mixin.py:188} INFO - [2024-04-08T03:03:38.444+0000] {dag.py:3834} INFO - Setting next_dagrun for example_branch_labels to 2024-04-07 00:00:00+00:00, run_after=2024-04-08 00:00:00+00:00
[2024-04-08T03:03:38.465+0000] {processor.py:183} INFO - Processing /home/airflow/.local/lib/python3.8/site-packages/airflow/example_dags/example_branch_labels.py took 0.089 seconds
[2024-04-08T03:04:08.555+0000] {processor.py:161} INFO - Started process (PID=2913) to work on /home/airflow/.local/lib/python3.8/site-packages/airflow/example_dags/example_branch_labels.py
[2024-04-08T03:04:08.556+0000] {processor.py:830} INFO - Processing file /home/airflow/.local/lib/python3.8/site-packages/airflow/example_dags/example_branch_labels.py for tasks to queue
[2024-04-08T03:04:08.558+0000] {logging_mixin.py:188} INFO - [2024-04-08T03:04:08.557+0000] {dagbag.py:540} INFO - Filling up the DagBag from /home/airflow/.local/lib/python3.8/site-packages/airflow/example_dags/example_branch_labels.py
[2024-04-08T03:04:08.566+0000] {processor.py:840} INFO - DAG(s) 'example_branch_labels' retrieved from /home/airflow/.local/lib/python3.8/site-packages/airflow/example_dags/example_branch_labels.py
[2024-04-08T03:04:08.591+0000] {logging_mixin.py:188} INFO - [2024-04-08T03:04:08.591+0000] {dag.py:3047} INFO - Sync 1 DAGs
[2024-04-08T03:04:08.617+0000] {logging_mixin.py:188} INFO - [2024-04-08T03:04:08.617+0000] {dag.py:3834} INFO - Setting next_dagrun for example_branch_labels to 2024-04-07 00:00:00+00:00, run_after=2024-04-08 00:00:00+00:00
[2024-04-08T03:04:08.642+0000] {processor.py:183} INFO - Processing /home/airflow/.local/lib/python3.8/site-packages/airflow/example_dags/example_branch_labels.py took 0.091 seconds
[2024-04-08T03:04:38.992+0000] {processor.py:161} INFO - Started process (PID=3159) to work on /home/airflow/.local/lib/python3.8/site-packages/airflow/example_dags/example_branch_labels.py
[2024-04-08T03:04:38.995+0000] {processor.py:830} INFO - Processing file /home/airflow/.local/lib/python3.8/site-packages/airflow/example_dags/example_branch_labels.py for tasks to queue
[2024-04-08T03:04:38.997+0000] {logging_mixin.py:188} INFO - [2024-04-08T03:04:38.996+0000] {dagbag.py:540} INFO - Filling up the DagBag from /home/airflow/.local/lib/python3.8/site-packages/airflow/example_dags/example_branch_labels.py
[2024-04-08T03:04:39.012+0000] {processor.py:840} INFO - DAG(s) 'example_branch_labels' retrieved from /home/airflow/.local/lib/python3.8/site-packages/airflow/example_dags/example_branch_labels.py
[2024-04-08T03:04:39.045+0000] {logging_mixin.py:188} INFO - [2024-04-08T03:04:39.045+0000] {dag.py:3047} INFO - Sync 1 DAGs
[2024-04-08T03:04:39.077+0000] {logging_mixin.py:188} INFO - [2024-04-08T03:04:39.077+0000] {dag.py:3834} INFO - Setting next_dagrun for example_branch_labels to 2024-04-07 00:00:00+00:00, run_after=2024-04-08 00:00:00+00:00
[2024-04-08T03:04:39.115+0000] {processor.py:183} INFO - Processing /home/airflow/.local/lib/python3.8/site-packages/airflow/example_dags/example_branch_labels.py took 0.127 seconds
[2024-04-08T03:05:09.483+0000] {processor.py:161} INFO - Started process (PID=3408) to work on /home/airflow/.local/lib/python3.8/site-packages/airflow/example_dags/example_branch_labels.py
[2024-04-08T03:05:09.484+0000] {processor.py:830} INFO - Processing file /home/airflow/.local/lib/python3.8/site-packages/airflow/example_dags/example_branch_labels.py for tasks to queue
[2024-04-08T03:05:09.485+0000] {logging_mixin.py:188} INFO - [2024-04-08T03:05:09.484+0000] {dagbag.py:540} INFO - Filling up the DagBag from /home/airflow/.local/lib/python3.8/site-packages/airflow/example_dags/example_branch_labels.py
[2024-04-08T03:05:09.491+0000] {processor.py:840} INFO - DAG(s) 'example_branch_labels' retrieved from /home/airflow/.local/lib/python3.8/site-packages/airflow/example_dags/example_branch_labels.py
[2024-04-08T03:05:09.506+0000] {logging_mixin.py:188} INFO - [2024-04-08T03:05:09.506+0000] {dag.py:3047} INFO - Sync 1 DAGs
[2024-04-08T03:05:09.523+0000] {logging_mixin.py:188} INFO - [2024-04-08T03:05:09.523+0000] {dag.py:3834} INFO - Setting next_dagrun for example_branch_labels to 2024-04-07 00:00:00+00:00, run_after=2024-04-08 00:00:00+00:00
[2024-04-08T03:05:09.545+0000] {processor.py:183} INFO - Processing /home/airflow/.local/lib/python3.8/site-packages/airflow/example_dags/example_branch_labels.py took 0.064 seconds
[2024-04-08T03:05:40.462+0000] {processor.py:161} INFO - Started process (PID=3655) to work on /home/airflow/.local/lib/python3.8/site-packages/airflow/example_dags/example_branch_labels.py
[2024-04-08T03:05:40.463+0000] {processor.py:830} INFO - Processing file /home/airflow/.local/lib/python3.8/site-packages/airflow/example_dags/example_branch_labels.py for tasks to queue
[2024-04-08T03:05:40.464+0000] {logging_mixin.py:188} INFO - [2024-04-08T03:05:40.464+0000] {dagbag.py:540} INFO - Filling up the DagBag from /home/airflow/.local/lib/python3.8/site-packages/airflow/example_dags/example_branch_labels.py
[2024-04-08T03:05:40.474+0000] {processor.py:840} INFO - DAG(s) 'example_branch_labels' retrieved from /home/airflow/.local/lib/python3.8/site-packages/airflow/example_dags/example_branch_labels.py
[2024-04-08T03:05:40.501+0000] {logging_mixin.py:188} INFO - [2024-04-08T03:05:40.501+0000] {dag.py:3047} INFO - Sync 1 DAGs
[2024-04-08T03:05:40.527+0000] {logging_mixin.py:188} INFO - [2024-04-08T03:05:40.527+0000] {dag.py:3834} INFO - Setting next_dagrun for example_branch_labels to 2024-04-07 00:00:00+00:00, run_after=2024-04-08 00:00:00+00:00
[2024-04-08T03:05:40.549+0000] {processor.py:183} INFO - Processing /home/airflow/.local/lib/python3.8/site-packages/airflow/example_dags/example_branch_labels.py took 0.090 seconds
[2024-04-08T03:06:10.791+0000] {processor.py:161} INFO - Started process (PID=3901) to work on /home/airflow/.local/lib/python3.8/site-packages/airflow/example_dags/example_branch_labels.py
[2024-04-08T03:06:10.792+0000] {processor.py:830} INFO - Processing file /home/airflow/.local/lib/python3.8/site-packages/airflow/example_dags/example_branch_labels.py for tasks to queue
[2024-04-08T03:06:10.793+0000] {logging_mixin.py:188} INFO - [2024-04-08T03:06:10.793+0000] {dagbag.py:540} INFO - Filling up the DagBag from /home/airflow/.local/lib/python3.8/site-packages/airflow/example_dags/example_branch_labels.py
[2024-04-08T03:06:10.802+0000] {processor.py:840} INFO - DAG(s) 'example_branch_labels' retrieved from /home/airflow/.local/lib/python3.8/site-packages/airflow/example_dags/example_branch_labels.py
[2024-04-08T03:06:10.826+0000] {logging_mixin.py:188} INFO - [2024-04-08T03:06:10.826+0000] {dag.py:3047} INFO - Sync 1 DAGs
[2024-04-08T03:06:10.854+0000] {logging_mixin.py:188} INFO - [2024-04-08T03:06:10.853+0000] {dag.py:3834} INFO - Setting next_dagrun for example_branch_labels to 2024-04-07 00:00:00+00:00, run_after=2024-04-08 00:00:00+00:00
[2024-04-08T03:06:10.875+0000] {processor.py:183} INFO - Processing /home/airflow/.local/lib/python3.8/site-packages/airflow/example_dags/example_branch_labels.py took 0.087 seconds
[2024-04-08T03:06:41.002+0000] {processor.py:161} INFO - Started process (PID=4151) to work on /home/airflow/.local/lib/python3.8/site-packages/airflow/example_dags/example_branch_labels.py
[2024-04-08T03:06:41.003+0000] {processor.py:830} INFO - Processing file /home/airflow/.local/lib/python3.8/site-packages/airflow/example_dags/example_branch_labels.py for tasks to queue
[2024-04-08T03:06:41.004+0000] {logging_mixin.py:188} INFO - [2024-04-08T03:06:41.004+0000] {dagbag.py:540} INFO - Filling up the DagBag from /home/airflow/.local/lib/python3.8/site-packages/airflow/example_dags/example_branch_labels.py
[2024-04-08T03:06:41.012+0000] {processor.py:840} INFO - DAG(s) 'example_branch_labels' retrieved from /home/airflow/.local/lib/python3.8/site-packages/airflow/example_dags/example_branch_labels.py
[2024-04-08T03:06:41.039+0000] {logging_mixin.py:188} INFO - [2024-04-08T03:06:41.039+0000] {dag.py:3047} INFO - Sync 1 DAGs
[2024-04-08T03:06:41.065+0000] {logging_mixin.py:188} INFO - [2024-04-08T03:06:41.065+0000] {dag.py:3834} INFO - Setting next_dagrun for example_branch_labels to 2024-04-07 00:00:00+00:00, run_after=2024-04-08 00:00:00+00:00
[2024-04-08T03:06:41.089+0000] {processor.py:183} INFO - Processing /home/airflow/.local/lib/python3.8/site-packages/airflow/example_dags/example_branch_labels.py took 0.091 seconds
