[2024-04-08T02:58:35.709+0000] {processor.py:161} INFO - Started process (PID=287) to work on /home/airflow/.local/lib/python3.8/site-packages/airflow/example_dags/example_nested_branch_dag.py
[2024-04-08T02:58:35.710+0000] {processor.py:830} INFO - Processing file /home/airflow/.local/lib/python3.8/site-packages/airflow/example_dags/example_nested_branch_dag.py for tasks to queue
[2024-04-08T02:58:35.712+0000] {logging_mixin.py:188} INFO - [2024-04-08T02:58:35.712+0000] {dagbag.py:540} INFO - Filling up the DagBag from /home/airflow/.local/lib/python3.8/site-packages/airflow/example_dags/example_nested_branch_dag.py
[2024-04-08T02:58:35.730+0000] {processor.py:840} INFO - DAG(s) 'example_nested_branch_dag' retrieved from /home/airflow/.local/lib/python3.8/site-packages/airflow/example_dags/example_nested_branch_dag.py
[2024-04-08T02:58:35.875+0000] {logging_mixin.py:188} INFO - [2024-04-08T02:58:35.874+0000] {override.py:1769} INFO - Created Permission View: can read on DAG:example_nested_branch_dag
[2024-04-08T02:58:35.905+0000] {logging_mixin.py:188} INFO - [2024-04-08T02:58:35.905+0000] {override.py:1769} INFO - Created Permission View: can delete on DAG:example_nested_branch_dag
[2024-04-08T02:58:35.918+0000] {logging_mixin.py:188} INFO - [2024-04-08T02:58:35.917+0000] {override.py:1769} INFO - Created Permission View: can edit on DAG:example_nested_branch_dag
[2024-04-08T02:58:35.918+0000] {logging_mixin.py:188} INFO - [2024-04-08T02:58:35.918+0000] {dag.py:3047} INFO - Sync 1 DAGs
[2024-04-08T02:58:35.938+0000] {logging_mixin.py:188} INFO - [2024-04-08T02:58:35.938+0000] {dag.py:3069} INFO - Creating ORM DAG for example_nested_branch_dag
[2024-04-08T02:58:35.956+0000] {logging_mixin.py:188} INFO - [2024-04-08T02:58:35.956+0000] {dag.py:3834} INFO - Setting next_dagrun for example_nested_branch_dag to 2024-04-07 00:00:00+00:00, run_after=2024-04-08 00:00:00+00:00
[2024-04-08T02:58:36.008+0000] {processor.py:183} INFO - Processing /home/airflow/.local/lib/python3.8/site-packages/airflow/example_dags/example_nested_branch_dag.py took 0.303 seconds
[2024-04-08T02:59:06.209+0000] {processor.py:161} INFO - Started process (PID=534) to work on /home/airflow/.local/lib/python3.8/site-packages/airflow/example_dags/example_nested_branch_dag.py
[2024-04-08T02:59:06.210+0000] {processor.py:830} INFO - Processing file /home/airflow/.local/lib/python3.8/site-packages/airflow/example_dags/example_nested_branch_dag.py for tasks to queue
[2024-04-08T02:59:06.212+0000] {logging_mixin.py:188} INFO - [2024-04-08T02:59:06.211+0000] {dagbag.py:540} INFO - Filling up the DagBag from /home/airflow/.local/lib/python3.8/site-packages/airflow/example_dags/example_nested_branch_dag.py
[2024-04-08T02:59:06.225+0000] {processor.py:840} INFO - DAG(s) 'example_nested_branch_dag' retrieved from /home/airflow/.local/lib/python3.8/site-packages/airflow/example_dags/example_nested_branch_dag.py
[2024-04-08T02:59:06.282+0000] {logging_mixin.py:188} INFO - [2024-04-08T02:59:06.281+0000] {dag.py:3047} INFO - Sync 1 DAGs
[2024-04-08T02:59:06.334+0000] {logging_mixin.py:188} INFO - [2024-04-08T02:59:06.334+0000] {dag.py:3834} INFO - Setting next_dagrun for example_nested_branch_dag to 2024-04-07 00:00:00+00:00, run_after=2024-04-08 00:00:00+00:00
[2024-04-08T02:59:06.369+0000] {processor.py:183} INFO - Processing /home/airflow/.local/lib/python3.8/site-packages/airflow/example_dags/example_nested_branch_dag.py took 0.163 seconds
[2024-04-08T02:59:36.409+0000] {processor.py:161} INFO - Started process (PID=781) to work on /home/airflow/.local/lib/python3.8/site-packages/airflow/example_dags/example_nested_branch_dag.py
[2024-04-08T02:59:36.410+0000] {processor.py:830} INFO - Processing file /home/airflow/.local/lib/python3.8/site-packages/airflow/example_dags/example_nested_branch_dag.py for tasks to queue
[2024-04-08T02:59:36.411+0000] {logging_mixin.py:188} INFO - [2024-04-08T02:59:36.411+0000] {dagbag.py:540} INFO - Filling up the DagBag from /home/airflow/.local/lib/python3.8/site-packages/airflow/example_dags/example_nested_branch_dag.py
[2024-04-08T02:59:36.421+0000] {processor.py:840} INFO - DAG(s) 'example_nested_branch_dag' retrieved from /home/airflow/.local/lib/python3.8/site-packages/airflow/example_dags/example_nested_branch_dag.py
[2024-04-08T02:59:36.446+0000] {logging_mixin.py:188} INFO - [2024-04-08T02:59:36.445+0000] {dag.py:3047} INFO - Sync 1 DAGs
[2024-04-08T02:59:36.471+0000] {logging_mixin.py:188} INFO - [2024-04-08T02:59:36.471+0000] {dag.py:3834} INFO - Setting next_dagrun for example_nested_branch_dag to 2024-04-07 00:00:00+00:00, run_after=2024-04-08 00:00:00+00:00
[2024-04-08T02:59:36.497+0000] {processor.py:183} INFO - Processing /home/airflow/.local/lib/python3.8/site-packages/airflow/example_dags/example_nested_branch_dag.py took 0.092 seconds
[2024-04-08T03:00:06.727+0000] {processor.py:161} INFO - Started process (PID=1028) to work on /home/airflow/.local/lib/python3.8/site-packages/airflow/example_dags/example_nested_branch_dag.py
[2024-04-08T03:00:06.728+0000] {processor.py:830} INFO - Processing file /home/airflow/.local/lib/python3.8/site-packages/airflow/example_dags/example_nested_branch_dag.py for tasks to queue
[2024-04-08T03:00:06.730+0000] {logging_mixin.py:188} INFO - [2024-04-08T03:00:06.729+0000] {dagbag.py:540} INFO - Filling up the DagBag from /home/airflow/.local/lib/python3.8/site-packages/airflow/example_dags/example_nested_branch_dag.py
[2024-04-08T03:00:06.740+0000] {processor.py:840} INFO - DAG(s) 'example_nested_branch_dag' retrieved from /home/airflow/.local/lib/python3.8/site-packages/airflow/example_dags/example_nested_branch_dag.py
[2024-04-08T03:00:06.764+0000] {logging_mixin.py:188} INFO - [2024-04-08T03:00:06.764+0000] {dag.py:3047} INFO - Sync 1 DAGs
[2024-04-08T03:00:06.789+0000] {logging_mixin.py:188} INFO - [2024-04-08T03:00:06.789+0000] {dag.py:3834} INFO - Setting next_dagrun for example_nested_branch_dag to 2024-04-07 00:00:00+00:00, run_after=2024-04-08 00:00:00+00:00
[2024-04-08T03:00:06.841+0000] {processor.py:183} INFO - Processing /home/airflow/.local/lib/python3.8/site-packages/airflow/example_dags/example_nested_branch_dag.py took 0.118 seconds
[2024-04-08T03:00:37.335+0000] {processor.py:161} INFO - Started process (PID=1275) to work on /home/airflow/.local/lib/python3.8/site-packages/airflow/example_dags/example_nested_branch_dag.py
[2024-04-08T03:00:37.336+0000] {processor.py:830} INFO - Processing file /home/airflow/.local/lib/python3.8/site-packages/airflow/example_dags/example_nested_branch_dag.py for tasks to queue
[2024-04-08T03:00:37.337+0000] {logging_mixin.py:188} INFO - [2024-04-08T03:00:37.336+0000] {dagbag.py:540} INFO - Filling up the DagBag from /home/airflow/.local/lib/python3.8/site-packages/airflow/example_dags/example_nested_branch_dag.py
[2024-04-08T03:00:37.346+0000] {processor.py:840} INFO - DAG(s) 'example_nested_branch_dag' retrieved from /home/airflow/.local/lib/python3.8/site-packages/airflow/example_dags/example_nested_branch_dag.py
[2024-04-08T03:00:37.368+0000] {logging_mixin.py:188} INFO - [2024-04-08T03:00:37.367+0000] {dag.py:3047} INFO - Sync 1 DAGs
[2024-04-08T03:00:37.392+0000] {logging_mixin.py:188} INFO - [2024-04-08T03:00:37.392+0000] {dag.py:3834} INFO - Setting next_dagrun for example_nested_branch_dag to 2024-04-07 00:00:00+00:00, run_after=2024-04-08 00:00:00+00:00
[2024-04-08T03:00:37.415+0000] {processor.py:183} INFO - Processing /home/airflow/.local/lib/python3.8/site-packages/airflow/example_dags/example_nested_branch_dag.py took 0.084 seconds
[2024-04-08T03:01:08.158+0000] {processor.py:161} INFO - Started process (PID=1522) to work on /home/airflow/.local/lib/python3.8/site-packages/airflow/example_dags/example_nested_branch_dag.py
[2024-04-08T03:01:08.171+0000] {processor.py:830} INFO - Processing file /home/airflow/.local/lib/python3.8/site-packages/airflow/example_dags/example_nested_branch_dag.py for tasks to queue
[2024-04-08T03:01:08.173+0000] {logging_mixin.py:188} INFO - [2024-04-08T03:01:08.173+0000] {dagbag.py:540} INFO - Filling up the DagBag from /home/airflow/.local/lib/python3.8/site-packages/airflow/example_dags/example_nested_branch_dag.py
[2024-04-08T03:01:08.186+0000] {processor.py:840} INFO - DAG(s) 'example_nested_branch_dag' retrieved from /home/airflow/.local/lib/python3.8/site-packages/airflow/example_dags/example_nested_branch_dag.py
[2024-04-08T03:01:08.209+0000] {logging_mixin.py:188} INFO - [2024-04-08T03:01:08.209+0000] {dag.py:3047} INFO - Sync 1 DAGs
[2024-04-08T03:01:08.237+0000] {logging_mixin.py:188} INFO - [2024-04-08T03:01:08.236+0000] {dag.py:3834} INFO - Setting next_dagrun for example_nested_branch_dag to 2024-04-07 00:00:00+00:00, run_after=2024-04-08 00:00:00+00:00
[2024-04-08T03:01:08.261+0000] {processor.py:183} INFO - Processing /home/airflow/.local/lib/python3.8/site-packages/airflow/example_dags/example_nested_branch_dag.py took 0.107 seconds
[2024-04-08T03:01:38.732+0000] {processor.py:161} INFO - Started process (PID=1769) to work on /home/airflow/.local/lib/python3.8/site-packages/airflow/example_dags/example_nested_branch_dag.py
[2024-04-08T03:01:38.733+0000] {processor.py:830} INFO - Processing file /home/airflow/.local/lib/python3.8/site-packages/airflow/example_dags/example_nested_branch_dag.py for tasks to queue
[2024-04-08T03:01:38.734+0000] {logging_mixin.py:188} INFO - [2024-04-08T03:01:38.734+0000] {dagbag.py:540} INFO - Filling up the DagBag from /home/airflow/.local/lib/python3.8/site-packages/airflow/example_dags/example_nested_branch_dag.py
[2024-04-08T03:01:38.744+0000] {processor.py:840} INFO - DAG(s) 'example_nested_branch_dag' retrieved from /home/airflow/.local/lib/python3.8/site-packages/airflow/example_dags/example_nested_branch_dag.py
[2024-04-08T03:01:38.767+0000] {logging_mixin.py:188} INFO - [2024-04-08T03:01:38.767+0000] {dag.py:3047} INFO - Sync 1 DAGs
[2024-04-08T03:01:38.791+0000] {logging_mixin.py:188} INFO - [2024-04-08T03:01:38.791+0000] {dag.py:3834} INFO - Setting next_dagrun for example_nested_branch_dag to 2024-04-07 00:00:00+00:00, run_after=2024-04-08 00:00:00+00:00
[2024-04-08T03:01:38.816+0000] {processor.py:183} INFO - Processing /home/airflow/.local/lib/python3.8/site-packages/airflow/example_dags/example_nested_branch_dag.py took 0.087 seconds
[2024-04-08T03:02:09.182+0000] {processor.py:161} INFO - Started process (PID=2016) to work on /home/airflow/.local/lib/python3.8/site-packages/airflow/example_dags/example_nested_branch_dag.py
[2024-04-08T03:02:09.183+0000] {processor.py:830} INFO - Processing file /home/airflow/.local/lib/python3.8/site-packages/airflow/example_dags/example_nested_branch_dag.py for tasks to queue
[2024-04-08T03:02:09.184+0000] {logging_mixin.py:188} INFO - [2024-04-08T03:02:09.184+0000] {dagbag.py:540} INFO - Filling up the DagBag from /home/airflow/.local/lib/python3.8/site-packages/airflow/example_dags/example_nested_branch_dag.py
[2024-04-08T03:02:09.196+0000] {processor.py:840} INFO - DAG(s) 'example_nested_branch_dag' retrieved from /home/airflow/.local/lib/python3.8/site-packages/airflow/example_dags/example_nested_branch_dag.py
[2024-04-08T03:02:09.219+0000] {logging_mixin.py:188} INFO - [2024-04-08T03:02:09.219+0000] {dag.py:3047} INFO - Sync 1 DAGs
[2024-04-08T03:02:09.246+0000] {logging_mixin.py:188} INFO - [2024-04-08T03:02:09.246+0000] {dag.py:3834} INFO - Setting next_dagrun for example_nested_branch_dag to 2024-04-07 00:00:00+00:00, run_after=2024-04-08 00:00:00+00:00
[2024-04-08T03:02:09.269+0000] {processor.py:183} INFO - Processing /home/airflow/.local/lib/python3.8/site-packages/airflow/example_dags/example_nested_branch_dag.py took 0.090 seconds
[2024-04-08T03:02:39.751+0000] {processor.py:161} INFO - Started process (PID=2264) to work on /home/airflow/.local/lib/python3.8/site-packages/airflow/example_dags/example_nested_branch_dag.py
[2024-04-08T03:02:39.752+0000] {processor.py:830} INFO - Processing file /home/airflow/.local/lib/python3.8/site-packages/airflow/example_dags/example_nested_branch_dag.py for tasks to queue
[2024-04-08T03:02:39.754+0000] {logging_mixin.py:188} INFO - [2024-04-08T03:02:39.754+0000] {dagbag.py:540} INFO - Filling up the DagBag from /home/airflow/.local/lib/python3.8/site-packages/airflow/example_dags/example_nested_branch_dag.py
[2024-04-08T03:02:39.767+0000] {processor.py:840} INFO - DAG(s) 'example_nested_branch_dag' retrieved from /home/airflow/.local/lib/python3.8/site-packages/airflow/example_dags/example_nested_branch_dag.py
[2024-04-08T03:02:39.806+0000] {logging_mixin.py:188} INFO - [2024-04-08T03:02:39.806+0000] {dag.py:3047} INFO - Sync 1 DAGs
[2024-04-08T03:02:39.841+0000] {logging_mixin.py:188} INFO - [2024-04-08T03:02:39.841+0000] {dag.py:3834} INFO - Setting next_dagrun for example_nested_branch_dag to 2024-04-07 00:00:00+00:00, run_after=2024-04-08 00:00:00+00:00
[2024-04-08T03:02:39.898+0000] {processor.py:183} INFO - Processing /home/airflow/.local/lib/python3.8/site-packages/airflow/example_dags/example_nested_branch_dag.py took 0.150 seconds
[2024-04-08T03:03:10.292+0000] {processor.py:161} INFO - Started process (PID=2512) to work on /home/airflow/.local/lib/python3.8/site-packages/airflow/example_dags/example_nested_branch_dag.py
[2024-04-08T03:03:10.293+0000] {processor.py:830} INFO - Processing file /home/airflow/.local/lib/python3.8/site-packages/airflow/example_dags/example_nested_branch_dag.py for tasks to queue
[2024-04-08T03:03:10.293+0000] {logging_mixin.py:188} INFO - [2024-04-08T03:03:10.293+0000] {dagbag.py:540} INFO - Filling up the DagBag from /home/airflow/.local/lib/python3.8/site-packages/airflow/example_dags/example_nested_branch_dag.py
[2024-04-08T03:03:10.304+0000] {processor.py:840} INFO - DAG(s) 'example_nested_branch_dag' retrieved from /home/airflow/.local/lib/python3.8/site-packages/airflow/example_dags/example_nested_branch_dag.py
[2024-04-08T03:03:10.326+0000] {logging_mixin.py:188} INFO - [2024-04-08T03:03:10.326+0000] {dag.py:3047} INFO - Sync 1 DAGs
[2024-04-08T03:03:10.352+0000] {logging_mixin.py:188} INFO - [2024-04-08T03:03:10.352+0000] {dag.py:3834} INFO - Setting next_dagrun for example_nested_branch_dag to 2024-04-07 00:00:00+00:00, run_after=2024-04-08 00:00:00+00:00
[2024-04-08T03:03:10.381+0000] {processor.py:183} INFO - Processing /home/airflow/.local/lib/python3.8/site-packages/airflow/example_dags/example_nested_branch_dag.py took 0.093 seconds
[2024-04-08T03:03:40.700+0000] {processor.py:161} INFO - Started process (PID=2760) to work on /home/airflow/.local/lib/python3.8/site-packages/airflow/example_dags/example_nested_branch_dag.py
[2024-04-08T03:03:40.701+0000] {processor.py:830} INFO - Processing file /home/airflow/.local/lib/python3.8/site-packages/airflow/example_dags/example_nested_branch_dag.py for tasks to queue
[2024-04-08T03:03:40.701+0000] {logging_mixin.py:188} INFO - [2024-04-08T03:03:40.701+0000] {dagbag.py:540} INFO - Filling up the DagBag from /home/airflow/.local/lib/python3.8/site-packages/airflow/example_dags/example_nested_branch_dag.py
[2024-04-08T03:03:40.712+0000] {processor.py:840} INFO - DAG(s) 'example_nested_branch_dag' retrieved from /home/airflow/.local/lib/python3.8/site-packages/airflow/example_dags/example_nested_branch_dag.py
[2024-04-08T03:03:40.736+0000] {logging_mixin.py:188} INFO - [2024-04-08T03:03:40.735+0000] {dag.py:3047} INFO - Sync 1 DAGs
[2024-04-08T03:03:40.762+0000] {logging_mixin.py:188} INFO - [2024-04-08T03:03:40.762+0000] {dag.py:3834} INFO - Setting next_dagrun for example_nested_branch_dag to 2024-04-07 00:00:00+00:00, run_after=2024-04-08 00:00:00+00:00
[2024-04-08T03:03:40.787+0000] {processor.py:183} INFO - Processing /home/airflow/.local/lib/python3.8/site-packages/airflow/example_dags/example_nested_branch_dag.py took 0.091 seconds
[2024-04-08T03:04:10.910+0000] {processor.py:161} INFO - Started process (PID=3007) to work on /home/airflow/.local/lib/python3.8/site-packages/airflow/example_dags/example_nested_branch_dag.py
[2024-04-08T03:04:10.911+0000] {processor.py:830} INFO - Processing file /home/airflow/.local/lib/python3.8/site-packages/airflow/example_dags/example_nested_branch_dag.py for tasks to queue
[2024-04-08T03:04:10.911+0000] {logging_mixin.py:188} INFO - [2024-04-08T03:04:10.911+0000] {dagbag.py:540} INFO - Filling up the DagBag from /home/airflow/.local/lib/python3.8/site-packages/airflow/example_dags/example_nested_branch_dag.py
[2024-04-08T03:04:10.925+0000] {processor.py:840} INFO - DAG(s) 'example_nested_branch_dag' retrieved from /home/airflow/.local/lib/python3.8/site-packages/airflow/example_dags/example_nested_branch_dag.py
[2024-04-08T03:04:10.948+0000] {logging_mixin.py:188} INFO - [2024-04-08T03:04:10.947+0000] {dag.py:3047} INFO - Sync 1 DAGs
[2024-04-08T03:04:10.972+0000] {logging_mixin.py:188} INFO - [2024-04-08T03:04:10.972+0000] {dag.py:3834} INFO - Setting next_dagrun for example_nested_branch_dag to 2024-04-07 00:00:00+00:00, run_after=2024-04-08 00:00:00+00:00
[2024-04-08T03:04:10.997+0000] {processor.py:183} INFO - Processing /home/airflow/.local/lib/python3.8/site-packages/airflow/example_dags/example_nested_branch_dag.py took 0.089 seconds
[2024-04-08T03:04:41.501+0000] {processor.py:161} INFO - Started process (PID=3254) to work on /home/airflow/.local/lib/python3.8/site-packages/airflow/example_dags/example_nested_branch_dag.py
[2024-04-08T03:04:41.502+0000] {processor.py:830} INFO - Processing file /home/airflow/.local/lib/python3.8/site-packages/airflow/example_dags/example_nested_branch_dag.py for tasks to queue
[2024-04-08T03:04:41.507+0000] {logging_mixin.py:188} INFO - [2024-04-08T03:04:41.506+0000] {dagbag.py:540} INFO - Filling up the DagBag from /home/airflow/.local/lib/python3.8/site-packages/airflow/example_dags/example_nested_branch_dag.py
[2024-04-08T03:04:41.537+0000] {processor.py:840} INFO - DAG(s) 'example_nested_branch_dag' retrieved from /home/airflow/.local/lib/python3.8/site-packages/airflow/example_dags/example_nested_branch_dag.py
[2024-04-08T03:04:41.579+0000] {logging_mixin.py:188} INFO - [2024-04-08T03:04:41.579+0000] {dag.py:3047} INFO - Sync 1 DAGs
[2024-04-08T03:04:41.622+0000] {logging_mixin.py:188} INFO - [2024-04-08T03:04:41.622+0000] {dag.py:3834} INFO - Setting next_dagrun for example_nested_branch_dag to 2024-04-07 00:00:00+00:00, run_after=2024-04-08 00:00:00+00:00
[2024-04-08T03:04:41.680+0000] {processor.py:183} INFO - Processing /home/airflow/.local/lib/python3.8/site-packages/airflow/example_dags/example_nested_branch_dag.py took 0.183 seconds
[2024-04-08T03:05:11.923+0000] {processor.py:161} INFO - Started process (PID=3501) to work on /home/airflow/.local/lib/python3.8/site-packages/airflow/example_dags/example_nested_branch_dag.py
[2024-04-08T03:05:11.924+0000] {processor.py:830} INFO - Processing file /home/airflow/.local/lib/python3.8/site-packages/airflow/example_dags/example_nested_branch_dag.py for tasks to queue
[2024-04-08T03:05:11.925+0000] {logging_mixin.py:188} INFO - [2024-04-08T03:05:11.925+0000] {dagbag.py:540} INFO - Filling up the DagBag from /home/airflow/.local/lib/python3.8/site-packages/airflow/example_dags/example_nested_branch_dag.py
[2024-04-08T03:05:11.936+0000] {processor.py:840} INFO - DAG(s) 'example_nested_branch_dag' retrieved from /home/airflow/.local/lib/python3.8/site-packages/airflow/example_dags/example_nested_branch_dag.py
[2024-04-08T03:05:11.966+0000] {logging_mixin.py:188} INFO - [2024-04-08T03:05:11.965+0000] {dag.py:3047} INFO - Sync 1 DAGs
[2024-04-08T03:05:11.991+0000] {logging_mixin.py:188} INFO - [2024-04-08T03:05:11.991+0000] {dag.py:3834} INFO - Setting next_dagrun for example_nested_branch_dag to 2024-04-07 00:00:00+00:00, run_after=2024-04-08 00:00:00+00:00
[2024-04-08T03:05:12.015+0000] {processor.py:183} INFO - Processing /home/airflow/.local/lib/python3.8/site-packages/airflow/example_dags/example_nested_branch_dag.py took 0.095 seconds
[2024-04-08T03:05:42.633+0000] {processor.py:161} INFO - Started process (PID=3748) to work on /home/airflow/.local/lib/python3.8/site-packages/airflow/example_dags/example_nested_branch_dag.py
[2024-04-08T03:05:42.634+0000] {processor.py:830} INFO - Processing file /home/airflow/.local/lib/python3.8/site-packages/airflow/example_dags/example_nested_branch_dag.py for tasks to queue
[2024-04-08T03:05:42.635+0000] {logging_mixin.py:188} INFO - [2024-04-08T03:05:42.634+0000] {dagbag.py:540} INFO - Filling up the DagBag from /home/airflow/.local/lib/python3.8/site-packages/airflow/example_dags/example_nested_branch_dag.py
[2024-04-08T03:05:42.645+0000] {processor.py:840} INFO - DAG(s) 'example_nested_branch_dag' retrieved from /home/airflow/.local/lib/python3.8/site-packages/airflow/example_dags/example_nested_branch_dag.py
[2024-04-08T03:05:42.669+0000] {logging_mixin.py:188} INFO - [2024-04-08T03:05:42.669+0000] {dag.py:3047} INFO - Sync 1 DAGs
[2024-04-08T03:05:42.695+0000] {logging_mixin.py:188} INFO - [2024-04-08T03:05:42.695+0000] {dag.py:3834} INFO - Setting next_dagrun for example_nested_branch_dag to 2024-04-07 00:00:00+00:00, run_after=2024-04-08 00:00:00+00:00
[2024-04-08T03:05:42.719+0000] {processor.py:183} INFO - Processing /home/airflow/.local/lib/python3.8/site-packages/airflow/example_dags/example_nested_branch_dag.py took 0.090 seconds
