[2024-04-08T02:58:34.645+0000] {processor.py:161} INFO - Started process (PID=252) to work on /home/airflow/.local/lib/python3.8/site-packages/airflow/example_dags/example_branch_operator_decorator.py
[2024-04-08T02:58:34.653+0000] {processor.py:830} INFO - Processing file /home/airflow/.local/lib/python3.8/site-packages/airflow/example_dags/example_branch_operator_decorator.py for tasks to queue
[2024-04-08T02:58:34.654+0000] {logging_mixin.py:188} INFO - [2024-04-08T02:58:34.654+0000] {dagbag.py:540} INFO - Filling up the DagBag from /home/airflow/.local/lib/python3.8/site-packages/airflow/example_dags/example_branch_operator_decorator.py
[2024-04-08T02:58:34.698+0000] {processor.py:840} INFO - DAG(s) 'example_branch_python_operator_decorator' retrieved from /home/airflow/.local/lib/python3.8/site-packages/airflow/example_dags/example_branch_operator_decorator.py
[2024-04-08T02:58:34.843+0000] {logging_mixin.py:188} INFO - [2024-04-08T02:58:34.842+0000] {override.py:1769} INFO - Created Permission View: can read on DAG:example_branch_python_operator_decorator
[2024-04-08T02:58:34.863+0000] {logging_mixin.py:188} INFO - [2024-04-08T02:58:34.863+0000] {override.py:1769} INFO - Created Permission View: can delete on DAG:example_branch_python_operator_decorator
[2024-04-08T02:58:34.876+0000] {logging_mixin.py:188} INFO - [2024-04-08T02:58:34.875+0000] {override.py:1769} INFO - Created Permission View: can edit on DAG:example_branch_python_operator_decorator
[2024-04-08T02:58:34.876+0000] {logging_mixin.py:188} INFO - [2024-04-08T02:58:34.876+0000] {dag.py:3047} INFO - Sync 1 DAGs
[2024-04-08T02:58:34.886+0000] {logging_mixin.py:188} INFO - [2024-04-08T02:58:34.885+0000] {dag.py:3069} INFO - Creating ORM DAG for example_branch_python_operator_decorator
[2024-04-08T02:58:34.896+0000] {logging_mixin.py:188} INFO - [2024-04-08T02:58:34.896+0000] {dag.py:3834} INFO - Setting next_dagrun for example_branch_python_operator_decorator to 2024-04-07 00:00:00+00:00, run_after=2024-04-08 00:00:00+00:00
[2024-04-08T02:58:34.918+0000] {processor.py:183} INFO - Processing /home/airflow/.local/lib/python3.8/site-packages/airflow/example_dags/example_branch_operator_decorator.py took 0.280 seconds
[2024-04-08T02:59:05.595+0000] {processor.py:161} INFO - Started process (PID=499) to work on /home/airflow/.local/lib/python3.8/site-packages/airflow/example_dags/example_branch_operator_decorator.py
[2024-04-08T02:59:05.596+0000] {processor.py:830} INFO - Processing file /home/airflow/.local/lib/python3.8/site-packages/airflow/example_dags/example_branch_operator_decorator.py for tasks to queue
[2024-04-08T02:59:05.597+0000] {logging_mixin.py:188} INFO - [2024-04-08T02:59:05.596+0000] {dagbag.py:540} INFO - Filling up the DagBag from /home/airflow/.local/lib/python3.8/site-packages/airflow/example_dags/example_branch_operator_decorator.py
[2024-04-08T02:59:05.621+0000] {processor.py:840} INFO - DAG(s) 'example_branch_python_operator_decorator' retrieved from /home/airflow/.local/lib/python3.8/site-packages/airflow/example_dags/example_branch_operator_decorator.py
[2024-04-08T02:59:05.653+0000] {logging_mixin.py:188} INFO - [2024-04-08T02:59:05.653+0000] {dag.py:3047} INFO - Sync 1 DAGs
[2024-04-08T02:59:05.697+0000] {logging_mixin.py:188} INFO - [2024-04-08T02:59:05.696+0000] {dag.py:3834} INFO - Setting next_dagrun for example_branch_python_operator_decorator to 2024-04-07 00:00:00+00:00, run_after=2024-04-08 00:00:00+00:00
[2024-04-08T02:59:05.728+0000] {processor.py:183} INFO - Processing /home/airflow/.local/lib/python3.8/site-packages/airflow/example_dags/example_branch_operator_decorator.py took 0.139 seconds
[2024-04-08T02:59:35.789+0000] {processor.py:161} INFO - Started process (PID=748) to work on /home/airflow/.local/lib/python3.8/site-packages/airflow/example_dags/example_branch_operator_decorator.py
[2024-04-08T02:59:35.790+0000] {processor.py:830} INFO - Processing file /home/airflow/.local/lib/python3.8/site-packages/airflow/example_dags/example_branch_operator_decorator.py for tasks to queue
[2024-04-08T02:59:35.792+0000] {logging_mixin.py:188} INFO - [2024-04-08T02:59:35.791+0000] {dagbag.py:540} INFO - Filling up the DagBag from /home/airflow/.local/lib/python3.8/site-packages/airflow/example_dags/example_branch_operator_decorator.py
[2024-04-08T02:59:35.819+0000] {processor.py:840} INFO - DAG(s) 'example_branch_python_operator_decorator' retrieved from /home/airflow/.local/lib/python3.8/site-packages/airflow/example_dags/example_branch_operator_decorator.py
[2024-04-08T02:59:35.908+0000] {logging_mixin.py:188} INFO - [2024-04-08T02:59:35.907+0000] {dag.py:3047} INFO - Sync 1 DAGs
[2024-04-08T02:59:35.974+0000] {logging_mixin.py:188} INFO - [2024-04-08T02:59:35.968+0000] {dag.py:3834} INFO - Setting next_dagrun for example_branch_python_operator_decorator to 2024-04-07 00:00:00+00:00, run_after=2024-04-08 00:00:00+00:00
[2024-04-08T02:59:36.008+0000] {processor.py:183} INFO - Processing /home/airflow/.local/lib/python3.8/site-packages/airflow/example_dags/example_branch_operator_decorator.py took 0.223 seconds
[2024-04-08T03:00:06.097+0000] {processor.py:161} INFO - Started process (PID=995) to work on /home/airflow/.local/lib/python3.8/site-packages/airflow/example_dags/example_branch_operator_decorator.py
[2024-04-08T03:00:06.098+0000] {processor.py:830} INFO - Processing file /home/airflow/.local/lib/python3.8/site-packages/airflow/example_dags/example_branch_operator_decorator.py for tasks to queue
[2024-04-08T03:00:06.099+0000] {logging_mixin.py:188} INFO - [2024-04-08T03:00:06.099+0000] {dagbag.py:540} INFO - Filling up the DagBag from /home/airflow/.local/lib/python3.8/site-packages/airflow/example_dags/example_branch_operator_decorator.py
[2024-04-08T03:00:06.127+0000] {processor.py:840} INFO - DAG(s) 'example_branch_python_operator_decorator' retrieved from /home/airflow/.local/lib/python3.8/site-packages/airflow/example_dags/example_branch_operator_decorator.py
[2024-04-08T03:00:06.160+0000] {logging_mixin.py:188} INFO - [2024-04-08T03:00:06.159+0000] {dag.py:3047} INFO - Sync 1 DAGs
[2024-04-08T03:00:06.183+0000] {logging_mixin.py:188} INFO - [2024-04-08T03:00:06.183+0000] {dag.py:3834} INFO - Setting next_dagrun for example_branch_python_operator_decorator to 2024-04-07 00:00:00+00:00, run_after=2024-04-08 00:00:00+00:00
[2024-04-08T03:00:06.204+0000] {processor.py:183} INFO - Processing /home/airflow/.local/lib/python3.8/site-packages/airflow/example_dags/example_branch_operator_decorator.py took 0.110 seconds
[2024-04-08T03:00:36.828+0000] {processor.py:161} INFO - Started process (PID=1240) to work on /home/airflow/.local/lib/python3.8/site-packages/airflow/example_dags/example_branch_operator_decorator.py
[2024-04-08T03:00:36.829+0000] {processor.py:830} INFO - Processing file /home/airflow/.local/lib/python3.8/site-packages/airflow/example_dags/example_branch_operator_decorator.py for tasks to queue
[2024-04-08T03:00:36.830+0000] {logging_mixin.py:188} INFO - [2024-04-08T03:00:36.830+0000] {dagbag.py:540} INFO - Filling up the DagBag from /home/airflow/.local/lib/python3.8/site-packages/airflow/example_dags/example_branch_operator_decorator.py
[2024-04-08T03:00:36.856+0000] {processor.py:840} INFO - DAG(s) 'example_branch_python_operator_decorator' retrieved from /home/airflow/.local/lib/python3.8/site-packages/airflow/example_dags/example_branch_operator_decorator.py
[2024-04-08T03:00:36.885+0000] {logging_mixin.py:188} INFO - [2024-04-08T03:00:36.885+0000] {dag.py:3047} INFO - Sync 1 DAGs
[2024-04-08T03:00:36.908+0000] {logging_mixin.py:188} INFO - [2024-04-08T03:00:36.908+0000] {dag.py:3834} INFO - Setting next_dagrun for example_branch_python_operator_decorator to 2024-04-07 00:00:00+00:00, run_after=2024-04-08 00:00:00+00:00
[2024-04-08T03:00:36.933+0000] {processor.py:183} INFO - Processing /home/airflow/.local/lib/python3.8/site-packages/airflow/example_dags/example_branch_operator_decorator.py took 0.109 seconds
[2024-04-08T03:01:07.440+0000] {processor.py:161} INFO - Started process (PID=1487) to work on /home/airflow/.local/lib/python3.8/site-packages/airflow/example_dags/example_branch_operator_decorator.py
[2024-04-08T03:01:07.441+0000] {processor.py:830} INFO - Processing file /home/airflow/.local/lib/python3.8/site-packages/airflow/example_dags/example_branch_operator_decorator.py for tasks to queue
[2024-04-08T03:01:07.442+0000] {logging_mixin.py:188} INFO - [2024-04-08T03:01:07.441+0000] {dagbag.py:540} INFO - Filling up the DagBag from /home/airflow/.local/lib/python3.8/site-packages/airflow/example_dags/example_branch_operator_decorator.py
[2024-04-08T03:01:07.467+0000] {processor.py:840} INFO - DAG(s) 'example_branch_python_operator_decorator' retrieved from /home/airflow/.local/lib/python3.8/site-packages/airflow/example_dags/example_branch_operator_decorator.py
[2024-04-08T03:01:07.523+0000] {logging_mixin.py:188} INFO - [2024-04-08T03:01:07.523+0000] {dag.py:3047} INFO - Sync 1 DAGs
[2024-04-08T03:01:07.571+0000] {logging_mixin.py:188} INFO - [2024-04-08T03:01:07.571+0000] {dag.py:3834} INFO - Setting next_dagrun for example_branch_python_operator_decorator to 2024-04-07 00:00:00+00:00, run_after=2024-04-08 00:00:00+00:00
[2024-04-08T03:01:07.598+0000] {processor.py:183} INFO - Processing /home/airflow/.local/lib/python3.8/site-packages/airflow/example_dags/example_branch_operator_decorator.py took 0.164 seconds
[2024-04-08T03:01:38.245+0000] {processor.py:161} INFO - Started process (PID=1736) to work on /home/airflow/.local/lib/python3.8/site-packages/airflow/example_dags/example_branch_operator_decorator.py
[2024-04-08T03:01:38.250+0000] {processor.py:830} INFO - Processing file /home/airflow/.local/lib/python3.8/site-packages/airflow/example_dags/example_branch_operator_decorator.py for tasks to queue
[2024-04-08T03:01:38.252+0000] {logging_mixin.py:188} INFO - [2024-04-08T03:01:38.251+0000] {dagbag.py:540} INFO - Filling up the DagBag from /home/airflow/.local/lib/python3.8/site-packages/airflow/example_dags/example_branch_operator_decorator.py
[2024-04-08T03:01:38.294+0000] {processor.py:840} INFO - DAG(s) 'example_branch_python_operator_decorator' retrieved from /home/airflow/.local/lib/python3.8/site-packages/airflow/example_dags/example_branch_operator_decorator.py
[2024-04-08T03:01:38.343+0000] {logging_mixin.py:188} INFO - [2024-04-08T03:01:38.342+0000] {dag.py:3047} INFO - Sync 1 DAGs
[2024-04-08T03:01:38.375+0000] {logging_mixin.py:188} INFO - [2024-04-08T03:01:38.375+0000] {dag.py:3834} INFO - Setting next_dagrun for example_branch_python_operator_decorator to 2024-04-07 00:00:00+00:00, run_after=2024-04-08 00:00:00+00:00
[2024-04-08T03:01:38.398+0000] {processor.py:183} INFO - Processing /home/airflow/.local/lib/python3.8/site-packages/airflow/example_dags/example_branch_operator_decorator.py took 0.156 seconds
[2024-04-08T03:02:08.655+0000] {processor.py:161} INFO - Started process (PID=1981) to work on /home/airflow/.local/lib/python3.8/site-packages/airflow/example_dags/example_branch_operator_decorator.py
[2024-04-08T03:02:08.658+0000] {processor.py:830} INFO - Processing file /home/airflow/.local/lib/python3.8/site-packages/airflow/example_dags/example_branch_operator_decorator.py for tasks to queue
[2024-04-08T03:02:08.659+0000] {logging_mixin.py:188} INFO - [2024-04-08T03:02:08.659+0000] {dagbag.py:540} INFO - Filling up the DagBag from /home/airflow/.local/lib/python3.8/site-packages/airflow/example_dags/example_branch_operator_decorator.py
[2024-04-08T03:02:08.687+0000] {processor.py:840} INFO - DAG(s) 'example_branch_python_operator_decorator' retrieved from /home/airflow/.local/lib/python3.8/site-packages/airflow/example_dags/example_branch_operator_decorator.py
[2024-04-08T03:02:08.718+0000] {logging_mixin.py:188} INFO - [2024-04-08T03:02:08.717+0000] {dag.py:3047} INFO - Sync 1 DAGs
[2024-04-08T03:02:08.758+0000] {logging_mixin.py:188} INFO - [2024-04-08T03:02:08.757+0000] {dag.py:3834} INFO - Setting next_dagrun for example_branch_python_operator_decorator to 2024-04-07 00:00:00+00:00, run_after=2024-04-08 00:00:00+00:00
[2024-04-08T03:02:08.788+0000] {processor.py:183} INFO - Processing /home/airflow/.local/lib/python3.8/site-packages/airflow/example_dags/example_branch_operator_decorator.py took 0.137 seconds
[2024-04-08T03:02:39.077+0000] {processor.py:161} INFO - Started process (PID=2229) to work on /home/airflow/.local/lib/python3.8/site-packages/airflow/example_dags/example_branch_operator_decorator.py
[2024-04-08T03:02:39.078+0000] {processor.py:830} INFO - Processing file /home/airflow/.local/lib/python3.8/site-packages/airflow/example_dags/example_branch_operator_decorator.py for tasks to queue
[2024-04-08T03:02:39.079+0000] {logging_mixin.py:188} INFO - [2024-04-08T03:02:39.079+0000] {dagbag.py:540} INFO - Filling up the DagBag from /home/airflow/.local/lib/python3.8/site-packages/airflow/example_dags/example_branch_operator_decorator.py
[2024-04-08T03:02:39.105+0000] {processor.py:840} INFO - DAG(s) 'example_branch_python_operator_decorator' retrieved from /home/airflow/.local/lib/python3.8/site-packages/airflow/example_dags/example_branch_operator_decorator.py
[2024-04-08T03:02:39.133+0000] {logging_mixin.py:188} INFO - [2024-04-08T03:02:39.133+0000] {dag.py:3047} INFO - Sync 1 DAGs
[2024-04-08T03:02:39.159+0000] {logging_mixin.py:188} INFO - [2024-04-08T03:02:39.159+0000] {dag.py:3834} INFO - Setting next_dagrun for example_branch_python_operator_decorator to 2024-04-07 00:00:00+00:00, run_after=2024-04-08 00:00:00+00:00
[2024-04-08T03:02:39.182+0000] {processor.py:183} INFO - Processing /home/airflow/.local/lib/python3.8/site-packages/airflow/example_dags/example_branch_operator_decorator.py took 0.108 seconds
[2024-04-08T03:03:09.726+0000] {processor.py:161} INFO - Started process (PID=2477) to work on /home/airflow/.local/lib/python3.8/site-packages/airflow/example_dags/example_branch_operator_decorator.py
[2024-04-08T03:03:09.729+0000] {processor.py:830} INFO - Processing file /home/airflow/.local/lib/python3.8/site-packages/airflow/example_dags/example_branch_operator_decorator.py for tasks to queue
[2024-04-08T03:03:09.730+0000] {logging_mixin.py:188} INFO - [2024-04-08T03:03:09.730+0000] {dagbag.py:540} INFO - Filling up the DagBag from /home/airflow/.local/lib/python3.8/site-packages/airflow/example_dags/example_branch_operator_decorator.py
[2024-04-08T03:03:09.775+0000] {processor.py:840} INFO - DAG(s) 'example_branch_python_operator_decorator' retrieved from /home/airflow/.local/lib/python3.8/site-packages/airflow/example_dags/example_branch_operator_decorator.py
[2024-04-08T03:03:09.819+0000] {logging_mixin.py:188} INFO - [2024-04-08T03:03:09.818+0000] {dag.py:3047} INFO - Sync 1 DAGs
[2024-04-08T03:03:09.845+0000] {logging_mixin.py:188} INFO - [2024-04-08T03:03:09.845+0000] {dag.py:3834} INFO - Setting next_dagrun for example_branch_python_operator_decorator to 2024-04-07 00:00:00+00:00, run_after=2024-04-08 00:00:00+00:00
[2024-04-08T03:03:09.889+0000] {processor.py:183} INFO - Processing /home/airflow/.local/lib/python3.8/site-packages/airflow/example_dags/example_branch_operator_decorator.py took 0.167 seconds
[2024-04-08T03:03:40.169+0000] {processor.py:161} INFO - Started process (PID=2725) to work on /home/airflow/.local/lib/python3.8/site-packages/airflow/example_dags/example_branch_operator_decorator.py
[2024-04-08T03:03:40.172+0000] {processor.py:830} INFO - Processing file /home/airflow/.local/lib/python3.8/site-packages/airflow/example_dags/example_branch_operator_decorator.py for tasks to queue
[2024-04-08T03:03:40.174+0000] {logging_mixin.py:188} INFO - [2024-04-08T03:03:40.173+0000] {dagbag.py:540} INFO - Filling up the DagBag from /home/airflow/.local/lib/python3.8/site-packages/airflow/example_dags/example_branch_operator_decorator.py
[2024-04-08T03:03:40.207+0000] {processor.py:840} INFO - DAG(s) 'example_branch_python_operator_decorator' retrieved from /home/airflow/.local/lib/python3.8/site-packages/airflow/example_dags/example_branch_operator_decorator.py
[2024-04-08T03:03:40.259+0000] {logging_mixin.py:188} INFO - [2024-04-08T03:03:40.258+0000] {dag.py:3047} INFO - Sync 1 DAGs
[2024-04-08T03:03:40.286+0000] {logging_mixin.py:188} INFO - [2024-04-08T03:03:40.286+0000] {dag.py:3834} INFO - Setting next_dagrun for example_branch_python_operator_decorator to 2024-04-07 00:00:00+00:00, run_after=2024-04-08 00:00:00+00:00
[2024-04-08T03:03:40.309+0000] {processor.py:183} INFO - Processing /home/airflow/.local/lib/python3.8/site-packages/airflow/example_dags/example_branch_operator_decorator.py took 0.149 seconds
[2024-04-08T03:04:10.473+0000] {processor.py:161} INFO - Started process (PID=2972) to work on /home/airflow/.local/lib/python3.8/site-packages/airflow/example_dags/example_branch_operator_decorator.py
[2024-04-08T03:04:10.474+0000] {processor.py:830} INFO - Processing file /home/airflow/.local/lib/python3.8/site-packages/airflow/example_dags/example_branch_operator_decorator.py for tasks to queue
[2024-04-08T03:04:10.475+0000] {logging_mixin.py:188} INFO - [2024-04-08T03:04:10.475+0000] {dagbag.py:540} INFO - Filling up the DagBag from /home/airflow/.local/lib/python3.8/site-packages/airflow/example_dags/example_branch_operator_decorator.py
[2024-04-08T03:04:10.498+0000] {processor.py:840} INFO - DAG(s) 'example_branch_python_operator_decorator' retrieved from /home/airflow/.local/lib/python3.8/site-packages/airflow/example_dags/example_branch_operator_decorator.py
[2024-04-08T03:04:10.533+0000] {logging_mixin.py:188} INFO - [2024-04-08T03:04:10.533+0000] {dag.py:3047} INFO - Sync 1 DAGs
[2024-04-08T03:04:10.557+0000] {logging_mixin.py:188} INFO - [2024-04-08T03:04:10.557+0000] {dag.py:3834} INFO - Setting next_dagrun for example_branch_python_operator_decorator to 2024-04-07 00:00:00+00:00, run_after=2024-04-08 00:00:00+00:00
[2024-04-08T03:04:10.583+0000] {processor.py:183} INFO - Processing /home/airflow/.local/lib/python3.8/site-packages/airflow/example_dags/example_branch_operator_decorator.py took 0.113 seconds
[2024-04-08T03:04:40.945+0000] {processor.py:161} INFO - Started process (PID=3221) to work on /home/airflow/.local/lib/python3.8/site-packages/airflow/example_dags/example_branch_operator_decorator.py
[2024-04-08T03:04:40.946+0000] {processor.py:830} INFO - Processing file /home/airflow/.local/lib/python3.8/site-packages/airflow/example_dags/example_branch_operator_decorator.py for tasks to queue
[2024-04-08T03:04:40.946+0000] {logging_mixin.py:188} INFO - [2024-04-08T03:04:40.946+0000] {dagbag.py:540} INFO - Filling up the DagBag from /home/airflow/.local/lib/python3.8/site-packages/airflow/example_dags/example_branch_operator_decorator.py
[2024-04-08T03:04:40.963+0000] {processor.py:840} INFO - DAG(s) 'example_branch_python_operator_decorator' retrieved from /home/airflow/.local/lib/python3.8/site-packages/airflow/example_dags/example_branch_operator_decorator.py
[2024-04-08T03:04:40.986+0000] {logging_mixin.py:188} INFO - [2024-04-08T03:04:40.985+0000] {dag.py:3047} INFO - Sync 1 DAGs
[2024-04-08T03:04:41.003+0000] {logging_mixin.py:188} INFO - [2024-04-08T03:04:41.002+0000] {dag.py:3834} INFO - Setting next_dagrun for example_branch_python_operator_decorator to 2024-04-07 00:00:00+00:00, run_after=2024-04-08 00:00:00+00:00
[2024-04-08T03:04:41.022+0000] {processor.py:183} INFO - Processing /home/airflow/.local/lib/python3.8/site-packages/airflow/example_dags/example_branch_operator_decorator.py took 0.080 seconds
[2024-04-08T03:05:11.490+0000] {processor.py:161} INFO - Started process (PID=3466) to work on /home/airflow/.local/lib/python3.8/site-packages/airflow/example_dags/example_branch_operator_decorator.py
[2024-04-08T03:05:11.491+0000] {processor.py:830} INFO - Processing file /home/airflow/.local/lib/python3.8/site-packages/airflow/example_dags/example_branch_operator_decorator.py for tasks to queue
[2024-04-08T03:05:11.491+0000] {logging_mixin.py:188} INFO - [2024-04-08T03:05:11.491+0000] {dagbag.py:540} INFO - Filling up the DagBag from /home/airflow/.local/lib/python3.8/site-packages/airflow/example_dags/example_branch_operator_decorator.py
[2024-04-08T03:05:11.516+0000] {processor.py:840} INFO - DAG(s) 'example_branch_python_operator_decorator' retrieved from /home/airflow/.local/lib/python3.8/site-packages/airflow/example_dags/example_branch_operator_decorator.py
[2024-04-08T03:05:11.546+0000] {logging_mixin.py:188} INFO - [2024-04-08T03:05:11.546+0000] {dag.py:3047} INFO - Sync 1 DAGs
[2024-04-08T03:05:11.571+0000] {logging_mixin.py:188} INFO - [2024-04-08T03:05:11.571+0000] {dag.py:3834} INFO - Setting next_dagrun for example_branch_python_operator_decorator to 2024-04-07 00:00:00+00:00, run_after=2024-04-08 00:00:00+00:00
[2024-04-08T03:05:11.598+0000] {processor.py:183} INFO - Processing /home/airflow/.local/lib/python3.8/site-packages/airflow/example_dags/example_branch_operator_decorator.py took 0.111 seconds
[2024-04-08T03:05:42.154+0000] {processor.py:161} INFO - Started process (PID=3713) to work on /home/airflow/.local/lib/python3.8/site-packages/airflow/example_dags/example_branch_operator_decorator.py
[2024-04-08T03:05:42.155+0000] {processor.py:830} INFO - Processing file /home/airflow/.local/lib/python3.8/site-packages/airflow/example_dags/example_branch_operator_decorator.py for tasks to queue
[2024-04-08T03:05:42.156+0000] {logging_mixin.py:188} INFO - [2024-04-08T03:05:42.156+0000] {dagbag.py:540} INFO - Filling up the DagBag from /home/airflow/.local/lib/python3.8/site-packages/airflow/example_dags/example_branch_operator_decorator.py
[2024-04-08T03:05:42.183+0000] {processor.py:840} INFO - DAG(s) 'example_branch_python_operator_decorator' retrieved from /home/airflow/.local/lib/python3.8/site-packages/airflow/example_dags/example_branch_operator_decorator.py
[2024-04-08T03:05:42.211+0000] {logging_mixin.py:188} INFO - [2024-04-08T03:05:42.211+0000] {dag.py:3047} INFO - Sync 1 DAGs
[2024-04-08T03:05:42.240+0000] {logging_mixin.py:188} INFO - [2024-04-08T03:05:42.239+0000] {dag.py:3834} INFO - Setting next_dagrun for example_branch_python_operator_decorator to 2024-04-07 00:00:00+00:00, run_after=2024-04-08 00:00:00+00:00
[2024-04-08T03:05:42.265+0000] {processor.py:183} INFO - Processing /home/airflow/.local/lib/python3.8/site-packages/airflow/example_dags/example_branch_operator_decorator.py took 0.115 seconds
[2024-04-08T03:06:13.087+0000] {processor.py:161} INFO - Started process (PID=3961) to work on /home/airflow/.local/lib/python3.8/site-packages/airflow/example_dags/example_branch_operator_decorator.py
[2024-04-08T03:06:13.088+0000] {processor.py:830} INFO - Processing file /home/airflow/.local/lib/python3.8/site-packages/airflow/example_dags/example_branch_operator_decorator.py for tasks to queue
[2024-04-08T03:06:13.089+0000] {logging_mixin.py:188} INFO - [2024-04-08T03:06:13.089+0000] {dagbag.py:540} INFO - Filling up the DagBag from /home/airflow/.local/lib/python3.8/site-packages/airflow/example_dags/example_branch_operator_decorator.py
[2024-04-08T03:06:13.112+0000] {processor.py:840} INFO - DAG(s) 'example_branch_python_operator_decorator' retrieved from /home/airflow/.local/lib/python3.8/site-packages/airflow/example_dags/example_branch_operator_decorator.py
[2024-04-08T03:06:13.147+0000] {logging_mixin.py:188} INFO - [2024-04-08T03:06:13.147+0000] {dag.py:3047} INFO - Sync 1 DAGs
[2024-04-08T03:06:13.175+0000] {logging_mixin.py:188} INFO - [2024-04-08T03:06:13.175+0000] {dag.py:3834} INFO - Setting next_dagrun for example_branch_python_operator_decorator to 2024-04-07 00:00:00+00:00, run_after=2024-04-08 00:00:00+00:00
[2024-04-08T03:06:13.218+0000] {processor.py:183} INFO - Processing /home/airflow/.local/lib/python3.8/site-packages/airflow/example_dags/example_branch_operator_decorator.py took 0.135 seconds
