[2024-04-08T02:58:32.197+0000] {processor.py:161} INFO - Started process (PID=182) to work on /home/airflow/.local/lib/python3.8/site-packages/airflow/example_dags/example_task_group.py
[2024-04-08T02:58:32.198+0000] {processor.py:830} INFO - Processing file /home/airflow/.local/lib/python3.8/site-packages/airflow/example_dags/example_task_group.py for tasks to queue
[2024-04-08T02:58:32.199+0000] {logging_mixin.py:188} INFO - [2024-04-08T02:58:32.198+0000] {dagbag.py:540} INFO - Filling up the DagBag from /home/airflow/.local/lib/python3.8/site-packages/airflow/example_dags/example_task_group.py
[2024-04-08T02:58:32.210+0000] {processor.py:840} INFO - DAG(s) 'example_task_group' retrieved from /home/airflow/.local/lib/python3.8/site-packages/airflow/example_dags/example_task_group.py
[2024-04-08T02:58:32.346+0000] {logging_mixin.py:188} INFO - [2024-04-08T02:58:32.346+0000] {override.py:1769} INFO - Created Permission View: can read on DAG:example_task_group
[2024-04-08T02:58:32.362+0000] {logging_mixin.py:188} INFO - [2024-04-08T02:58:32.361+0000] {override.py:1769} INFO - Created Permission View: can delete on DAG:example_task_group
[2024-04-08T02:58:32.373+0000] {logging_mixin.py:188} INFO - [2024-04-08T02:58:32.373+0000] {override.py:1769} INFO - Created Permission View: can edit on DAG:example_task_group
[2024-04-08T02:58:32.374+0000] {logging_mixin.py:188} INFO - [2024-04-08T02:58:32.374+0000] {dag.py:3047} INFO - Sync 1 DAGs
[2024-04-08T02:58:32.387+0000] {logging_mixin.py:188} INFO - [2024-04-08T02:58:32.387+0000] {dag.py:3069} INFO - Creating ORM DAG for example_task_group
[2024-04-08T02:58:32.396+0000] {logging_mixin.py:188} INFO - [2024-04-08T02:58:32.396+0000] {dag.py:3834} INFO - Setting next_dagrun for example_task_group to 2024-04-07 00:00:00+00:00, run_after=2024-04-08 00:00:00+00:00
[2024-04-08T02:58:32.419+0000] {processor.py:183} INFO - Processing /home/airflow/.local/lib/python3.8/site-packages/airflow/example_dags/example_task_group.py took 0.226 seconds
[2024-04-08T02:59:02.458+0000] {processor.py:161} INFO - Started process (PID=431) to work on /home/airflow/.local/lib/python3.8/site-packages/airflow/example_dags/example_task_group.py
[2024-04-08T02:59:02.459+0000] {processor.py:830} INFO - Processing file /home/airflow/.local/lib/python3.8/site-packages/airflow/example_dags/example_task_group.py for tasks to queue
[2024-04-08T02:59:02.459+0000] {logging_mixin.py:188} INFO - [2024-04-08T02:59:02.459+0000] {dagbag.py:540} INFO - Filling up the DagBag from /home/airflow/.local/lib/python3.8/site-packages/airflow/example_dags/example_task_group.py
[2024-04-08T02:59:02.465+0000] {processor.py:840} INFO - DAG(s) 'example_task_group' retrieved from /home/airflow/.local/lib/python3.8/site-packages/airflow/example_dags/example_task_group.py
[2024-04-08T02:59:02.482+0000] {logging_mixin.py:188} INFO - [2024-04-08T02:59:02.482+0000] {dag.py:3047} INFO - Sync 1 DAGs
[2024-04-08T02:59:02.498+0000] {logging_mixin.py:188} INFO - [2024-04-08T02:59:02.498+0000] {dag.py:3834} INFO - Setting next_dagrun for example_task_group to 2024-04-07 00:00:00+00:00, run_after=2024-04-08 00:00:00+00:00
[2024-04-08T02:59:02.519+0000] {processor.py:183} INFO - Processing /home/airflow/.local/lib/python3.8/site-packages/airflow/example_dags/example_task_group.py took 0.064 seconds
[2024-04-08T02:59:32.668+0000] {processor.py:161} INFO - Started process (PID=676) to work on /home/airflow/.local/lib/python3.8/site-packages/airflow/example_dags/example_task_group.py
[2024-04-08T02:59:32.669+0000] {processor.py:830} INFO - Processing file /home/airflow/.local/lib/python3.8/site-packages/airflow/example_dags/example_task_group.py for tasks to queue
[2024-04-08T02:59:32.670+0000] {logging_mixin.py:188} INFO - [2024-04-08T02:59:32.669+0000] {dagbag.py:540} INFO - Filling up the DagBag from /home/airflow/.local/lib/python3.8/site-packages/airflow/example_dags/example_task_group.py
[2024-04-08T02:59:32.679+0000] {processor.py:840} INFO - DAG(s) 'example_task_group' retrieved from /home/airflow/.local/lib/python3.8/site-packages/airflow/example_dags/example_task_group.py
[2024-04-08T02:59:32.703+0000] {logging_mixin.py:188} INFO - [2024-04-08T02:59:32.703+0000] {dag.py:3047} INFO - Sync 1 DAGs
[2024-04-08T02:59:32.725+0000] {logging_mixin.py:188} INFO - [2024-04-08T02:59:32.724+0000] {dag.py:3834} INFO - Setting next_dagrun for example_task_group to 2024-04-07 00:00:00+00:00, run_after=2024-04-08 00:00:00+00:00
[2024-04-08T02:59:32.749+0000] {processor.py:183} INFO - Processing /home/airflow/.local/lib/python3.8/site-packages/airflow/example_dags/example_task_group.py took 0.085 seconds
[2024-04-08T03:00:03.154+0000] {processor.py:161} INFO - Started process (PID=923) to work on /home/airflow/.local/lib/python3.8/site-packages/airflow/example_dags/example_task_group.py
[2024-04-08T03:00:03.155+0000] {processor.py:830} INFO - Processing file /home/airflow/.local/lib/python3.8/site-packages/airflow/example_dags/example_task_group.py for tasks to queue
[2024-04-08T03:00:03.156+0000] {logging_mixin.py:188} INFO - [2024-04-08T03:00:03.156+0000] {dagbag.py:540} INFO - Filling up the DagBag from /home/airflow/.local/lib/python3.8/site-packages/airflow/example_dags/example_task_group.py
[2024-04-08T03:00:03.165+0000] {processor.py:840} INFO - DAG(s) 'example_task_group' retrieved from /home/airflow/.local/lib/python3.8/site-packages/airflow/example_dags/example_task_group.py
[2024-04-08T03:00:03.212+0000] {logging_mixin.py:188} INFO - [2024-04-08T03:00:03.211+0000] {dag.py:3047} INFO - Sync 1 DAGs
[2024-04-08T03:00:03.265+0000] {logging_mixin.py:188} INFO - [2024-04-08T03:00:03.265+0000] {dag.py:3834} INFO - Setting next_dagrun for example_task_group to 2024-04-07 00:00:00+00:00, run_after=2024-04-08 00:00:00+00:00
[2024-04-08T03:00:03.307+0000] {processor.py:183} INFO - Processing /home/airflow/.local/lib/python3.8/site-packages/airflow/example_dags/example_task_group.py took 0.156 seconds
[2024-04-08T03:00:33.778+0000] {processor.py:161} INFO - Started process (PID=1170) to work on /home/airflow/.local/lib/python3.8/site-packages/airflow/example_dags/example_task_group.py
[2024-04-08T03:00:33.779+0000] {processor.py:830} INFO - Processing file /home/airflow/.local/lib/python3.8/site-packages/airflow/example_dags/example_task_group.py for tasks to queue
[2024-04-08T03:00:33.780+0000] {logging_mixin.py:188} INFO - [2024-04-08T03:00:33.779+0000] {dagbag.py:540} INFO - Filling up the DagBag from /home/airflow/.local/lib/python3.8/site-packages/airflow/example_dags/example_task_group.py
[2024-04-08T03:00:33.789+0000] {processor.py:840} INFO - DAG(s) 'example_task_group' retrieved from /home/airflow/.local/lib/python3.8/site-packages/airflow/example_dags/example_task_group.py
[2024-04-08T03:00:33.827+0000] {logging_mixin.py:188} INFO - [2024-04-08T03:00:33.826+0000] {dag.py:3047} INFO - Sync 1 DAGs
[2024-04-08T03:00:33.871+0000] {logging_mixin.py:188} INFO - [2024-04-08T03:00:33.871+0000] {dag.py:3834} INFO - Setting next_dagrun for example_task_group to 2024-04-07 00:00:00+00:00, run_after=2024-04-08 00:00:00+00:00
[2024-04-08T03:00:33.901+0000] {processor.py:183} INFO - Processing /home/airflow/.local/lib/python3.8/site-packages/airflow/example_dags/example_task_group.py took 0.127 seconds
[2024-04-08T03:01:04.342+0000] {processor.py:161} INFO - Started process (PID=1417) to work on /home/airflow/.local/lib/python3.8/site-packages/airflow/example_dags/example_task_group.py
[2024-04-08T03:01:04.343+0000] {processor.py:830} INFO - Processing file /home/airflow/.local/lib/python3.8/site-packages/airflow/example_dags/example_task_group.py for tasks to queue
[2024-04-08T03:01:04.344+0000] {logging_mixin.py:188} INFO - [2024-04-08T03:01:04.344+0000] {dagbag.py:540} INFO - Filling up the DagBag from /home/airflow/.local/lib/python3.8/site-packages/airflow/example_dags/example_task_group.py
[2024-04-08T03:01:04.353+0000] {processor.py:840} INFO - DAG(s) 'example_task_group' retrieved from /home/airflow/.local/lib/python3.8/site-packages/airflow/example_dags/example_task_group.py
[2024-04-08T03:01:04.375+0000] {logging_mixin.py:188} INFO - [2024-04-08T03:01:04.375+0000] {dag.py:3047} INFO - Sync 1 DAGs
[2024-04-08T03:01:04.396+0000] {logging_mixin.py:188} INFO - [2024-04-08T03:01:04.396+0000] {dag.py:3834} INFO - Setting next_dagrun for example_task_group to 2024-04-07 00:00:00+00:00, run_after=2024-04-08 00:00:00+00:00
[2024-04-08T03:01:04.422+0000] {processor.py:183} INFO - Processing /home/airflow/.local/lib/python3.8/site-packages/airflow/example_dags/example_task_group.py took 0.083 seconds
[2024-04-08T03:01:35.147+0000] {processor.py:161} INFO - Started process (PID=1664) to work on /home/airflow/.local/lib/python3.8/site-packages/airflow/example_dags/example_task_group.py
[2024-04-08T03:01:35.149+0000] {processor.py:830} INFO - Processing file /home/airflow/.local/lib/python3.8/site-packages/airflow/example_dags/example_task_group.py for tasks to queue
[2024-04-08T03:01:35.150+0000] {logging_mixin.py:188} INFO - [2024-04-08T03:01:35.149+0000] {dagbag.py:540} INFO - Filling up the DagBag from /home/airflow/.local/lib/python3.8/site-packages/airflow/example_dags/example_task_group.py
[2024-04-08T03:01:35.163+0000] {processor.py:840} INFO - DAG(s) 'example_task_group' retrieved from /home/airflow/.local/lib/python3.8/site-packages/airflow/example_dags/example_task_group.py
[2024-04-08T03:01:35.209+0000] {logging_mixin.py:188} INFO - [2024-04-08T03:01:35.208+0000] {dag.py:3047} INFO - Sync 1 DAGs
[2024-04-08T03:01:35.255+0000] {logging_mixin.py:188} INFO - [2024-04-08T03:01:35.254+0000] {dag.py:3834} INFO - Setting next_dagrun for example_task_group to 2024-04-07 00:00:00+00:00, run_after=2024-04-08 00:00:00+00:00
[2024-04-08T03:01:35.313+0000] {processor.py:183} INFO - Processing /home/airflow/.local/lib/python3.8/site-packages/airflow/example_dags/example_task_group.py took 0.176 seconds
[2024-04-08T03:02:05.496+0000] {processor.py:161} INFO - Started process (PID=1910) to work on /home/airflow/.local/lib/python3.8/site-packages/airflow/example_dags/example_task_group.py
[2024-04-08T03:02:05.497+0000] {processor.py:830} INFO - Processing file /home/airflow/.local/lib/python3.8/site-packages/airflow/example_dags/example_task_group.py for tasks to queue
[2024-04-08T03:02:05.498+0000] {logging_mixin.py:188} INFO - [2024-04-08T03:02:05.498+0000] {dagbag.py:540} INFO - Filling up the DagBag from /home/airflow/.local/lib/python3.8/site-packages/airflow/example_dags/example_task_group.py
[2024-04-08T03:02:05.514+0000] {processor.py:840} INFO - DAG(s) 'example_task_group' retrieved from /home/airflow/.local/lib/python3.8/site-packages/airflow/example_dags/example_task_group.py
[2024-04-08T03:02:05.563+0000] {logging_mixin.py:188} INFO - [2024-04-08T03:02:05.563+0000] {dag.py:3047} INFO - Sync 1 DAGs
[2024-04-08T03:02:05.611+0000] {logging_mixin.py:188} INFO - [2024-04-08T03:02:05.611+0000] {dag.py:3834} INFO - Setting next_dagrun for example_task_group to 2024-04-07 00:00:00+00:00, run_after=2024-04-08 00:00:00+00:00
[2024-04-08T03:02:05.678+0000] {processor.py:183} INFO - Processing /home/airflow/.local/lib/python3.8/site-packages/airflow/example_dags/example_task_group.py took 0.186 seconds
[2024-04-08T03:02:36.225+0000] {processor.py:161} INFO - Started process (PID=2159) to work on /home/airflow/.local/lib/python3.8/site-packages/airflow/example_dags/example_task_group.py
[2024-04-08T03:02:36.226+0000] {processor.py:830} INFO - Processing file /home/airflow/.local/lib/python3.8/site-packages/airflow/example_dags/example_task_group.py for tasks to queue
[2024-04-08T03:02:36.227+0000] {logging_mixin.py:188} INFO - [2024-04-08T03:02:36.227+0000] {dagbag.py:540} INFO - Filling up the DagBag from /home/airflow/.local/lib/python3.8/site-packages/airflow/example_dags/example_task_group.py
[2024-04-08T03:02:36.236+0000] {processor.py:840} INFO - DAG(s) 'example_task_group' retrieved from /home/airflow/.local/lib/python3.8/site-packages/airflow/example_dags/example_task_group.py
[2024-04-08T03:02:36.261+0000] {logging_mixin.py:188} INFO - [2024-04-08T03:02:36.261+0000] {dag.py:3047} INFO - Sync 1 DAGs
[2024-04-08T03:02:36.283+0000] {logging_mixin.py:188} INFO - [2024-04-08T03:02:36.282+0000] {dag.py:3834} INFO - Setting next_dagrun for example_task_group to 2024-04-07 00:00:00+00:00, run_after=2024-04-08 00:00:00+00:00
[2024-04-08T03:02:36.304+0000] {processor.py:183} INFO - Processing /home/airflow/.local/lib/python3.8/site-packages/airflow/example_dags/example_task_group.py took 0.082 seconds
[2024-04-08T03:03:06.815+0000] {processor.py:161} INFO - Started process (PID=2407) to work on /home/airflow/.local/lib/python3.8/site-packages/airflow/example_dags/example_task_group.py
[2024-04-08T03:03:06.819+0000] {processor.py:830} INFO - Processing file /home/airflow/.local/lib/python3.8/site-packages/airflow/example_dags/example_task_group.py for tasks to queue
[2024-04-08T03:03:06.820+0000] {logging_mixin.py:188} INFO - [2024-04-08T03:03:06.820+0000] {dagbag.py:540} INFO - Filling up the DagBag from /home/airflow/.local/lib/python3.8/site-packages/airflow/example_dags/example_task_group.py
[2024-04-08T03:03:06.829+0000] {processor.py:840} INFO - DAG(s) 'example_task_group' retrieved from /home/airflow/.local/lib/python3.8/site-packages/airflow/example_dags/example_task_group.py
[2024-04-08T03:03:06.849+0000] {logging_mixin.py:188} INFO - [2024-04-08T03:03:06.849+0000] {dag.py:3047} INFO - Sync 1 DAGs
[2024-04-08T03:03:06.870+0000] {logging_mixin.py:188} INFO - [2024-04-08T03:03:06.870+0000] {dag.py:3834} INFO - Setting next_dagrun for example_task_group to 2024-04-07 00:00:00+00:00, run_after=2024-04-08 00:00:00+00:00
[2024-04-08T03:03:06.894+0000] {processor.py:183} INFO - Processing /home/airflow/.local/lib/python3.8/site-packages/airflow/example_dags/example_task_group.py took 0.082 seconds
[2024-04-08T03:03:37.157+0000] {processor.py:161} INFO - Started process (PID=2655) to work on /home/airflow/.local/lib/python3.8/site-packages/airflow/example_dags/example_task_group.py
[2024-04-08T03:03:37.158+0000] {processor.py:830} INFO - Processing file /home/airflow/.local/lib/python3.8/site-packages/airflow/example_dags/example_task_group.py for tasks to queue
[2024-04-08T03:03:37.159+0000] {logging_mixin.py:188} INFO - [2024-04-08T03:03:37.159+0000] {dagbag.py:540} INFO - Filling up the DagBag from /home/airflow/.local/lib/python3.8/site-packages/airflow/example_dags/example_task_group.py
[2024-04-08T03:03:37.168+0000] {processor.py:840} INFO - DAG(s) 'example_task_group' retrieved from /home/airflow/.local/lib/python3.8/site-packages/airflow/example_dags/example_task_group.py
[2024-04-08T03:03:37.196+0000] {logging_mixin.py:188} INFO - [2024-04-08T03:03:37.196+0000] {dag.py:3047} INFO - Sync 1 DAGs
[2024-04-08T03:03:37.228+0000] {logging_mixin.py:188} INFO - [2024-04-08T03:03:37.228+0000] {dag.py:3834} INFO - Setting next_dagrun for example_task_group to 2024-04-07 00:00:00+00:00, run_after=2024-04-08 00:00:00+00:00
[2024-04-08T03:03:37.261+0000] {processor.py:183} INFO - Processing /home/airflow/.local/lib/python3.8/site-packages/airflow/example_dags/example_task_group.py took 0.107 seconds
[2024-04-08T03:04:08.438+0000] {processor.py:161} INFO - Started process (PID=2904) to work on /home/airflow/.local/lib/python3.8/site-packages/airflow/example_dags/example_task_group.py
[2024-04-08T03:04:08.439+0000] {processor.py:830} INFO - Processing file /home/airflow/.local/lib/python3.8/site-packages/airflow/example_dags/example_task_group.py for tasks to queue
[2024-04-08T03:04:08.440+0000] {logging_mixin.py:188} INFO - [2024-04-08T03:04:08.439+0000] {dagbag.py:540} INFO - Filling up the DagBag from /home/airflow/.local/lib/python3.8/site-packages/airflow/example_dags/example_task_group.py
[2024-04-08T03:04:08.448+0000] {processor.py:840} INFO - DAG(s) 'example_task_group' retrieved from /home/airflow/.local/lib/python3.8/site-packages/airflow/example_dags/example_task_group.py
[2024-04-08T03:04:08.474+0000] {logging_mixin.py:188} INFO - [2024-04-08T03:04:08.473+0000] {dag.py:3047} INFO - Sync 1 DAGs
[2024-04-08T03:04:08.497+0000] {logging_mixin.py:188} INFO - [2024-04-08T03:04:08.497+0000] {dag.py:3834} INFO - Setting next_dagrun for example_task_group to 2024-04-07 00:00:00+00:00, run_after=2024-04-08 00:00:00+00:00
[2024-04-08T03:04:08.525+0000] {processor.py:183} INFO - Processing /home/airflow/.local/lib/python3.8/site-packages/airflow/example_dags/example_task_group.py took 0.090 seconds
[2024-04-08T03:04:38.698+0000] {processor.py:161} INFO - Started process (PID=3149) to work on /home/airflow/.local/lib/python3.8/site-packages/airflow/example_dags/example_task_group.py
[2024-04-08T03:04:38.699+0000] {processor.py:830} INFO - Processing file /home/airflow/.local/lib/python3.8/site-packages/airflow/example_dags/example_task_group.py for tasks to queue
[2024-04-08T03:04:38.700+0000] {logging_mixin.py:188} INFO - [2024-04-08T03:04:38.699+0000] {dagbag.py:540} INFO - Filling up the DagBag from /home/airflow/.local/lib/python3.8/site-packages/airflow/example_dags/example_task_group.py
[2024-04-08T03:04:38.705+0000] {processor.py:840} INFO - DAG(s) 'example_task_group' retrieved from /home/airflow/.local/lib/python3.8/site-packages/airflow/example_dags/example_task_group.py
[2024-04-08T03:04:38.721+0000] {logging_mixin.py:188} INFO - [2024-04-08T03:04:38.721+0000] {dag.py:3047} INFO - Sync 1 DAGs
[2024-04-08T03:04:38.739+0000] {logging_mixin.py:188} INFO - [2024-04-08T03:04:38.739+0000] {dag.py:3834} INFO - Setting next_dagrun for example_task_group to 2024-04-07 00:00:00+00:00, run_after=2024-04-08 00:00:00+00:00
[2024-04-08T03:04:38.912+0000] {processor.py:183} INFO - Processing /home/airflow/.local/lib/python3.8/site-packages/airflow/example_dags/example_task_group.py took 0.216 seconds
[2024-04-08T03:05:09.328+0000] {processor.py:161} INFO - Started process (PID=3398) to work on /home/airflow/.local/lib/python3.8/site-packages/airflow/example_dags/example_task_group.py
[2024-04-08T03:05:09.334+0000] {processor.py:830} INFO - Processing file /home/airflow/.local/lib/python3.8/site-packages/airflow/example_dags/example_task_group.py for tasks to queue
[2024-04-08T03:05:09.336+0000] {logging_mixin.py:188} INFO - [2024-04-08T03:05:09.336+0000] {dagbag.py:540} INFO - Filling up the DagBag from /home/airflow/.local/lib/python3.8/site-packages/airflow/example_dags/example_task_group.py
[2024-04-08T03:05:09.352+0000] {processor.py:840} INFO - DAG(s) 'example_task_group' retrieved from /home/airflow/.local/lib/python3.8/site-packages/airflow/example_dags/example_task_group.py
[2024-04-08T03:05:09.381+0000] {logging_mixin.py:188} INFO - [2024-04-08T03:05:09.381+0000] {dag.py:3047} INFO - Sync 1 DAGs
[2024-04-08T03:05:09.407+0000] {logging_mixin.py:188} INFO - [2024-04-08T03:05:09.407+0000] {dag.py:3834} INFO - Setting next_dagrun for example_task_group to 2024-04-07 00:00:00+00:00, run_after=2024-04-08 00:00:00+00:00
[2024-04-08T03:05:09.454+0000] {processor.py:183} INFO - Processing /home/airflow/.local/lib/python3.8/site-packages/airflow/example_dags/example_task_group.py took 0.135 seconds
[2024-04-08T03:05:40.338+0000] {processor.py:161} INFO - Started process (PID=3645) to work on /home/airflow/.local/lib/python3.8/site-packages/airflow/example_dags/example_task_group.py
[2024-04-08T03:05:40.339+0000] {processor.py:830} INFO - Processing file /home/airflow/.local/lib/python3.8/site-packages/airflow/example_dags/example_task_group.py for tasks to queue
[2024-04-08T03:05:40.340+0000] {logging_mixin.py:188} INFO - [2024-04-08T03:05:40.340+0000] {dagbag.py:540} INFO - Filling up the DagBag from /home/airflow/.local/lib/python3.8/site-packages/airflow/example_dags/example_task_group.py
[2024-04-08T03:05:40.354+0000] {processor.py:840} INFO - DAG(s) 'example_task_group' retrieved from /home/airflow/.local/lib/python3.8/site-packages/airflow/example_dags/example_task_group.py
[2024-04-08T03:05:40.388+0000] {logging_mixin.py:188} INFO - [2024-04-08T03:05:40.388+0000] {dag.py:3047} INFO - Sync 1 DAGs
[2024-04-08T03:05:40.411+0000] {logging_mixin.py:188} INFO - [2024-04-08T03:05:40.411+0000] {dag.py:3834} INFO - Setting next_dagrun for example_task_group to 2024-04-07 00:00:00+00:00, run_after=2024-04-08 00:00:00+00:00
[2024-04-08T03:05:40.435+0000] {processor.py:183} INFO - Processing /home/airflow/.local/lib/python3.8/site-packages/airflow/example_dags/example_task_group.py took 0.100 seconds
[2024-04-08T03:06:10.657+0000] {processor.py:161} INFO - Started process (PID=3893) to work on /home/airflow/.local/lib/python3.8/site-packages/airflow/example_dags/example_task_group.py
[2024-04-08T03:06:10.659+0000] {processor.py:830} INFO - Processing file /home/airflow/.local/lib/python3.8/site-packages/airflow/example_dags/example_task_group.py for tasks to queue
[2024-04-08T03:06:10.660+0000] {logging_mixin.py:188} INFO - [2024-04-08T03:06:10.659+0000] {dagbag.py:540} INFO - Filling up the DagBag from /home/airflow/.local/lib/python3.8/site-packages/airflow/example_dags/example_task_group.py
[2024-04-08T03:06:10.669+0000] {processor.py:840} INFO - DAG(s) 'example_task_group' retrieved from /home/airflow/.local/lib/python3.8/site-packages/airflow/example_dags/example_task_group.py
[2024-04-08T03:06:10.692+0000] {logging_mixin.py:188} INFO - [2024-04-08T03:06:10.692+0000] {dag.py:3047} INFO - Sync 1 DAGs
[2024-04-08T03:06:10.718+0000] {logging_mixin.py:188} INFO - [2024-04-08T03:06:10.717+0000] {dag.py:3834} INFO - Setting next_dagrun for example_task_group to 2024-04-07 00:00:00+00:00, run_after=2024-04-08 00:00:00+00:00
[2024-04-08T03:06:10.765+0000] {processor.py:183} INFO - Processing /home/airflow/.local/lib/python3.8/site-packages/airflow/example_dags/example_task_group.py took 0.112 seconds
[2024-04-08T03:06:40.881+0000] {processor.py:161} INFO - Started process (PID=4141) to work on /home/airflow/.local/lib/python3.8/site-packages/airflow/example_dags/example_task_group.py
[2024-04-08T03:06:40.882+0000] {processor.py:830} INFO - Processing file /home/airflow/.local/lib/python3.8/site-packages/airflow/example_dags/example_task_group.py for tasks to queue
[2024-04-08T03:06:40.883+0000] {logging_mixin.py:188} INFO - [2024-04-08T03:06:40.882+0000] {dagbag.py:540} INFO - Filling up the DagBag from /home/airflow/.local/lib/python3.8/site-packages/airflow/example_dags/example_task_group.py
[2024-04-08T03:06:40.891+0000] {processor.py:840} INFO - DAG(s) 'example_task_group' retrieved from /home/airflow/.local/lib/python3.8/site-packages/airflow/example_dags/example_task_group.py
[2024-04-08T03:06:40.916+0000] {logging_mixin.py:188} INFO - [2024-04-08T03:06:40.916+0000] {dag.py:3047} INFO - Sync 1 DAGs
[2024-04-08T03:06:40.940+0000] {logging_mixin.py:188} INFO - [2024-04-08T03:06:40.940+0000] {dag.py:3834} INFO - Setting next_dagrun for example_task_group to 2024-04-07 00:00:00+00:00, run_after=2024-04-08 00:00:00+00:00
[2024-04-08T03:06:40.967+0000] {processor.py:183} INFO - Processing /home/airflow/.local/lib/python3.8/site-packages/airflow/example_dags/example_task_group.py took 0.089 seconds
