[2024-04-08T02:58:37.765+0000] {processor.py:161} INFO - Started process (PID=342) to work on /home/airflow/.local/lib/python3.8/site-packages/airflow/example_dags/example_subdag_operator.py
[2024-04-08T02:58:37.766+0000] {processor.py:830} INFO - Processing file /home/airflow/.local/lib/python3.8/site-packages/airflow/example_dags/example_subdag_operator.py for tasks to queue
[2024-04-08T02:58:37.768+0000] {logging_mixin.py:188} INFO - [2024-04-08T02:58:37.767+0000] {dagbag.py:540} INFO - Filling up the DagBag from /home/airflow/.local/lib/python3.8/site-packages/airflow/example_dags/example_subdag_operator.py
[2024-04-08T02:58:37.794+0000] {processor.py:840} INFO - DAG(s) 'example_subdag_operator.section-1', 'example_subdag_operator.section-2', 'example_subdag_operator' retrieved from /home/airflow/.local/lib/python3.8/site-packages/airflow/example_dags/example_subdag_operator.py
[2024-04-08T02:58:37.926+0000] {logging_mixin.py:188} INFO - [2024-04-08T02:58:37.925+0000] {override.py:1769} INFO - Created Permission View: can read on DAG:example_subdag_operator
[2024-04-08T02:58:37.947+0000] {logging_mixin.py:188} INFO - [2024-04-08T02:58:37.947+0000] {override.py:1769} INFO - Created Permission View: can delete on DAG:example_subdag_operator
[2024-04-08T02:58:37.960+0000] {logging_mixin.py:188} INFO - [2024-04-08T02:58:37.960+0000] {override.py:1769} INFO - Created Permission View: can edit on DAG:example_subdag_operator
[2024-04-08T02:58:37.961+0000] {logging_mixin.py:188} INFO - [2024-04-08T02:58:37.961+0000] {dag.py:3047} INFO - Sync 3 DAGs
[2024-04-08T02:58:37.974+0000] {logging_mixin.py:188} INFO - [2024-04-08T02:58:37.973+0000] {dag.py:3069} INFO - Creating ORM DAG for example_subdag_operator.section-2
[2024-04-08T02:58:37.974+0000] {logging_mixin.py:188} INFO - [2024-04-08T02:58:37.974+0000] {dag.py:3069} INFO - Creating ORM DAG for example_subdag_operator
[2024-04-08T02:58:37.975+0000] {logging_mixin.py:188} INFO - [2024-04-08T02:58:37.975+0000] {dag.py:3069} INFO - Creating ORM DAG for example_subdag_operator.section-1
[2024-04-08T02:58:37.985+0000] {logging_mixin.py:188} INFO - [2024-04-08T02:58:37.984+0000] {dag.py:3834} INFO - Setting next_dagrun for example_subdag_operator to 2022-01-01 00:00:00+00:00, run_after=2022-01-01 00:00:00+00:00
[2024-04-08T02:58:37.986+0000] {logging_mixin.py:188} INFO - [2024-04-08T02:58:37.986+0000] {dag.py:3834} INFO - Setting next_dagrun for example_subdag_operator.section-1 to None, run_after=None
[2024-04-08T02:58:37.987+0000] {logging_mixin.py:188} INFO - [2024-04-08T02:58:37.987+0000] {dag.py:3834} INFO - Setting next_dagrun for example_subdag_operator.section-2 to None, run_after=None
[2024-04-08T02:58:37.998+0000] {logging_mixin.py:188} INFO - [2024-04-08T02:58:37.998+0000] {dag.py:3047} INFO - Sync 2 DAGs
[2024-04-08T02:58:38.007+0000] {logging_mixin.py:188} INFO - [2024-04-08T02:58:38.007+0000] {dag.py:3834} INFO - Setting next_dagrun for example_subdag_operator.section-1 to None, run_after=None
[2024-04-08T02:58:38.011+0000] {logging_mixin.py:188} INFO - [2024-04-08T02:58:38.011+0000] {dag.py:3834} INFO - Setting next_dagrun for example_subdag_operator.section-2 to None, run_after=None
[2024-04-08T02:58:38.030+0000] {processor.py:183} INFO - Processing /home/airflow/.local/lib/python3.8/site-packages/airflow/example_dags/example_subdag_operator.py took 0.268 seconds
[2024-04-08T02:59:08.285+0000] {processor.py:161} INFO - Started process (PID=591) to work on /home/airflow/.local/lib/python3.8/site-packages/airflow/example_dags/example_subdag_operator.py
[2024-04-08T02:59:08.286+0000] {processor.py:830} INFO - Processing file /home/airflow/.local/lib/python3.8/site-packages/airflow/example_dags/example_subdag_operator.py for tasks to queue
[2024-04-08T02:59:08.287+0000] {logging_mixin.py:188} INFO - [2024-04-08T02:59:08.287+0000] {dagbag.py:540} INFO - Filling up the DagBag from /home/airflow/.local/lib/python3.8/site-packages/airflow/example_dags/example_subdag_operator.py
[2024-04-08T02:59:08.338+0000] {processor.py:840} INFO - DAG(s) 'example_subdag_operator.section-1', 'example_subdag_operator.section-2', 'example_subdag_operator' retrieved from /home/airflow/.local/lib/python3.8/site-packages/airflow/example_dags/example_subdag_operator.py
[2024-04-08T02:59:08.361+0000] {logging_mixin.py:188} INFO - [2024-04-08T02:59:08.360+0000] {dag.py:3047} INFO - Sync 3 DAGs
[2024-04-08T02:59:08.384+0000] {logging_mixin.py:188} INFO - [2024-04-08T02:59:08.383+0000] {dag.py:3834} INFO - Setting next_dagrun for example_subdag_operator to 2022-01-01 00:00:00+00:00, run_after=2022-01-01 00:00:00+00:00
[2024-04-08T02:59:08.387+0000] {logging_mixin.py:188} INFO - [2024-04-08T02:59:08.387+0000] {dag.py:3834} INFO - Setting next_dagrun for example_subdag_operator.section-1 to None, run_after=None
[2024-04-08T02:59:08.388+0000] {logging_mixin.py:188} INFO - [2024-04-08T02:59:08.388+0000] {dag.py:3834} INFO - Setting next_dagrun for example_subdag_operator.section-2 to None, run_after=None
[2024-04-08T02:59:08.393+0000] {logging_mixin.py:188} INFO - [2024-04-08T02:59:08.393+0000] {dag.py:3047} INFO - Sync 2 DAGs
[2024-04-08T02:59:08.397+0000] {logging_mixin.py:188} INFO - [2024-04-08T02:59:08.397+0000] {dag.py:3834} INFO - Setting next_dagrun for example_subdag_operator.section-1 to None, run_after=None
[2024-04-08T02:59:08.397+0000] {logging_mixin.py:188} INFO - [2024-04-08T02:59:08.397+0000] {dag.py:3834} INFO - Setting next_dagrun for example_subdag_operator.section-2 to None, run_after=None
[2024-04-08T02:59:08.412+0000] {processor.py:183} INFO - Processing /home/airflow/.local/lib/python3.8/site-packages/airflow/example_dags/example_subdag_operator.py took 0.130 seconds
[2024-04-08T02:59:39.230+0000] {processor.py:161} INFO - Started process (PID=838) to work on /home/airflow/.local/lib/python3.8/site-packages/airflow/example_dags/example_subdag_operator.py
[2024-04-08T02:59:39.231+0000] {processor.py:830} INFO - Processing file /home/airflow/.local/lib/python3.8/site-packages/airflow/example_dags/example_subdag_operator.py for tasks to queue
[2024-04-08T02:59:39.232+0000] {logging_mixin.py:188} INFO - [2024-04-08T02:59:39.232+0000] {dagbag.py:540} INFO - Filling up the DagBag from /home/airflow/.local/lib/python3.8/site-packages/airflow/example_dags/example_subdag_operator.py
[2024-04-08T02:59:39.250+0000] {processor.py:840} INFO - DAG(s) 'example_subdag_operator.section-1', 'example_subdag_operator.section-2', 'example_subdag_operator' retrieved from /home/airflow/.local/lib/python3.8/site-packages/airflow/example_dags/example_subdag_operator.py
[2024-04-08T02:59:39.261+0000] {logging_mixin.py:188} INFO - [2024-04-08T02:59:39.261+0000] {dag.py:3047} INFO - Sync 3 DAGs
[2024-04-08T02:59:39.281+0000] {logging_mixin.py:188} INFO - [2024-04-08T02:59:39.280+0000] {dag.py:3834} INFO - Setting next_dagrun for example_subdag_operator to 2022-01-01 00:00:00+00:00, run_after=2022-01-01 00:00:00+00:00
[2024-04-08T02:59:39.285+0000] {logging_mixin.py:188} INFO - [2024-04-08T02:59:39.284+0000] {dag.py:3834} INFO - Setting next_dagrun for example_subdag_operator.section-1 to None, run_after=None
[2024-04-08T02:59:39.286+0000] {logging_mixin.py:188} INFO - [2024-04-08T02:59:39.286+0000] {dag.py:3834} INFO - Setting next_dagrun for example_subdag_operator.section-2 to None, run_after=None
[2024-04-08T02:59:39.294+0000] {logging_mixin.py:188} INFO - [2024-04-08T02:59:39.293+0000] {dag.py:3047} INFO - Sync 2 DAGs
[2024-04-08T02:59:39.298+0000] {logging_mixin.py:188} INFO - [2024-04-08T02:59:39.298+0000] {dag.py:3834} INFO - Setting next_dagrun for example_subdag_operator.section-1 to None, run_after=None
[2024-04-08T02:59:39.299+0000] {logging_mixin.py:188} INFO - [2024-04-08T02:59:39.299+0000] {dag.py:3834} INFO - Setting next_dagrun for example_subdag_operator.section-2 to None, run_after=None
[2024-04-08T02:59:39.320+0000] {processor.py:183} INFO - Processing /home/airflow/.local/lib/python3.8/site-packages/airflow/example_dags/example_subdag_operator.py took 0.092 seconds
[2024-04-08T03:00:09.584+0000] {processor.py:161} INFO - Started process (PID=1083) to work on /home/airflow/.local/lib/python3.8/site-packages/airflow/example_dags/example_subdag_operator.py
[2024-04-08T03:00:09.586+0000] {processor.py:830} INFO - Processing file /home/airflow/.local/lib/python3.8/site-packages/airflow/example_dags/example_subdag_operator.py for tasks to queue
[2024-04-08T03:00:09.587+0000] {logging_mixin.py:188} INFO - [2024-04-08T03:00:09.587+0000] {dagbag.py:540} INFO - Filling up the DagBag from /home/airflow/.local/lib/python3.8/site-packages/airflow/example_dags/example_subdag_operator.py
[2024-04-08T03:00:09.611+0000] {processor.py:840} INFO - DAG(s) 'example_subdag_operator.section-1', 'example_subdag_operator.section-2', 'example_subdag_operator' retrieved from /home/airflow/.local/lib/python3.8/site-packages/airflow/example_dags/example_subdag_operator.py
[2024-04-08T03:00:09.628+0000] {logging_mixin.py:188} INFO - [2024-04-08T03:00:09.628+0000] {dag.py:3047} INFO - Sync 3 DAGs
[2024-04-08T03:00:09.665+0000] {logging_mixin.py:188} INFO - [2024-04-08T03:00:09.665+0000] {dag.py:3834} INFO - Setting next_dagrun for example_subdag_operator to 2022-01-01 00:00:00+00:00, run_after=2022-01-01 00:00:00+00:00
[2024-04-08T03:00:09.670+0000] {logging_mixin.py:188} INFO - [2024-04-08T03:00:09.669+0000] {dag.py:3834} INFO - Setting next_dagrun for example_subdag_operator.section-1 to None, run_after=None
[2024-04-08T03:00:09.672+0000] {logging_mixin.py:188} INFO - [2024-04-08T03:00:09.671+0000] {dag.py:3834} INFO - Setting next_dagrun for example_subdag_operator.section-2 to None, run_after=None
[2024-04-08T03:00:09.683+0000] {logging_mixin.py:188} INFO - [2024-04-08T03:00:09.683+0000] {dag.py:3047} INFO - Sync 2 DAGs
[2024-04-08T03:00:09.699+0000] {logging_mixin.py:188} INFO - [2024-04-08T03:00:09.699+0000] {dag.py:3834} INFO - Setting next_dagrun for example_subdag_operator.section-1 to None, run_after=None
[2024-04-08T03:00:09.700+0000] {logging_mixin.py:188} INFO - [2024-04-08T03:00:09.700+0000] {dag.py:3834} INFO - Setting next_dagrun for example_subdag_operator.section-2 to None, run_after=None
[2024-04-08T03:00:09.722+0000] {processor.py:183} INFO - Processing /home/airflow/.local/lib/python3.8/site-packages/airflow/example_dags/example_subdag_operator.py took 0.144 seconds
[2024-04-08T03:00:40.371+0000] {processor.py:161} INFO - Started process (PID=1330) to work on /home/airflow/.local/lib/python3.8/site-packages/airflow/example_dags/example_subdag_operator.py
[2024-04-08T03:00:40.372+0000] {processor.py:830} INFO - Processing file /home/airflow/.local/lib/python3.8/site-packages/airflow/example_dags/example_subdag_operator.py for tasks to queue
[2024-04-08T03:00:40.373+0000] {logging_mixin.py:188} INFO - [2024-04-08T03:00:40.373+0000] {dagbag.py:540} INFO - Filling up the DagBag from /home/airflow/.local/lib/python3.8/site-packages/airflow/example_dags/example_subdag_operator.py
[2024-04-08T03:00:40.396+0000] {processor.py:840} INFO - DAG(s) 'example_subdag_operator.section-1', 'example_subdag_operator.section-2', 'example_subdag_operator' retrieved from /home/airflow/.local/lib/python3.8/site-packages/airflow/example_dags/example_subdag_operator.py
[2024-04-08T03:00:40.419+0000] {logging_mixin.py:188} INFO - [2024-04-08T03:00:40.419+0000] {dag.py:3047} INFO - Sync 3 DAGs
[2024-04-08T03:00:40.443+0000] {logging_mixin.py:188} INFO - [2024-04-08T03:00:40.443+0000] {dag.py:3834} INFO - Setting next_dagrun for example_subdag_operator to 2022-01-01 00:00:00+00:00, run_after=2022-01-01 00:00:00+00:00
[2024-04-08T03:00:40.447+0000] {logging_mixin.py:188} INFO - [2024-04-08T03:00:40.447+0000] {dag.py:3834} INFO - Setting next_dagrun for example_subdag_operator.section-1 to None, run_after=None
[2024-04-08T03:00:40.448+0000] {logging_mixin.py:188} INFO - [2024-04-08T03:00:40.448+0000] {dag.py:3834} INFO - Setting next_dagrun for example_subdag_operator.section-2 to None, run_after=None
[2024-04-08T03:00:40.455+0000] {logging_mixin.py:188} INFO - [2024-04-08T03:00:40.455+0000] {dag.py:3047} INFO - Sync 2 DAGs
[2024-04-08T03:00:40.460+0000] {logging_mixin.py:188} INFO - [2024-04-08T03:00:40.460+0000] {dag.py:3834} INFO - Setting next_dagrun for example_subdag_operator.section-1 to None, run_after=None
[2024-04-08T03:00:40.461+0000] {logging_mixin.py:188} INFO - [2024-04-08T03:00:40.460+0000] {dag.py:3834} INFO - Setting next_dagrun for example_subdag_operator.section-2 to None, run_after=None
[2024-04-08T03:00:40.479+0000] {processor.py:183} INFO - Processing /home/airflow/.local/lib/python3.8/site-packages/airflow/example_dags/example_subdag_operator.py took 0.112 seconds
[2024-04-08T03:01:10.937+0000] {processor.py:161} INFO - Started process (PID=1579) to work on /home/airflow/.local/lib/python3.8/site-packages/airflow/example_dags/example_subdag_operator.py
[2024-04-08T03:01:10.938+0000] {processor.py:830} INFO - Processing file /home/airflow/.local/lib/python3.8/site-packages/airflow/example_dags/example_subdag_operator.py for tasks to queue
[2024-04-08T03:01:10.944+0000] {logging_mixin.py:188} INFO - [2024-04-08T03:01:10.943+0000] {dagbag.py:540} INFO - Filling up the DagBag from /home/airflow/.local/lib/python3.8/site-packages/airflow/example_dags/example_subdag_operator.py
[2024-04-08T03:01:10.967+0000] {processor.py:840} INFO - DAG(s) 'example_subdag_operator.section-1', 'example_subdag_operator.section-2', 'example_subdag_operator' retrieved from /home/airflow/.local/lib/python3.8/site-packages/airflow/example_dags/example_subdag_operator.py
[2024-04-08T03:01:10.986+0000] {logging_mixin.py:188} INFO - [2024-04-08T03:01:10.986+0000] {dag.py:3047} INFO - Sync 3 DAGs
[2024-04-08T03:01:11.010+0000] {logging_mixin.py:188} INFO - [2024-04-08T03:01:11.009+0000] {dag.py:3834} INFO - Setting next_dagrun for example_subdag_operator to 2022-01-01 00:00:00+00:00, run_after=2022-01-01 00:00:00+00:00
[2024-04-08T03:01:11.012+0000] {logging_mixin.py:188} INFO - [2024-04-08T03:01:11.012+0000] {dag.py:3834} INFO - Setting next_dagrun for example_subdag_operator.section-1 to None, run_after=None
[2024-04-08T03:01:11.013+0000] {logging_mixin.py:188} INFO - [2024-04-08T03:01:11.013+0000] {dag.py:3834} INFO - Setting next_dagrun for example_subdag_operator.section-2 to None, run_after=None
[2024-04-08T03:01:11.020+0000] {logging_mixin.py:188} INFO - [2024-04-08T03:01:11.020+0000] {dag.py:3047} INFO - Sync 2 DAGs
[2024-04-08T03:01:11.026+0000] {logging_mixin.py:188} INFO - [2024-04-08T03:01:11.026+0000] {dag.py:3834} INFO - Setting next_dagrun for example_subdag_operator.section-1 to None, run_after=None
[2024-04-08T03:01:11.027+0000] {logging_mixin.py:188} INFO - [2024-04-08T03:01:11.027+0000] {dag.py:3834} INFO - Setting next_dagrun for example_subdag_operator.section-2 to None, run_after=None
[2024-04-08T03:01:11.042+0000] {processor.py:183} INFO - Processing /home/airflow/.local/lib/python3.8/site-packages/airflow/example_dags/example_subdag_operator.py took 0.108 seconds
[2024-04-08T03:01:41.478+0000] {processor.py:161} INFO - Started process (PID=1826) to work on /home/airflow/.local/lib/python3.8/site-packages/airflow/example_dags/example_subdag_operator.py
[2024-04-08T03:01:41.479+0000] {processor.py:830} INFO - Processing file /home/airflow/.local/lib/python3.8/site-packages/airflow/example_dags/example_subdag_operator.py for tasks to queue
[2024-04-08T03:01:41.480+0000] {logging_mixin.py:188} INFO - [2024-04-08T03:01:41.479+0000] {dagbag.py:540} INFO - Filling up the DagBag from /home/airflow/.local/lib/python3.8/site-packages/airflow/example_dags/example_subdag_operator.py
[2024-04-08T03:01:41.503+0000] {processor.py:840} INFO - DAG(s) 'example_subdag_operator.section-1', 'example_subdag_operator.section-2', 'example_subdag_operator' retrieved from /home/airflow/.local/lib/python3.8/site-packages/airflow/example_dags/example_subdag_operator.py
[2024-04-08T03:01:41.522+0000] {logging_mixin.py:188} INFO - [2024-04-08T03:01:41.522+0000] {dag.py:3047} INFO - Sync 3 DAGs
[2024-04-08T03:01:41.546+0000] {logging_mixin.py:188} INFO - [2024-04-08T03:01:41.546+0000] {dag.py:3834} INFO - Setting next_dagrun for example_subdag_operator to 2022-01-01 00:00:00+00:00, run_after=2022-01-01 00:00:00+00:00
[2024-04-08T03:01:41.550+0000] {logging_mixin.py:188} INFO - [2024-04-08T03:01:41.550+0000] {dag.py:3834} INFO - Setting next_dagrun for example_subdag_operator.section-1 to None, run_after=None
[2024-04-08T03:01:41.551+0000] {logging_mixin.py:188} INFO - [2024-04-08T03:01:41.551+0000] {dag.py:3834} INFO - Setting next_dagrun for example_subdag_operator.section-2 to None, run_after=None
[2024-04-08T03:01:41.559+0000] {logging_mixin.py:188} INFO - [2024-04-08T03:01:41.558+0000] {dag.py:3047} INFO - Sync 2 DAGs
[2024-04-08T03:01:41.563+0000] {logging_mixin.py:188} INFO - [2024-04-08T03:01:41.563+0000] {dag.py:3834} INFO - Setting next_dagrun for example_subdag_operator.section-1 to None, run_after=None
[2024-04-08T03:01:41.563+0000] {logging_mixin.py:188} INFO - [2024-04-08T03:01:41.563+0000] {dag.py:3834} INFO - Setting next_dagrun for example_subdag_operator.section-2 to None, run_after=None
[2024-04-08T03:01:41.579+0000] {processor.py:183} INFO - Processing /home/airflow/.local/lib/python3.8/site-packages/airflow/example_dags/example_subdag_operator.py took 0.105 seconds
[2024-04-08T03:02:11.998+0000] {processor.py:161} INFO - Started process (PID=2071) to work on /home/airflow/.local/lib/python3.8/site-packages/airflow/example_dags/example_subdag_operator.py
[2024-04-08T03:02:12.008+0000] {processor.py:830} INFO - Processing file /home/airflow/.local/lib/python3.8/site-packages/airflow/example_dags/example_subdag_operator.py for tasks to queue
[2024-04-08T03:02:12.009+0000] {logging_mixin.py:188} INFO - [2024-04-08T03:02:12.009+0000] {dagbag.py:540} INFO - Filling up the DagBag from /home/airflow/.local/lib/python3.8/site-packages/airflow/example_dags/example_subdag_operator.py
[2024-04-08T03:02:12.067+0000] {processor.py:840} INFO - DAG(s) 'example_subdag_operator.section-1', 'example_subdag_operator.section-2', 'example_subdag_operator' retrieved from /home/airflow/.local/lib/python3.8/site-packages/airflow/example_dags/example_subdag_operator.py
[2024-04-08T03:02:12.085+0000] {logging_mixin.py:188} INFO - [2024-04-08T03:02:12.085+0000] {dag.py:3047} INFO - Sync 3 DAGs
[2024-04-08T03:02:12.113+0000] {logging_mixin.py:188} INFO - [2024-04-08T03:02:12.113+0000] {dag.py:3834} INFO - Setting next_dagrun for example_subdag_operator to 2022-01-01 00:00:00+00:00, run_after=2022-01-01 00:00:00+00:00
[2024-04-08T03:02:12.117+0000] {logging_mixin.py:188} INFO - [2024-04-08T03:02:12.116+0000] {dag.py:3834} INFO - Setting next_dagrun for example_subdag_operator.section-1 to None, run_after=None
[2024-04-08T03:02:12.118+0000] {logging_mixin.py:188} INFO - [2024-04-08T03:02:12.118+0000] {dag.py:3834} INFO - Setting next_dagrun for example_subdag_operator.section-2 to None, run_after=None
[2024-04-08T03:02:12.126+0000] {logging_mixin.py:188} INFO - [2024-04-08T03:02:12.126+0000] {dag.py:3047} INFO - Sync 2 DAGs
[2024-04-08T03:02:12.131+0000] {logging_mixin.py:188} INFO - [2024-04-08T03:02:12.131+0000] {dag.py:3834} INFO - Setting next_dagrun for example_subdag_operator.section-1 to None, run_after=None
[2024-04-08T03:02:12.131+0000] {logging_mixin.py:188} INFO - [2024-04-08T03:02:12.131+0000] {dag.py:3834} INFO - Setting next_dagrun for example_subdag_operator.section-2 to None, run_after=None
[2024-04-08T03:02:12.159+0000] {processor.py:183} INFO - Processing /home/airflow/.local/lib/python3.8/site-packages/airflow/example_dags/example_subdag_operator.py took 0.164 seconds
[2024-04-08T03:02:42.704+0000] {processor.py:161} INFO - Started process (PID=2321) to work on /home/airflow/.local/lib/python3.8/site-packages/airflow/example_dags/example_subdag_operator.py
[2024-04-08T03:02:42.704+0000] {processor.py:830} INFO - Processing file /home/airflow/.local/lib/python3.8/site-packages/airflow/example_dags/example_subdag_operator.py for tasks to queue
[2024-04-08T03:02:42.705+0000] {logging_mixin.py:188} INFO - [2024-04-08T03:02:42.705+0000] {dagbag.py:540} INFO - Filling up the DagBag from /home/airflow/.local/lib/python3.8/site-packages/airflow/example_dags/example_subdag_operator.py
[2024-04-08T03:02:42.723+0000] {processor.py:840} INFO - DAG(s) 'example_subdag_operator.section-1', 'example_subdag_operator.section-2', 'example_subdag_operator' retrieved from /home/airflow/.local/lib/python3.8/site-packages/airflow/example_dags/example_subdag_operator.py
[2024-04-08T03:02:42.735+0000] {logging_mixin.py:188} INFO - [2024-04-08T03:02:42.735+0000] {dag.py:3047} INFO - Sync 3 DAGs
[2024-04-08T03:02:42.751+0000] {logging_mixin.py:188} INFO - [2024-04-08T03:02:42.751+0000] {dag.py:3834} INFO - Setting next_dagrun for example_subdag_operator to 2022-01-01 00:00:00+00:00, run_after=2022-01-01 00:00:00+00:00
[2024-04-08T03:02:42.753+0000] {logging_mixin.py:188} INFO - [2024-04-08T03:02:42.753+0000] {dag.py:3834} INFO - Setting next_dagrun for example_subdag_operator.section-1 to None, run_after=None
[2024-04-08T03:02:42.754+0000] {logging_mixin.py:188} INFO - [2024-04-08T03:02:42.754+0000] {dag.py:3834} INFO - Setting next_dagrun for example_subdag_operator.section-2 to None, run_after=None
[2024-04-08T03:02:42.760+0000] {logging_mixin.py:188} INFO - [2024-04-08T03:02:42.759+0000] {dag.py:3047} INFO - Sync 2 DAGs
[2024-04-08T03:02:42.763+0000] {logging_mixin.py:188} INFO - [2024-04-08T03:02:42.763+0000] {dag.py:3834} INFO - Setting next_dagrun for example_subdag_operator.section-1 to None, run_after=None
[2024-04-08T03:02:42.764+0000] {logging_mixin.py:188} INFO - [2024-04-08T03:02:42.764+0000] {dag.py:3834} INFO - Setting next_dagrun for example_subdag_operator.section-2 to None, run_after=None
[2024-04-08T03:02:42.778+0000] {processor.py:183} INFO - Processing /home/airflow/.local/lib/python3.8/site-packages/airflow/example_dags/example_subdag_operator.py took 0.077 seconds
[2024-04-08T03:03:13.133+0000] {processor.py:161} INFO - Started process (PID=2567) to work on /home/airflow/.local/lib/python3.8/site-packages/airflow/example_dags/example_subdag_operator.py
[2024-04-08T03:03:13.135+0000] {processor.py:830} INFO - Processing file /home/airflow/.local/lib/python3.8/site-packages/airflow/example_dags/example_subdag_operator.py for tasks to queue
[2024-04-08T03:03:13.136+0000] {logging_mixin.py:188} INFO - [2024-04-08T03:03:13.135+0000] {dagbag.py:540} INFO - Filling up the DagBag from /home/airflow/.local/lib/python3.8/site-packages/airflow/example_dags/example_subdag_operator.py
[2024-04-08T03:03:13.161+0000] {processor.py:840} INFO - DAG(s) 'example_subdag_operator.section-1', 'example_subdag_operator.section-2', 'example_subdag_operator' retrieved from /home/airflow/.local/lib/python3.8/site-packages/airflow/example_dags/example_subdag_operator.py
[2024-04-08T03:03:13.180+0000] {logging_mixin.py:188} INFO - [2024-04-08T03:03:13.179+0000] {dag.py:3047} INFO - Sync 3 DAGs
[2024-04-08T03:03:13.204+0000] {logging_mixin.py:188} INFO - [2024-04-08T03:03:13.204+0000] {dag.py:3834} INFO - Setting next_dagrun for example_subdag_operator to 2022-01-01 00:00:00+00:00, run_after=2022-01-01 00:00:00+00:00
[2024-04-08T03:03:13.209+0000] {logging_mixin.py:188} INFO - [2024-04-08T03:03:13.209+0000] {dag.py:3834} INFO - Setting next_dagrun for example_subdag_operator.section-1 to None, run_after=None
[2024-04-08T03:03:13.210+0000] {logging_mixin.py:188} INFO - [2024-04-08T03:03:13.210+0000] {dag.py:3834} INFO - Setting next_dagrun for example_subdag_operator.section-2 to None, run_after=None
[2024-04-08T03:03:13.220+0000] {logging_mixin.py:188} INFO - [2024-04-08T03:03:13.220+0000] {dag.py:3047} INFO - Sync 2 DAGs
[2024-04-08T03:03:13.225+0000] {logging_mixin.py:188} INFO - [2024-04-08T03:03:13.225+0000] {dag.py:3834} INFO - Setting next_dagrun for example_subdag_operator.section-1 to None, run_after=None
[2024-04-08T03:03:13.226+0000] {logging_mixin.py:188} INFO - [2024-04-08T03:03:13.226+0000] {dag.py:3834} INFO - Setting next_dagrun for example_subdag_operator.section-2 to None, run_after=None
[2024-04-08T03:03:13.243+0000] {processor.py:183} INFO - Processing /home/airflow/.local/lib/python3.8/site-packages/airflow/example_dags/example_subdag_operator.py took 0.113 seconds
[2024-04-08T03:03:43.714+0000] {processor.py:161} INFO - Started process (PID=2815) to work on /home/airflow/.local/lib/python3.8/site-packages/airflow/example_dags/example_subdag_operator.py
[2024-04-08T03:03:43.718+0000] {processor.py:830} INFO - Processing file /home/airflow/.local/lib/python3.8/site-packages/airflow/example_dags/example_subdag_operator.py for tasks to queue
[2024-04-08T03:03:43.719+0000] {logging_mixin.py:188} INFO - [2024-04-08T03:03:43.719+0000] {dagbag.py:540} INFO - Filling up the DagBag from /home/airflow/.local/lib/python3.8/site-packages/airflow/example_dags/example_subdag_operator.py
[2024-04-08T03:03:43.765+0000] {processor.py:840} INFO - DAG(s) 'example_subdag_operator.section-1', 'example_subdag_operator.section-2', 'example_subdag_operator' retrieved from /home/airflow/.local/lib/python3.8/site-packages/airflow/example_dags/example_subdag_operator.py
[2024-04-08T03:03:43.801+0000] {logging_mixin.py:188} INFO - [2024-04-08T03:03:43.800+0000] {dag.py:3047} INFO - Sync 3 DAGs
[2024-04-08T03:03:43.830+0000] {logging_mixin.py:188} INFO - [2024-04-08T03:03:43.830+0000] {dag.py:3834} INFO - Setting next_dagrun for example_subdag_operator to 2022-01-01 00:00:00+00:00, run_after=2022-01-01 00:00:00+00:00
[2024-04-08T03:03:43.834+0000] {logging_mixin.py:188} INFO - [2024-04-08T03:03:43.834+0000] {dag.py:3834} INFO - Setting next_dagrun for example_subdag_operator.section-1 to None, run_after=None
[2024-04-08T03:03:43.836+0000] {logging_mixin.py:188} INFO - [2024-04-08T03:03:43.836+0000] {dag.py:3834} INFO - Setting next_dagrun for example_subdag_operator.section-2 to None, run_after=None
[2024-04-08T03:03:43.843+0000] {logging_mixin.py:188} INFO - [2024-04-08T03:03:43.843+0000] {dag.py:3047} INFO - Sync 2 DAGs
[2024-04-08T03:03:43.853+0000] {logging_mixin.py:188} INFO - [2024-04-08T03:03:43.852+0000] {dag.py:3834} INFO - Setting next_dagrun for example_subdag_operator.section-1 to None, run_after=None
[2024-04-08T03:03:43.854+0000] {logging_mixin.py:188} INFO - [2024-04-08T03:03:43.854+0000] {dag.py:3834} INFO - Setting next_dagrun for example_subdag_operator.section-2 to None, run_after=None
[2024-04-08T03:03:43.873+0000] {processor.py:183} INFO - Processing /home/airflow/.local/lib/python3.8/site-packages/airflow/example_dags/example_subdag_operator.py took 0.164 seconds
[2024-04-08T03:04:14.140+0000] {processor.py:161} INFO - Started process (PID=3062) to work on /home/airflow/.local/lib/python3.8/site-packages/airflow/example_dags/example_subdag_operator.py
[2024-04-08T03:04:14.141+0000] {processor.py:830} INFO - Processing file /home/airflow/.local/lib/python3.8/site-packages/airflow/example_dags/example_subdag_operator.py for tasks to queue
[2024-04-08T03:04:14.142+0000] {logging_mixin.py:188} INFO - [2024-04-08T03:04:14.142+0000] {dagbag.py:540} INFO - Filling up the DagBag from /home/airflow/.local/lib/python3.8/site-packages/airflow/example_dags/example_subdag_operator.py
[2024-04-08T03:04:14.160+0000] {processor.py:840} INFO - DAG(s) 'example_subdag_operator.section-1', 'example_subdag_operator.section-2', 'example_subdag_operator' retrieved from /home/airflow/.local/lib/python3.8/site-packages/airflow/example_dags/example_subdag_operator.py
[2024-04-08T03:04:14.172+0000] {logging_mixin.py:188} INFO - [2024-04-08T03:04:14.171+0000] {dag.py:3047} INFO - Sync 3 DAGs
[2024-04-08T03:04:14.188+0000] {logging_mixin.py:188} INFO - [2024-04-08T03:04:14.188+0000] {dag.py:3834} INFO - Setting next_dagrun for example_subdag_operator to 2022-01-01 00:00:00+00:00, run_after=2022-01-01 00:00:00+00:00
[2024-04-08T03:04:14.190+0000] {logging_mixin.py:188} INFO - [2024-04-08T03:04:14.190+0000] {dag.py:3834} INFO - Setting next_dagrun for example_subdag_operator.section-1 to None, run_after=None
[2024-04-08T03:04:14.192+0000] {logging_mixin.py:188} INFO - [2024-04-08T03:04:14.191+0000] {dag.py:3834} INFO - Setting next_dagrun for example_subdag_operator.section-2 to None, run_after=None
[2024-04-08T03:04:14.196+0000] {logging_mixin.py:188} INFO - [2024-04-08T03:04:14.196+0000] {dag.py:3047} INFO - Sync 2 DAGs
[2024-04-08T03:04:14.200+0000] {logging_mixin.py:188} INFO - [2024-04-08T03:04:14.200+0000] {dag.py:3834} INFO - Setting next_dagrun for example_subdag_operator.section-1 to None, run_after=None
[2024-04-08T03:04:14.201+0000] {logging_mixin.py:188} INFO - [2024-04-08T03:04:14.200+0000] {dag.py:3834} INFO - Setting next_dagrun for example_subdag_operator.section-2 to None, run_after=None
[2024-04-08T03:04:14.345+0000] {processor.py:183} INFO - Processing /home/airflow/.local/lib/python3.8/site-packages/airflow/example_dags/example_subdag_operator.py took 0.207 seconds
[2024-04-08T03:04:44.602+0000] {processor.py:161} INFO - Started process (PID=3309) to work on /home/airflow/.local/lib/python3.8/site-packages/airflow/example_dags/example_subdag_operator.py
[2024-04-08T03:04:44.603+0000] {processor.py:830} INFO - Processing file /home/airflow/.local/lib/python3.8/site-packages/airflow/example_dags/example_subdag_operator.py for tasks to queue
[2024-04-08T03:04:44.604+0000] {logging_mixin.py:188} INFO - [2024-04-08T03:04:44.604+0000] {dagbag.py:540} INFO - Filling up the DagBag from /home/airflow/.local/lib/python3.8/site-packages/airflow/example_dags/example_subdag_operator.py
[2024-04-08T03:04:44.623+0000] {processor.py:840} INFO - DAG(s) 'example_subdag_operator.section-1', 'example_subdag_operator.section-2', 'example_subdag_operator' retrieved from /home/airflow/.local/lib/python3.8/site-packages/airflow/example_dags/example_subdag_operator.py
[2024-04-08T03:04:44.634+0000] {logging_mixin.py:188} INFO - [2024-04-08T03:04:44.634+0000] {dag.py:3047} INFO - Sync 3 DAGs
[2024-04-08T03:04:44.650+0000] {logging_mixin.py:188} INFO - [2024-04-08T03:04:44.650+0000] {dag.py:3834} INFO - Setting next_dagrun for example_subdag_operator to 2022-01-01 00:00:00+00:00, run_after=2022-01-01 00:00:00+00:00
[2024-04-08T03:04:44.653+0000] {logging_mixin.py:188} INFO - [2024-04-08T03:04:44.652+0000] {dag.py:3834} INFO - Setting next_dagrun for example_subdag_operator.section-1 to None, run_after=None
[2024-04-08T03:04:44.654+0000] {logging_mixin.py:188} INFO - [2024-04-08T03:04:44.654+0000] {dag.py:3834} INFO - Setting next_dagrun for example_subdag_operator.section-2 to None, run_after=None
[2024-04-08T03:04:44.659+0000] {logging_mixin.py:188} INFO - [2024-04-08T03:04:44.659+0000] {dag.py:3047} INFO - Sync 2 DAGs
[2024-04-08T03:04:44.664+0000] {logging_mixin.py:188} INFO - [2024-04-08T03:04:44.664+0000] {dag.py:3834} INFO - Setting next_dagrun for example_subdag_operator.section-1 to None, run_after=None
[2024-04-08T03:04:44.665+0000] {logging_mixin.py:188} INFO - [2024-04-08T03:04:44.664+0000] {dag.py:3834} INFO - Setting next_dagrun for example_subdag_operator.section-2 to None, run_after=None
[2024-04-08T03:04:44.747+0000] {processor.py:183} INFO - Processing /home/airflow/.local/lib/python3.8/site-packages/airflow/example_dags/example_subdag_operator.py took 0.148 seconds
[2024-04-08T03:05:15.036+0000] {processor.py:161} INFO - Started process (PID=3556) to work on /home/airflow/.local/lib/python3.8/site-packages/airflow/example_dags/example_subdag_operator.py
[2024-04-08T03:05:15.037+0000] {processor.py:830} INFO - Processing file /home/airflow/.local/lib/python3.8/site-packages/airflow/example_dags/example_subdag_operator.py for tasks to queue
[2024-04-08T03:05:15.037+0000] {logging_mixin.py:188} INFO - [2024-04-08T03:05:15.037+0000] {dagbag.py:540} INFO - Filling up the DagBag from /home/airflow/.local/lib/python3.8/site-packages/airflow/example_dags/example_subdag_operator.py
[2024-04-08T03:05:15.055+0000] {processor.py:840} INFO - DAG(s) 'example_subdag_operator.section-1', 'example_subdag_operator.section-2', 'example_subdag_operator' retrieved from /home/airflow/.local/lib/python3.8/site-packages/airflow/example_dags/example_subdag_operator.py
[2024-04-08T03:05:15.074+0000] {logging_mixin.py:188} INFO - [2024-04-08T03:05:15.074+0000] {dag.py:3047} INFO - Sync 3 DAGs
[2024-04-08T03:05:15.098+0000] {logging_mixin.py:188} INFO - [2024-04-08T03:05:15.097+0000] {dag.py:3834} INFO - Setting next_dagrun for example_subdag_operator to 2022-01-01 00:00:00+00:00, run_after=2022-01-01 00:00:00+00:00
[2024-04-08T03:05:15.102+0000] {logging_mixin.py:188} INFO - [2024-04-08T03:05:15.102+0000] {dag.py:3834} INFO - Setting next_dagrun for example_subdag_operator.section-1 to None, run_after=None
[2024-04-08T03:05:15.103+0000] {logging_mixin.py:188} INFO - [2024-04-08T03:05:15.103+0000] {dag.py:3834} INFO - Setting next_dagrun for example_subdag_operator.section-2 to None, run_after=None
[2024-04-08T03:05:15.110+0000] {logging_mixin.py:188} INFO - [2024-04-08T03:05:15.110+0000] {dag.py:3047} INFO - Sync 2 DAGs
[2024-04-08T03:05:15.115+0000] {logging_mixin.py:188} INFO - [2024-04-08T03:05:15.115+0000] {dag.py:3834} INFO - Setting next_dagrun for example_subdag_operator.section-1 to None, run_after=None
[2024-04-08T03:05:15.116+0000] {logging_mixin.py:188} INFO - [2024-04-08T03:05:15.115+0000] {dag.py:3834} INFO - Setting next_dagrun for example_subdag_operator.section-2 to None, run_after=None
[2024-04-08T03:05:15.213+0000] {processor.py:183} INFO - Processing /home/airflow/.local/lib/python3.8/site-packages/airflow/example_dags/example_subdag_operator.py took 0.179 seconds
[2024-04-08T03:05:45.499+0000] {processor.py:161} INFO - Started process (PID=3803) to work on /home/airflow/.local/lib/python3.8/site-packages/airflow/example_dags/example_subdag_operator.py
[2024-04-08T03:05:45.500+0000] {processor.py:830} INFO - Processing file /home/airflow/.local/lib/python3.8/site-packages/airflow/example_dags/example_subdag_operator.py for tasks to queue
[2024-04-08T03:05:45.502+0000] {logging_mixin.py:188} INFO - [2024-04-08T03:05:45.501+0000] {dagbag.py:540} INFO - Filling up the DagBag from /home/airflow/.local/lib/python3.8/site-packages/airflow/example_dags/example_subdag_operator.py
[2024-04-08T03:05:45.545+0000] {processor.py:840} INFO - DAG(s) 'example_subdag_operator.section-1', 'example_subdag_operator.section-2', 'example_subdag_operator' retrieved from /home/airflow/.local/lib/python3.8/site-packages/airflow/example_dags/example_subdag_operator.py
[2024-04-08T03:05:45.586+0000] {logging_mixin.py:188} INFO - [2024-04-08T03:05:45.585+0000] {dag.py:3047} INFO - Sync 3 DAGs
[2024-04-08T03:05:45.647+0000] {logging_mixin.py:188} INFO - [2024-04-08T03:05:45.647+0000] {dag.py:3834} INFO - Setting next_dagrun for example_subdag_operator to 2022-01-01 00:00:00+00:00, run_after=2022-01-01 00:00:00+00:00
[2024-04-08T03:05:45.666+0000] {logging_mixin.py:188} INFO - [2024-04-08T03:05:45.666+0000] {dag.py:3834} INFO - Setting next_dagrun for example_subdag_operator.section-1 to None, run_after=None
[2024-04-08T03:05:45.669+0000] {logging_mixin.py:188} INFO - [2024-04-08T03:05:45.668+0000] {dag.py:3834} INFO - Setting next_dagrun for example_subdag_operator.section-2 to None, run_after=None
[2024-04-08T03:05:45.686+0000] {logging_mixin.py:188} INFO - [2024-04-08T03:05:45.686+0000] {dag.py:3047} INFO - Sync 2 DAGs
[2024-04-08T03:05:45.697+0000] {logging_mixin.py:188} INFO - [2024-04-08T03:05:45.697+0000] {dag.py:3834} INFO - Setting next_dagrun for example_subdag_operator.section-1 to None, run_after=None
[2024-04-08T03:05:45.698+0000] {logging_mixin.py:188} INFO - [2024-04-08T03:05:45.698+0000] {dag.py:3834} INFO - Setting next_dagrun for example_subdag_operator.section-2 to None, run_after=None
[2024-04-08T03:05:45.731+0000] {processor.py:183} INFO - Processing /home/airflow/.local/lib/python3.8/site-packages/airflow/example_dags/example_subdag_operator.py took 0.236 seconds
[2024-04-08T03:06:15.786+0000] {processor.py:161} INFO - Started process (PID=4053) to work on /home/airflow/.local/lib/python3.8/site-packages/airflow/example_dags/example_subdag_operator.py
[2024-04-08T03:06:15.787+0000] {processor.py:830} INFO - Processing file /home/airflow/.local/lib/python3.8/site-packages/airflow/example_dags/example_subdag_operator.py for tasks to queue
[2024-04-08T03:06:15.788+0000] {logging_mixin.py:188} INFO - [2024-04-08T03:06:15.788+0000] {dagbag.py:540} INFO - Filling up the DagBag from /home/airflow/.local/lib/python3.8/site-packages/airflow/example_dags/example_subdag_operator.py
[2024-04-08T03:06:15.810+0000] {processor.py:840} INFO - DAG(s) 'example_subdag_operator.section-1', 'example_subdag_operator.section-2', 'example_subdag_operator' retrieved from /home/airflow/.local/lib/python3.8/site-packages/airflow/example_dags/example_subdag_operator.py
[2024-04-08T03:06:15.822+0000] {logging_mixin.py:188} INFO - [2024-04-08T03:06:15.822+0000] {dag.py:3047} INFO - Sync 3 DAGs
[2024-04-08T03:06:15.839+0000] {logging_mixin.py:188} INFO - [2024-04-08T03:06:15.839+0000] {dag.py:3834} INFO - Setting next_dagrun for example_subdag_operator to 2022-01-01 00:00:00+00:00, run_after=2022-01-01 00:00:00+00:00
[2024-04-08T03:06:15.842+0000] {logging_mixin.py:188} INFO - [2024-04-08T03:06:15.842+0000] {dag.py:3834} INFO - Setting next_dagrun for example_subdag_operator.section-1 to None, run_after=None
[2024-04-08T03:06:15.843+0000] {logging_mixin.py:188} INFO - [2024-04-08T03:06:15.843+0000] {dag.py:3834} INFO - Setting next_dagrun for example_subdag_operator.section-2 to None, run_after=None
[2024-04-08T03:06:15.848+0000] {logging_mixin.py:188} INFO - [2024-04-08T03:06:15.848+0000] {dag.py:3047} INFO - Sync 2 DAGs
[2024-04-08T03:06:15.853+0000] {logging_mixin.py:188} INFO - [2024-04-08T03:06:15.853+0000] {dag.py:3834} INFO - Setting next_dagrun for example_subdag_operator.section-1 to None, run_after=None
[2024-04-08T03:06:15.854+0000] {logging_mixin.py:188} INFO - [2024-04-08T03:06:15.854+0000] {dag.py:3834} INFO - Setting next_dagrun for example_subdag_operator.section-2 to None, run_after=None
[2024-04-08T03:06:15.869+0000] {processor.py:183} INFO - Processing /home/airflow/.local/lib/python3.8/site-packages/airflow/example_dags/example_subdag_operator.py took 0.087 seconds
