[2024-04-08T02:58:33.537+0000] {processor.py:161} INFO - Started process (PID=227) to work on /home/airflow/.local/lib/python3.8/site-packages/airflow/example_dags/example_short_circuit_operator.py
[2024-04-08T02:58:33.545+0000] {processor.py:830} INFO - Processing file /home/airflow/.local/lib/python3.8/site-packages/airflow/example_dags/example_short_circuit_operator.py for tasks to queue
[2024-04-08T02:58:33.549+0000] {logging_mixin.py:188} INFO - [2024-04-08T02:58:33.548+0000] {dagbag.py:540} INFO - Filling up the DagBag from /home/airflow/.local/lib/python3.8/site-packages/airflow/example_dags/example_short_circuit_operator.py
[2024-04-08T02:58:33.568+0000] {processor.py:840} INFO - DAG(s) 'example_short_circuit_operator' retrieved from /home/airflow/.local/lib/python3.8/site-packages/airflow/example_dags/example_short_circuit_operator.py
[2024-04-08T02:58:33.857+0000] {logging_mixin.py:188} INFO - [2024-04-08T02:58:33.857+0000] {override.py:1769} INFO - Created Permission View: can read on DAG:example_short_circuit_operator
[2024-04-08T02:58:33.872+0000] {logging_mixin.py:188} INFO - [2024-04-08T02:58:33.871+0000] {override.py:1769} INFO - Created Permission View: can delete on DAG:example_short_circuit_operator
[2024-04-08T02:58:33.890+0000] {logging_mixin.py:188} INFO - [2024-04-08T02:58:33.890+0000] {override.py:1769} INFO - Created Permission View: can edit on DAG:example_short_circuit_operator
[2024-04-08T02:58:33.891+0000] {logging_mixin.py:188} INFO - [2024-04-08T02:58:33.891+0000] {dag.py:3047} INFO - Sync 1 DAGs
[2024-04-08T02:58:33.904+0000] {logging_mixin.py:188} INFO - [2024-04-08T02:58:33.904+0000] {dag.py:3069} INFO - Creating ORM DAG for example_short_circuit_operator
[2024-04-08T02:58:33.933+0000] {logging_mixin.py:188} INFO - [2024-04-08T02:58:33.933+0000] {dag.py:3834} INFO - Setting next_dagrun for example_short_circuit_operator to 2024-04-07 00:00:00+00:00, run_after=2024-04-08 00:00:00+00:00
[2024-04-08T02:58:33.976+0000] {processor.py:183} INFO - Processing /home/airflow/.local/lib/python3.8/site-packages/airflow/example_dags/example_short_circuit_operator.py took 0.443 seconds
[2024-04-08T02:59:04.061+0000] {processor.py:161} INFO - Started process (PID=474) to work on /home/airflow/.local/lib/python3.8/site-packages/airflow/example_dags/example_short_circuit_operator.py
[2024-04-08T02:59:04.063+0000] {processor.py:830} INFO - Processing file /home/airflow/.local/lib/python3.8/site-packages/airflow/example_dags/example_short_circuit_operator.py for tasks to queue
[2024-04-08T02:59:04.064+0000] {logging_mixin.py:188} INFO - [2024-04-08T02:59:04.063+0000] {dagbag.py:540} INFO - Filling up the DagBag from /home/airflow/.local/lib/python3.8/site-packages/airflow/example_dags/example_short_circuit_operator.py
[2024-04-08T02:59:04.074+0000] {processor.py:840} INFO - DAG(s) 'example_short_circuit_operator' retrieved from /home/airflow/.local/lib/python3.8/site-packages/airflow/example_dags/example_short_circuit_operator.py
[2024-04-08T02:59:04.099+0000] {logging_mixin.py:188} INFO - [2024-04-08T02:59:04.099+0000] {dag.py:3047} INFO - Sync 1 DAGs
[2024-04-08T02:59:04.123+0000] {logging_mixin.py:188} INFO - [2024-04-08T02:59:04.122+0000] {dag.py:3834} INFO - Setting next_dagrun for example_short_circuit_operator to 2024-04-07 00:00:00+00:00, run_after=2024-04-08 00:00:00+00:00
[2024-04-08T02:59:04.151+0000] {processor.py:183} INFO - Processing /home/airflow/.local/lib/python3.8/site-packages/airflow/example_dags/example_short_circuit_operator.py took 0.094 seconds
[2024-04-08T02:59:34.305+0000] {processor.py:161} INFO - Started process (PID=721) to work on /home/airflow/.local/lib/python3.8/site-packages/airflow/example_dags/example_short_circuit_operator.py
[2024-04-08T02:59:34.306+0000] {processor.py:830} INFO - Processing file /home/airflow/.local/lib/python3.8/site-packages/airflow/example_dags/example_short_circuit_operator.py for tasks to queue
[2024-04-08T02:59:34.307+0000] {logging_mixin.py:188} INFO - [2024-04-08T02:59:34.307+0000] {dagbag.py:540} INFO - Filling up the DagBag from /home/airflow/.local/lib/python3.8/site-packages/airflow/example_dags/example_short_circuit_operator.py
[2024-04-08T02:59:34.316+0000] {processor.py:840} INFO - DAG(s) 'example_short_circuit_operator' retrieved from /home/airflow/.local/lib/python3.8/site-packages/airflow/example_dags/example_short_circuit_operator.py
[2024-04-08T02:59:34.343+0000] {logging_mixin.py:188} INFO - [2024-04-08T02:59:34.342+0000] {dag.py:3047} INFO - Sync 1 DAGs
[2024-04-08T02:59:34.366+0000] {logging_mixin.py:188} INFO - [2024-04-08T02:59:34.365+0000] {dag.py:3834} INFO - Setting next_dagrun for example_short_circuit_operator to 2024-04-07 00:00:00+00:00, run_after=2024-04-08 00:00:00+00:00
[2024-04-08T02:59:34.387+0000] {processor.py:183} INFO - Processing /home/airflow/.local/lib/python3.8/site-packages/airflow/example_dags/example_short_circuit_operator.py took 0.089 seconds
[2024-04-08T03:00:04.724+0000] {processor.py:161} INFO - Started process (PID=968) to work on /home/airflow/.local/lib/python3.8/site-packages/airflow/example_dags/example_short_circuit_operator.py
[2024-04-08T03:00:04.725+0000] {processor.py:830} INFO - Processing file /home/airflow/.local/lib/python3.8/site-packages/airflow/example_dags/example_short_circuit_operator.py for tasks to queue
[2024-04-08T03:00:04.726+0000] {logging_mixin.py:188} INFO - [2024-04-08T03:00:04.726+0000] {dagbag.py:540} INFO - Filling up the DagBag from /home/airflow/.local/lib/python3.8/site-packages/airflow/example_dags/example_short_circuit_operator.py
[2024-04-08T03:00:04.735+0000] {processor.py:840} INFO - DAG(s) 'example_short_circuit_operator' retrieved from /home/airflow/.local/lib/python3.8/site-packages/airflow/example_dags/example_short_circuit_operator.py
[2024-04-08T03:00:04.760+0000] {logging_mixin.py:188} INFO - [2024-04-08T03:00:04.759+0000] {dag.py:3047} INFO - Sync 1 DAGs
[2024-04-08T03:00:04.781+0000] {logging_mixin.py:188} INFO - [2024-04-08T03:00:04.781+0000] {dag.py:3834} INFO - Setting next_dagrun for example_short_circuit_operator to 2024-04-07 00:00:00+00:00, run_after=2024-04-08 00:00:00+00:00
[2024-04-08T03:00:04.802+0000] {processor.py:183} INFO - Processing /home/airflow/.local/lib/python3.8/site-packages/airflow/example_dags/example_short_circuit_operator.py took 0.082 seconds
[2024-04-08T03:00:35.603+0000] {processor.py:161} INFO - Started process (PID=1217) to work on /home/airflow/.local/lib/python3.8/site-packages/airflow/example_dags/example_short_circuit_operator.py
[2024-04-08T03:00:35.606+0000] {processor.py:830} INFO - Processing file /home/airflow/.local/lib/python3.8/site-packages/airflow/example_dags/example_short_circuit_operator.py for tasks to queue
[2024-04-08T03:00:35.607+0000] {logging_mixin.py:188} INFO - [2024-04-08T03:00:35.606+0000] {dagbag.py:540} INFO - Filling up the DagBag from /home/airflow/.local/lib/python3.8/site-packages/airflow/example_dags/example_short_circuit_operator.py
[2024-04-08T03:00:35.616+0000] {processor.py:840} INFO - DAG(s) 'example_short_circuit_operator' retrieved from /home/airflow/.local/lib/python3.8/site-packages/airflow/example_dags/example_short_circuit_operator.py
[2024-04-08T03:00:35.634+0000] {logging_mixin.py:188} INFO - [2024-04-08T03:00:35.634+0000] {dag.py:3047} INFO - Sync 1 DAGs
[2024-04-08T03:00:35.650+0000] {logging_mixin.py:188} INFO - [2024-04-08T03:00:35.650+0000] {dag.py:3834} INFO - Setting next_dagrun for example_short_circuit_operator to 2024-04-07 00:00:00+00:00, run_after=2024-04-08 00:00:00+00:00
[2024-04-08T03:00:35.669+0000] {processor.py:183} INFO - Processing /home/airflow/.local/lib/python3.8/site-packages/airflow/example_dags/example_short_circuit_operator.py took 0.069 seconds
[2024-04-08T03:01:06.015+0000] {processor.py:161} INFO - Started process (PID=1462) to work on /home/airflow/.local/lib/python3.8/site-packages/airflow/example_dags/example_short_circuit_operator.py
[2024-04-08T03:01:06.017+0000] {processor.py:830} INFO - Processing file /home/airflow/.local/lib/python3.8/site-packages/airflow/example_dags/example_short_circuit_operator.py for tasks to queue
[2024-04-08T03:01:06.018+0000] {logging_mixin.py:188} INFO - [2024-04-08T03:01:06.017+0000] {dagbag.py:540} INFO - Filling up the DagBag from /home/airflow/.local/lib/python3.8/site-packages/airflow/example_dags/example_short_circuit_operator.py
[2024-04-08T03:01:06.027+0000] {processor.py:840} INFO - DAG(s) 'example_short_circuit_operator' retrieved from /home/airflow/.local/lib/python3.8/site-packages/airflow/example_dags/example_short_circuit_operator.py
[2024-04-08T03:01:06.053+0000] {logging_mixin.py:188} INFO - [2024-04-08T03:01:06.052+0000] {dag.py:3047} INFO - Sync 1 DAGs
[2024-04-08T03:01:06.076+0000] {logging_mixin.py:188} INFO - [2024-04-08T03:01:06.076+0000] {dag.py:3834} INFO - Setting next_dagrun for example_short_circuit_operator to 2024-04-07 00:00:00+00:00, run_after=2024-04-08 00:00:00+00:00
[2024-04-08T03:01:06.101+0000] {processor.py:183} INFO - Processing /home/airflow/.local/lib/python3.8/site-packages/airflow/example_dags/example_short_circuit_operator.py took 0.089 seconds
[2024-04-08T03:01:36.747+0000] {processor.py:161} INFO - Started process (PID=1709) to work on /home/airflow/.local/lib/python3.8/site-packages/airflow/example_dags/example_short_circuit_operator.py
[2024-04-08T03:01:36.748+0000] {processor.py:830} INFO - Processing file /home/airflow/.local/lib/python3.8/site-packages/airflow/example_dags/example_short_circuit_operator.py for tasks to queue
[2024-04-08T03:01:36.749+0000] {logging_mixin.py:188} INFO - [2024-04-08T03:01:36.749+0000] {dagbag.py:540} INFO - Filling up the DagBag from /home/airflow/.local/lib/python3.8/site-packages/airflow/example_dags/example_short_circuit_operator.py
[2024-04-08T03:01:36.758+0000] {processor.py:840} INFO - DAG(s) 'example_short_circuit_operator' retrieved from /home/airflow/.local/lib/python3.8/site-packages/airflow/example_dags/example_short_circuit_operator.py
[2024-04-08T03:01:36.783+0000] {logging_mixin.py:188} INFO - [2024-04-08T03:01:36.783+0000] {dag.py:3047} INFO - Sync 1 DAGs
[2024-04-08T03:01:36.806+0000] {logging_mixin.py:188} INFO - [2024-04-08T03:01:36.805+0000] {dag.py:3834} INFO - Setting next_dagrun for example_short_circuit_operator to 2024-04-07 00:00:00+00:00, run_after=2024-04-08 00:00:00+00:00
[2024-04-08T03:01:36.826+0000] {processor.py:183} INFO - Processing /home/airflow/.local/lib/python3.8/site-packages/airflow/example_dags/example_short_circuit_operator.py took 0.083 seconds
[2024-04-08T03:02:07.316+0000] {processor.py:161} INFO - Started process (PID=1955) to work on /home/airflow/.local/lib/python3.8/site-packages/airflow/example_dags/example_short_circuit_operator.py
[2024-04-08T03:02:07.317+0000] {processor.py:830} INFO - Processing file /home/airflow/.local/lib/python3.8/site-packages/airflow/example_dags/example_short_circuit_operator.py for tasks to queue
[2024-04-08T03:02:07.318+0000] {logging_mixin.py:188} INFO - [2024-04-08T03:02:07.318+0000] {dagbag.py:540} INFO - Filling up the DagBag from /home/airflow/.local/lib/python3.8/site-packages/airflow/example_dags/example_short_circuit_operator.py
[2024-04-08T03:02:07.327+0000] {processor.py:840} INFO - DAG(s) 'example_short_circuit_operator' retrieved from /home/airflow/.local/lib/python3.8/site-packages/airflow/example_dags/example_short_circuit_operator.py
[2024-04-08T03:02:07.380+0000] {logging_mixin.py:188} INFO - [2024-04-08T03:02:07.380+0000] {dag.py:3047} INFO - Sync 1 DAGs
[2024-04-08T03:02:07.403+0000] {logging_mixin.py:188} INFO - [2024-04-08T03:02:07.402+0000] {dag.py:3834} INFO - Setting next_dagrun for example_short_circuit_operator to 2024-04-07 00:00:00+00:00, run_after=2024-04-08 00:00:00+00:00
[2024-04-08T03:02:07.425+0000] {processor.py:183} INFO - Processing /home/airflow/.local/lib/python3.8/site-packages/airflow/example_dags/example_short_circuit_operator.py took 0.113 seconds
[2024-04-08T03:02:37.849+0000] {processor.py:161} INFO - Started process (PID=2204) to work on /home/airflow/.local/lib/python3.8/site-packages/airflow/example_dags/example_short_circuit_operator.py
[2024-04-08T03:02:37.850+0000] {processor.py:830} INFO - Processing file /home/airflow/.local/lib/python3.8/site-packages/airflow/example_dags/example_short_circuit_operator.py for tasks to queue
[2024-04-08T03:02:37.851+0000] {logging_mixin.py:188} INFO - [2024-04-08T03:02:37.851+0000] {dagbag.py:540} INFO - Filling up the DagBag from /home/airflow/.local/lib/python3.8/site-packages/airflow/example_dags/example_short_circuit_operator.py
[2024-04-08T03:02:37.860+0000] {processor.py:840} INFO - DAG(s) 'example_short_circuit_operator' retrieved from /home/airflow/.local/lib/python3.8/site-packages/airflow/example_dags/example_short_circuit_operator.py
[2024-04-08T03:02:37.885+0000] {logging_mixin.py:188} INFO - [2024-04-08T03:02:37.885+0000] {dag.py:3047} INFO - Sync 1 DAGs
[2024-04-08T03:02:37.909+0000] {logging_mixin.py:188} INFO - [2024-04-08T03:02:37.908+0000] {dag.py:3834} INFO - Setting next_dagrun for example_short_circuit_operator to 2024-04-07 00:00:00+00:00, run_after=2024-04-08 00:00:00+00:00
[2024-04-08T03:02:37.932+0000] {processor.py:183} INFO - Processing /home/airflow/.local/lib/python3.8/site-packages/airflow/example_dags/example_short_circuit_operator.py took 0.086 seconds
[2024-04-08T03:03:08.324+0000] {processor.py:161} INFO - Started process (PID=2452) to work on /home/airflow/.local/lib/python3.8/site-packages/airflow/example_dags/example_short_circuit_operator.py
[2024-04-08T03:03:08.325+0000] {processor.py:830} INFO - Processing file /home/airflow/.local/lib/python3.8/site-packages/airflow/example_dags/example_short_circuit_operator.py for tasks to queue
[2024-04-08T03:03:08.326+0000] {logging_mixin.py:188} INFO - [2024-04-08T03:03:08.326+0000] {dagbag.py:540} INFO - Filling up the DagBag from /home/airflow/.local/lib/python3.8/site-packages/airflow/example_dags/example_short_circuit_operator.py
[2024-04-08T03:03:08.335+0000] {processor.py:840} INFO - DAG(s) 'example_short_circuit_operator' retrieved from /home/airflow/.local/lib/python3.8/site-packages/airflow/example_dags/example_short_circuit_operator.py
[2024-04-08T03:03:08.361+0000] {logging_mixin.py:188} INFO - [2024-04-08T03:03:08.361+0000] {dag.py:3047} INFO - Sync 1 DAGs
[2024-04-08T03:03:08.382+0000] {logging_mixin.py:188} INFO - [2024-04-08T03:03:08.382+0000] {dag.py:3834} INFO - Setting next_dagrun for example_short_circuit_operator to 2024-04-07 00:00:00+00:00, run_after=2024-04-08 00:00:00+00:00
[2024-04-08T03:03:08.405+0000] {processor.py:183} INFO - Processing /home/airflow/.local/lib/python3.8/site-packages/airflow/example_dags/example_short_circuit_operator.py took 0.084 seconds
[2024-04-08T03:03:38.758+0000] {processor.py:161} INFO - Started process (PID=2700) to work on /home/airflow/.local/lib/python3.8/site-packages/airflow/example_dags/example_short_circuit_operator.py
[2024-04-08T03:03:38.759+0000] {processor.py:830} INFO - Processing file /home/airflow/.local/lib/python3.8/site-packages/airflow/example_dags/example_short_circuit_operator.py for tasks to queue
[2024-04-08T03:03:38.760+0000] {logging_mixin.py:188} INFO - [2024-04-08T03:03:38.760+0000] {dagbag.py:540} INFO - Filling up the DagBag from /home/airflow/.local/lib/python3.8/site-packages/airflow/example_dags/example_short_circuit_operator.py
[2024-04-08T03:03:38.770+0000] {processor.py:840} INFO - DAG(s) 'example_short_circuit_operator' retrieved from /home/airflow/.local/lib/python3.8/site-packages/airflow/example_dags/example_short_circuit_operator.py
[2024-04-08T03:03:38.821+0000] {logging_mixin.py:188} INFO - [2024-04-08T03:03:38.821+0000] {dag.py:3047} INFO - Sync 1 DAGs
[2024-04-08T03:03:38.847+0000] {logging_mixin.py:188} INFO - [2024-04-08T03:03:38.847+0000] {dag.py:3834} INFO - Setting next_dagrun for example_short_circuit_operator to 2024-04-07 00:00:00+00:00, run_after=2024-04-08 00:00:00+00:00
[2024-04-08T03:03:38.878+0000] {processor.py:183} INFO - Processing /home/airflow/.local/lib/python3.8/site-packages/airflow/example_dags/example_short_circuit_operator.py took 0.123 seconds
[2024-04-08T03:04:09.035+0000] {processor.py:161} INFO - Started process (PID=2946) to work on /home/airflow/.local/lib/python3.8/site-packages/airflow/example_dags/example_short_circuit_operator.py
[2024-04-08T03:04:09.035+0000] {processor.py:830} INFO - Processing file /home/airflow/.local/lib/python3.8/site-packages/airflow/example_dags/example_short_circuit_operator.py for tasks to queue
[2024-04-08T03:04:09.036+0000] {logging_mixin.py:188} INFO - [2024-04-08T03:04:09.036+0000] {dagbag.py:540} INFO - Filling up the DagBag from /home/airflow/.local/lib/python3.8/site-packages/airflow/example_dags/example_short_circuit_operator.py
[2024-04-08T03:04:09.049+0000] {processor.py:840} INFO - DAG(s) 'example_short_circuit_operator' retrieved from /home/airflow/.local/lib/python3.8/site-packages/airflow/example_dags/example_short_circuit_operator.py
[2024-04-08T03:04:09.074+0000] {logging_mixin.py:188} INFO - [2024-04-08T03:04:09.074+0000] {dag.py:3047} INFO - Sync 1 DAGs
[2024-04-08T03:04:09.097+0000] {logging_mixin.py:188} INFO - [2024-04-08T03:04:09.097+0000] {dag.py:3834} INFO - Setting next_dagrun for example_short_circuit_operator to 2024-04-07 00:00:00+00:00, run_after=2024-04-08 00:00:00+00:00
[2024-04-08T03:04:09.130+0000] {processor.py:183} INFO - Processing /home/airflow/.local/lib/python3.8/site-packages/airflow/example_dags/example_short_circuit_operator.py took 0.099 seconds
[2024-04-08T03:04:39.600+0000] {processor.py:161} INFO - Started process (PID=3196) to work on /home/airflow/.local/lib/python3.8/site-packages/airflow/example_dags/example_short_circuit_operator.py
[2024-04-08T03:04:39.601+0000] {processor.py:830} INFO - Processing file /home/airflow/.local/lib/python3.8/site-packages/airflow/example_dags/example_short_circuit_operator.py for tasks to queue
[2024-04-08T03:04:39.602+0000] {logging_mixin.py:188} INFO - [2024-04-08T03:04:39.602+0000] {dagbag.py:540} INFO - Filling up the DagBag from /home/airflow/.local/lib/python3.8/site-packages/airflow/example_dags/example_short_circuit_operator.py
[2024-04-08T03:04:39.609+0000] {processor.py:840} INFO - DAG(s) 'example_short_circuit_operator' retrieved from /home/airflow/.local/lib/python3.8/site-packages/airflow/example_dags/example_short_circuit_operator.py
[2024-04-08T03:04:39.625+0000] {logging_mixin.py:188} INFO - [2024-04-08T03:04:39.625+0000] {dag.py:3047} INFO - Sync 1 DAGs
[2024-04-08T03:04:39.640+0000] {logging_mixin.py:188} INFO - [2024-04-08T03:04:39.640+0000] {dag.py:3834} INFO - Setting next_dagrun for example_short_circuit_operator to 2024-04-07 00:00:00+00:00, run_after=2024-04-08 00:00:00+00:00
[2024-04-08T03:04:39.659+0000] {processor.py:183} INFO - Processing /home/airflow/.local/lib/python3.8/site-packages/airflow/example_dags/example_short_circuit_operator.py took 0.062 seconds
[2024-04-08T03:05:09.937+0000] {processor.py:161} INFO - Started process (PID=3441) to work on /home/airflow/.local/lib/python3.8/site-packages/airflow/example_dags/example_short_circuit_operator.py
[2024-04-08T03:05:09.938+0000] {processor.py:830} INFO - Processing file /home/airflow/.local/lib/python3.8/site-packages/airflow/example_dags/example_short_circuit_operator.py for tasks to queue
[2024-04-08T03:05:09.939+0000] {logging_mixin.py:188} INFO - [2024-04-08T03:05:09.938+0000] {dagbag.py:540} INFO - Filling up the DagBag from /home/airflow/.local/lib/python3.8/site-packages/airflow/example_dags/example_short_circuit_operator.py
[2024-04-08T03:05:09.951+0000] {processor.py:840} INFO - DAG(s) 'example_short_circuit_operator' retrieved from /home/airflow/.local/lib/python3.8/site-packages/airflow/example_dags/example_short_circuit_operator.py
[2024-04-08T03:05:09.975+0000] {logging_mixin.py:188} INFO - [2024-04-08T03:05:09.975+0000] {dag.py:3047} INFO - Sync 1 DAGs
[2024-04-08T03:05:10.006+0000] {logging_mixin.py:188} INFO - [2024-04-08T03:05:10.006+0000] {dag.py:3834} INFO - Setting next_dagrun for example_short_circuit_operator to 2024-04-07 00:00:00+00:00, run_after=2024-04-08 00:00:00+00:00
[2024-04-08T03:05:10.025+0000] {processor.py:183} INFO - Processing /home/airflow/.local/lib/python3.8/site-packages/airflow/example_dags/example_short_circuit_operator.py took 0.091 seconds
[2024-04-08T03:05:40.843+0000] {processor.py:161} INFO - Started process (PID=3688) to work on /home/airflow/.local/lib/python3.8/site-packages/airflow/example_dags/example_short_circuit_operator.py
[2024-04-08T03:05:40.844+0000] {processor.py:830} INFO - Processing file /home/airflow/.local/lib/python3.8/site-packages/airflow/example_dags/example_short_circuit_operator.py for tasks to queue
[2024-04-08T03:05:40.845+0000] {logging_mixin.py:188} INFO - [2024-04-08T03:05:40.845+0000] {dagbag.py:540} INFO - Filling up the DagBag from /home/airflow/.local/lib/python3.8/site-packages/airflow/example_dags/example_short_circuit_operator.py
[2024-04-08T03:05:40.854+0000] {processor.py:840} INFO - DAG(s) 'example_short_circuit_operator' retrieved from /home/airflow/.local/lib/python3.8/site-packages/airflow/example_dags/example_short_circuit_operator.py
[2024-04-08T03:05:40.881+0000] {logging_mixin.py:188} INFO - [2024-04-08T03:05:40.881+0000] {dag.py:3047} INFO - Sync 1 DAGs
[2024-04-08T03:05:40.902+0000] {logging_mixin.py:188} INFO - [2024-04-08T03:05:40.901+0000] {dag.py:3834} INFO - Setting next_dagrun for example_short_circuit_operator to 2024-04-07 00:00:00+00:00, run_after=2024-04-08 00:00:00+00:00
[2024-04-08T03:05:40.923+0000] {processor.py:183} INFO - Processing /home/airflow/.local/lib/python3.8/site-packages/airflow/example_dags/example_short_circuit_operator.py took 0.084 seconds
[2024-04-08T03:06:11.552+0000] {processor.py:161} INFO - Started process (PID=3934) to work on /home/airflow/.local/lib/python3.8/site-packages/airflow/example_dags/example_short_circuit_operator.py
[2024-04-08T03:06:11.553+0000] {processor.py:830} INFO - Processing file /home/airflow/.local/lib/python3.8/site-packages/airflow/example_dags/example_short_circuit_operator.py for tasks to queue
[2024-04-08T03:06:11.554+0000] {logging_mixin.py:188} INFO - [2024-04-08T03:06:11.554+0000] {dagbag.py:540} INFO - Filling up the DagBag from /home/airflow/.local/lib/python3.8/site-packages/airflow/example_dags/example_short_circuit_operator.py
[2024-04-08T03:06:11.568+0000] {processor.py:840} INFO - DAG(s) 'example_short_circuit_operator' retrieved from /home/airflow/.local/lib/python3.8/site-packages/airflow/example_dags/example_short_circuit_operator.py
[2024-04-08T03:06:11.594+0000] {logging_mixin.py:188} INFO - [2024-04-08T03:06:11.594+0000] {dag.py:3047} INFO - Sync 1 DAGs
[2024-04-08T03:06:11.620+0000] {logging_mixin.py:188} INFO - [2024-04-08T03:06:11.619+0000] {dag.py:3834} INFO - Setting next_dagrun for example_short_circuit_operator to 2024-04-07 00:00:00+00:00, run_after=2024-04-08 00:00:00+00:00
[2024-04-08T03:06:11.664+0000] {processor.py:183} INFO - Processing /home/airflow/.local/lib/python3.8/site-packages/airflow/example_dags/example_short_circuit_operator.py took 0.119 seconds
[2024-04-08T03:06:42.391+0000] {processor.py:161} INFO - Started process (PID=4184) to work on /home/airflow/.local/lib/python3.8/site-packages/airflow/example_dags/example_short_circuit_operator.py
[2024-04-08T03:06:42.392+0000] {processor.py:830} INFO - Processing file /home/airflow/.local/lib/python3.8/site-packages/airflow/example_dags/example_short_circuit_operator.py for tasks to queue
[2024-04-08T03:06:42.393+0000] {logging_mixin.py:188} INFO - [2024-04-08T03:06:42.393+0000] {dagbag.py:540} INFO - Filling up the DagBag from /home/airflow/.local/lib/python3.8/site-packages/airflow/example_dags/example_short_circuit_operator.py
[2024-04-08T03:06:42.403+0000] {processor.py:840} INFO - DAG(s) 'example_short_circuit_operator' retrieved from /home/airflow/.local/lib/python3.8/site-packages/airflow/example_dags/example_short_circuit_operator.py
[2024-04-08T03:06:42.430+0000] {logging_mixin.py:188} INFO - [2024-04-08T03:06:42.429+0000] {dag.py:3047} INFO - Sync 1 DAGs
[2024-04-08T03:06:42.454+0000] {logging_mixin.py:188} INFO - [2024-04-08T03:06:42.454+0000] {dag.py:3834} INFO - Setting next_dagrun for example_short_circuit_operator to 2024-04-07 00:00:00+00:00, run_after=2024-04-08 00:00:00+00:00
[2024-04-08T03:06:42.479+0000] {processor.py:183} INFO - Processing /home/airflow/.local/lib/python3.8/site-packages/airflow/example_dags/example_short_circuit_operator.py took 0.092 seconds
