[2024-04-08T02:58:35.422+0000] {processor.py:161} INFO - Started process (PID=277) to work on /home/airflow/.local/lib/python3.8/site-packages/airflow/example_dags/example_params_trigger_ui.py
[2024-04-08T02:58:35.423+0000] {processor.py:830} INFO - Processing file /home/airflow/.local/lib/python3.8/site-packages/airflow/example_dags/example_params_trigger_ui.py for tasks to queue
[2024-04-08T02:58:35.424+0000] {logging_mixin.py:188} INFO - [2024-04-08T02:58:35.424+0000] {dagbag.py:540} INFO - Filling up the DagBag from /home/airflow/.local/lib/python3.8/site-packages/airflow/example_dags/example_params_trigger_ui.py
[2024-04-08T02:58:35.441+0000] {processor.py:840} INFO - DAG(s) 'example_params_trigger_ui' retrieved from /home/airflow/.local/lib/python3.8/site-packages/airflow/example_dags/example_params_trigger_ui.py
[2024-04-08T02:58:35.601+0000] {logging_mixin.py:188} INFO - [2024-04-08T02:58:35.600+0000] {override.py:1769} INFO - Created Permission View: can read on DAG:example_params_trigger_ui
[2024-04-08T02:58:35.616+0000] {logging_mixin.py:188} INFO - [2024-04-08T02:58:35.616+0000] {override.py:1769} INFO - Created Permission View: can delete on DAG:example_params_trigger_ui
[2024-04-08T02:58:35.628+0000] {logging_mixin.py:188} INFO - [2024-04-08T02:58:35.628+0000] {override.py:1769} INFO - Created Permission View: can edit on DAG:example_params_trigger_ui
[2024-04-08T02:58:35.629+0000] {logging_mixin.py:188} INFO - [2024-04-08T02:58:35.629+0000] {dag.py:3047} INFO - Sync 1 DAGs
[2024-04-08T02:58:35.641+0000] {logging_mixin.py:188} INFO - [2024-04-08T02:58:35.640+0000] {dag.py:3069} INFO - Creating ORM DAG for example_params_trigger_ui
[2024-04-08T02:58:35.641+0000] {logging_mixin.py:188} INFO - [2024-04-08T02:58:35.641+0000] {dag.py:3834} INFO - Setting next_dagrun for example_params_trigger_ui to None, run_after=None
[2024-04-08T02:58:35.664+0000] {processor.py:183} INFO - Processing /home/airflow/.local/lib/python3.8/site-packages/airflow/example_dags/example_params_trigger_ui.py took 0.246 seconds
[2024-04-08T02:59:06.049+0000] {processor.py:161} INFO - Started process (PID=524) to work on /home/airflow/.local/lib/python3.8/site-packages/airflow/example_dags/example_params_trigger_ui.py
[2024-04-08T02:59:06.050+0000] {processor.py:830} INFO - Processing file /home/airflow/.local/lib/python3.8/site-packages/airflow/example_dags/example_params_trigger_ui.py for tasks to queue
[2024-04-08T02:59:06.051+0000] {logging_mixin.py:188} INFO - [2024-04-08T02:59:06.050+0000] {dagbag.py:540} INFO - Filling up the DagBag from /home/airflow/.local/lib/python3.8/site-packages/airflow/example_dags/example_params_trigger_ui.py
[2024-04-08T02:59:06.072+0000] {processor.py:840} INFO - DAG(s) 'example_params_trigger_ui' retrieved from /home/airflow/.local/lib/python3.8/site-packages/airflow/example_dags/example_params_trigger_ui.py
[2024-04-08T02:59:06.144+0000] {logging_mixin.py:188} INFO - [2024-04-08T02:59:06.143+0000] {dag.py:3047} INFO - Sync 1 DAGs
[2024-04-08T02:59:06.156+0000] {logging_mixin.py:188} INFO - [2024-04-08T02:59:06.156+0000] {dag.py:3834} INFO - Setting next_dagrun for example_params_trigger_ui to None, run_after=None
[2024-04-08T02:59:06.179+0000] {processor.py:183} INFO - Processing /home/airflow/.local/lib/python3.8/site-packages/airflow/example_dags/example_params_trigger_ui.py took 0.134 seconds
[2024-04-08T02:59:36.249+0000] {processor.py:161} INFO - Started process (PID=771) to work on /home/airflow/.local/lib/python3.8/site-packages/airflow/example_dags/example_params_trigger_ui.py
[2024-04-08T02:59:36.250+0000] {processor.py:830} INFO - Processing file /home/airflow/.local/lib/python3.8/site-packages/airflow/example_dags/example_params_trigger_ui.py for tasks to queue
[2024-04-08T02:59:36.251+0000] {logging_mixin.py:188} INFO - [2024-04-08T02:59:36.251+0000] {dagbag.py:540} INFO - Filling up the DagBag from /home/airflow/.local/lib/python3.8/site-packages/airflow/example_dags/example_params_trigger_ui.py
[2024-04-08T02:59:36.267+0000] {processor.py:840} INFO - DAG(s) 'example_params_trigger_ui' retrieved from /home/airflow/.local/lib/python3.8/site-packages/airflow/example_dags/example_params_trigger_ui.py
[2024-04-08T02:59:36.334+0000] {logging_mixin.py:188} INFO - [2024-04-08T02:59:36.333+0000] {dag.py:3047} INFO - Sync 1 DAGs
[2024-04-08T02:59:36.347+0000] {logging_mixin.py:188} INFO - [2024-04-08T02:59:36.347+0000] {dag.py:3834} INFO - Setting next_dagrun for example_params_trigger_ui to None, run_after=None
[2024-04-08T02:59:36.372+0000] {processor.py:183} INFO - Processing /home/airflow/.local/lib/python3.8/site-packages/airflow/example_dags/example_params_trigger_ui.py took 0.127 seconds
[2024-04-08T03:00:06.533+0000] {processor.py:161} INFO - Started process (PID=1020) to work on /home/airflow/.local/lib/python3.8/site-packages/airflow/example_dags/example_params_trigger_ui.py
[2024-04-08T03:00:06.534+0000] {processor.py:830} INFO - Processing file /home/airflow/.local/lib/python3.8/site-packages/airflow/example_dags/example_params_trigger_ui.py for tasks to queue
[2024-04-08T03:00:06.536+0000] {logging_mixin.py:188} INFO - [2024-04-08T03:00:06.535+0000] {dagbag.py:540} INFO - Filling up the DagBag from /home/airflow/.local/lib/python3.8/site-packages/airflow/example_dags/example_params_trigger_ui.py
[2024-04-08T03:00:06.579+0000] {processor.py:840} INFO - DAG(s) 'example_params_trigger_ui' retrieved from /home/airflow/.local/lib/python3.8/site-packages/airflow/example_dags/example_params_trigger_ui.py
[2024-04-08T03:00:06.685+0000] {logging_mixin.py:188} INFO - [2024-04-08T03:00:06.685+0000] {dag.py:3047} INFO - Sync 1 DAGs
[2024-04-08T03:00:06.699+0000] {logging_mixin.py:188} INFO - [2024-04-08T03:00:06.699+0000] {dag.py:3834} INFO - Setting next_dagrun for example_params_trigger_ui to None, run_after=None
[2024-04-08T03:00:06.722+0000] {processor.py:183} INFO - Processing /home/airflow/.local/lib/python3.8/site-packages/airflow/example_dags/example_params_trigger_ui.py took 0.194 seconds
[2024-04-08T03:00:37.150+0000] {processor.py:161} INFO - Started process (PID=1265) to work on /home/airflow/.local/lib/python3.8/site-packages/airflow/example_dags/example_params_trigger_ui.py
[2024-04-08T03:00:37.151+0000] {processor.py:830} INFO - Processing file /home/airflow/.local/lib/python3.8/site-packages/airflow/example_dags/example_params_trigger_ui.py for tasks to queue
[2024-04-08T03:00:37.152+0000] {logging_mixin.py:188} INFO - [2024-04-08T03:00:37.152+0000] {dagbag.py:540} INFO - Filling up the DagBag from /home/airflow/.local/lib/python3.8/site-packages/airflow/example_dags/example_params_trigger_ui.py
[2024-04-08T03:00:37.167+0000] {processor.py:840} INFO - DAG(s) 'example_params_trigger_ui' retrieved from /home/airflow/.local/lib/python3.8/site-packages/airflow/example_dags/example_params_trigger_ui.py
[2024-04-08T03:00:37.262+0000] {logging_mixin.py:188} INFO - [2024-04-08T03:00:37.262+0000] {dag.py:3047} INFO - Sync 1 DAGs
[2024-04-08T03:00:37.275+0000] {logging_mixin.py:188} INFO - [2024-04-08T03:00:37.275+0000] {dag.py:3834} INFO - Setting next_dagrun for example_params_trigger_ui to None, run_after=None
[2024-04-08T03:00:37.299+0000] {processor.py:183} INFO - Processing /home/airflow/.local/lib/python3.8/site-packages/airflow/example_dags/example_params_trigger_ui.py took 0.153 seconds
[2024-04-08T03:01:07.923+0000] {processor.py:161} INFO - Started process (PID=1512) to work on /home/airflow/.local/lib/python3.8/site-packages/airflow/example_dags/example_params_trigger_ui.py
[2024-04-08T03:01:07.924+0000] {processor.py:830} INFO - Processing file /home/airflow/.local/lib/python3.8/site-packages/airflow/example_dags/example_params_trigger_ui.py for tasks to queue
[2024-04-08T03:01:07.925+0000] {logging_mixin.py:188} INFO - [2024-04-08T03:01:07.924+0000] {dagbag.py:540} INFO - Filling up the DagBag from /home/airflow/.local/lib/python3.8/site-packages/airflow/example_dags/example_params_trigger_ui.py
[2024-04-08T03:01:07.950+0000] {processor.py:840} INFO - DAG(s) 'example_params_trigger_ui' retrieved from /home/airflow/.local/lib/python3.8/site-packages/airflow/example_dags/example_params_trigger_ui.py
[2024-04-08T03:01:08.063+0000] {logging_mixin.py:188} INFO - [2024-04-08T03:01:08.062+0000] {dag.py:3047} INFO - Sync 1 DAGs
[2024-04-08T03:01:08.079+0000] {logging_mixin.py:188} INFO - [2024-04-08T03:01:08.079+0000] {dag.py:3834} INFO - Setting next_dagrun for example_params_trigger_ui to None, run_after=None
[2024-04-08T03:01:08.124+0000] {processor.py:183} INFO - Processing /home/airflow/.local/lib/python3.8/site-packages/airflow/example_dags/example_params_trigger_ui.py took 0.205 seconds
[2024-04-08T03:01:38.627+0000] {processor.py:161} INFO - Started process (PID=1761) to work on /home/airflow/.local/lib/python3.8/site-packages/airflow/example_dags/example_params_trigger_ui.py
[2024-04-08T03:01:38.628+0000] {processor.py:830} INFO - Processing file /home/airflow/.local/lib/python3.8/site-packages/airflow/example_dags/example_params_trigger_ui.py for tasks to queue
[2024-04-08T03:01:38.629+0000] {logging_mixin.py:188} INFO - [2024-04-08T03:01:38.629+0000] {dagbag.py:540} INFO - Filling up the DagBag from /home/airflow/.local/lib/python3.8/site-packages/airflow/example_dags/example_params_trigger_ui.py
[2024-04-08T03:01:38.644+0000] {processor.py:840} INFO - DAG(s) 'example_params_trigger_ui' retrieved from /home/airflow/.local/lib/python3.8/site-packages/airflow/example_dags/example_params_trigger_ui.py
[2024-04-08T03:01:38.709+0000] {logging_mixin.py:188} INFO - [2024-04-08T03:01:38.709+0000] {dag.py:3047} INFO - Sync 1 DAGs
[2024-04-08T03:01:38.722+0000] {logging_mixin.py:188} INFO - [2024-04-08T03:01:38.721+0000] {dag.py:3834} INFO - Setting next_dagrun for example_params_trigger_ui to None, run_after=None
[2024-04-08T03:01:38.745+0000] {processor.py:183} INFO - Processing /home/airflow/.local/lib/python3.8/site-packages/airflow/example_dags/example_params_trigger_ui.py took 0.122 seconds
[2024-04-08T03:02:09.030+0000] {processor.py:161} INFO - Started process (PID=2006) to work on /home/airflow/.local/lib/python3.8/site-packages/airflow/example_dags/example_params_trigger_ui.py
[2024-04-08T03:02:09.031+0000] {processor.py:830} INFO - Processing file /home/airflow/.local/lib/python3.8/site-packages/airflow/example_dags/example_params_trigger_ui.py for tasks to queue
[2024-04-08T03:02:09.033+0000] {logging_mixin.py:188} INFO - [2024-04-08T03:02:09.032+0000] {dagbag.py:540} INFO - Filling up the DagBag from /home/airflow/.local/lib/python3.8/site-packages/airflow/example_dags/example_params_trigger_ui.py
[2024-04-08T03:02:09.048+0000] {processor.py:840} INFO - DAG(s) 'example_params_trigger_ui' retrieved from /home/airflow/.local/lib/python3.8/site-packages/airflow/example_dags/example_params_trigger_ui.py
[2024-04-08T03:02:09.111+0000] {logging_mixin.py:188} INFO - [2024-04-08T03:02:09.111+0000] {dag.py:3047} INFO - Sync 1 DAGs
[2024-04-08T03:02:09.126+0000] {logging_mixin.py:188} INFO - [2024-04-08T03:02:09.126+0000] {dag.py:3834} INFO - Setting next_dagrun for example_params_trigger_ui to None, run_after=None
[2024-04-08T03:02:09.149+0000] {processor.py:183} INFO - Processing /home/airflow/.local/lib/python3.8/site-packages/airflow/example_dags/example_params_trigger_ui.py took 0.123 seconds
[2024-04-08T03:02:39.523+0000] {processor.py:161} INFO - Started process (PID=2254) to work on /home/airflow/.local/lib/python3.8/site-packages/airflow/example_dags/example_params_trigger_ui.py
[2024-04-08T03:02:39.525+0000] {processor.py:830} INFO - Processing file /home/airflow/.local/lib/python3.8/site-packages/airflow/example_dags/example_params_trigger_ui.py for tasks to queue
[2024-04-08T03:02:39.526+0000] {logging_mixin.py:188} INFO - [2024-04-08T03:02:39.525+0000] {dagbag.py:540} INFO - Filling up the DagBag from /home/airflow/.local/lib/python3.8/site-packages/airflow/example_dags/example_params_trigger_ui.py
[2024-04-08T03:02:39.540+0000] {processor.py:840} INFO - DAG(s) 'example_params_trigger_ui' retrieved from /home/airflow/.local/lib/python3.8/site-packages/airflow/example_dags/example_params_trigger_ui.py
[2024-04-08T03:02:39.652+0000] {logging_mixin.py:188} INFO - [2024-04-08T03:02:39.651+0000] {dag.py:3047} INFO - Sync 1 DAGs
[2024-04-08T03:02:39.666+0000] {logging_mixin.py:188} INFO - [2024-04-08T03:02:39.666+0000] {dag.py:3834} INFO - Setting next_dagrun for example_params_trigger_ui to None, run_after=None
[2024-04-08T03:02:39.693+0000] {processor.py:183} INFO - Processing /home/airflow/.local/lib/python3.8/site-packages/airflow/example_dags/example_params_trigger_ui.py took 0.173 seconds
[2024-04-08T03:03:10.185+0000] {processor.py:161} INFO - Started process (PID=2504) to work on /home/airflow/.local/lib/python3.8/site-packages/airflow/example_dags/example_params_trigger_ui.py
[2024-04-08T03:03:10.185+0000] {processor.py:830} INFO - Processing file /home/airflow/.local/lib/python3.8/site-packages/airflow/example_dags/example_params_trigger_ui.py for tasks to queue
[2024-04-08T03:03:10.186+0000] {logging_mixin.py:188} INFO - [2024-04-08T03:03:10.186+0000] {dagbag.py:540} INFO - Filling up the DagBag from /home/airflow/.local/lib/python3.8/site-packages/airflow/example_dags/example_params_trigger_ui.py
[2024-04-08T03:03:10.202+0000] {processor.py:840} INFO - DAG(s) 'example_params_trigger_ui' retrieved from /home/airflow/.local/lib/python3.8/site-packages/airflow/example_dags/example_params_trigger_ui.py
[2024-04-08T03:03:10.266+0000] {logging_mixin.py:188} INFO - [2024-04-08T03:03:10.266+0000] {dag.py:3047} INFO - Sync 1 DAGs
[2024-04-08T03:03:10.280+0000] {logging_mixin.py:188} INFO - [2024-04-08T03:03:10.280+0000] {dag.py:3834} INFO - Setting next_dagrun for example_params_trigger_ui to None, run_after=None
[2024-04-08T03:03:10.304+0000] {processor.py:183} INFO - Processing /home/airflow/.local/lib/python3.8/site-packages/airflow/example_dags/example_params_trigger_ui.py took 0.122 seconds
[2024-04-08T03:03:40.516+0000] {processor.py:161} INFO - Started process (PID=2750) to work on /home/airflow/.local/lib/python3.8/site-packages/airflow/example_dags/example_params_trigger_ui.py
[2024-04-08T03:03:40.524+0000] {processor.py:830} INFO - Processing file /home/airflow/.local/lib/python3.8/site-packages/airflow/example_dags/example_params_trigger_ui.py for tasks to queue
[2024-04-08T03:03:40.526+0000] {logging_mixin.py:188} INFO - [2024-04-08T03:03:40.525+0000] {dagbag.py:540} INFO - Filling up the DagBag from /home/airflow/.local/lib/python3.8/site-packages/airflow/example_dags/example_params_trigger_ui.py
[2024-04-08T03:03:40.544+0000] {processor.py:840} INFO - DAG(s) 'example_params_trigger_ui' retrieved from /home/airflow/.local/lib/python3.8/site-packages/airflow/example_dags/example_params_trigger_ui.py
[2024-04-08T03:03:40.627+0000] {logging_mixin.py:188} INFO - [2024-04-08T03:03:40.626+0000] {dag.py:3047} INFO - Sync 1 DAGs
[2024-04-08T03:03:40.641+0000] {logging_mixin.py:188} INFO - [2024-04-08T03:03:40.641+0000] {dag.py:3834} INFO - Setting next_dagrun for example_params_trigger_ui to None, run_after=None
[2024-04-08T03:03:40.667+0000] {processor.py:183} INFO - Processing /home/airflow/.local/lib/python3.8/site-packages/airflow/example_dags/example_params_trigger_ui.py took 0.155 seconds
[2024-04-08T03:04:10.765+0000] {processor.py:161} INFO - Started process (PID=2997) to work on /home/airflow/.local/lib/python3.8/site-packages/airflow/example_dags/example_params_trigger_ui.py
[2024-04-08T03:04:10.765+0000] {processor.py:830} INFO - Processing file /home/airflow/.local/lib/python3.8/site-packages/airflow/example_dags/example_params_trigger_ui.py for tasks to queue
[2024-04-08T03:04:10.766+0000] {logging_mixin.py:188} INFO - [2024-04-08T03:04:10.766+0000] {dagbag.py:540} INFO - Filling up the DagBag from /home/airflow/.local/lib/python3.8/site-packages/airflow/example_dags/example_params_trigger_ui.py
[2024-04-08T03:04:10.780+0000] {processor.py:840} INFO - DAG(s) 'example_params_trigger_ui' retrieved from /home/airflow/.local/lib/python3.8/site-packages/airflow/example_dags/example_params_trigger_ui.py
[2024-04-08T03:04:10.841+0000] {logging_mixin.py:188} INFO - [2024-04-08T03:04:10.840+0000] {dag.py:3047} INFO - Sync 1 DAGs
[2024-04-08T03:04:10.854+0000] {logging_mixin.py:188} INFO - [2024-04-08T03:04:10.854+0000] {dag.py:3834} INFO - Setting next_dagrun for example_params_trigger_ui to None, run_after=None
[2024-04-08T03:04:10.880+0000] {processor.py:183} INFO - Processing /home/airflow/.local/lib/python3.8/site-packages/airflow/example_dags/example_params_trigger_ui.py took 0.119 seconds
[2024-04-08T03:04:41.318+0000] {processor.py:161} INFO - Started process (PID=3242) to work on /home/airflow/.local/lib/python3.8/site-packages/airflow/example_dags/example_params_trigger_ui.py
[2024-04-08T03:04:41.319+0000] {processor.py:830} INFO - Processing file /home/airflow/.local/lib/python3.8/site-packages/airflow/example_dags/example_params_trigger_ui.py for tasks to queue
[2024-04-08T03:04:41.321+0000] {logging_mixin.py:188} INFO - [2024-04-08T03:04:41.320+0000] {dagbag.py:540} INFO - Filling up the DagBag from /home/airflow/.local/lib/python3.8/site-packages/airflow/example_dags/example_params_trigger_ui.py
[2024-04-08T03:04:41.336+0000] {processor.py:840} INFO - DAG(s) 'example_params_trigger_ui' retrieved from /home/airflow/.local/lib/python3.8/site-packages/airflow/example_dags/example_params_trigger_ui.py
[2024-04-08T03:04:41.399+0000] {logging_mixin.py:188} INFO - [2024-04-08T03:04:41.399+0000] {dag.py:3047} INFO - Sync 1 DAGs
[2024-04-08T03:04:41.413+0000] {logging_mixin.py:188} INFO - [2024-04-08T03:04:41.413+0000] {dag.py:3834} INFO - Setting next_dagrun for example_params_trigger_ui to None, run_after=None
[2024-04-08T03:04:41.442+0000] {processor.py:183} INFO - Processing /home/airflow/.local/lib/python3.8/site-packages/airflow/example_dags/example_params_trigger_ui.py took 0.127 seconds
[2024-04-08T03:05:11.809+0000] {processor.py:161} INFO - Started process (PID=3493) to work on /home/airflow/.local/lib/python3.8/site-packages/airflow/example_dags/example_params_trigger_ui.py
[2024-04-08T03:05:11.809+0000] {processor.py:830} INFO - Processing file /home/airflow/.local/lib/python3.8/site-packages/airflow/example_dags/example_params_trigger_ui.py for tasks to queue
[2024-04-08T03:05:11.810+0000] {logging_mixin.py:188} INFO - [2024-04-08T03:05:11.810+0000] {dagbag.py:540} INFO - Filling up the DagBag from /home/airflow/.local/lib/python3.8/site-packages/airflow/example_dags/example_params_trigger_ui.py
[2024-04-08T03:05:11.820+0000] {processor.py:840} INFO - DAG(s) 'example_params_trigger_ui' retrieved from /home/airflow/.local/lib/python3.8/site-packages/airflow/example_dags/example_params_trigger_ui.py
[2024-04-08T03:05:11.858+0000] {logging_mixin.py:188} INFO - [2024-04-08T03:05:11.858+0000] {dag.py:3047} INFO - Sync 1 DAGs
[2024-04-08T03:05:11.868+0000] {logging_mixin.py:188} INFO - [2024-04-08T03:05:11.868+0000] {dag.py:3834} INFO - Setting next_dagrun for example_params_trigger_ui to None, run_after=None
[2024-04-08T03:05:11.891+0000] {processor.py:183} INFO - Processing /home/airflow/.local/lib/python3.8/site-packages/airflow/example_dags/example_params_trigger_ui.py took 0.085 seconds
[2024-04-08T03:05:42.470+0000] {processor.py:161} INFO - Started process (PID=3738) to work on /home/airflow/.local/lib/python3.8/site-packages/airflow/example_dags/example_params_trigger_ui.py
[2024-04-08T03:05:42.471+0000] {processor.py:830} INFO - Processing file /home/airflow/.local/lib/python3.8/site-packages/airflow/example_dags/example_params_trigger_ui.py for tasks to queue
[2024-04-08T03:05:42.473+0000] {logging_mixin.py:188} INFO - [2024-04-08T03:05:42.473+0000] {dagbag.py:540} INFO - Filling up the DagBag from /home/airflow/.local/lib/python3.8/site-packages/airflow/example_dags/example_params_trigger_ui.py
[2024-04-08T03:05:42.489+0000] {processor.py:840} INFO - DAG(s) 'example_params_trigger_ui' retrieved from /home/airflow/.local/lib/python3.8/site-packages/airflow/example_dags/example_params_trigger_ui.py
[2024-04-08T03:05:42.557+0000] {logging_mixin.py:188} INFO - [2024-04-08T03:05:42.557+0000] {dag.py:3047} INFO - Sync 1 DAGs
[2024-04-08T03:05:42.572+0000] {logging_mixin.py:188} INFO - [2024-04-08T03:05:42.572+0000] {dag.py:3834} INFO - Setting next_dagrun for example_params_trigger_ui to None, run_after=None
[2024-04-08T03:05:42.599+0000] {processor.py:183} INFO - Processing /home/airflow/.local/lib/python3.8/site-packages/airflow/example_dags/example_params_trigger_ui.py took 0.132 seconds
[2024-04-08T03:06:13.580+0000] {processor.py:161} INFO - Started process (PID=3985) to work on /home/airflow/.local/lib/python3.8/site-packages/airflow/example_dags/example_params_trigger_ui.py
[2024-04-08T03:06:13.586+0000] {processor.py:830} INFO - Processing file /home/airflow/.local/lib/python3.8/site-packages/airflow/example_dags/example_params_trigger_ui.py for tasks to queue
[2024-04-08T03:06:13.587+0000] {logging_mixin.py:188} INFO - [2024-04-08T03:06:13.587+0000] {dagbag.py:540} INFO - Filling up the DagBag from /home/airflow/.local/lib/python3.8/site-packages/airflow/example_dags/example_params_trigger_ui.py
[2024-04-08T03:06:13.614+0000] {processor.py:840} INFO - DAG(s) 'example_params_trigger_ui' retrieved from /home/airflow/.local/lib/python3.8/site-packages/airflow/example_dags/example_params_trigger_ui.py
[2024-04-08T03:06:13.782+0000] {logging_mixin.py:188} INFO - [2024-04-08T03:06:13.782+0000] {dag.py:3047} INFO - Sync 1 DAGs
[2024-04-08T03:06:13.805+0000] {logging_mixin.py:188} INFO - [2024-04-08T03:06:13.805+0000] {dag.py:3834} INFO - Setting next_dagrun for example_params_trigger_ui to None, run_after=None
[2024-04-08T03:06:13.842+0000] {processor.py:183} INFO - Processing /home/airflow/.local/lib/python3.8/site-packages/airflow/example_dags/example_params_trigger_ui.py took 0.281 seconds
