[2024-04-08T02:58:31.955+0000] {processor.py:161} INFO - Started process (PID=177) to work on /home/airflow/.local/lib/python3.8/site-packages/airflow/example_dags/example_trigger_target_dag.py
[2024-04-08T02:58:31.956+0000] {processor.py:830} INFO - Processing file /home/airflow/.local/lib/python3.8/site-packages/airflow/example_dags/example_trigger_target_dag.py for tasks to queue
[2024-04-08T02:58:31.957+0000] {logging_mixin.py:188} INFO - [2024-04-08T02:58:31.957+0000] {dagbag.py:540} INFO - Filling up the DagBag from /home/airflow/.local/lib/python3.8/site-packages/airflow/example_dags/example_trigger_target_dag.py
[2024-04-08T02:58:31.966+0000] {processor.py:840} INFO - DAG(s) 'example_trigger_target_dag' retrieved from /home/airflow/.local/lib/python3.8/site-packages/airflow/example_dags/example_trigger_target_dag.py
[2024-04-08T02:58:32.105+0000] {logging_mixin.py:188} INFO - [2024-04-08T02:58:32.104+0000] {override.py:1769} INFO - Created Permission View: can read on DAG:example_trigger_target_dag
[2024-04-08T02:58:32.120+0000] {logging_mixin.py:188} INFO - [2024-04-08T02:58:32.120+0000] {override.py:1769} INFO - Created Permission View: can delete on DAG:example_trigger_target_dag
[2024-04-08T02:58:32.132+0000] {logging_mixin.py:188} INFO - [2024-04-08T02:58:32.132+0000] {override.py:1769} INFO - Created Permission View: can edit on DAG:example_trigger_target_dag
[2024-04-08T02:58:32.132+0000] {logging_mixin.py:188} INFO - [2024-04-08T02:58:32.132+0000] {dag.py:3047} INFO - Sync 1 DAGs
[2024-04-08T02:58:32.142+0000] {logging_mixin.py:188} INFO - [2024-04-08T02:58:32.142+0000] {dag.py:3069} INFO - Creating ORM DAG for example_trigger_target_dag
[2024-04-08T02:58:32.143+0000] {logging_mixin.py:188} INFO - [2024-04-08T02:58:32.143+0000] {dag.py:3834} INFO - Setting next_dagrun for example_trigger_target_dag to None, run_after=None
[2024-04-08T02:58:32.164+0000] {processor.py:183} INFO - Processing /home/airflow/.local/lib/python3.8/site-packages/airflow/example_dags/example_trigger_target_dag.py took 0.212 seconds
[2024-04-08T02:59:02.384+0000] {processor.py:161} INFO - Started process (PID=426) to work on /home/airflow/.local/lib/python3.8/site-packages/airflow/example_dags/example_trigger_target_dag.py
[2024-04-08T02:59:02.385+0000] {processor.py:830} INFO - Processing file /home/airflow/.local/lib/python3.8/site-packages/airflow/example_dags/example_trigger_target_dag.py for tasks to queue
[2024-04-08T02:59:02.386+0000] {logging_mixin.py:188} INFO - [2024-04-08T02:59:02.385+0000] {dagbag.py:540} INFO - Filling up the DagBag from /home/airflow/.local/lib/python3.8/site-packages/airflow/example_dags/example_trigger_target_dag.py
[2024-04-08T02:59:02.391+0000] {processor.py:840} INFO - DAG(s) 'example_trigger_target_dag' retrieved from /home/airflow/.local/lib/python3.8/site-packages/airflow/example_dags/example_trigger_target_dag.py
[2024-04-08T02:59:02.407+0000] {logging_mixin.py:188} INFO - [2024-04-08T02:59:02.407+0000] {dag.py:3047} INFO - Sync 1 DAGs
[2024-04-08T02:59:02.417+0000] {logging_mixin.py:188} INFO - [2024-04-08T02:59:02.417+0000] {dag.py:3834} INFO - Setting next_dagrun for example_trigger_target_dag to None, run_after=None
[2024-04-08T02:59:02.436+0000] {processor.py:183} INFO - Processing /home/airflow/.local/lib/python3.8/site-packages/airflow/example_dags/example_trigger_target_dag.py took 0.055 seconds
[2024-04-08T02:59:32.658+0000] {processor.py:161} INFO - Started process (PID=673) to work on /home/airflow/.local/lib/python3.8/site-packages/airflow/example_dags/example_trigger_target_dag.py
[2024-04-08T02:59:32.659+0000] {processor.py:830} INFO - Processing file /home/airflow/.local/lib/python3.8/site-packages/airflow/example_dags/example_trigger_target_dag.py for tasks to queue
[2024-04-08T02:59:32.660+0000] {logging_mixin.py:188} INFO - [2024-04-08T02:59:32.659+0000] {dagbag.py:540} INFO - Filling up the DagBag from /home/airflow/.local/lib/python3.8/site-packages/airflow/example_dags/example_trigger_target_dag.py
[2024-04-08T02:59:32.666+0000] {processor.py:840} INFO - DAG(s) 'example_trigger_target_dag' retrieved from /home/airflow/.local/lib/python3.8/site-packages/airflow/example_dags/example_trigger_target_dag.py
[2024-04-08T02:59:32.689+0000] {logging_mixin.py:188} INFO - [2024-04-08T02:59:32.689+0000] {dag.py:3047} INFO - Sync 1 DAGs
[2024-04-08T02:59:32.705+0000] {logging_mixin.py:188} INFO - [2024-04-08T02:59:32.705+0000] {dag.py:3834} INFO - Setting next_dagrun for example_trigger_target_dag to None, run_after=None
[2024-04-08T02:59:32.730+0000] {processor.py:183} INFO - Processing /home/airflow/.local/lib/python3.8/site-packages/airflow/example_dags/example_trigger_target_dag.py took 0.076 seconds
[2024-04-08T03:00:03.145+0000] {processor.py:161} INFO - Started process (PID=920) to work on /home/airflow/.local/lib/python3.8/site-packages/airflow/example_dags/example_trigger_target_dag.py
[2024-04-08T03:00:03.146+0000] {processor.py:830} INFO - Processing file /home/airflow/.local/lib/python3.8/site-packages/airflow/example_dags/example_trigger_target_dag.py for tasks to queue
[2024-04-08T03:00:03.147+0000] {logging_mixin.py:188} INFO - [2024-04-08T03:00:03.146+0000] {dagbag.py:540} INFO - Filling up the DagBag from /home/airflow/.local/lib/python3.8/site-packages/airflow/example_dags/example_trigger_target_dag.py
[2024-04-08T03:00:03.152+0000] {processor.py:840} INFO - DAG(s) 'example_trigger_target_dag' retrieved from /home/airflow/.local/lib/python3.8/site-packages/airflow/example_dags/example_trigger_target_dag.py
[2024-04-08T03:00:03.174+0000] {logging_mixin.py:188} INFO - [2024-04-08T03:00:03.174+0000] {dag.py:3047} INFO - Sync 1 DAGs
[2024-04-08T03:00:03.187+0000] {logging_mixin.py:188} INFO - [2024-04-08T03:00:03.187+0000] {dag.py:3834} INFO - Setting next_dagrun for example_trigger_target_dag to None, run_after=None
[2024-04-08T03:00:03.227+0000] {processor.py:183} INFO - Processing /home/airflow/.local/lib/python3.8/site-packages/airflow/example_dags/example_trigger_target_dag.py took 0.085 seconds
[2024-04-08T03:00:33.677+0000] {processor.py:161} INFO - Started process (PID=1165) to work on /home/airflow/.local/lib/python3.8/site-packages/airflow/example_dags/example_trigger_target_dag.py
[2024-04-08T03:00:33.679+0000] {processor.py:830} INFO - Processing file /home/airflow/.local/lib/python3.8/site-packages/airflow/example_dags/example_trigger_target_dag.py for tasks to queue
[2024-04-08T03:00:33.680+0000] {logging_mixin.py:188} INFO - [2024-04-08T03:00:33.679+0000] {dagbag.py:540} INFO - Filling up the DagBag from /home/airflow/.local/lib/python3.8/site-packages/airflow/example_dags/example_trigger_target_dag.py
[2024-04-08T03:00:33.686+0000] {processor.py:840} INFO - DAG(s) 'example_trigger_target_dag' retrieved from /home/airflow/.local/lib/python3.8/site-packages/airflow/example_dags/example_trigger_target_dag.py
[2024-04-08T03:00:33.707+0000] {logging_mixin.py:188} INFO - [2024-04-08T03:00:33.707+0000] {dag.py:3047} INFO - Sync 1 DAGs
[2024-04-08T03:00:33.721+0000] {logging_mixin.py:188} INFO - [2024-04-08T03:00:33.721+0000] {dag.py:3834} INFO - Setting next_dagrun for example_trigger_target_dag to None, run_after=None
[2024-04-08T03:00:33.747+0000] {processor.py:183} INFO - Processing /home/airflow/.local/lib/python3.8/site-packages/airflow/example_dags/example_trigger_target_dag.py took 0.073 seconds
[2024-04-08T03:01:04.333+0000] {processor.py:161} INFO - Started process (PID=1414) to work on /home/airflow/.local/lib/python3.8/site-packages/airflow/example_dags/example_trigger_target_dag.py
[2024-04-08T03:01:04.334+0000] {processor.py:830} INFO - Processing file /home/airflow/.local/lib/python3.8/site-packages/airflow/example_dags/example_trigger_target_dag.py for tasks to queue
[2024-04-08T03:01:04.335+0000] {logging_mixin.py:188} INFO - [2024-04-08T03:01:04.335+0000] {dagbag.py:540} INFO - Filling up the DagBag from /home/airflow/.local/lib/python3.8/site-packages/airflow/example_dags/example_trigger_target_dag.py
[2024-04-08T03:01:04.341+0000] {processor.py:840} INFO - DAG(s) 'example_trigger_target_dag' retrieved from /home/airflow/.local/lib/python3.8/site-packages/airflow/example_dags/example_trigger_target_dag.py
[2024-04-08T03:01:04.363+0000] {logging_mixin.py:188} INFO - [2024-04-08T03:01:04.363+0000] {dag.py:3047} INFO - Sync 1 DAGs
[2024-04-08T03:01:04.377+0000] {logging_mixin.py:188} INFO - [2024-04-08T03:01:04.376+0000] {dag.py:3834} INFO - Setting next_dagrun for example_trigger_target_dag to None, run_after=None
[2024-04-08T03:01:04.400+0000] {processor.py:183} INFO - Processing /home/airflow/.local/lib/python3.8/site-packages/airflow/example_dags/example_trigger_target_dag.py took 0.070 seconds
[2024-04-08T03:01:35.131+0000] {processor.py:161} INFO - Started process (PID=1661) to work on /home/airflow/.local/lib/python3.8/site-packages/airflow/example_dags/example_trigger_target_dag.py
[2024-04-08T03:01:35.132+0000] {processor.py:830} INFO - Processing file /home/airflow/.local/lib/python3.8/site-packages/airflow/example_dags/example_trigger_target_dag.py for tasks to queue
[2024-04-08T03:01:35.133+0000] {logging_mixin.py:188} INFO - [2024-04-08T03:01:35.133+0000] {dagbag.py:540} INFO - Filling up the DagBag from /home/airflow/.local/lib/python3.8/site-packages/airflow/example_dags/example_trigger_target_dag.py
[2024-04-08T03:01:35.139+0000] {processor.py:840} INFO - DAG(s) 'example_trigger_target_dag' retrieved from /home/airflow/.local/lib/python3.8/site-packages/airflow/example_dags/example_trigger_target_dag.py
[2024-04-08T03:01:35.177+0000] {logging_mixin.py:188} INFO - [2024-04-08T03:01:35.177+0000] {dag.py:3047} INFO - Sync 1 DAGs
[2024-04-08T03:01:35.208+0000] {logging_mixin.py:188} INFO - [2024-04-08T03:01:35.208+0000] {dag.py:3834} INFO - Setting next_dagrun for example_trigger_target_dag to None, run_after=None
[2024-04-08T03:01:35.247+0000] {processor.py:183} INFO - Processing /home/airflow/.local/lib/python3.8/site-packages/airflow/example_dags/example_trigger_target_dag.py took 0.119 seconds
[2024-04-08T03:02:05.483+0000] {processor.py:161} INFO - Started process (PID=1908) to work on /home/airflow/.local/lib/python3.8/site-packages/airflow/example_dags/example_trigger_target_dag.py
[2024-04-08T03:02:05.484+0000] {processor.py:830} INFO - Processing file /home/airflow/.local/lib/python3.8/site-packages/airflow/example_dags/example_trigger_target_dag.py for tasks to queue
[2024-04-08T03:02:05.486+0000] {logging_mixin.py:188} INFO - [2024-04-08T03:02:05.485+0000] {dagbag.py:540} INFO - Filling up the DagBag from /home/airflow/.local/lib/python3.8/site-packages/airflow/example_dags/example_trigger_target_dag.py
[2024-04-08T03:02:05.508+0000] {processor.py:840} INFO - DAG(s) 'example_trigger_target_dag' retrieved from /home/airflow/.local/lib/python3.8/site-packages/airflow/example_dags/example_trigger_target_dag.py
[2024-04-08T03:02:05.534+0000] {logging_mixin.py:188} INFO - [2024-04-08T03:02:05.534+0000] {dag.py:3047} INFO - Sync 1 DAGs
[2024-04-08T03:02:05.550+0000] {logging_mixin.py:188} INFO - [2024-04-08T03:02:05.550+0000] {dag.py:3834} INFO - Setting next_dagrun for example_trigger_target_dag to None, run_after=None
[2024-04-08T03:02:05.609+0000] {processor.py:183} INFO - Processing /home/airflow/.local/lib/python3.8/site-packages/airflow/example_dags/example_trigger_target_dag.py took 0.130 seconds
[2024-04-08T03:02:36.216+0000] {processor.py:161} INFO - Started process (PID=2156) to work on /home/airflow/.local/lib/python3.8/site-packages/airflow/example_dags/example_trigger_target_dag.py
[2024-04-08T03:02:36.217+0000] {processor.py:830} INFO - Processing file /home/airflow/.local/lib/python3.8/site-packages/airflow/example_dags/example_trigger_target_dag.py for tasks to queue
[2024-04-08T03:02:36.218+0000] {logging_mixin.py:188} INFO - [2024-04-08T03:02:36.218+0000] {dagbag.py:540} INFO - Filling up the DagBag from /home/airflow/.local/lib/python3.8/site-packages/airflow/example_dags/example_trigger_target_dag.py
[2024-04-08T03:02:36.224+0000] {processor.py:840} INFO - DAG(s) 'example_trigger_target_dag' retrieved from /home/airflow/.local/lib/python3.8/site-packages/airflow/example_dags/example_trigger_target_dag.py
[2024-04-08T03:02:36.246+0000] {logging_mixin.py:188} INFO - [2024-04-08T03:02:36.246+0000] {dag.py:3047} INFO - Sync 1 DAGs
[2024-04-08T03:02:36.259+0000] {logging_mixin.py:188} INFO - [2024-04-08T03:02:36.259+0000] {dag.py:3834} INFO - Setting next_dagrun for example_trigger_target_dag to None, run_after=None
[2024-04-08T03:02:36.282+0000] {processor.py:183} INFO - Processing /home/airflow/.local/lib/python3.8/site-packages/airflow/example_dags/example_trigger_target_dag.py took 0.069 seconds
[2024-04-08T03:03:06.767+0000] {processor.py:161} INFO - Started process (PID=2404) to work on /home/airflow/.local/lib/python3.8/site-packages/airflow/example_dags/example_trigger_target_dag.py
[2024-04-08T03:03:06.769+0000] {processor.py:830} INFO - Processing file /home/airflow/.local/lib/python3.8/site-packages/airflow/example_dags/example_trigger_target_dag.py for tasks to queue
[2024-04-08T03:03:06.770+0000] {logging_mixin.py:188} INFO - [2024-04-08T03:03:06.769+0000] {dagbag.py:540} INFO - Filling up the DagBag from /home/airflow/.local/lib/python3.8/site-packages/airflow/example_dags/example_trigger_target_dag.py
[2024-04-08T03:03:06.775+0000] {processor.py:840} INFO - DAG(s) 'example_trigger_target_dag' retrieved from /home/airflow/.local/lib/python3.8/site-packages/airflow/example_dags/example_trigger_target_dag.py
[2024-04-08T03:03:06.804+0000] {logging_mixin.py:188} INFO - [2024-04-08T03:03:06.803+0000] {dag.py:3047} INFO - Sync 1 DAGs
[2024-04-08T03:03:06.825+0000] {logging_mixin.py:188} INFO - [2024-04-08T03:03:06.825+0000] {dag.py:3834} INFO - Setting next_dagrun for example_trigger_target_dag to None, run_after=None
[2024-04-08T03:03:06.849+0000] {processor.py:183} INFO - Processing /home/airflow/.local/lib/python3.8/site-packages/airflow/example_dags/example_trigger_target_dag.py took 0.086 seconds
[2024-04-08T03:03:37.149+0000] {processor.py:161} INFO - Started process (PID=2652) to work on /home/airflow/.local/lib/python3.8/site-packages/airflow/example_dags/example_trigger_target_dag.py
[2024-04-08T03:03:37.150+0000] {processor.py:830} INFO - Processing file /home/airflow/.local/lib/python3.8/site-packages/airflow/example_dags/example_trigger_target_dag.py for tasks to queue
[2024-04-08T03:03:37.152+0000] {logging_mixin.py:188} INFO - [2024-04-08T03:03:37.151+0000] {dagbag.py:540} INFO - Filling up the DagBag from /home/airflow/.local/lib/python3.8/site-packages/airflow/example_dags/example_trigger_target_dag.py
[2024-04-08T03:03:37.158+0000] {processor.py:840} INFO - DAG(s) 'example_trigger_target_dag' retrieved from /home/airflow/.local/lib/python3.8/site-packages/airflow/example_dags/example_trigger_target_dag.py
[2024-04-08T03:03:37.194+0000] {logging_mixin.py:188} INFO - [2024-04-08T03:03:37.192+0000] {dag.py:3047} INFO - Sync 1 DAGs
[2024-04-08T03:03:37.253+0000] {logging_mixin.py:188} INFO - [2024-04-08T03:03:37.252+0000] {dag.py:3834} INFO - Setting next_dagrun for example_trigger_target_dag to None, run_after=None
[2024-04-08T03:03:37.311+0000] {processor.py:183} INFO - Processing /home/airflow/.local/lib/python3.8/site-packages/airflow/example_dags/example_trigger_target_dag.py took 0.166 seconds
[2024-04-08T03:04:08.366+0000] {processor.py:161} INFO - Started process (PID=2899) to work on /home/airflow/.local/lib/python3.8/site-packages/airflow/example_dags/example_trigger_target_dag.py
[2024-04-08T03:04:08.367+0000] {processor.py:830} INFO - Processing file /home/airflow/.local/lib/python3.8/site-packages/airflow/example_dags/example_trigger_target_dag.py for tasks to queue
[2024-04-08T03:04:08.368+0000] {logging_mixin.py:188} INFO - [2024-04-08T03:04:08.368+0000] {dagbag.py:540} INFO - Filling up the DagBag from /home/airflow/.local/lib/python3.8/site-packages/airflow/example_dags/example_trigger_target_dag.py
[2024-04-08T03:04:08.372+0000] {processor.py:840} INFO - DAG(s) 'example_trigger_target_dag' retrieved from /home/airflow/.local/lib/python3.8/site-packages/airflow/example_dags/example_trigger_target_dag.py
[2024-04-08T03:04:08.387+0000] {logging_mixin.py:188} INFO - [2024-04-08T03:04:08.387+0000] {dag.py:3047} INFO - Sync 1 DAGs
[2024-04-08T03:04:08.396+0000] {logging_mixin.py:188} INFO - [2024-04-08T03:04:08.396+0000] {dag.py:3834} INFO - Setting next_dagrun for example_trigger_target_dag to None, run_after=None
[2024-04-08T03:04:08.417+0000] {processor.py:183} INFO - Processing /home/airflow/.local/lib/python3.8/site-packages/airflow/example_dags/example_trigger_target_dag.py took 0.053 seconds
[2024-04-08T03:04:38.622+0000] {processor.py:161} INFO - Started process (PID=3144) to work on /home/airflow/.local/lib/python3.8/site-packages/airflow/example_dags/example_trigger_target_dag.py
[2024-04-08T03:04:38.623+0000] {processor.py:830} INFO - Processing file /home/airflow/.local/lib/python3.8/site-packages/airflow/example_dags/example_trigger_target_dag.py for tasks to queue
[2024-04-08T03:04:38.624+0000] {logging_mixin.py:188} INFO - [2024-04-08T03:04:38.623+0000] {dagbag.py:540} INFO - Filling up the DagBag from /home/airflow/.local/lib/python3.8/site-packages/airflow/example_dags/example_trigger_target_dag.py
[2024-04-08T03:04:38.628+0000] {processor.py:840} INFO - DAG(s) 'example_trigger_target_dag' retrieved from /home/airflow/.local/lib/python3.8/site-packages/airflow/example_dags/example_trigger_target_dag.py
[2024-04-08T03:04:38.644+0000] {logging_mixin.py:188} INFO - [2024-04-08T03:04:38.643+0000] {dag.py:3047} INFO - Sync 1 DAGs
[2024-04-08T03:04:38.653+0000] {logging_mixin.py:188} INFO - [2024-04-08T03:04:38.653+0000] {dag.py:3834} INFO - Setting next_dagrun for example_trigger_target_dag to None, run_after=None
[2024-04-08T03:04:38.790+0000] {processor.py:183} INFO - Processing /home/airflow/.local/lib/python3.8/site-packages/airflow/example_dags/example_trigger_target_dag.py took 0.170 seconds
[2024-04-08T03:05:09.123+0000] {processor.py:161} INFO - Started process (PID=3393) to work on /home/airflow/.local/lib/python3.8/site-packages/airflow/example_dags/example_trigger_target_dag.py
[2024-04-08T03:05:09.124+0000] {processor.py:830} INFO - Processing file /home/airflow/.local/lib/python3.8/site-packages/airflow/example_dags/example_trigger_target_dag.py for tasks to queue
[2024-04-08T03:05:09.125+0000] {logging_mixin.py:188} INFO - [2024-04-08T03:05:09.125+0000] {dagbag.py:540} INFO - Filling up the DagBag from /home/airflow/.local/lib/python3.8/site-packages/airflow/example_dags/example_trigger_target_dag.py
[2024-04-08T03:05:09.132+0000] {processor.py:840} INFO - DAG(s) 'example_trigger_target_dag' retrieved from /home/airflow/.local/lib/python3.8/site-packages/airflow/example_dags/example_trigger_target_dag.py
[2024-04-08T03:05:09.154+0000] {logging_mixin.py:188} INFO - [2024-04-08T03:05:09.153+0000] {dag.py:3047} INFO - Sync 1 DAGs
[2024-04-08T03:05:09.193+0000] {logging_mixin.py:188} INFO - [2024-04-08T03:05:09.193+0000] {dag.py:3834} INFO - Setting next_dagrun for example_trigger_target_dag to None, run_after=None
[2024-04-08T03:05:09.281+0000] {processor.py:183} INFO - Processing /home/airflow/.local/lib/python3.8/site-packages/airflow/example_dags/example_trigger_target_dag.py took 0.162 seconds
[2024-04-08T03:05:39.313+0000] {processor.py:161} INFO - Started process (PID=3640) to work on /home/airflow/.local/lib/python3.8/site-packages/airflow/example_dags/example_trigger_target_dag.py
[2024-04-08T03:05:39.314+0000] {processor.py:830} INFO - Processing file /home/airflow/.local/lib/python3.8/site-packages/airflow/example_dags/example_trigger_target_dag.py for tasks to queue
[2024-04-08T03:05:39.315+0000] {logging_mixin.py:188} INFO - [2024-04-08T03:05:39.314+0000] {dagbag.py:540} INFO - Filling up the DagBag from /home/airflow/.local/lib/python3.8/site-packages/airflow/example_dags/example_trigger_target_dag.py
[2024-04-08T03:05:39.320+0000] {processor.py:840} INFO - DAG(s) 'example_trigger_target_dag' retrieved from /home/airflow/.local/lib/python3.8/site-packages/airflow/example_dags/example_trigger_target_dag.py
[2024-04-08T03:05:39.335+0000] {logging_mixin.py:188} INFO - [2024-04-08T03:05:39.335+0000] {dag.py:3047} INFO - Sync 1 DAGs
[2024-04-08T03:05:39.344+0000] {logging_mixin.py:188} INFO - [2024-04-08T03:05:39.344+0000] {dag.py:3834} INFO - Setting next_dagrun for example_trigger_target_dag to None, run_after=None
[2024-04-08T03:05:39.364+0000] {processor.py:183} INFO - Processing /home/airflow/.local/lib/python3.8/site-packages/airflow/example_dags/example_trigger_target_dag.py took 0.053 seconds
[2024-04-08T03:06:09.554+0000] {processor.py:161} INFO - Started process (PID=3886) to work on /home/airflow/.local/lib/python3.8/site-packages/airflow/example_dags/example_trigger_target_dag.py
[2024-04-08T03:06:09.556+0000] {processor.py:830} INFO - Processing file /home/airflow/.local/lib/python3.8/site-packages/airflow/example_dags/example_trigger_target_dag.py for tasks to queue
[2024-04-08T03:06:09.557+0000] {logging_mixin.py:188} INFO - [2024-04-08T03:06:09.557+0000] {dagbag.py:540} INFO - Filling up the DagBag from /home/airflow/.local/lib/python3.8/site-packages/airflow/example_dags/example_trigger_target_dag.py
[2024-04-08T03:06:09.564+0000] {processor.py:840} INFO - DAG(s) 'example_trigger_target_dag' retrieved from /home/airflow/.local/lib/python3.8/site-packages/airflow/example_dags/example_trigger_target_dag.py
[2024-04-08T03:06:09.586+0000] {logging_mixin.py:188} INFO - [2024-04-08T03:06:09.585+0000] {dag.py:3047} INFO - Sync 1 DAGs
[2024-04-08T03:06:09.599+0000] {logging_mixin.py:188} INFO - [2024-04-08T03:06:09.599+0000] {dag.py:3834} INFO - Setting next_dagrun for example_trigger_target_dag to None, run_after=None
[2024-04-08T03:06:09.622+0000] {processor.py:183} INFO - Processing /home/airflow/.local/lib/python3.8/site-packages/airflow/example_dags/example_trigger_target_dag.py took 0.071 seconds
[2024-04-08T03:06:39.884+0000] {processor.py:161} INFO - Started process (PID=4134) to work on /home/airflow/.local/lib/python3.8/site-packages/airflow/example_dags/example_trigger_target_dag.py
[2024-04-08T03:06:39.885+0000] {processor.py:830} INFO - Processing file /home/airflow/.local/lib/python3.8/site-packages/airflow/example_dags/example_trigger_target_dag.py for tasks to queue
[2024-04-08T03:06:39.886+0000] {logging_mixin.py:188} INFO - [2024-04-08T03:06:39.886+0000] {dagbag.py:540} INFO - Filling up the DagBag from /home/airflow/.local/lib/python3.8/site-packages/airflow/example_dags/example_trigger_target_dag.py
[2024-04-08T03:06:39.900+0000] {processor.py:840} INFO - DAG(s) 'example_trigger_target_dag' retrieved from /home/airflow/.local/lib/python3.8/site-packages/airflow/example_dags/example_trigger_target_dag.py
[2024-04-08T03:06:39.933+0000] {logging_mixin.py:188} INFO - [2024-04-08T03:06:39.933+0000] {dag.py:3047} INFO - Sync 1 DAGs
[2024-04-08T03:06:39.947+0000] {logging_mixin.py:188} INFO - [2024-04-08T03:06:39.947+0000] {dag.py:3834} INFO - Setting next_dagrun for example_trigger_target_dag to None, run_after=None
[2024-04-08T03:06:39.974+0000] {processor.py:183} INFO - Processing /home/airflow/.local/lib/python3.8/site-packages/airflow/example_dags/example_trigger_target_dag.py took 0.097 seconds
