[2024-04-08T02:58:37.797+0000] {processor.py:161} INFO - Started process (PID=347) to work on /home/airflow/.local/lib/python3.8/site-packages/airflow/example_dags/example_xcom.py
[2024-04-08T02:58:37.798+0000] {processor.py:830} INFO - Processing file /home/airflow/.local/lib/python3.8/site-packages/airflow/example_dags/example_xcom.py for tasks to queue
[2024-04-08T02:58:37.800+0000] {logging_mixin.py:188} INFO - [2024-04-08T02:58:37.799+0000] {dagbag.py:540} INFO - Filling up the DagBag from /home/airflow/.local/lib/python3.8/site-packages/airflow/example_dags/example_xcom.py
[2024-04-08T02:58:37.810+0000] {processor.py:840} INFO - DAG(s) 'example_xcom' retrieved from /home/airflow/.local/lib/python3.8/site-packages/airflow/example_dags/example_xcom.py
[2024-04-08T02:58:37.977+0000] {logging_mixin.py:188} INFO - [2024-04-08T02:58:37.976+0000] {override.py:1769} INFO - Created Permission View: can read on DAG:example_xcom
[2024-04-08T02:58:37.996+0000] {logging_mixin.py:188} INFO - [2024-04-08T02:58:37.996+0000] {override.py:1769} INFO - Created Permission View: can delete on DAG:example_xcom
[2024-04-08T02:58:38.012+0000] {logging_mixin.py:188} INFO - [2024-04-08T02:58:38.012+0000] {override.py:1769} INFO - Created Permission View: can edit on DAG:example_xcom
[2024-04-08T02:58:38.013+0000] {logging_mixin.py:188} INFO - [2024-04-08T02:58:38.013+0000] {dag.py:3047} INFO - Sync 1 DAGs
[2024-04-08T02:58:38.024+0000] {logging_mixin.py:188} INFO - [2024-04-08T02:58:38.024+0000] {dag.py:3069} INFO - Creating ORM DAG for example_xcom
[2024-04-08T02:58:38.037+0000] {logging_mixin.py:188} INFO - [2024-04-08T02:58:38.037+0000] {dag.py:3834} INFO - Setting next_dagrun for example_xcom to 2021-01-01 00:00:00+00:00, run_after=2021-01-01 00:00:00+00:00
[2024-04-08T02:58:38.070+0000] {processor.py:183} INFO - Processing /home/airflow/.local/lib/python3.8/site-packages/airflow/example_dags/example_xcom.py took 0.277 seconds
[2024-04-08T02:59:08.433+0000] {processor.py:161} INFO - Started process (PID=596) to work on /home/airflow/.local/lib/python3.8/site-packages/airflow/example_dags/example_xcom.py
[2024-04-08T02:59:08.434+0000] {processor.py:830} INFO - Processing file /home/airflow/.local/lib/python3.8/site-packages/airflow/example_dags/example_xcom.py for tasks to queue
[2024-04-08T02:59:08.435+0000] {logging_mixin.py:188} INFO - [2024-04-08T02:59:08.435+0000] {dagbag.py:540} INFO - Filling up the DagBag from /home/airflow/.local/lib/python3.8/site-packages/airflow/example_dags/example_xcom.py
[2024-04-08T02:59:08.441+0000] {processor.py:840} INFO - DAG(s) 'example_xcom' retrieved from /home/airflow/.local/lib/python3.8/site-packages/airflow/example_dags/example_xcom.py
[2024-04-08T02:59:08.456+0000] {logging_mixin.py:188} INFO - [2024-04-08T02:59:08.456+0000] {dag.py:3047} INFO - Sync 1 DAGs
[2024-04-08T02:59:08.472+0000] {logging_mixin.py:188} INFO - [2024-04-08T02:59:08.472+0000] {dag.py:3834} INFO - Setting next_dagrun for example_xcom to 2021-01-01 00:00:00+00:00, run_after=2021-01-01 00:00:00+00:00
[2024-04-08T02:59:08.493+0000] {processor.py:183} INFO - Processing /home/airflow/.local/lib/python3.8/site-packages/airflow/example_dags/example_xcom.py took 0.062 seconds
[2024-04-08T02:59:39.357+0000] {processor.py:161} INFO - Started process (PID=843) to work on /home/airflow/.local/lib/python3.8/site-packages/airflow/example_dags/example_xcom.py
[2024-04-08T02:59:39.358+0000] {processor.py:830} INFO - Processing file /home/airflow/.local/lib/python3.8/site-packages/airflow/example_dags/example_xcom.py for tasks to queue
[2024-04-08T02:59:39.359+0000] {logging_mixin.py:188} INFO - [2024-04-08T02:59:39.359+0000] {dagbag.py:540} INFO - Filling up the DagBag from /home/airflow/.local/lib/python3.8/site-packages/airflow/example_dags/example_xcom.py
[2024-04-08T02:59:39.367+0000] {processor.py:840} INFO - DAG(s) 'example_xcom' retrieved from /home/airflow/.local/lib/python3.8/site-packages/airflow/example_dags/example_xcom.py
[2024-04-08T02:59:39.392+0000] {logging_mixin.py:188} INFO - [2024-04-08T02:59:39.392+0000] {dag.py:3047} INFO - Sync 1 DAGs
[2024-04-08T02:59:39.417+0000] {logging_mixin.py:188} INFO - [2024-04-08T02:59:39.417+0000] {dag.py:3834} INFO - Setting next_dagrun for example_xcom to 2021-01-01 00:00:00+00:00, run_after=2021-01-01 00:00:00+00:00
[2024-04-08T02:59:39.443+0000] {processor.py:183} INFO - Processing /home/airflow/.local/lib/python3.8/site-packages/airflow/example_dags/example_xcom.py took 0.089 seconds
[2024-04-08T03:00:09.637+0000] {processor.py:161} INFO - Started process (PID=1088) to work on /home/airflow/.local/lib/python3.8/site-packages/airflow/example_dags/example_xcom.py
[2024-04-08T03:00:09.638+0000] {processor.py:830} INFO - Processing file /home/airflow/.local/lib/python3.8/site-packages/airflow/example_dags/example_xcom.py for tasks to queue
[2024-04-08T03:00:09.639+0000] {logging_mixin.py:188} INFO - [2024-04-08T03:00:09.639+0000] {dagbag.py:540} INFO - Filling up the DagBag from /home/airflow/.local/lib/python3.8/site-packages/airflow/example_dags/example_xcom.py
[2024-04-08T03:00:09.647+0000] {processor.py:840} INFO - DAG(s) 'example_xcom' retrieved from /home/airflow/.local/lib/python3.8/site-packages/airflow/example_dags/example_xcom.py
[2024-04-08T03:00:09.708+0000] {logging_mixin.py:188} INFO - [2024-04-08T03:00:09.708+0000] {dag.py:3047} INFO - Sync 1 DAGs
[2024-04-08T03:00:09.755+0000] {logging_mixin.py:188} INFO - [2024-04-08T03:00:09.755+0000] {dag.py:3834} INFO - Setting next_dagrun for example_xcom to 2021-01-01 00:00:00+00:00, run_after=2021-01-01 00:00:00+00:00
[2024-04-08T03:00:09.782+0000] {processor.py:183} INFO - Processing /home/airflow/.local/lib/python3.8/site-packages/airflow/example_dags/example_xcom.py took 0.149 seconds
[2024-04-08T03:00:40.394+0000] {processor.py:161} INFO - Started process (PID=1335) to work on /home/airflow/.local/lib/python3.8/site-packages/airflow/example_dags/example_xcom.py
[2024-04-08T03:00:40.395+0000] {processor.py:830} INFO - Processing file /home/airflow/.local/lib/python3.8/site-packages/airflow/example_dags/example_xcom.py for tasks to queue
[2024-04-08T03:00:40.396+0000] {logging_mixin.py:188} INFO - [2024-04-08T03:00:40.396+0000] {dagbag.py:540} INFO - Filling up the DagBag from /home/airflow/.local/lib/python3.8/site-packages/airflow/example_dags/example_xcom.py
[2024-04-08T03:00:40.405+0000] {processor.py:840} INFO - DAG(s) 'example_xcom' retrieved from /home/airflow/.local/lib/python3.8/site-packages/airflow/example_dags/example_xcom.py
[2024-04-08T03:00:40.427+0000] {logging_mixin.py:188} INFO - [2024-04-08T03:00:40.427+0000] {dag.py:3047} INFO - Sync 1 DAGs
[2024-04-08T03:00:40.450+0000] {logging_mixin.py:188} INFO - [2024-04-08T03:00:40.449+0000] {dag.py:3834} INFO - Setting next_dagrun for example_xcom to 2021-01-01 00:00:00+00:00, run_after=2021-01-01 00:00:00+00:00
[2024-04-08T03:00:40.473+0000] {processor.py:183} INFO - Processing /home/airflow/.local/lib/python3.8/site-packages/airflow/example_dags/example_xcom.py took 0.082 seconds
[2024-04-08T03:01:10.942+0000] {processor.py:161} INFO - Started process (PID=1582) to work on /home/airflow/.local/lib/python3.8/site-packages/airflow/example_dags/example_xcom.py
[2024-04-08T03:01:10.942+0000] {processor.py:830} INFO - Processing file /home/airflow/.local/lib/python3.8/site-packages/airflow/example_dags/example_xcom.py for tasks to queue
[2024-04-08T03:01:10.943+0000] {logging_mixin.py:188} INFO - [2024-04-08T03:01:10.943+0000] {dagbag.py:540} INFO - Filling up the DagBag from /home/airflow/.local/lib/python3.8/site-packages/airflow/example_dags/example_xcom.py
[2024-04-08T03:01:10.951+0000] {processor.py:840} INFO - DAG(s) 'example_xcom' retrieved from /home/airflow/.local/lib/python3.8/site-packages/airflow/example_dags/example_xcom.py
[2024-04-08T03:01:10.975+0000] {logging_mixin.py:188} INFO - [2024-04-08T03:01:10.974+0000] {dag.py:3047} INFO - Sync 1 DAGs
[2024-04-08T03:01:11.000+0000] {logging_mixin.py:188} INFO - [2024-04-08T03:01:10.999+0000] {dag.py:3834} INFO - Setting next_dagrun for example_xcom to 2021-01-01 00:00:00+00:00, run_after=2021-01-01 00:00:00+00:00
[2024-04-08T03:01:11.024+0000] {processor.py:183} INFO - Processing /home/airflow/.local/lib/python3.8/site-packages/airflow/example_dags/example_xcom.py took 0.087 seconds
[2024-04-08T03:01:41.496+0000] {processor.py:161} INFO - Started process (PID=1829) to work on /home/airflow/.local/lib/python3.8/site-packages/airflow/example_dags/example_xcom.py
[2024-04-08T03:01:41.496+0000] {processor.py:830} INFO - Processing file /home/airflow/.local/lib/python3.8/site-packages/airflow/example_dags/example_xcom.py for tasks to queue
[2024-04-08T03:01:41.497+0000] {logging_mixin.py:188} INFO - [2024-04-08T03:01:41.497+0000] {dagbag.py:540} INFO - Filling up the DagBag from /home/airflow/.local/lib/python3.8/site-packages/airflow/example_dags/example_xcom.py
[2024-04-08T03:01:41.505+0000] {processor.py:840} INFO - DAG(s) 'example_xcom' retrieved from /home/airflow/.local/lib/python3.8/site-packages/airflow/example_dags/example_xcom.py
[2024-04-08T03:01:41.527+0000] {logging_mixin.py:188} INFO - [2024-04-08T03:01:41.527+0000] {dag.py:3047} INFO - Sync 1 DAGs
[2024-04-08T03:01:41.551+0000] {logging_mixin.py:188} INFO - [2024-04-08T03:01:41.551+0000] {dag.py:3834} INFO - Setting next_dagrun for example_xcom to 2021-01-01 00:00:00+00:00, run_after=2021-01-01 00:00:00+00:00
[2024-04-08T03:01:41.572+0000] {processor.py:183} INFO - Processing /home/airflow/.local/lib/python3.8/site-packages/airflow/example_dags/example_xcom.py took 0.080 seconds
[2024-04-08T03:02:12.055+0000] {processor.py:161} INFO - Started process (PID=2076) to work on /home/airflow/.local/lib/python3.8/site-packages/airflow/example_dags/example_xcom.py
[2024-04-08T03:02:12.060+0000] {processor.py:830} INFO - Processing file /home/airflow/.local/lib/python3.8/site-packages/airflow/example_dags/example_xcom.py for tasks to queue
[2024-04-08T03:02:12.063+0000] {logging_mixin.py:188} INFO - [2024-04-08T03:02:12.062+0000] {dagbag.py:540} INFO - Filling up the DagBag from /home/airflow/.local/lib/python3.8/site-packages/airflow/example_dags/example_xcom.py
[2024-04-08T03:02:12.077+0000] {processor.py:840} INFO - DAG(s) 'example_xcom' retrieved from /home/airflow/.local/lib/python3.8/site-packages/airflow/example_dags/example_xcom.py
[2024-04-08T03:02:12.140+0000] {logging_mixin.py:188} INFO - [2024-04-08T03:02:12.140+0000] {dag.py:3047} INFO - Sync 1 DAGs
[2024-04-08T03:02:12.211+0000] {logging_mixin.py:188} INFO - [2024-04-08T03:02:12.211+0000] {dag.py:3834} INFO - Setting next_dagrun for example_xcom to 2021-01-01 00:00:00+00:00, run_after=2021-01-01 00:00:00+00:00
[2024-04-08T03:02:12.236+0000] {processor.py:183} INFO - Processing /home/airflow/.local/lib/python3.8/site-packages/airflow/example_dags/example_xcom.py took 0.184 seconds
[2024-04-08T03:02:42.799+0000] {processor.py:161} INFO - Started process (PID=2326) to work on /home/airflow/.local/lib/python3.8/site-packages/airflow/example_dags/example_xcom.py
[2024-04-08T03:02:42.800+0000] {processor.py:830} INFO - Processing file /home/airflow/.local/lib/python3.8/site-packages/airflow/example_dags/example_xcom.py for tasks to queue
[2024-04-08T03:02:42.802+0000] {logging_mixin.py:188} INFO - [2024-04-08T03:02:42.801+0000] {dagbag.py:540} INFO - Filling up the DagBag from /home/airflow/.local/lib/python3.8/site-packages/airflow/example_dags/example_xcom.py
[2024-04-08T03:02:42.810+0000] {processor.py:840} INFO - DAG(s) 'example_xcom' retrieved from /home/airflow/.local/lib/python3.8/site-packages/airflow/example_dags/example_xcom.py
[2024-04-08T03:02:42.832+0000] {logging_mixin.py:188} INFO - [2024-04-08T03:02:42.832+0000] {dag.py:3047} INFO - Sync 1 DAGs
[2024-04-08T03:02:42.855+0000] {logging_mixin.py:188} INFO - [2024-04-08T03:02:42.855+0000] {dag.py:3834} INFO - Setting next_dagrun for example_xcom to 2021-01-01 00:00:00+00:00, run_after=2021-01-01 00:00:00+00:00
[2024-04-08T03:02:42.883+0000] {processor.py:183} INFO - Processing /home/airflow/.local/lib/python3.8/site-packages/airflow/example_dags/example_xcom.py took 0.087 seconds
[2024-04-08T03:03:13.158+0000] {processor.py:161} INFO - Started process (PID=2572) to work on /home/airflow/.local/lib/python3.8/site-packages/airflow/example_dags/example_xcom.py
[2024-04-08T03:03:13.158+0000] {processor.py:830} INFO - Processing file /home/airflow/.local/lib/python3.8/site-packages/airflow/example_dags/example_xcom.py for tasks to queue
[2024-04-08T03:03:13.159+0000] {logging_mixin.py:188} INFO - [2024-04-08T03:03:13.159+0000] {dagbag.py:540} INFO - Filling up the DagBag from /home/airflow/.local/lib/python3.8/site-packages/airflow/example_dags/example_xcom.py
[2024-04-08T03:03:13.178+0000] {processor.py:840} INFO - DAG(s) 'example_xcom' retrieved from /home/airflow/.local/lib/python3.8/site-packages/airflow/example_dags/example_xcom.py
[2024-04-08T03:03:13.215+0000] {logging_mixin.py:188} INFO - [2024-04-08T03:03:13.215+0000] {dag.py:3047} INFO - Sync 1 DAGs
[2024-04-08T03:03:13.236+0000] {logging_mixin.py:188} INFO - [2024-04-08T03:03:13.235+0000] {dag.py:3834} INFO - Setting next_dagrun for example_xcom to 2021-01-01 00:00:00+00:00, run_after=2021-01-01 00:00:00+00:00
[2024-04-08T03:03:13.259+0000] {processor.py:183} INFO - Processing /home/airflow/.local/lib/python3.8/site-packages/airflow/example_dags/example_xcom.py took 0.105 seconds
[2024-04-08T03:03:43.905+0000] {processor.py:161} INFO - Started process (PID=2822) to work on /home/airflow/.local/lib/python3.8/site-packages/airflow/example_dags/example_xcom.py
[2024-04-08T03:03:43.906+0000] {processor.py:830} INFO - Processing file /home/airflow/.local/lib/python3.8/site-packages/airflow/example_dags/example_xcom.py for tasks to queue
[2024-04-08T03:03:43.907+0000] {logging_mixin.py:188} INFO - [2024-04-08T03:03:43.907+0000] {dagbag.py:540} INFO - Filling up the DagBag from /home/airflow/.local/lib/python3.8/site-packages/airflow/example_dags/example_xcom.py
[2024-04-08T03:03:43.931+0000] {processor.py:840} INFO - DAG(s) 'example_xcom' retrieved from /home/airflow/.local/lib/python3.8/site-packages/airflow/example_dags/example_xcom.py
[2024-04-08T03:03:43.977+0000] {logging_mixin.py:188} INFO - [2024-04-08T03:03:43.976+0000] {dag.py:3047} INFO - Sync 1 DAGs
[2024-04-08T03:03:44.014+0000] {logging_mixin.py:188} INFO - [2024-04-08T03:03:44.014+0000] {dag.py:3834} INFO - Setting next_dagrun for example_xcom to 2021-01-01 00:00:00+00:00, run_after=2021-01-01 00:00:00+00:00
[2024-04-08T03:03:44.041+0000] {processor.py:183} INFO - Processing /home/airflow/.local/lib/python3.8/site-packages/airflow/example_dags/example_xcom.py took 0.140 seconds
[2024-04-08T03:04:14.253+0000] {processor.py:161} INFO - Started process (PID=3067) to work on /home/airflow/.local/lib/python3.8/site-packages/airflow/example_dags/example_xcom.py
[2024-04-08T03:04:14.254+0000] {processor.py:830} INFO - Processing file /home/airflow/.local/lib/python3.8/site-packages/airflow/example_dags/example_xcom.py for tasks to queue
[2024-04-08T03:04:14.255+0000] {logging_mixin.py:188} INFO - [2024-04-08T03:04:14.255+0000] {dagbag.py:540} INFO - Filling up the DagBag from /home/airflow/.local/lib/python3.8/site-packages/airflow/example_dags/example_xcom.py
[2024-04-08T03:04:14.261+0000] {processor.py:840} INFO - DAG(s) 'example_xcom' retrieved from /home/airflow/.local/lib/python3.8/site-packages/airflow/example_dags/example_xcom.py
[2024-04-08T03:04:14.277+0000] {logging_mixin.py:188} INFO - [2024-04-08T03:04:14.277+0000] {dag.py:3047} INFO - Sync 1 DAGs
[2024-04-08T03:04:14.292+0000] {logging_mixin.py:188} INFO - [2024-04-08T03:04:14.292+0000] {dag.py:3834} INFO - Setting next_dagrun for example_xcom to 2021-01-01 00:00:00+00:00, run_after=2021-01-01 00:00:00+00:00
[2024-04-08T03:04:14.452+0000] {processor.py:183} INFO - Processing /home/airflow/.local/lib/python3.8/site-packages/airflow/example_dags/example_xcom.py took 0.201 seconds
[2024-04-08T03:04:44.691+0000] {processor.py:161} INFO - Started process (PID=3314) to work on /home/airflow/.local/lib/python3.8/site-packages/airflow/example_dags/example_xcom.py
[2024-04-08T03:04:44.692+0000] {processor.py:830} INFO - Processing file /home/airflow/.local/lib/python3.8/site-packages/airflow/example_dags/example_xcom.py for tasks to queue
[2024-04-08T03:04:44.693+0000] {logging_mixin.py:188} INFO - [2024-04-08T03:04:44.692+0000] {dagbag.py:540} INFO - Filling up the DagBag from /home/airflow/.local/lib/python3.8/site-packages/airflow/example_dags/example_xcom.py
[2024-04-08T03:04:44.698+0000] {processor.py:840} INFO - DAG(s) 'example_xcom' retrieved from /home/airflow/.local/lib/python3.8/site-packages/airflow/example_dags/example_xcom.py
[2024-04-08T03:04:44.714+0000] {logging_mixin.py:188} INFO - [2024-04-08T03:04:44.714+0000] {dag.py:3047} INFO - Sync 1 DAGs
[2024-04-08T03:04:44.730+0000] {logging_mixin.py:188} INFO - [2024-04-08T03:04:44.729+0000] {dag.py:3834} INFO - Setting next_dagrun for example_xcom to 2021-01-01 00:00:00+00:00, run_after=2021-01-01 00:00:00+00:00
[2024-04-08T03:04:44.810+0000] {processor.py:183} INFO - Processing /home/airflow/.local/lib/python3.8/site-packages/airflow/example_dags/example_xcom.py took 0.122 seconds
[2024-04-08T03:05:15.100+0000] {processor.py:161} INFO - Started process (PID=3561) to work on /home/airflow/.local/lib/python3.8/site-packages/airflow/example_dags/example_xcom.py
[2024-04-08T03:05:15.101+0000] {processor.py:830} INFO - Processing file /home/airflow/.local/lib/python3.8/site-packages/airflow/example_dags/example_xcom.py for tasks to queue
[2024-04-08T03:05:15.102+0000] {logging_mixin.py:188} INFO - [2024-04-08T03:05:15.102+0000] {dagbag.py:540} INFO - Filling up the DagBag from /home/airflow/.local/lib/python3.8/site-packages/airflow/example_dags/example_xcom.py
[2024-04-08T03:05:15.112+0000] {processor.py:840} INFO - DAG(s) 'example_xcom' retrieved from /home/airflow/.local/lib/python3.8/site-packages/airflow/example_dags/example_xcom.py
[2024-04-08T03:05:15.131+0000] {logging_mixin.py:188} INFO - [2024-04-08T03:05:15.131+0000] {dag.py:3047} INFO - Sync 1 DAGs
[2024-04-08T03:05:15.147+0000] {logging_mixin.py:188} INFO - [2024-04-08T03:05:15.147+0000] {dag.py:3834} INFO - Setting next_dagrun for example_xcom to 2021-01-01 00:00:00+00:00, run_after=2021-01-01 00:00:00+00:00
[2024-04-08T03:05:15.271+0000] {processor.py:183} INFO - Processing /home/airflow/.local/lib/python3.8/site-packages/airflow/example_dags/example_xcom.py took 0.175 seconds
[2024-04-08T03:05:45.601+0000] {processor.py:161} INFO - Started process (PID=3808) to work on /home/airflow/.local/lib/python3.8/site-packages/airflow/example_dags/example_xcom.py
[2024-04-08T03:05:45.603+0000] {processor.py:830} INFO - Processing file /home/airflow/.local/lib/python3.8/site-packages/airflow/example_dags/example_xcom.py for tasks to queue
[2024-04-08T03:05:45.604+0000] {logging_mixin.py:188} INFO - [2024-04-08T03:05:45.604+0000] {dagbag.py:540} INFO - Filling up the DagBag from /home/airflow/.local/lib/python3.8/site-packages/airflow/example_dags/example_xcom.py
[2024-04-08T03:05:45.613+0000] {processor.py:840} INFO - DAG(s) 'example_xcom' retrieved from /home/airflow/.local/lib/python3.8/site-packages/airflow/example_dags/example_xcom.py
[2024-04-08T03:05:45.661+0000] {logging_mixin.py:188} INFO - [2024-04-08T03:05:45.660+0000] {dag.py:3047} INFO - Sync 1 DAGs
[2024-04-08T03:05:45.697+0000] {logging_mixin.py:188} INFO - [2024-04-08T03:05:45.697+0000] {dag.py:3834} INFO - Setting next_dagrun for example_xcom to 2021-01-01 00:00:00+00:00, run_after=2021-01-01 00:00:00+00:00
[2024-04-08T03:05:45.760+0000] {processor.py:183} INFO - Processing /home/airflow/.local/lib/python3.8/site-packages/airflow/example_dags/example_xcom.py took 0.164 seconds
[2024-04-08T03:06:15.891+0000] {processor.py:161} INFO - Started process (PID=4058) to work on /home/airflow/.local/lib/python3.8/site-packages/airflow/example_dags/example_xcom.py
[2024-04-08T03:06:15.892+0000] {processor.py:830} INFO - Processing file /home/airflow/.local/lib/python3.8/site-packages/airflow/example_dags/example_xcom.py for tasks to queue
[2024-04-08T03:06:15.892+0000] {logging_mixin.py:188} INFO - [2024-04-08T03:06:15.892+0000] {dagbag.py:540} INFO - Filling up the DagBag from /home/airflow/.local/lib/python3.8/site-packages/airflow/example_dags/example_xcom.py
[2024-04-08T03:06:15.899+0000] {processor.py:840} INFO - DAG(s) 'example_xcom' retrieved from /home/airflow/.local/lib/python3.8/site-packages/airflow/example_dags/example_xcom.py
[2024-04-08T03:06:15.920+0000] {logging_mixin.py:188} INFO - [2024-04-08T03:06:15.919+0000] {dag.py:3047} INFO - Sync 1 DAGs
[2024-04-08T03:06:15.936+0000] {logging_mixin.py:188} INFO - [2024-04-08T03:06:15.936+0000] {dag.py:3834} INFO - Setting next_dagrun for example_xcom to 2021-01-01 00:00:00+00:00, run_after=2021-01-01 00:00:00+00:00
[2024-04-08T03:06:15.957+0000] {processor.py:183} INFO - Processing /home/airflow/.local/lib/python3.8/site-packages/airflow/example_dags/example_xcom.py took 0.068 seconds
