[2024-04-08T02:58:33.118+0000] {processor.py:161} INFO - Started process (PID=212) to work on /home/airflow/.local/lib/python3.8/site-packages/airflow/example_dags/example_latest_only_with_trigger.py
[2024-04-08T02:58:33.119+0000] {processor.py:830} INFO - Processing file /home/airflow/.local/lib/python3.8/site-packages/airflow/example_dags/example_latest_only_with_trigger.py for tasks to queue
[2024-04-08T02:58:33.120+0000] {logging_mixin.py:188} INFO - [2024-04-08T02:58:33.119+0000] {dagbag.py:540} INFO - Filling up the DagBag from /home/airflow/.local/lib/python3.8/site-packages/airflow/example_dags/example_latest_only_with_trigger.py
[2024-04-08T02:58:33.130+0000] {processor.py:840} INFO - DAG(s) 'latest_only_with_trigger' retrieved from /home/airflow/.local/lib/python3.8/site-packages/airflow/example_dags/example_latest_only_with_trigger.py
[2024-04-08T02:58:33.269+0000] {logging_mixin.py:188} INFO - [2024-04-08T02:58:33.268+0000] {override.py:1769} INFO - Created Permission View: can read on DAG:latest_only_with_trigger
[2024-04-08T02:58:33.283+0000] {logging_mixin.py:188} INFO - [2024-04-08T02:58:33.283+0000] {override.py:1769} INFO - Created Permission View: can delete on DAG:latest_only_with_trigger
[2024-04-08T02:58:33.294+0000] {logging_mixin.py:188} INFO - [2024-04-08T02:58:33.294+0000] {override.py:1769} INFO - Created Permission View: can edit on DAG:latest_only_with_trigger
[2024-04-08T02:58:33.295+0000] {logging_mixin.py:188} INFO - [2024-04-08T02:58:33.294+0000] {dag.py:3047} INFO - Sync 1 DAGs
[2024-04-08T02:58:33.307+0000] {logging_mixin.py:188} INFO - [2024-04-08T02:58:33.307+0000] {dag.py:3069} INFO - Creating ORM DAG for latest_only_with_trigger
[2024-04-08T02:58:33.317+0000] {logging_mixin.py:188} INFO - [2024-04-08T02:58:33.317+0000] {dag.py:3834} INFO - Setting next_dagrun for latest_only_with_trigger to 2024-04-07 20:00:00+00:00, run_after=2024-04-08 00:00:00+00:00
[2024-04-08T02:58:33.340+0000] {processor.py:183} INFO - Processing /home/airflow/.local/lib/python3.8/site-packages/airflow/example_dags/example_latest_only_with_trigger.py took 0.225 seconds
[2024-04-08T02:59:03.862+0000] {processor.py:161} INFO - Started process (PID=459) to work on /home/airflow/.local/lib/python3.8/site-packages/airflow/example_dags/example_latest_only_with_trigger.py
[2024-04-08T02:59:03.863+0000] {processor.py:830} INFO - Processing file /home/airflow/.local/lib/python3.8/site-packages/airflow/example_dags/example_latest_only_with_trigger.py for tasks to queue
[2024-04-08T02:59:03.865+0000] {logging_mixin.py:188} INFO - [2024-04-08T02:59:03.864+0000] {dagbag.py:540} INFO - Filling up the DagBag from /home/airflow/.local/lib/python3.8/site-packages/airflow/example_dags/example_latest_only_with_trigger.py
[2024-04-08T02:59:03.874+0000] {processor.py:840} INFO - DAG(s) 'latest_only_with_trigger' retrieved from /home/airflow/.local/lib/python3.8/site-packages/airflow/example_dags/example_latest_only_with_trigger.py
[2024-04-08T02:59:03.901+0000] {logging_mixin.py:188} INFO - [2024-04-08T02:59:03.900+0000] {dag.py:3047} INFO - Sync 1 DAGs
[2024-04-08T02:59:03.924+0000] {logging_mixin.py:188} INFO - [2024-04-08T02:59:03.923+0000] {dag.py:3834} INFO - Setting next_dagrun for latest_only_with_trigger to 2024-04-07 20:00:00+00:00, run_after=2024-04-08 00:00:00+00:00
[2024-04-08T02:59:03.944+0000] {processor.py:183} INFO - Processing /home/airflow/.local/lib/python3.8/site-packages/airflow/example_dags/example_latest_only_with_trigger.py took 0.085 seconds
[2024-04-08T02:59:34.074+0000] {processor.py:161} INFO - Started process (PID=706) to work on /home/airflow/.local/lib/python3.8/site-packages/airflow/example_dags/example_latest_only_with_trigger.py
[2024-04-08T02:59:34.075+0000] {processor.py:830} INFO - Processing file /home/airflow/.local/lib/python3.8/site-packages/airflow/example_dags/example_latest_only_with_trigger.py for tasks to queue
[2024-04-08T02:59:34.077+0000] {logging_mixin.py:188} INFO - [2024-04-08T02:59:34.076+0000] {dagbag.py:540} INFO - Filling up the DagBag from /home/airflow/.local/lib/python3.8/site-packages/airflow/example_dags/example_latest_only_with_trigger.py
[2024-04-08T02:59:34.084+0000] {processor.py:840} INFO - DAG(s) 'latest_only_with_trigger' retrieved from /home/airflow/.local/lib/python3.8/site-packages/airflow/example_dags/example_latest_only_with_trigger.py
[2024-04-08T02:59:34.105+0000] {logging_mixin.py:188} INFO - [2024-04-08T02:59:34.105+0000] {dag.py:3047} INFO - Sync 1 DAGs
[2024-04-08T02:59:34.128+0000] {logging_mixin.py:188} INFO - [2024-04-08T02:59:34.128+0000] {dag.py:3834} INFO - Setting next_dagrun for latest_only_with_trigger to 2024-04-07 20:00:00+00:00, run_after=2024-04-08 00:00:00+00:00
[2024-04-08T02:59:34.151+0000] {processor.py:183} INFO - Processing /home/airflow/.local/lib/python3.8/site-packages/airflow/example_dags/example_latest_only_with_trigger.py took 0.082 seconds
[2024-04-08T03:00:04.592+0000] {processor.py:161} INFO - Started process (PID=955) to work on /home/airflow/.local/lib/python3.8/site-packages/airflow/example_dags/example_latest_only_with_trigger.py
[2024-04-08T03:00:04.592+0000] {processor.py:830} INFO - Processing file /home/airflow/.local/lib/python3.8/site-packages/airflow/example_dags/example_latest_only_with_trigger.py for tasks to queue
[2024-04-08T03:00:04.593+0000] {logging_mixin.py:188} INFO - [2024-04-08T03:00:04.593+0000] {dagbag.py:540} INFO - Filling up the DagBag from /home/airflow/.local/lib/python3.8/site-packages/airflow/example_dags/example_latest_only_with_trigger.py
[2024-04-08T03:00:04.600+0000] {processor.py:840} INFO - DAG(s) 'latest_only_with_trigger' retrieved from /home/airflow/.local/lib/python3.8/site-packages/airflow/example_dags/example_latest_only_with_trigger.py
[2024-04-08T03:00:04.624+0000] {logging_mixin.py:188} INFO - [2024-04-08T03:00:04.623+0000] {dag.py:3047} INFO - Sync 1 DAGs
[2024-04-08T03:00:04.649+0000] {logging_mixin.py:188} INFO - [2024-04-08T03:00:04.649+0000] {dag.py:3834} INFO - Setting next_dagrun for latest_only_with_trigger to 2024-04-07 20:00:00+00:00, run_after=2024-04-08 00:00:00+00:00
[2024-04-08T03:00:04.675+0000] {processor.py:183} INFO - Processing /home/airflow/.local/lib/python3.8/site-packages/airflow/example_dags/example_latest_only_with_trigger.py took 0.087 seconds
[2024-04-08T03:00:35.192+0000] {processor.py:161} INFO - Started process (PID=1200) to work on /home/airflow/.local/lib/python3.8/site-packages/airflow/example_dags/example_latest_only_with_trigger.py
[2024-04-08T03:00:35.193+0000] {processor.py:830} INFO - Processing file /home/airflow/.local/lib/python3.8/site-packages/airflow/example_dags/example_latest_only_with_trigger.py for tasks to queue
[2024-04-08T03:00:35.195+0000] {logging_mixin.py:188} INFO - [2024-04-08T03:00:35.194+0000] {dagbag.py:540} INFO - Filling up the DagBag from /home/airflow/.local/lib/python3.8/site-packages/airflow/example_dags/example_latest_only_with_trigger.py
[2024-04-08T03:00:35.201+0000] {processor.py:840} INFO - DAG(s) 'latest_only_with_trigger' retrieved from /home/airflow/.local/lib/python3.8/site-packages/airflow/example_dags/example_latest_only_with_trigger.py
[2024-04-08T03:00:35.243+0000] {logging_mixin.py:188} INFO - [2024-04-08T03:00:35.243+0000] {dag.py:3047} INFO - Sync 1 DAGs
[2024-04-08T03:00:35.297+0000] {logging_mixin.py:188} INFO - [2024-04-08T03:00:35.297+0000] {dag.py:3834} INFO - Setting next_dagrun for latest_only_with_trigger to 2024-04-07 20:00:00+00:00, run_after=2024-04-08 00:00:00+00:00
[2024-04-08T03:00:35.336+0000] {processor.py:183} INFO - Processing /home/airflow/.local/lib/python3.8/site-packages/airflow/example_dags/example_latest_only_with_trigger.py took 0.151 seconds
[2024-04-08T03:01:05.766+0000] {processor.py:161} INFO - Started process (PID=1447) to work on /home/airflow/.local/lib/python3.8/site-packages/airflow/example_dags/example_latest_only_with_trigger.py
[2024-04-08T03:01:05.776+0000] {processor.py:830} INFO - Processing file /home/airflow/.local/lib/python3.8/site-packages/airflow/example_dags/example_latest_only_with_trigger.py for tasks to queue
[2024-04-08T03:01:05.777+0000] {logging_mixin.py:188} INFO - [2024-04-08T03:01:05.777+0000] {dagbag.py:540} INFO - Filling up the DagBag from /home/airflow/.local/lib/python3.8/site-packages/airflow/example_dags/example_latest_only_with_trigger.py
[2024-04-08T03:01:05.786+0000] {processor.py:840} INFO - DAG(s) 'latest_only_with_trigger' retrieved from /home/airflow/.local/lib/python3.8/site-packages/airflow/example_dags/example_latest_only_with_trigger.py
[2024-04-08T03:01:05.883+0000] {logging_mixin.py:188} INFO - [2024-04-08T03:01:05.882+0000] {dag.py:3047} INFO - Sync 1 DAGs
[2024-04-08T03:01:05.922+0000] {logging_mixin.py:188} INFO - [2024-04-08T03:01:05.922+0000] {dag.py:3834} INFO - Setting next_dagrun for latest_only_with_trigger to 2024-04-07 20:00:00+00:00, run_after=2024-04-08 00:00:00+00:00
[2024-04-08T03:01:05.964+0000] {processor.py:183} INFO - Processing /home/airflow/.local/lib/python3.8/site-packages/airflow/example_dags/example_latest_only_with_trigger.py took 0.213 seconds
[2024-04-08T03:01:36.604+0000] {processor.py:161} INFO - Started process (PID=1694) to work on /home/airflow/.local/lib/python3.8/site-packages/airflow/example_dags/example_latest_only_with_trigger.py
[2024-04-08T03:01:36.605+0000] {processor.py:830} INFO - Processing file /home/airflow/.local/lib/python3.8/site-packages/airflow/example_dags/example_latest_only_with_trigger.py for tasks to queue
[2024-04-08T03:01:36.606+0000] {logging_mixin.py:188} INFO - [2024-04-08T03:01:36.605+0000] {dagbag.py:540} INFO - Filling up the DagBag from /home/airflow/.local/lib/python3.8/site-packages/airflow/example_dags/example_latest_only_with_trigger.py
[2024-04-08T03:01:36.613+0000] {processor.py:840} INFO - DAG(s) 'latest_only_with_trigger' retrieved from /home/airflow/.local/lib/python3.8/site-packages/airflow/example_dags/example_latest_only_with_trigger.py
[2024-04-08T03:01:36.635+0000] {logging_mixin.py:188} INFO - [2024-04-08T03:01:36.635+0000] {dag.py:3047} INFO - Sync 1 DAGs
[2024-04-08T03:01:36.661+0000] {logging_mixin.py:188} INFO - [2024-04-08T03:01:36.661+0000] {dag.py:3834} INFO - Setting next_dagrun for latest_only_with_trigger to 2024-04-07 20:00:00+00:00, run_after=2024-04-08 00:00:00+00:00
[2024-04-08T03:01:36.685+0000] {processor.py:183} INFO - Processing /home/airflow/.local/lib/python3.8/site-packages/airflow/example_dags/example_latest_only_with_trigger.py took 0.085 seconds
[2024-04-08T03:02:06.981+0000] {processor.py:161} INFO - Started process (PID=1941) to work on /home/airflow/.local/lib/python3.8/site-packages/airflow/example_dags/example_latest_only_with_trigger.py
[2024-04-08T03:02:06.982+0000] {processor.py:830} INFO - Processing file /home/airflow/.local/lib/python3.8/site-packages/airflow/example_dags/example_latest_only_with_trigger.py for tasks to queue
[2024-04-08T03:02:06.983+0000] {logging_mixin.py:188} INFO - [2024-04-08T03:02:06.982+0000] {dagbag.py:540} INFO - Filling up the DagBag from /home/airflow/.local/lib/python3.8/site-packages/airflow/example_dags/example_latest_only_with_trigger.py
[2024-04-08T03:02:06.993+0000] {processor.py:840} INFO - DAG(s) 'latest_only_with_trigger' retrieved from /home/airflow/.local/lib/python3.8/site-packages/airflow/example_dags/example_latest_only_with_trigger.py
[2024-04-08T03:02:07.022+0000] {logging_mixin.py:188} INFO - [2024-04-08T03:02:07.022+0000] {dag.py:3047} INFO - Sync 1 DAGs
[2024-04-08T03:02:07.047+0000] {logging_mixin.py:188} INFO - [2024-04-08T03:02:07.047+0000] {dag.py:3834} INFO - Setting next_dagrun for latest_only_with_trigger to 2024-04-07 20:00:00+00:00, run_after=2024-04-08 00:00:00+00:00
[2024-04-08T03:02:07.073+0000] {processor.py:183} INFO - Processing /home/airflow/.local/lib/python3.8/site-packages/airflow/example_dags/example_latest_only_with_trigger.py took 0.097 seconds
[2024-04-08T03:02:37.661+0000] {processor.py:161} INFO - Started process (PID=2191) to work on /home/airflow/.local/lib/python3.8/site-packages/airflow/example_dags/example_latest_only_with_trigger.py
[2024-04-08T03:02:37.662+0000] {processor.py:830} INFO - Processing file /home/airflow/.local/lib/python3.8/site-packages/airflow/example_dags/example_latest_only_with_trigger.py for tasks to queue
[2024-04-08T03:02:37.663+0000] {logging_mixin.py:188} INFO - [2024-04-08T03:02:37.663+0000] {dagbag.py:540} INFO - Filling up the DagBag from /home/airflow/.local/lib/python3.8/site-packages/airflow/example_dags/example_latest_only_with_trigger.py
[2024-04-08T03:02:37.670+0000] {processor.py:840} INFO - DAG(s) 'latest_only_with_trigger' retrieved from /home/airflow/.local/lib/python3.8/site-packages/airflow/example_dags/example_latest_only_with_trigger.py
[2024-04-08T03:02:37.700+0000] {logging_mixin.py:188} INFO - [2024-04-08T03:02:37.700+0000] {dag.py:3047} INFO - Sync 1 DAGs
[2024-04-08T03:02:37.720+0000] {logging_mixin.py:188} INFO - [2024-04-08T03:02:37.720+0000] {dag.py:3834} INFO - Setting next_dagrun for latest_only_with_trigger to 2024-04-07 20:00:00+00:00, run_after=2024-04-08 00:00:00+00:00
[2024-04-08T03:02:37.739+0000] {processor.py:183} INFO - Processing /home/airflow/.local/lib/python3.8/site-packages/airflow/example_dags/example_latest_only_with_trigger.py took 0.081 seconds
[2024-04-08T03:03:08.191+0000] {processor.py:161} INFO - Started process (PID=2439) to work on /home/airflow/.local/lib/python3.8/site-packages/airflow/example_dags/example_latest_only_with_trigger.py
[2024-04-08T03:03:08.192+0000] {processor.py:830} INFO - Processing file /home/airflow/.local/lib/python3.8/site-packages/airflow/example_dags/example_latest_only_with_trigger.py for tasks to queue
[2024-04-08T03:03:08.193+0000] {logging_mixin.py:188} INFO - [2024-04-08T03:03:08.192+0000] {dagbag.py:540} INFO - Filling up the DagBag from /home/airflow/.local/lib/python3.8/site-packages/airflow/example_dags/example_latest_only_with_trigger.py
[2024-04-08T03:03:08.201+0000] {processor.py:840} INFO - DAG(s) 'latest_only_with_trigger' retrieved from /home/airflow/.local/lib/python3.8/site-packages/airflow/example_dags/example_latest_only_with_trigger.py
[2024-04-08T03:03:08.225+0000] {logging_mixin.py:188} INFO - [2024-04-08T03:03:08.225+0000] {dag.py:3047} INFO - Sync 1 DAGs
[2024-04-08T03:03:08.249+0000] {logging_mixin.py:188} INFO - [2024-04-08T03:03:08.249+0000] {dag.py:3834} INFO - Setting next_dagrun for latest_only_with_trigger to 2024-04-07 20:00:00+00:00, run_after=2024-04-08 00:00:00+00:00
[2024-04-08T03:03:08.274+0000] {processor.py:183} INFO - Processing /home/airflow/.local/lib/python3.8/site-packages/airflow/example_dags/example_latest_only_with_trigger.py took 0.086 seconds
[2024-04-08T03:03:38.624+0000] {processor.py:161} INFO - Started process (PID=2686) to work on /home/airflow/.local/lib/python3.8/site-packages/airflow/example_dags/example_latest_only_with_trigger.py
[2024-04-08T03:03:38.625+0000] {processor.py:830} INFO - Processing file /home/airflow/.local/lib/python3.8/site-packages/airflow/example_dags/example_latest_only_with_trigger.py for tasks to queue
[2024-04-08T03:03:38.627+0000] {logging_mixin.py:188} INFO - [2024-04-08T03:03:38.626+0000] {dagbag.py:540} INFO - Filling up the DagBag from /home/airflow/.local/lib/python3.8/site-packages/airflow/example_dags/example_latest_only_with_trigger.py
[2024-04-08T03:03:38.633+0000] {processor.py:840} INFO - DAG(s) 'latest_only_with_trigger' retrieved from /home/airflow/.local/lib/python3.8/site-packages/airflow/example_dags/example_latest_only_with_trigger.py
[2024-04-08T03:03:38.656+0000] {logging_mixin.py:188} INFO - [2024-04-08T03:03:38.655+0000] {dag.py:3047} INFO - Sync 1 DAGs
[2024-04-08T03:03:38.681+0000] {logging_mixin.py:188} INFO - [2024-04-08T03:03:38.681+0000] {dag.py:3834} INFO - Setting next_dagrun for latest_only_with_trigger to 2024-04-07 20:00:00+00:00, run_after=2024-04-08 00:00:00+00:00
[2024-04-08T03:03:38.707+0000] {processor.py:183} INFO - Processing /home/airflow/.local/lib/python3.8/site-packages/airflow/example_dags/example_latest_only_with_trigger.py took 0.086 seconds
[2024-04-08T03:04:08.803+0000] {processor.py:161} INFO - Started process (PID=2934) to work on /home/airflow/.local/lib/python3.8/site-packages/airflow/example_dags/example_latest_only_with_trigger.py
[2024-04-08T03:04:08.803+0000] {processor.py:830} INFO - Processing file /home/airflow/.local/lib/python3.8/site-packages/airflow/example_dags/example_latest_only_with_trigger.py for tasks to queue
[2024-04-08T03:04:08.804+0000] {logging_mixin.py:188} INFO - [2024-04-08T03:04:08.804+0000] {dagbag.py:540} INFO - Filling up the DagBag from /home/airflow/.local/lib/python3.8/site-packages/airflow/example_dags/example_latest_only_with_trigger.py
[2024-04-08T03:04:08.809+0000] {processor.py:840} INFO - DAG(s) 'latest_only_with_trigger' retrieved from /home/airflow/.local/lib/python3.8/site-packages/airflow/example_dags/example_latest_only_with_trigger.py
[2024-04-08T03:04:08.825+0000] {logging_mixin.py:188} INFO - [2024-04-08T03:04:08.825+0000] {dag.py:3047} INFO - Sync 1 DAGs
[2024-04-08T03:04:08.845+0000] {logging_mixin.py:188} INFO - [2024-04-08T03:04:08.844+0000] {dag.py:3834} INFO - Setting next_dagrun for latest_only_with_trigger to 2024-04-07 20:00:00+00:00, run_after=2024-04-08 00:00:00+00:00
[2024-04-08T03:04:08.869+0000] {processor.py:183} INFO - Processing /home/airflow/.local/lib/python3.8/site-packages/airflow/example_dags/example_latest_only_with_trigger.py took 0.068 seconds
[2024-04-08T03:04:39.409+0000] {processor.py:161} INFO - Started process (PID=3181) to work on /home/airflow/.local/lib/python3.8/site-packages/airflow/example_dags/example_latest_only_with_trigger.py
[2024-04-08T03:04:39.410+0000] {processor.py:830} INFO - Processing file /home/airflow/.local/lib/python3.8/site-packages/airflow/example_dags/example_latest_only_with_trigger.py for tasks to queue
[2024-04-08T03:04:39.411+0000] {logging_mixin.py:188} INFO - [2024-04-08T03:04:39.410+0000] {dagbag.py:540} INFO - Filling up the DagBag from /home/airflow/.local/lib/python3.8/site-packages/airflow/example_dags/example_latest_only_with_trigger.py
[2024-04-08T03:04:39.416+0000] {processor.py:840} INFO - DAG(s) 'latest_only_with_trigger' retrieved from /home/airflow/.local/lib/python3.8/site-packages/airflow/example_dags/example_latest_only_with_trigger.py
[2024-04-08T03:04:39.432+0000] {logging_mixin.py:188} INFO - [2024-04-08T03:04:39.432+0000] {dag.py:3047} INFO - Sync 1 DAGs
[2024-04-08T03:04:39.447+0000] {logging_mixin.py:188} INFO - [2024-04-08T03:04:39.447+0000] {dag.py:3834} INFO - Setting next_dagrun for latest_only_with_trigger to 2024-04-07 20:00:00+00:00, run_after=2024-04-08 00:00:00+00:00
[2024-04-08T03:04:39.466+0000] {processor.py:183} INFO - Processing /home/airflow/.local/lib/python3.8/site-packages/airflow/example_dags/example_latest_only_with_trigger.py took 0.061 seconds
[2024-04-08T03:05:09.768+0000] {processor.py:161} INFO - Started process (PID=3426) to work on /home/airflow/.local/lib/python3.8/site-packages/airflow/example_dags/example_latest_only_with_trigger.py
[2024-04-08T03:05:09.769+0000] {processor.py:830} INFO - Processing file /home/airflow/.local/lib/python3.8/site-packages/airflow/example_dags/example_latest_only_with_trigger.py for tasks to queue
[2024-04-08T03:05:09.770+0000] {logging_mixin.py:188} INFO - [2024-04-08T03:05:09.770+0000] {dagbag.py:540} INFO - Filling up the DagBag from /home/airflow/.local/lib/python3.8/site-packages/airflow/example_dags/example_latest_only_with_trigger.py
[2024-04-08T03:05:09.777+0000] {processor.py:840} INFO - DAG(s) 'latest_only_with_trigger' retrieved from /home/airflow/.local/lib/python3.8/site-packages/airflow/example_dags/example_latest_only_with_trigger.py
[2024-04-08T03:05:09.797+0000] {logging_mixin.py:188} INFO - [2024-04-08T03:05:09.797+0000] {dag.py:3047} INFO - Sync 1 DAGs
[2024-04-08T03:05:09.822+0000] {logging_mixin.py:188} INFO - [2024-04-08T03:05:09.822+0000] {dag.py:3834} INFO - Setting next_dagrun for latest_only_with_trigger to 2024-04-07 20:00:00+00:00, run_after=2024-04-08 00:00:00+00:00
[2024-04-08T03:05:09.847+0000] {processor.py:183} INFO - Processing /home/airflow/.local/lib/python3.8/site-packages/airflow/example_dags/example_latest_only_with_trigger.py took 0.082 seconds
[2024-04-08T03:05:40.695+0000] {processor.py:161} INFO - Started process (PID=3675) to work on /home/airflow/.local/lib/python3.8/site-packages/airflow/example_dags/example_latest_only_with_trigger.py
[2024-04-08T03:05:40.696+0000] {processor.py:830} INFO - Processing file /home/airflow/.local/lib/python3.8/site-packages/airflow/example_dags/example_latest_only_with_trigger.py for tasks to queue
[2024-04-08T03:05:40.697+0000] {logging_mixin.py:188} INFO - [2024-04-08T03:05:40.697+0000] {dagbag.py:540} INFO - Filling up the DagBag from /home/airflow/.local/lib/python3.8/site-packages/airflow/example_dags/example_latest_only_with_trigger.py
[2024-04-08T03:05:40.704+0000] {processor.py:840} INFO - DAG(s) 'latest_only_with_trigger' retrieved from /home/airflow/.local/lib/python3.8/site-packages/airflow/example_dags/example_latest_only_with_trigger.py
[2024-04-08T03:05:40.732+0000] {logging_mixin.py:188} INFO - [2024-04-08T03:05:40.731+0000] {dag.py:3047} INFO - Sync 1 DAGs
[2024-04-08T03:05:40.757+0000] {logging_mixin.py:188} INFO - [2024-04-08T03:05:40.757+0000] {dag.py:3834} INFO - Setting next_dagrun for latest_only_with_trigger to 2024-04-07 20:00:00+00:00, run_after=2024-04-08 00:00:00+00:00
[2024-04-08T03:05:40.780+0000] {processor.py:183} INFO - Processing /home/airflow/.local/lib/python3.8/site-packages/airflow/example_dags/example_latest_only_with_trigger.py took 0.088 seconds
