[2024-04-08T02:58:33.185+0000] {processor.py:161} INFO - Started process (PID=217) to work on /home/airflow/.local/lib/python3.8/site-packages/airflow/example_dags/example_python_decorator.py
[2024-04-08T02:58:33.186+0000] {processor.py:830} INFO - Processing file /home/airflow/.local/lib/python3.8/site-packages/airflow/example_dags/example_python_decorator.py for tasks to queue
[2024-04-08T02:58:33.188+0000] {logging_mixin.py:188} INFO - [2024-04-08T02:58:33.187+0000] {dagbag.py:540} INFO - Filling up the DagBag from /home/airflow/.local/lib/python3.8/site-packages/airflow/example_dags/example_python_decorator.py
[2024-04-08T02:58:33.207+0000] {processor.py:840} INFO - DAG(s) 'example_python_decorator' retrieved from /home/airflow/.local/lib/python3.8/site-packages/airflow/example_dags/example_python_decorator.py
[2024-04-08T02:58:33.341+0000] {logging_mixin.py:188} INFO - [2024-04-08T02:58:33.341+0000] {override.py:1769} INFO - Created Permission View: can read on DAG:example_python_decorator
[2024-04-08T02:58:33.359+0000] {logging_mixin.py:188} INFO - [2024-04-08T02:58:33.359+0000] {override.py:1769} INFO - Created Permission View: can delete on DAG:example_python_decorator
[2024-04-08T02:58:33.370+0000] {logging_mixin.py:188} INFO - [2024-04-08T02:58:33.369+0000] {override.py:1769} INFO - Created Permission View: can edit on DAG:example_python_decorator
[2024-04-08T02:58:33.370+0000] {logging_mixin.py:188} INFO - [2024-04-08T02:58:33.370+0000] {dag.py:3047} INFO - Sync 1 DAGs
[2024-04-08T02:58:33.382+0000] {logging_mixin.py:188} INFO - [2024-04-08T02:58:33.381+0000] {dag.py:3069} INFO - Creating ORM DAG for example_python_decorator
[2024-04-08T02:58:33.382+0000] {logging_mixin.py:188} INFO - [2024-04-08T02:58:33.382+0000] {dag.py:3834} INFO - Setting next_dagrun for example_python_decorator to None, run_after=None
[2024-04-08T02:58:33.411+0000] {processor.py:183} INFO - Processing /home/airflow/.local/lib/python3.8/site-packages/airflow/example_dags/example_python_decorator.py took 0.229 seconds
[2024-04-08T02:59:03.964+0000] {processor.py:161} INFO - Started process (PID=466) to work on /home/airflow/.local/lib/python3.8/site-packages/airflow/example_dags/example_python_decorator.py
[2024-04-08T02:59:03.965+0000] {processor.py:830} INFO - Processing file /home/airflow/.local/lib/python3.8/site-packages/airflow/example_dags/example_python_decorator.py for tasks to queue
[2024-04-08T02:59:03.966+0000] {logging_mixin.py:188} INFO - [2024-04-08T02:59:03.965+0000] {dagbag.py:540} INFO - Filling up the DagBag from /home/airflow/.local/lib/python3.8/site-packages/airflow/example_dags/example_python_decorator.py
[2024-04-08T02:59:03.975+0000] {processor.py:840} INFO - DAG(s) 'example_python_decorator' retrieved from /home/airflow/.local/lib/python3.8/site-packages/airflow/example_dags/example_python_decorator.py
[2024-04-08T02:59:03.994+0000] {logging_mixin.py:188} INFO - [2024-04-08T02:59:03.994+0000] {dag.py:3047} INFO - Sync 1 DAGs
[2024-04-08T02:59:04.003+0000] {logging_mixin.py:188} INFO - [2024-04-08T02:59:04.003+0000] {dag.py:3834} INFO - Setting next_dagrun for example_python_decorator to None, run_after=None
[2024-04-08T02:59:04.027+0000] {processor.py:183} INFO - Processing /home/airflow/.local/lib/python3.8/site-packages/airflow/example_dags/example_python_decorator.py took 0.066 seconds
[2024-04-08T02:59:34.184+0000] {processor.py:161} INFO - Started process (PID=713) to work on /home/airflow/.local/lib/python3.8/site-packages/airflow/example_dags/example_python_decorator.py
[2024-04-08T02:59:34.185+0000] {processor.py:830} INFO - Processing file /home/airflow/.local/lib/python3.8/site-packages/airflow/example_dags/example_python_decorator.py for tasks to queue
[2024-04-08T02:59:34.186+0000] {logging_mixin.py:188} INFO - [2024-04-08T02:59:34.186+0000] {dagbag.py:540} INFO - Filling up the DagBag from /home/airflow/.local/lib/python3.8/site-packages/airflow/example_dags/example_python_decorator.py
[2024-04-08T02:59:34.202+0000] {processor.py:840} INFO - DAG(s) 'example_python_decorator' retrieved from /home/airflow/.local/lib/python3.8/site-packages/airflow/example_dags/example_python_decorator.py
[2024-04-08T02:59:34.227+0000] {logging_mixin.py:188} INFO - [2024-04-08T02:59:34.226+0000] {dag.py:3047} INFO - Sync 1 DAGs
[2024-04-08T02:59:34.240+0000] {logging_mixin.py:188} INFO - [2024-04-08T02:59:34.240+0000] {dag.py:3834} INFO - Setting next_dagrun for example_python_decorator to None, run_after=None
[2024-04-08T02:59:34.264+0000] {processor.py:183} INFO - Processing /home/airflow/.local/lib/python3.8/site-packages/airflow/example_dags/example_python_decorator.py took 0.084 seconds
[2024-04-08T03:00:04.614+0000] {processor.py:161} INFO - Started process (PID=958) to work on /home/airflow/.local/lib/python3.8/site-packages/airflow/example_dags/example_python_decorator.py
[2024-04-08T03:00:04.615+0000] {processor.py:830} INFO - Processing file /home/airflow/.local/lib/python3.8/site-packages/airflow/example_dags/example_python_decorator.py for tasks to queue
[2024-04-08T03:00:04.616+0000] {logging_mixin.py:188} INFO - [2024-04-08T03:00:04.615+0000] {dagbag.py:540} INFO - Filling up the DagBag from /home/airflow/.local/lib/python3.8/site-packages/airflow/example_dags/example_python_decorator.py
[2024-04-08T03:00:04.630+0000] {processor.py:840} INFO - DAG(s) 'example_python_decorator' retrieved from /home/airflow/.local/lib/python3.8/site-packages/airflow/example_dags/example_python_decorator.py
[2024-04-08T03:00:04.655+0000] {logging_mixin.py:188} INFO - [2024-04-08T03:00:04.655+0000] {dag.py:3047} INFO - Sync 1 DAGs
[2024-04-08T03:00:04.666+0000] {logging_mixin.py:188} INFO - [2024-04-08T03:00:04.666+0000] {dag.py:3834} INFO - Setting next_dagrun for example_python_decorator to None, run_after=None
[2024-04-08T03:00:04.690+0000] {processor.py:183} INFO - Processing /home/airflow/.local/lib/python3.8/site-packages/airflow/example_dags/example_python_decorator.py took 0.080 seconds
[2024-04-08T03:00:35.197+0000] {processor.py:161} INFO - Started process (PID=1205) to work on /home/airflow/.local/lib/python3.8/site-packages/airflow/example_dags/example_python_decorator.py
[2024-04-08T03:00:35.206+0000] {processor.py:830} INFO - Processing file /home/airflow/.local/lib/python3.8/site-packages/airflow/example_dags/example_python_decorator.py for tasks to queue
[2024-04-08T03:00:35.207+0000] {logging_mixin.py:188} INFO - [2024-04-08T03:00:35.206+0000] {dagbag.py:540} INFO - Filling up the DagBag from /home/airflow/.local/lib/python3.8/site-packages/airflow/example_dags/example_python_decorator.py
[2024-04-08T03:00:35.236+0000] {processor.py:840} INFO - DAG(s) 'example_python_decorator' retrieved from /home/airflow/.local/lib/python3.8/site-packages/airflow/example_dags/example_python_decorator.py
[2024-04-08T03:00:35.278+0000] {logging_mixin.py:188} INFO - [2024-04-08T03:00:35.278+0000] {dag.py:3047} INFO - Sync 1 DAGs
[2024-04-08T03:00:35.304+0000] {logging_mixin.py:188} INFO - [2024-04-08T03:00:35.302+0000] {dag.py:3834} INFO - Setting next_dagrun for example_python_decorator to None, run_after=None
[2024-04-08T03:00:35.352+0000] {processor.py:183} INFO - Processing /home/airflow/.local/lib/python3.8/site-packages/airflow/example_dags/example_python_decorator.py took 0.158 seconds
[2024-04-08T03:01:05.833+0000] {processor.py:161} INFO - Started process (PID=1452) to work on /home/airflow/.local/lib/python3.8/site-packages/airflow/example_dags/example_python_decorator.py
[2024-04-08T03:01:05.834+0000] {processor.py:830} INFO - Processing file /home/airflow/.local/lib/python3.8/site-packages/airflow/example_dags/example_python_decorator.py for tasks to queue
[2024-04-08T03:01:05.835+0000] {logging_mixin.py:188} INFO - [2024-04-08T03:01:05.835+0000] {dagbag.py:540} INFO - Filling up the DagBag from /home/airflow/.local/lib/python3.8/site-packages/airflow/example_dags/example_python_decorator.py
[2024-04-08T03:01:05.870+0000] {processor.py:840} INFO - DAG(s) 'example_python_decorator' retrieved from /home/airflow/.local/lib/python3.8/site-packages/airflow/example_dags/example_python_decorator.py
[2024-04-08T03:01:05.945+0000] {logging_mixin.py:188} INFO - [2024-04-08T03:01:05.944+0000] {dag.py:3047} INFO - Sync 1 DAGs
[2024-04-08T03:01:05.954+0000] {logging_mixin.py:188} INFO - [2024-04-08T03:01:05.954+0000] {dag.py:3834} INFO - Setting next_dagrun for example_python_decorator to None, run_after=None
[2024-04-08T03:01:05.982+0000] {processor.py:183} INFO - Processing /home/airflow/.local/lib/python3.8/site-packages/airflow/example_dags/example_python_decorator.py took 0.153 seconds
[2024-04-08T03:01:36.637+0000] {processor.py:161} INFO - Started process (PID=1699) to work on /home/airflow/.local/lib/python3.8/site-packages/airflow/example_dags/example_python_decorator.py
[2024-04-08T03:01:36.638+0000] {processor.py:830} INFO - Processing file /home/airflow/.local/lib/python3.8/site-packages/airflow/example_dags/example_python_decorator.py for tasks to queue
[2024-04-08T03:01:36.639+0000] {logging_mixin.py:188} INFO - [2024-04-08T03:01:36.639+0000] {dagbag.py:540} INFO - Filling up the DagBag from /home/airflow/.local/lib/python3.8/site-packages/airflow/example_dags/example_python_decorator.py
[2024-04-08T03:01:36.654+0000] {processor.py:840} INFO - DAG(s) 'example_python_decorator' retrieved from /home/airflow/.local/lib/python3.8/site-packages/airflow/example_dags/example_python_decorator.py
[2024-04-08T03:01:36.677+0000] {logging_mixin.py:188} INFO - [2024-04-08T03:01:36.677+0000] {dag.py:3047} INFO - Sync 1 DAGs
[2024-04-08T03:01:36.693+0000] {logging_mixin.py:188} INFO - [2024-04-08T03:01:36.692+0000] {dag.py:3834} INFO - Setting next_dagrun for example_python_decorator to None, run_after=None
[2024-04-08T03:01:36.715+0000] {processor.py:183} INFO - Processing /home/airflow/.local/lib/python3.8/site-packages/airflow/example_dags/example_python_decorator.py took 0.082 seconds
[2024-04-08T03:02:07.111+0000] {processor.py:161} INFO - Started process (PID=1948) to work on /home/airflow/.local/lib/python3.8/site-packages/airflow/example_dags/example_python_decorator.py
[2024-04-08T03:02:07.112+0000] {processor.py:830} INFO - Processing file /home/airflow/.local/lib/python3.8/site-packages/airflow/example_dags/example_python_decorator.py for tasks to queue
[2024-04-08T03:02:07.113+0000] {logging_mixin.py:188} INFO - [2024-04-08T03:02:07.112+0000] {dagbag.py:540} INFO - Filling up the DagBag from /home/airflow/.local/lib/python3.8/site-packages/airflow/example_dags/example_python_decorator.py
[2024-04-08T03:02:07.123+0000] {processor.py:840} INFO - DAG(s) 'example_python_decorator' retrieved from /home/airflow/.local/lib/python3.8/site-packages/airflow/example_dags/example_python_decorator.py
[2024-04-08T03:02:07.148+0000] {logging_mixin.py:188} INFO - [2024-04-08T03:02:07.148+0000] {dag.py:3047} INFO - Sync 1 DAGs
[2024-04-08T03:02:07.163+0000] {logging_mixin.py:188} INFO - [2024-04-08T03:02:07.163+0000] {dag.py:3834} INFO - Setting next_dagrun for example_python_decorator to None, run_after=None
[2024-04-08T03:02:07.201+0000] {processor.py:183} INFO - Processing /home/airflow/.local/lib/python3.8/site-packages/airflow/example_dags/example_python_decorator.py took 0.092 seconds
[2024-04-08T03:02:37.760+0000] {processor.py:161} INFO - Started process (PID=2196) to work on /home/airflow/.local/lib/python3.8/site-packages/airflow/example_dags/example_python_decorator.py
[2024-04-08T03:02:37.761+0000] {processor.py:830} INFO - Processing file /home/airflow/.local/lib/python3.8/site-packages/airflow/example_dags/example_python_decorator.py for tasks to queue
[2024-04-08T03:02:37.762+0000] {logging_mixin.py:188} INFO - [2024-04-08T03:02:37.762+0000] {dagbag.py:540} INFO - Filling up the DagBag from /home/airflow/.local/lib/python3.8/site-packages/airflow/example_dags/example_python_decorator.py
[2024-04-08T03:02:37.773+0000] {processor.py:840} INFO - DAG(s) 'example_python_decorator' retrieved from /home/airflow/.local/lib/python3.8/site-packages/airflow/example_dags/example_python_decorator.py
[2024-04-08T03:02:37.789+0000] {logging_mixin.py:188} INFO - [2024-04-08T03:02:37.789+0000] {dag.py:3047} INFO - Sync 1 DAGs
[2024-04-08T03:02:37.798+0000] {logging_mixin.py:188} INFO - [2024-04-08T03:02:37.797+0000] {dag.py:3834} INFO - Setting next_dagrun for example_python_decorator to None, run_after=None
[2024-04-08T03:02:37.817+0000] {processor.py:183} INFO - Processing /home/airflow/.local/lib/python3.8/site-packages/airflow/example_dags/example_python_decorator.py took 0.059 seconds
[2024-04-08T03:03:08.210+0000] {processor.py:161} INFO - Started process (PID=2442) to work on /home/airflow/.local/lib/python3.8/site-packages/airflow/example_dags/example_python_decorator.py
[2024-04-08T03:03:08.211+0000] {processor.py:830} INFO - Processing file /home/airflow/.local/lib/python3.8/site-packages/airflow/example_dags/example_python_decorator.py for tasks to queue
[2024-04-08T03:03:08.212+0000] {logging_mixin.py:188} INFO - [2024-04-08T03:03:08.211+0000] {dagbag.py:540} INFO - Filling up the DagBag from /home/airflow/.local/lib/python3.8/site-packages/airflow/example_dags/example_python_decorator.py
[2024-04-08T03:03:08.227+0000] {processor.py:840} INFO - DAG(s) 'example_python_decorator' retrieved from /home/airflow/.local/lib/python3.8/site-packages/airflow/example_dags/example_python_decorator.py
[2024-04-08T03:03:08.252+0000] {logging_mixin.py:188} INFO - [2024-04-08T03:03:08.252+0000] {dag.py:3047} INFO - Sync 1 DAGs
[2024-04-08T03:03:08.264+0000] {logging_mixin.py:188} INFO - [2024-04-08T03:03:08.263+0000] {dag.py:3834} INFO - Setting next_dagrun for example_python_decorator to None, run_after=None
[2024-04-08T03:03:08.292+0000] {processor.py:183} INFO - Processing /home/airflow/.local/lib/python3.8/site-packages/airflow/example_dags/example_python_decorator.py took 0.085 seconds
[2024-04-08T03:03:38.647+0000] {processor.py:161} INFO - Started process (PID=2690) to work on /home/airflow/.local/lib/python3.8/site-packages/airflow/example_dags/example_python_decorator.py
[2024-04-08T03:03:38.648+0000] {processor.py:830} INFO - Processing file /home/airflow/.local/lib/python3.8/site-packages/airflow/example_dags/example_python_decorator.py for tasks to queue
[2024-04-08T03:03:38.649+0000] {logging_mixin.py:188} INFO - [2024-04-08T03:03:38.649+0000] {dagbag.py:540} INFO - Filling up the DagBag from /home/airflow/.local/lib/python3.8/site-packages/airflow/example_dags/example_python_decorator.py
[2024-04-08T03:03:38.664+0000] {processor.py:840} INFO - DAG(s) 'example_python_decorator' retrieved from /home/airflow/.local/lib/python3.8/site-packages/airflow/example_dags/example_python_decorator.py
[2024-04-08T03:03:38.691+0000] {logging_mixin.py:188} INFO - [2024-04-08T03:03:38.691+0000] {dag.py:3047} INFO - Sync 1 DAGs
[2024-04-08T03:03:38.701+0000] {logging_mixin.py:188} INFO - [2024-04-08T03:03:38.701+0000] {dag.py:3834} INFO - Setting next_dagrun for example_python_decorator to None, run_after=None
[2024-04-08T03:03:38.725+0000] {processor.py:183} INFO - Processing /home/airflow/.local/lib/python3.8/site-packages/airflow/example_dags/example_python_decorator.py took 0.082 seconds
[2024-04-08T03:04:08.905+0000] {processor.py:161} INFO - Started process (PID=2939) to work on /home/airflow/.local/lib/python3.8/site-packages/airflow/example_dags/example_python_decorator.py
[2024-04-08T03:04:08.906+0000] {processor.py:830} INFO - Processing file /home/airflow/.local/lib/python3.8/site-packages/airflow/example_dags/example_python_decorator.py for tasks to queue
[2024-04-08T03:04:08.907+0000] {logging_mixin.py:188} INFO - [2024-04-08T03:04:08.906+0000] {dagbag.py:540} INFO - Filling up the DagBag from /home/airflow/.local/lib/python3.8/site-packages/airflow/example_dags/example_python_decorator.py
[2024-04-08T03:04:08.926+0000] {processor.py:840} INFO - DAG(s) 'example_python_decorator' retrieved from /home/airflow/.local/lib/python3.8/site-packages/airflow/example_dags/example_python_decorator.py
[2024-04-08T03:04:08.952+0000] {logging_mixin.py:188} INFO - [2024-04-08T03:04:08.951+0000] {dag.py:3047} INFO - Sync 1 DAGs
[2024-04-08T03:04:08.966+0000] {logging_mixin.py:188} INFO - [2024-04-08T03:04:08.965+0000] {dag.py:3834} INFO - Setting next_dagrun for example_python_decorator to None, run_after=None
[2024-04-08T03:04:08.992+0000] {processor.py:183} INFO - Processing /home/airflow/.local/lib/python3.8/site-packages/airflow/example_dags/example_python_decorator.py took 0.090 seconds
[2024-04-08T03:04:39.489+0000] {processor.py:161} INFO - Started process (PID=3186) to work on /home/airflow/.local/lib/python3.8/site-packages/airflow/example_dags/example_python_decorator.py
[2024-04-08T03:04:39.490+0000] {processor.py:830} INFO - Processing file /home/airflow/.local/lib/python3.8/site-packages/airflow/example_dags/example_python_decorator.py for tasks to queue
[2024-04-08T03:04:39.491+0000] {logging_mixin.py:188} INFO - [2024-04-08T03:04:39.491+0000] {dagbag.py:540} INFO - Filling up the DagBag from /home/airflow/.local/lib/python3.8/site-packages/airflow/example_dags/example_python_decorator.py
[2024-04-08T03:04:39.505+0000] {processor.py:840} INFO - DAG(s) 'example_python_decorator' retrieved from /home/airflow/.local/lib/python3.8/site-packages/airflow/example_dags/example_python_decorator.py
[2024-04-08T03:04:39.533+0000] {logging_mixin.py:188} INFO - [2024-04-08T03:04:39.533+0000] {dag.py:3047} INFO - Sync 1 DAGs
[2024-04-08T03:04:39.547+0000] {logging_mixin.py:188} INFO - [2024-04-08T03:04:39.547+0000] {dag.py:3834} INFO - Setting next_dagrun for example_python_decorator to None, run_after=None
[2024-04-08T03:04:39.571+0000] {processor.py:183} INFO - Processing /home/airflow/.local/lib/python3.8/site-packages/airflow/example_dags/example_python_decorator.py took 0.084 seconds
[2024-04-08T03:05:09.832+0000] {processor.py:161} INFO - Started process (PID=3431) to work on /home/airflow/.local/lib/python3.8/site-packages/airflow/example_dags/example_python_decorator.py
[2024-04-08T03:05:09.833+0000] {processor.py:830} INFO - Processing file /home/airflow/.local/lib/python3.8/site-packages/airflow/example_dags/example_python_decorator.py for tasks to queue
[2024-04-08T03:05:09.833+0000] {logging_mixin.py:188} INFO - [2024-04-08T03:05:09.833+0000] {dagbag.py:540} INFO - Filling up the DagBag from /home/airflow/.local/lib/python3.8/site-packages/airflow/example_dags/example_python_decorator.py
[2024-04-08T03:05:09.846+0000] {processor.py:840} INFO - DAG(s) 'example_python_decorator' retrieved from /home/airflow/.local/lib/python3.8/site-packages/airflow/example_dags/example_python_decorator.py
[2024-04-08T03:05:09.868+0000] {logging_mixin.py:188} INFO - [2024-04-08T03:05:09.868+0000] {dag.py:3047} INFO - Sync 1 DAGs
[2024-04-08T03:05:09.881+0000] {logging_mixin.py:188} INFO - [2024-04-08T03:05:09.881+0000] {dag.py:3834} INFO - Setting next_dagrun for example_python_decorator to None, run_after=None
[2024-04-08T03:05:09.905+0000] {processor.py:183} INFO - Processing /home/airflow/.local/lib/python3.8/site-packages/airflow/example_dags/example_python_decorator.py took 0.077 seconds
[2024-04-08T03:05:40.732+0000] {processor.py:161} INFO - Started process (PID=3678) to work on /home/airflow/.local/lib/python3.8/site-packages/airflow/example_dags/example_python_decorator.py
[2024-04-08T03:05:40.734+0000] {processor.py:830} INFO - Processing file /home/airflow/.local/lib/python3.8/site-packages/airflow/example_dags/example_python_decorator.py for tasks to queue
[2024-04-08T03:05:40.735+0000] {logging_mixin.py:188} INFO - [2024-04-08T03:05:40.735+0000] {dagbag.py:540} INFO - Filling up the DagBag from /home/airflow/.local/lib/python3.8/site-packages/airflow/example_dags/example_python_decorator.py
[2024-04-08T03:05:40.750+0000] {processor.py:840} INFO - DAG(s) 'example_python_decorator' retrieved from /home/airflow/.local/lib/python3.8/site-packages/airflow/example_dags/example_python_decorator.py
[2024-04-08T03:05:40.772+0000] {logging_mixin.py:188} INFO - [2024-04-08T03:05:40.772+0000] {dag.py:3047} INFO - Sync 1 DAGs
[2024-04-08T03:05:40.786+0000] {logging_mixin.py:188} INFO - [2024-04-08T03:05:40.786+0000] {dag.py:3834} INFO - Setting next_dagrun for example_python_decorator to None, run_after=None
[2024-04-08T03:05:40.810+0000] {processor.py:183} INFO - Processing /home/airflow/.local/lib/python3.8/site-packages/airflow/example_dags/example_python_decorator.py took 0.082 seconds
[2024-04-08T03:06:11.336+0000] {processor.py:161} INFO - Started process (PID=3928) to work on /home/airflow/.local/lib/python3.8/site-packages/airflow/example_dags/example_python_decorator.py
[2024-04-08T03:06:11.342+0000] {processor.py:830} INFO - Processing file /home/airflow/.local/lib/python3.8/site-packages/airflow/example_dags/example_python_decorator.py for tasks to queue
[2024-04-08T03:06:11.343+0000] {logging_mixin.py:188} INFO - [2024-04-08T03:06:11.342+0000] {dagbag.py:540} INFO - Filling up the DagBag from /home/airflow/.local/lib/python3.8/site-packages/airflow/example_dags/example_python_decorator.py
[2024-04-08T03:06:11.359+0000] {processor.py:840} INFO - DAG(s) 'example_python_decorator' retrieved from /home/airflow/.local/lib/python3.8/site-packages/airflow/example_dags/example_python_decorator.py
[2024-04-08T03:06:11.409+0000] {logging_mixin.py:188} INFO - [2024-04-08T03:06:11.409+0000] {dag.py:3047} INFO - Sync 1 DAGs
[2024-04-08T03:06:11.428+0000] {logging_mixin.py:188} INFO - [2024-04-08T03:06:11.428+0000] {dag.py:3834} INFO - Setting next_dagrun for example_python_decorator to None, run_after=None
[2024-04-08T03:06:11.463+0000] {processor.py:183} INFO - Processing /home/airflow/.local/lib/python3.8/site-packages/airflow/example_dags/example_python_decorator.py took 0.134 seconds
[2024-04-08T03:06:42.284+0000] {processor.py:161} INFO - Started process (PID=4174) to work on /home/airflow/.local/lib/python3.8/site-packages/airflow/example_dags/example_python_decorator.py
[2024-04-08T03:06:42.285+0000] {processor.py:830} INFO - Processing file /home/airflow/.local/lib/python3.8/site-packages/airflow/example_dags/example_python_decorator.py for tasks to queue
[2024-04-08T03:06:42.285+0000] {logging_mixin.py:188} INFO - [2024-04-08T03:06:42.285+0000] {dagbag.py:540} INFO - Filling up the DagBag from /home/airflow/.local/lib/python3.8/site-packages/airflow/example_dags/example_python_decorator.py
[2024-04-08T03:06:42.300+0000] {processor.py:840} INFO - DAG(s) 'example_python_decorator' retrieved from /home/airflow/.local/lib/python3.8/site-packages/airflow/example_dags/example_python_decorator.py
[2024-04-08T03:06:42.324+0000] {logging_mixin.py:188} INFO - [2024-04-08T03:06:42.324+0000] {dag.py:3047} INFO - Sync 1 DAGs
[2024-04-08T03:06:42.335+0000] {logging_mixin.py:188} INFO - [2024-04-08T03:06:42.335+0000] {dag.py:3834} INFO - Setting next_dagrun for example_python_decorator to None, run_after=None
[2024-04-08T03:06:42.358+0000] {processor.py:183} INFO - Processing /home/airflow/.local/lib/python3.8/site-packages/airflow/example_dags/example_python_decorator.py took 0.077 seconds
