[2024-04-08T02:58:36.690+0000] {processor.py:161} INFO - Started process (PID=312) to work on /home/airflow/.local/lib/python3.8/site-packages/airflow/example_dags/example_kubernetes_executor.py
[2024-04-08T02:58:36.691+0000] {processor.py:830} INFO - Processing file /home/airflow/.local/lib/python3.8/site-packages/airflow/example_dags/example_kubernetes_executor.py for tasks to queue
[2024-04-08T02:58:36.692+0000] {logging_mixin.py:188} INFO - [2024-04-08T02:58:36.692+0000] {dagbag.py:540} INFO - Filling up the DagBag from /home/airflow/.local/lib/python3.8/site-packages/airflow/example_dags/example_kubernetes_executor.py
[2024-04-08T02:58:36.713+0000] {processor.py:840} INFO - DAG(s) 'example_kubernetes_executor' retrieved from /home/airflow/.local/lib/python3.8/site-packages/airflow/example_dags/example_kubernetes_executor.py
[2024-04-08T02:58:36.861+0000] {logging_mixin.py:188} INFO - [2024-04-08T02:58:36.861+0000] {override.py:1769} INFO - Created Permission View: can read on DAG:example_kubernetes_executor
[2024-04-08T02:58:36.878+0000] {logging_mixin.py:188} INFO - [2024-04-08T02:58:36.877+0000] {override.py:1769} INFO - Created Permission View: can delete on DAG:example_kubernetes_executor
[2024-04-08T02:58:36.896+0000] {logging_mixin.py:188} INFO - [2024-04-08T02:58:36.895+0000] {override.py:1769} INFO - Created Permission View: can edit on DAG:example_kubernetes_executor
[2024-04-08T02:58:36.896+0000] {logging_mixin.py:188} INFO - [2024-04-08T02:58:36.896+0000] {dag.py:3047} INFO - Sync 1 DAGs
[2024-04-08T02:58:36.911+0000] {logging_mixin.py:188} INFO - [2024-04-08T02:58:36.911+0000] {dag.py:3069} INFO - Creating ORM DAG for example_kubernetes_executor
[2024-04-08T02:58:36.913+0000] {logging_mixin.py:188} INFO - [2024-04-08T02:58:36.913+0000] {dag.py:3834} INFO - Setting next_dagrun for example_kubernetes_executor to None, run_after=None
[2024-04-08T02:58:36.933+0000] {processor.py:183} INFO - Processing /home/airflow/.local/lib/python3.8/site-packages/airflow/example_dags/example_kubernetes_executor.py took 0.246 seconds
[2024-04-08T02:59:07.593+0000] {processor.py:161} INFO - Started process (PID=559) to work on /home/airflow/.local/lib/python3.8/site-packages/airflow/example_dags/example_kubernetes_executor.py
[2024-04-08T02:59:07.594+0000] {processor.py:830} INFO - Processing file /home/airflow/.local/lib/python3.8/site-packages/airflow/example_dags/example_kubernetes_executor.py for tasks to queue
[2024-04-08T02:59:07.595+0000] {logging_mixin.py:188} INFO - [2024-04-08T02:59:07.595+0000] {dagbag.py:540} INFO - Filling up the DagBag from /home/airflow/.local/lib/python3.8/site-packages/airflow/example_dags/example_kubernetes_executor.py
[2024-04-08T02:59:07.610+0000] {processor.py:840} INFO - DAG(s) 'example_kubernetes_executor' retrieved from /home/airflow/.local/lib/python3.8/site-packages/airflow/example_dags/example_kubernetes_executor.py
[2024-04-08T02:59:07.664+0000] {logging_mixin.py:188} INFO - [2024-04-08T02:59:07.664+0000] {dag.py:3047} INFO - Sync 1 DAGs
[2024-04-08T02:59:07.708+0000] {logging_mixin.py:188} INFO - [2024-04-08T02:59:07.708+0000] {dag.py:3834} INFO - Setting next_dagrun for example_kubernetes_executor to None, run_after=None
[2024-04-08T02:59:07.774+0000] {processor.py:183} INFO - Processing /home/airflow/.local/lib/python3.8/site-packages/airflow/example_dags/example_kubernetes_executor.py took 0.185 seconds
[2024-04-08T02:59:38.718+0000] {processor.py:161} INFO - Started process (PID=806) to work on /home/airflow/.local/lib/python3.8/site-packages/airflow/example_dags/example_kubernetes_executor.py
[2024-04-08T02:59:38.719+0000] {processor.py:830} INFO - Processing file /home/airflow/.local/lib/python3.8/site-packages/airflow/example_dags/example_kubernetes_executor.py for tasks to queue
[2024-04-08T02:59:38.720+0000] {logging_mixin.py:188} INFO - [2024-04-08T02:59:38.720+0000] {dagbag.py:540} INFO - Filling up the DagBag from /home/airflow/.local/lib/python3.8/site-packages/airflow/example_dags/example_kubernetes_executor.py
[2024-04-08T02:59:38.736+0000] {processor.py:840} INFO - DAG(s) 'example_kubernetes_executor' retrieved from /home/airflow/.local/lib/python3.8/site-packages/airflow/example_dags/example_kubernetes_executor.py
[2024-04-08T02:59:38.781+0000] {logging_mixin.py:188} INFO - [2024-04-08T02:59:38.781+0000] {dag.py:3047} INFO - Sync 1 DAGs
[2024-04-08T02:59:38.795+0000] {logging_mixin.py:188} INFO - [2024-04-08T02:59:38.795+0000] {dag.py:3834} INFO - Setting next_dagrun for example_kubernetes_executor to None, run_after=None
[2024-04-08T02:59:38.826+0000] {processor.py:183} INFO - Processing /home/airflow/.local/lib/python3.8/site-packages/airflow/example_dags/example_kubernetes_executor.py took 0.111 seconds
[2024-04-08T03:00:08.983+0000] {processor.py:161} INFO - Started process (PID=1050) to work on /home/airflow/.local/lib/python3.8/site-packages/airflow/example_dags/example_kubernetes_executor.py
[2024-04-08T03:00:08.984+0000] {processor.py:830} INFO - Processing file /home/airflow/.local/lib/python3.8/site-packages/airflow/example_dags/example_kubernetes_executor.py for tasks to queue
[2024-04-08T03:00:08.985+0000] {logging_mixin.py:188} INFO - [2024-04-08T03:00:08.984+0000] {dagbag.py:540} INFO - Filling up the DagBag from /home/airflow/.local/lib/python3.8/site-packages/airflow/example_dags/example_kubernetes_executor.py
[2024-04-08T03:00:09.005+0000] {processor.py:840} INFO - DAG(s) 'example_kubernetes_executor' retrieved from /home/airflow/.local/lib/python3.8/site-packages/airflow/example_dags/example_kubernetes_executor.py
[2024-04-08T03:00:09.050+0000] {logging_mixin.py:188} INFO - [2024-04-08T03:00:09.050+0000] {dag.py:3047} INFO - Sync 1 DAGs
[2024-04-08T03:00:09.064+0000] {logging_mixin.py:188} INFO - [2024-04-08T03:00:09.064+0000] {dag.py:3834} INFO - Setting next_dagrun for example_kubernetes_executor to None, run_after=None
[2024-04-08T03:00:09.101+0000] {processor.py:183} INFO - Processing /home/airflow/.local/lib/python3.8/site-packages/airflow/example_dags/example_kubernetes_executor.py took 0.121 seconds
[2024-04-08T03:00:39.629+0000] {processor.py:161} INFO - Started process (PID=1300) to work on /home/airflow/.local/lib/python3.8/site-packages/airflow/example_dags/example_kubernetes_executor.py
[2024-04-08T03:00:39.630+0000] {processor.py:830} INFO - Processing file /home/airflow/.local/lib/python3.8/site-packages/airflow/example_dags/example_kubernetes_executor.py for tasks to queue
[2024-04-08T03:00:39.631+0000] {logging_mixin.py:188} INFO - [2024-04-08T03:00:39.631+0000] {dagbag.py:540} INFO - Filling up the DagBag from /home/airflow/.local/lib/python3.8/site-packages/airflow/example_dags/example_kubernetes_executor.py
[2024-04-08T03:00:39.646+0000] {processor.py:840} INFO - DAG(s) 'example_kubernetes_executor' retrieved from /home/airflow/.local/lib/python3.8/site-packages/airflow/example_dags/example_kubernetes_executor.py
[2024-04-08T03:00:39.847+0000] {logging_mixin.py:188} INFO - [2024-04-08T03:00:39.846+0000] {dag.py:3047} INFO - Sync 1 DAGs
[2024-04-08T03:00:39.865+0000] {logging_mixin.py:188} INFO - [2024-04-08T03:00:39.865+0000] {dag.py:3834} INFO - Setting next_dagrun for example_kubernetes_executor to None, run_after=None
[2024-04-08T03:00:39.913+0000] {processor.py:183} INFO - Processing /home/airflow/.local/lib/python3.8/site-packages/airflow/example_dags/example_kubernetes_executor.py took 0.287 seconds
[2024-04-08T03:01:10.419+0000] {processor.py:161} INFO - Started process (PID=1547) to work on /home/airflow/.local/lib/python3.8/site-packages/airflow/example_dags/example_kubernetes_executor.py
[2024-04-08T03:01:10.420+0000] {processor.py:830} INFO - Processing file /home/airflow/.local/lib/python3.8/site-packages/airflow/example_dags/example_kubernetes_executor.py for tasks to queue
[2024-04-08T03:01:10.421+0000] {logging_mixin.py:188} INFO - [2024-04-08T03:01:10.420+0000] {dagbag.py:540} INFO - Filling up the DagBag from /home/airflow/.local/lib/python3.8/site-packages/airflow/example_dags/example_kubernetes_executor.py
[2024-04-08T03:01:10.437+0000] {processor.py:840} INFO - DAG(s) 'example_kubernetes_executor' retrieved from /home/airflow/.local/lib/python3.8/site-packages/airflow/example_dags/example_kubernetes_executor.py
[2024-04-08T03:01:10.480+0000] {logging_mixin.py:188} INFO - [2024-04-08T03:01:10.480+0000] {dag.py:3047} INFO - Sync 1 DAGs
[2024-04-08T03:01:10.494+0000] {logging_mixin.py:188} INFO - [2024-04-08T03:01:10.494+0000] {dag.py:3834} INFO - Setting next_dagrun for example_kubernetes_executor to None, run_after=None
[2024-04-08T03:01:10.519+0000] {processor.py:183} INFO - Processing /home/airflow/.local/lib/python3.8/site-packages/airflow/example_dags/example_kubernetes_executor.py took 0.103 seconds
[2024-04-08T03:01:40.973+0000] {processor.py:161} INFO - Started process (PID=1794) to work on /home/airflow/.local/lib/python3.8/site-packages/airflow/example_dags/example_kubernetes_executor.py
[2024-04-08T03:01:40.974+0000] {processor.py:830} INFO - Processing file /home/airflow/.local/lib/python3.8/site-packages/airflow/example_dags/example_kubernetes_executor.py for tasks to queue
[2024-04-08T03:01:40.975+0000] {logging_mixin.py:188} INFO - [2024-04-08T03:01:40.975+0000] {dagbag.py:540} INFO - Filling up the DagBag from /home/airflow/.local/lib/python3.8/site-packages/airflow/example_dags/example_kubernetes_executor.py
[2024-04-08T03:01:40.990+0000] {processor.py:840} INFO - DAG(s) 'example_kubernetes_executor' retrieved from /home/airflow/.local/lib/python3.8/site-packages/airflow/example_dags/example_kubernetes_executor.py
[2024-04-08T03:01:41.032+0000] {logging_mixin.py:188} INFO - [2024-04-08T03:01:41.032+0000] {dag.py:3047} INFO - Sync 1 DAGs
[2024-04-08T03:01:41.046+0000] {logging_mixin.py:188} INFO - [2024-04-08T03:01:41.046+0000] {dag.py:3834} INFO - Setting next_dagrun for example_kubernetes_executor to None, run_after=None
[2024-04-08T03:01:41.073+0000] {processor.py:183} INFO - Processing /home/airflow/.local/lib/python3.8/site-packages/airflow/example_dags/example_kubernetes_executor.py took 0.103 seconds
[2024-04-08T03:02:11.350+0000] {processor.py:161} INFO - Started process (PID=2041) to work on /home/airflow/.local/lib/python3.8/site-packages/airflow/example_dags/example_kubernetes_executor.py
[2024-04-08T03:02:11.351+0000] {processor.py:830} INFO - Processing file /home/airflow/.local/lib/python3.8/site-packages/airflow/example_dags/example_kubernetes_executor.py for tasks to queue
[2024-04-08T03:02:11.352+0000] {logging_mixin.py:188} INFO - [2024-04-08T03:02:11.352+0000] {dagbag.py:540} INFO - Filling up the DagBag from /home/airflow/.local/lib/python3.8/site-packages/airflow/example_dags/example_kubernetes_executor.py
[2024-04-08T03:02:11.368+0000] {processor.py:840} INFO - DAG(s) 'example_kubernetes_executor' retrieved from /home/airflow/.local/lib/python3.8/site-packages/airflow/example_dags/example_kubernetes_executor.py
[2024-04-08T03:02:11.413+0000] {logging_mixin.py:188} INFO - [2024-04-08T03:02:11.413+0000] {dag.py:3047} INFO - Sync 1 DAGs
[2024-04-08T03:02:11.428+0000] {logging_mixin.py:188} INFO - [2024-04-08T03:02:11.427+0000] {dag.py:3834} INFO - Setting next_dagrun for example_kubernetes_executor to None, run_after=None
[2024-04-08T03:02:11.453+0000] {processor.py:183} INFO - Processing /home/airflow/.local/lib/python3.8/site-packages/airflow/example_dags/example_kubernetes_executor.py took 0.106 seconds
[2024-04-08T03:02:42.126+0000] {processor.py:161} INFO - Started process (PID=2289) to work on /home/airflow/.local/lib/python3.8/site-packages/airflow/example_dags/example_kubernetes_executor.py
[2024-04-08T03:02:42.127+0000] {processor.py:830} INFO - Processing file /home/airflow/.local/lib/python3.8/site-packages/airflow/example_dags/example_kubernetes_executor.py for tasks to queue
[2024-04-08T03:02:42.129+0000] {logging_mixin.py:188} INFO - [2024-04-08T03:02:42.128+0000] {dagbag.py:540} INFO - Filling up the DagBag from /home/airflow/.local/lib/python3.8/site-packages/airflow/example_dags/example_kubernetes_executor.py
[2024-04-08T03:02:42.164+0000] {processor.py:840} INFO - DAG(s) 'example_kubernetes_executor' retrieved from /home/airflow/.local/lib/python3.8/site-packages/airflow/example_dags/example_kubernetes_executor.py
[2024-04-08T03:02:42.254+0000] {logging_mixin.py:188} INFO - [2024-04-08T03:02:42.254+0000] {dag.py:3047} INFO - Sync 1 DAGs
[2024-04-08T03:02:42.267+0000] {logging_mixin.py:188} INFO - [2024-04-08T03:02:42.267+0000] {dag.py:3834} INFO - Setting next_dagrun for example_kubernetes_executor to None, run_after=None
[2024-04-08T03:02:42.290+0000] {processor.py:183} INFO - Processing /home/airflow/.local/lib/python3.8/site-packages/airflow/example_dags/example_kubernetes_executor.py took 0.167 seconds
[2024-04-08T03:03:12.535+0000] {processor.py:161} INFO - Started process (PID=2537) to work on /home/airflow/.local/lib/python3.8/site-packages/airflow/example_dags/example_kubernetes_executor.py
[2024-04-08T03:03:12.536+0000] {processor.py:830} INFO - Processing file /home/airflow/.local/lib/python3.8/site-packages/airflow/example_dags/example_kubernetes_executor.py for tasks to queue
[2024-04-08T03:03:12.537+0000] {logging_mixin.py:188} INFO - [2024-04-08T03:03:12.537+0000] {dagbag.py:540} INFO - Filling up the DagBag from /home/airflow/.local/lib/python3.8/site-packages/airflow/example_dags/example_kubernetes_executor.py
[2024-04-08T03:03:12.553+0000] {processor.py:840} INFO - DAG(s) 'example_kubernetes_executor' retrieved from /home/airflow/.local/lib/python3.8/site-packages/airflow/example_dags/example_kubernetes_executor.py
[2024-04-08T03:03:12.596+0000] {logging_mixin.py:188} INFO - [2024-04-08T03:03:12.596+0000] {dag.py:3047} INFO - Sync 1 DAGs
[2024-04-08T03:03:12.612+0000] {logging_mixin.py:188} INFO - [2024-04-08T03:03:12.612+0000] {dag.py:3834} INFO - Setting next_dagrun for example_kubernetes_executor to None, run_after=None
[2024-04-08T03:03:12.638+0000] {processor.py:183} INFO - Processing /home/airflow/.local/lib/python3.8/site-packages/airflow/example_dags/example_kubernetes_executor.py took 0.106 seconds
[2024-04-08T03:03:42.943+0000] {processor.py:161} INFO - Started process (PID=2785) to work on /home/airflow/.local/lib/python3.8/site-packages/airflow/example_dags/example_kubernetes_executor.py
[2024-04-08T03:03:42.944+0000] {processor.py:830} INFO - Processing file /home/airflow/.local/lib/python3.8/site-packages/airflow/example_dags/example_kubernetes_executor.py for tasks to queue
[2024-04-08T03:03:42.945+0000] {logging_mixin.py:188} INFO - [2024-04-08T03:03:42.945+0000] {dagbag.py:540} INFO - Filling up the DagBag from /home/airflow/.local/lib/python3.8/site-packages/airflow/example_dags/example_kubernetes_executor.py
[2024-04-08T03:03:42.964+0000] {processor.py:840} INFO - DAG(s) 'example_kubernetes_executor' retrieved from /home/airflow/.local/lib/python3.8/site-packages/airflow/example_dags/example_kubernetes_executor.py
[2024-04-08T03:03:43.004+0000] {logging_mixin.py:188} INFO - [2024-04-08T03:03:43.003+0000] {dag.py:3047} INFO - Sync 1 DAGs
[2024-04-08T03:03:43.018+0000] {logging_mixin.py:188} INFO - [2024-04-08T03:03:43.017+0000] {dag.py:3834} INFO - Setting next_dagrun for example_kubernetes_executor to None, run_after=None
[2024-04-08T03:03:43.041+0000] {processor.py:183} INFO - Processing /home/airflow/.local/lib/python3.8/site-packages/airflow/example_dags/example_kubernetes_executor.py took 0.101 seconds
[2024-04-08T03:04:13.261+0000] {processor.py:161} INFO - Started process (PID=3029) to work on /home/airflow/.local/lib/python3.8/site-packages/airflow/example_dags/example_kubernetes_executor.py
[2024-04-08T03:04:13.262+0000] {processor.py:830} INFO - Processing file /home/airflow/.local/lib/python3.8/site-packages/airflow/example_dags/example_kubernetes_executor.py for tasks to queue
[2024-04-08T03:04:13.263+0000] {logging_mixin.py:188} INFO - [2024-04-08T03:04:13.263+0000] {dagbag.py:540} INFO - Filling up the DagBag from /home/airflow/.local/lib/python3.8/site-packages/airflow/example_dags/example_kubernetes_executor.py
[2024-04-08T03:04:13.278+0000] {processor.py:840} INFO - DAG(s) 'example_kubernetes_executor' retrieved from /home/airflow/.local/lib/python3.8/site-packages/airflow/example_dags/example_kubernetes_executor.py
[2024-04-08T03:04:13.362+0000] {logging_mixin.py:188} INFO - [2024-04-08T03:04:13.361+0000] {dag.py:3047} INFO - Sync 1 DAGs
[2024-04-08T03:04:13.396+0000] {logging_mixin.py:188} INFO - [2024-04-08T03:04:13.396+0000] {dag.py:3834} INFO - Setting next_dagrun for example_kubernetes_executor to None, run_after=None
[2024-04-08T03:04:13.448+0000] {processor.py:183} INFO - Processing /home/airflow/.local/lib/python3.8/site-packages/airflow/example_dags/example_kubernetes_executor.py took 0.190 seconds
[2024-04-08T03:04:43.905+0000] {processor.py:161} INFO - Started process (PID=3279) to work on /home/airflow/.local/lib/python3.8/site-packages/airflow/example_dags/example_kubernetes_executor.py
[2024-04-08T03:04:43.906+0000] {processor.py:830} INFO - Processing file /home/airflow/.local/lib/python3.8/site-packages/airflow/example_dags/example_kubernetes_executor.py for tasks to queue
[2024-04-08T03:04:43.907+0000] {logging_mixin.py:188} INFO - [2024-04-08T03:04:43.907+0000] {dagbag.py:540} INFO - Filling up the DagBag from /home/airflow/.local/lib/python3.8/site-packages/airflow/example_dags/example_kubernetes_executor.py
[2024-04-08T03:04:43.924+0000] {processor.py:840} INFO - DAG(s) 'example_kubernetes_executor' retrieved from /home/airflow/.local/lib/python3.8/site-packages/airflow/example_dags/example_kubernetes_executor.py
[2024-04-08T03:04:43.985+0000] {logging_mixin.py:188} INFO - [2024-04-08T03:04:43.985+0000] {dag.py:3047} INFO - Sync 1 DAGs
[2024-04-08T03:04:43.999+0000] {logging_mixin.py:188} INFO - [2024-04-08T03:04:43.999+0000] {dag.py:3834} INFO - Setting next_dagrun for example_kubernetes_executor to None, run_after=None
[2024-04-08T03:04:44.176+0000] {processor.py:183} INFO - Processing /home/airflow/.local/lib/python3.8/site-packages/airflow/example_dags/example_kubernetes_executor.py took 0.274 seconds
[2024-04-08T03:05:14.359+0000] {processor.py:161} INFO - Started process (PID=3526) to work on /home/airflow/.local/lib/python3.8/site-packages/airflow/example_dags/example_kubernetes_executor.py
[2024-04-08T03:05:14.360+0000] {processor.py:830} INFO - Processing file /home/airflow/.local/lib/python3.8/site-packages/airflow/example_dags/example_kubernetes_executor.py for tasks to queue
[2024-04-08T03:05:14.361+0000] {logging_mixin.py:188} INFO - [2024-04-08T03:05:14.361+0000] {dagbag.py:540} INFO - Filling up the DagBag from /home/airflow/.local/lib/python3.8/site-packages/airflow/example_dags/example_kubernetes_executor.py
[2024-04-08T03:05:14.376+0000] {processor.py:840} INFO - DAG(s) 'example_kubernetes_executor' retrieved from /home/airflow/.local/lib/python3.8/site-packages/airflow/example_dags/example_kubernetes_executor.py
[2024-04-08T03:05:14.417+0000] {logging_mixin.py:188} INFO - [2024-04-08T03:05:14.417+0000] {dag.py:3047} INFO - Sync 1 DAGs
[2024-04-08T03:05:14.433+0000] {logging_mixin.py:188} INFO - [2024-04-08T03:05:14.433+0000] {dag.py:3834} INFO - Setting next_dagrun for example_kubernetes_executor to None, run_after=None
[2024-04-08T03:05:14.457+0000] {processor.py:183} INFO - Processing /home/airflow/.local/lib/python3.8/site-packages/airflow/example_dags/example_kubernetes_executor.py took 0.101 seconds
[2024-04-08T03:05:44.779+0000] {processor.py:161} INFO - Started process (PID=3770) to work on /home/airflow/.local/lib/python3.8/site-packages/airflow/example_dags/example_kubernetes_executor.py
[2024-04-08T03:05:44.780+0000] {processor.py:830} INFO - Processing file /home/airflow/.local/lib/python3.8/site-packages/airflow/example_dags/example_kubernetes_executor.py for tasks to queue
[2024-04-08T03:05:44.781+0000] {logging_mixin.py:188} INFO - [2024-04-08T03:05:44.781+0000] {dagbag.py:540} INFO - Filling up the DagBag from /home/airflow/.local/lib/python3.8/site-packages/airflow/example_dags/example_kubernetes_executor.py
[2024-04-08T03:05:44.810+0000] {processor.py:840} INFO - DAG(s) 'example_kubernetes_executor' retrieved from /home/airflow/.local/lib/python3.8/site-packages/airflow/example_dags/example_kubernetes_executor.py
[2024-04-08T03:05:44.854+0000] {logging_mixin.py:188} INFO - [2024-04-08T03:05:44.853+0000] {dag.py:3047} INFO - Sync 1 DAGs
[2024-04-08T03:05:44.867+0000] {logging_mixin.py:188} INFO - [2024-04-08T03:05:44.867+0000] {dag.py:3834} INFO - Setting next_dagrun for example_kubernetes_executor to None, run_after=None
[2024-04-08T03:05:44.888+0000] {processor.py:183} INFO - Processing /home/airflow/.local/lib/python3.8/site-packages/airflow/example_dags/example_kubernetes_executor.py took 0.112 seconds
