[2024-04-08T02:58:35.236+0000] {processor.py:161} INFO - Started process (PID=272) to work on /home/airflow/.local/lib/python3.8/site-packages/airflow/example_dags/example_task_group_decorator.py
[2024-04-08T02:58:35.238+0000] {processor.py:830} INFO - Processing file /home/airflow/.local/lib/python3.8/site-packages/airflow/example_dags/example_task_group_decorator.py for tasks to queue
[2024-04-08T02:58:35.239+0000] {logging_mixin.py:188} INFO - [2024-04-08T02:58:35.238+0000] {dagbag.py:540} INFO - Filling up the DagBag from /home/airflow/.local/lib/python3.8/site-packages/airflow/example_dags/example_task_group_decorator.py
[2024-04-08T02:58:35.287+0000] {processor.py:840} INFO - DAG(s) 'example_task_group_decorator' retrieved from /home/airflow/.local/lib/python3.8/site-packages/airflow/example_dags/example_task_group_decorator.py
[2024-04-08T02:58:35.469+0000] {logging_mixin.py:188} INFO - [2024-04-08T02:58:35.469+0000] {override.py:1769} INFO - Created Permission View: can read on DAG:example_task_group_decorator
[2024-04-08T02:58:35.485+0000] {logging_mixin.py:188} INFO - [2024-04-08T02:58:35.485+0000] {override.py:1769} INFO - Created Permission View: can delete on DAG:example_task_group_decorator
[2024-04-08T02:58:35.510+0000] {logging_mixin.py:188} INFO - [2024-04-08T02:58:35.510+0000] {override.py:1769} INFO - Created Permission View: can edit on DAG:example_task_group_decorator
[2024-04-08T02:58:35.511+0000] {logging_mixin.py:188} INFO - [2024-04-08T02:58:35.511+0000] {dag.py:3047} INFO - Sync 1 DAGs
[2024-04-08T02:58:35.526+0000] {logging_mixin.py:188} INFO - [2024-04-08T02:58:35.526+0000] {dag.py:3069} INFO - Creating ORM DAG for example_task_group_decorator
[2024-04-08T02:58:35.537+0000] {logging_mixin.py:188} INFO - [2024-04-08T02:58:35.537+0000] {dag.py:3834} INFO - Setting next_dagrun for example_task_group_decorator to 2024-04-07 00:00:00+00:00, run_after=2024-04-08 00:00:00+00:00
[2024-04-08T02:58:35.559+0000] {processor.py:183} INFO - Processing /home/airflow/.local/lib/python3.8/site-packages/airflow/example_dags/example_task_group_decorator.py took 0.327 seconds
[2024-04-08T02:59:06.004+0000] {processor.py:161} INFO - Started process (PID=521) to work on /home/airflow/.local/lib/python3.8/site-packages/airflow/example_dags/example_task_group_decorator.py
[2024-04-08T02:59:06.006+0000] {processor.py:830} INFO - Processing file /home/airflow/.local/lib/python3.8/site-packages/airflow/example_dags/example_task_group_decorator.py for tasks to queue
[2024-04-08T02:59:06.011+0000] {logging_mixin.py:188} INFO - [2024-04-08T02:59:06.010+0000] {dagbag.py:540} INFO - Filling up the DagBag from /home/airflow/.local/lib/python3.8/site-packages/airflow/example_dags/example_task_group_decorator.py
[2024-04-08T02:59:06.033+0000] {processor.py:840} INFO - DAG(s) 'example_task_group_decorator' retrieved from /home/airflow/.local/lib/python3.8/site-packages/airflow/example_dags/example_task_group_decorator.py
[2024-04-08T02:59:06.097+0000] {logging_mixin.py:188} INFO - [2024-04-08T02:59:06.097+0000] {dag.py:3047} INFO - Sync 1 DAGs
[2024-04-08T02:59:06.121+0000] {logging_mixin.py:188} INFO - [2024-04-08T02:59:06.121+0000] {dag.py:3834} INFO - Setting next_dagrun for example_task_group_decorator to 2024-04-07 00:00:00+00:00, run_after=2024-04-08 00:00:00+00:00
[2024-04-08T02:59:06.146+0000] {processor.py:183} INFO - Processing /home/airflow/.local/lib/python3.8/site-packages/airflow/example_dags/example_task_group_decorator.py took 0.155 seconds
[2024-04-08T02:59:36.234+0000] {processor.py:161} INFO - Started process (PID=768) to work on /home/airflow/.local/lib/python3.8/site-packages/airflow/example_dags/example_task_group_decorator.py
[2024-04-08T02:59:36.234+0000] {processor.py:830} INFO - Processing file /home/airflow/.local/lib/python3.8/site-packages/airflow/example_dags/example_task_group_decorator.py for tasks to queue
[2024-04-08T02:59:36.235+0000] {logging_mixin.py:188} INFO - [2024-04-08T02:59:36.235+0000] {dagbag.py:540} INFO - Filling up the DagBag from /home/airflow/.local/lib/python3.8/site-packages/airflow/example_dags/example_task_group_decorator.py
[2024-04-08T02:59:36.254+0000] {processor.py:840} INFO - DAG(s) 'example_task_group_decorator' retrieved from /home/airflow/.local/lib/python3.8/site-packages/airflow/example_dags/example_task_group_decorator.py
[2024-04-08T02:59:36.283+0000] {logging_mixin.py:188} INFO - [2024-04-08T02:59:36.283+0000] {dag.py:3047} INFO - Sync 1 DAGs
[2024-04-08T02:59:36.312+0000] {logging_mixin.py:188} INFO - [2024-04-08T02:59:36.312+0000] {dag.py:3834} INFO - Setting next_dagrun for example_task_group_decorator to 2024-04-07 00:00:00+00:00, run_after=2024-04-08 00:00:00+00:00
[2024-04-08T02:59:36.336+0000] {processor.py:183} INFO - Processing /home/airflow/.local/lib/python3.8/site-packages/airflow/example_dags/example_task_group_decorator.py took 0.105 seconds
[2024-04-08T03:00:06.396+0000] {processor.py:161} INFO - Started process (PID=1015) to work on /home/airflow/.local/lib/python3.8/site-packages/airflow/example_dags/example_task_group_decorator.py
[2024-04-08T03:00:06.397+0000] {processor.py:830} INFO - Processing file /home/airflow/.local/lib/python3.8/site-packages/airflow/example_dags/example_task_group_decorator.py for tasks to queue
[2024-04-08T03:00:06.398+0000] {logging_mixin.py:188} INFO - [2024-04-08T03:00:06.397+0000] {dagbag.py:540} INFO - Filling up the DagBag from /home/airflow/.local/lib/python3.8/site-packages/airflow/example_dags/example_task_group_decorator.py
[2024-04-08T03:00:06.411+0000] {processor.py:840} INFO - DAG(s) 'example_task_group_decorator' retrieved from /home/airflow/.local/lib/python3.8/site-packages/airflow/example_dags/example_task_group_decorator.py
[2024-04-08T03:00:06.432+0000] {logging_mixin.py:188} INFO - [2024-04-08T03:00:06.432+0000] {dag.py:3047} INFO - Sync 1 DAGs
[2024-04-08T03:00:06.450+0000] {logging_mixin.py:188} INFO - [2024-04-08T03:00:06.450+0000] {dag.py:3834} INFO - Setting next_dagrun for example_task_group_decorator to 2024-04-07 00:00:00+00:00, run_after=2024-04-08 00:00:00+00:00
[2024-04-08T03:00:06.481+0000] {processor.py:183} INFO - Processing /home/airflow/.local/lib/python3.8/site-packages/airflow/example_dags/example_task_group_decorator.py took 0.087 seconds
[2024-04-08T03:00:37.134+0000] {processor.py:161} INFO - Started process (PID=1262) to work on /home/airflow/.local/lib/python3.8/site-packages/airflow/example_dags/example_task_group_decorator.py
[2024-04-08T03:00:37.135+0000] {processor.py:830} INFO - Processing file /home/airflow/.local/lib/python3.8/site-packages/airflow/example_dags/example_task_group_decorator.py for tasks to queue
[2024-04-08T03:00:37.137+0000] {logging_mixin.py:188} INFO - [2024-04-08T03:00:37.136+0000] {dagbag.py:540} INFO - Filling up the DagBag from /home/airflow/.local/lib/python3.8/site-packages/airflow/example_dags/example_task_group_decorator.py
[2024-04-08T03:00:37.175+0000] {processor.py:840} INFO - DAG(s) 'example_task_group_decorator' retrieved from /home/airflow/.local/lib/python3.8/site-packages/airflow/example_dags/example_task_group_decorator.py
[2024-04-08T03:00:37.209+0000] {logging_mixin.py:188} INFO - [2024-04-08T03:00:37.209+0000] {dag.py:3047} INFO - Sync 1 DAGs
[2024-04-08T03:00:37.233+0000] {logging_mixin.py:188} INFO - [2024-04-08T03:00:37.233+0000] {dag.py:3834} INFO - Setting next_dagrun for example_task_group_decorator to 2024-04-07 00:00:00+00:00, run_after=2024-04-08 00:00:00+00:00
[2024-04-08T03:00:37.257+0000] {processor.py:183} INFO - Processing /home/airflow/.local/lib/python3.8/site-packages/airflow/example_dags/example_task_group_decorator.py took 0.126 seconds
[2024-04-08T03:01:07.854+0000] {processor.py:161} INFO - Started process (PID=1507) to work on /home/airflow/.local/lib/python3.8/site-packages/airflow/example_dags/example_task_group_decorator.py
[2024-04-08T03:01:07.855+0000] {processor.py:830} INFO - Processing file /home/airflow/.local/lib/python3.8/site-packages/airflow/example_dags/example_task_group_decorator.py for tasks to queue
[2024-04-08T03:01:07.857+0000] {logging_mixin.py:188} INFO - [2024-04-08T03:01:07.856+0000] {dagbag.py:540} INFO - Filling up the DagBag from /home/airflow/.local/lib/python3.8/site-packages/airflow/example_dags/example_task_group_decorator.py
[2024-04-08T03:01:07.877+0000] {processor.py:840} INFO - DAG(s) 'example_task_group_decorator' retrieved from /home/airflow/.local/lib/python3.8/site-packages/airflow/example_dags/example_task_group_decorator.py
[2024-04-08T03:01:07.902+0000] {logging_mixin.py:188} INFO - [2024-04-08T03:01:07.902+0000] {dag.py:3047} INFO - Sync 1 DAGs
[2024-04-08T03:01:07.959+0000] {logging_mixin.py:188} INFO - [2024-04-08T03:01:07.959+0000] {dag.py:3834} INFO - Setting next_dagrun for example_task_group_decorator to 2024-04-07 00:00:00+00:00, run_after=2024-04-08 00:00:00+00:00
[2024-04-08T03:01:08.011+0000] {processor.py:183} INFO - Processing /home/airflow/.local/lib/python3.8/site-packages/airflow/example_dags/example_task_group_decorator.py took 0.164 seconds
[2024-04-08T03:01:38.527+0000] {processor.py:161} INFO - Started process (PID=1756) to work on /home/airflow/.local/lib/python3.8/site-packages/airflow/example_dags/example_task_group_decorator.py
[2024-04-08T03:01:38.528+0000] {processor.py:830} INFO - Processing file /home/airflow/.local/lib/python3.8/site-packages/airflow/example_dags/example_task_group_decorator.py for tasks to queue
[2024-04-08T03:01:38.529+0000] {logging_mixin.py:188} INFO - [2024-04-08T03:01:38.529+0000] {dagbag.py:540} INFO - Filling up the DagBag from /home/airflow/.local/lib/python3.8/site-packages/airflow/example_dags/example_task_group_decorator.py
[2024-04-08T03:01:38.541+0000] {processor.py:840} INFO - DAG(s) 'example_task_group_decorator' retrieved from /home/airflow/.local/lib/python3.8/site-packages/airflow/example_dags/example_task_group_decorator.py
[2024-04-08T03:01:38.559+0000] {logging_mixin.py:188} INFO - [2024-04-08T03:01:38.559+0000] {dag.py:3047} INFO - Sync 1 DAGs
[2024-04-08T03:01:38.575+0000] {logging_mixin.py:188} INFO - [2024-04-08T03:01:38.575+0000] {dag.py:3834} INFO - Setting next_dagrun for example_task_group_decorator to 2024-04-07 00:00:00+00:00, run_after=2024-04-08 00:00:00+00:00
[2024-04-08T03:01:38.596+0000] {processor.py:183} INFO - Processing /home/airflow/.local/lib/python3.8/site-packages/airflow/example_dags/example_task_group_decorator.py took 0.071 seconds
[2024-04-08T03:02:08.973+0000] {processor.py:161} INFO - Started process (PID=2001) to work on /home/airflow/.local/lib/python3.8/site-packages/airflow/example_dags/example_task_group_decorator.py
[2024-04-08T03:02:08.974+0000] {processor.py:830} INFO - Processing file /home/airflow/.local/lib/python3.8/site-packages/airflow/example_dags/example_task_group_decorator.py for tasks to queue
[2024-04-08T03:02:08.975+0000] {logging_mixin.py:188} INFO - [2024-04-08T03:02:08.975+0000] {dagbag.py:540} INFO - Filling up the DagBag from /home/airflow/.local/lib/python3.8/site-packages/airflow/example_dags/example_task_group_decorator.py
[2024-04-08T03:02:08.996+0000] {processor.py:840} INFO - DAG(s) 'example_task_group_decorator' retrieved from /home/airflow/.local/lib/python3.8/site-packages/airflow/example_dags/example_task_group_decorator.py
[2024-04-08T03:02:09.022+0000] {logging_mixin.py:188} INFO - [2024-04-08T03:02:09.022+0000] {dag.py:3047} INFO - Sync 1 DAGs
[2024-04-08T03:02:09.047+0000] {logging_mixin.py:188} INFO - [2024-04-08T03:02:09.047+0000] {dag.py:3834} INFO - Setting next_dagrun for example_task_group_decorator to 2024-04-07 00:00:00+00:00, run_after=2024-04-08 00:00:00+00:00
[2024-04-08T03:02:09.071+0000] {processor.py:183} INFO - Processing /home/airflow/.local/lib/python3.8/site-packages/airflow/example_dags/example_task_group_decorator.py took 0.102 seconds
[2024-04-08T03:02:39.495+0000] {processor.py:161} INFO - Started process (PID=2249) to work on /home/airflow/.local/lib/python3.8/site-packages/airflow/example_dags/example_task_group_decorator.py
[2024-04-08T03:02:39.495+0000] {processor.py:830} INFO - Processing file /home/airflow/.local/lib/python3.8/site-packages/airflow/example_dags/example_task_group_decorator.py for tasks to queue
[2024-04-08T03:02:39.497+0000] {logging_mixin.py:188} INFO - [2024-04-08T03:02:39.496+0000] {dagbag.py:540} INFO - Filling up the DagBag from /home/airflow/.local/lib/python3.8/site-packages/airflow/example_dags/example_task_group_decorator.py
[2024-04-08T03:02:39.520+0000] {processor.py:840} INFO - DAG(s) 'example_task_group_decorator' retrieved from /home/airflow/.local/lib/python3.8/site-packages/airflow/example_dags/example_task_group_decorator.py
[2024-04-08T03:02:39.548+0000] {logging_mixin.py:188} INFO - [2024-04-08T03:02:39.548+0000] {dag.py:3047} INFO - Sync 1 DAGs
[2024-04-08T03:02:39.572+0000] {logging_mixin.py:188} INFO - [2024-04-08T03:02:39.571+0000] {dag.py:3834} INFO - Setting next_dagrun for example_task_group_decorator to 2024-04-07 00:00:00+00:00, run_after=2024-04-08 00:00:00+00:00
[2024-04-08T03:02:39.596+0000] {processor.py:183} INFO - Processing /home/airflow/.local/lib/python3.8/site-packages/airflow/example_dags/example_task_group_decorator.py took 0.104 seconds
[2024-04-08T03:03:10.067+0000] {processor.py:161} INFO - Started process (PID=2497) to work on /home/airflow/.local/lib/python3.8/site-packages/airflow/example_dags/example_task_group_decorator.py
[2024-04-08T03:03:10.068+0000] {processor.py:830} INFO - Processing file /home/airflow/.local/lib/python3.8/site-packages/airflow/example_dags/example_task_group_decorator.py for tasks to queue
[2024-04-08T03:03:10.069+0000] {logging_mixin.py:188} INFO - [2024-04-08T03:03:10.069+0000] {dagbag.py:540} INFO - Filling up the DagBag from /home/airflow/.local/lib/python3.8/site-packages/airflow/example_dags/example_task_group_decorator.py
[2024-04-08T03:03:10.088+0000] {processor.py:840} INFO - DAG(s) 'example_task_group_decorator' retrieved from /home/airflow/.local/lib/python3.8/site-packages/airflow/example_dags/example_task_group_decorator.py
[2024-04-08T03:03:10.117+0000] {logging_mixin.py:188} INFO - [2024-04-08T03:03:10.116+0000] {dag.py:3047} INFO - Sync 1 DAGs
[2024-04-08T03:03:10.143+0000] {logging_mixin.py:188} INFO - [2024-04-08T03:03:10.143+0000] {dag.py:3834} INFO - Setting next_dagrun for example_task_group_decorator to 2024-04-07 00:00:00+00:00, run_after=2024-04-08 00:00:00+00:00
[2024-04-08T03:03:10.165+0000] {processor.py:183} INFO - Processing /home/airflow/.local/lib/python3.8/site-packages/airflow/example_dags/example_task_group_decorator.py took 0.101 seconds
[2024-04-08T03:03:40.488+0000] {processor.py:161} INFO - Started process (PID=2745) to work on /home/airflow/.local/lib/python3.8/site-packages/airflow/example_dags/example_task_group_decorator.py
[2024-04-08T03:03:40.494+0000] {processor.py:830} INFO - Processing file /home/airflow/.local/lib/python3.8/site-packages/airflow/example_dags/example_task_group_decorator.py for tasks to queue
[2024-04-08T03:03:40.496+0000] {logging_mixin.py:188} INFO - [2024-04-08T03:03:40.496+0000] {dagbag.py:540} INFO - Filling up the DagBag from /home/airflow/.local/lib/python3.8/site-packages/airflow/example_dags/example_task_group_decorator.py
[2024-04-08T03:03:40.527+0000] {processor.py:840} INFO - DAG(s) 'example_task_group_decorator' retrieved from /home/airflow/.local/lib/python3.8/site-packages/airflow/example_dags/example_task_group_decorator.py
[2024-04-08T03:03:40.556+0000] {logging_mixin.py:188} INFO - [2024-04-08T03:03:40.556+0000] {dag.py:3047} INFO - Sync 1 DAGs
[2024-04-08T03:03:40.580+0000] {logging_mixin.py:188} INFO - [2024-04-08T03:03:40.580+0000] {dag.py:3834} INFO - Setting next_dagrun for example_task_group_decorator to 2024-04-07 00:00:00+00:00, run_after=2024-04-08 00:00:00+00:00
[2024-04-08T03:03:40.605+0000] {processor.py:183} INFO - Processing /home/airflow/.local/lib/python3.8/site-packages/airflow/example_dags/example_task_group_decorator.py took 0.122 seconds
[2024-04-08T03:04:10.723+0000] {processor.py:161} INFO - Started process (PID=2992) to work on /home/airflow/.local/lib/python3.8/site-packages/airflow/example_dags/example_task_group_decorator.py
[2024-04-08T03:04:10.723+0000] {processor.py:830} INFO - Processing file /home/airflow/.local/lib/python3.8/site-packages/airflow/example_dags/example_task_group_decorator.py for tasks to queue
[2024-04-08T03:04:10.724+0000] {logging_mixin.py:188} INFO - [2024-04-08T03:04:10.724+0000] {dagbag.py:540} INFO - Filling up the DagBag from /home/airflow/.local/lib/python3.8/site-packages/airflow/example_dags/example_task_group_decorator.py
[2024-04-08T03:04:10.742+0000] {processor.py:840} INFO - DAG(s) 'example_task_group_decorator' retrieved from /home/airflow/.local/lib/python3.8/site-packages/airflow/example_dags/example_task_group_decorator.py
[2024-04-08T03:04:10.769+0000] {logging_mixin.py:188} INFO - [2024-04-08T03:04:10.769+0000] {dag.py:3047} INFO - Sync 1 DAGs
[2024-04-08T03:04:10.791+0000] {logging_mixin.py:188} INFO - [2024-04-08T03:04:10.791+0000] {dag.py:3834} INFO - Setting next_dagrun for example_task_group_decorator to 2024-04-07 00:00:00+00:00, run_after=2024-04-08 00:00:00+00:00
[2024-04-08T03:04:10.820+0000] {processor.py:183} INFO - Processing /home/airflow/.local/lib/python3.8/site-packages/airflow/example_dags/example_task_group_decorator.py took 0.100 seconds
[2024-04-08T03:04:41.310+0000] {processor.py:161} INFO - Started process (PID=3241) to work on /home/airflow/.local/lib/python3.8/site-packages/airflow/example_dags/example_task_group_decorator.py
[2024-04-08T03:04:41.311+0000] {processor.py:830} INFO - Processing file /home/airflow/.local/lib/python3.8/site-packages/airflow/example_dags/example_task_group_decorator.py for tasks to queue
[2024-04-08T03:04:41.312+0000] {logging_mixin.py:188} INFO - [2024-04-08T03:04:41.312+0000] {dagbag.py:540} INFO - Filling up the DagBag from /home/airflow/.local/lib/python3.8/site-packages/airflow/example_dags/example_task_group_decorator.py
[2024-04-08T03:04:41.333+0000] {processor.py:840} INFO - DAG(s) 'example_task_group_decorator' retrieved from /home/airflow/.local/lib/python3.8/site-packages/airflow/example_dags/example_task_group_decorator.py
[2024-04-08T03:04:41.362+0000] {logging_mixin.py:188} INFO - [2024-04-08T03:04:41.361+0000] {dag.py:3047} INFO - Sync 1 DAGs
[2024-04-08T03:04:41.386+0000] {logging_mixin.py:188} INFO - [2024-04-08T03:04:41.386+0000] {dag.py:3834} INFO - Setting next_dagrun for example_task_group_decorator to 2024-04-07 00:00:00+00:00, run_after=2024-04-08 00:00:00+00:00
[2024-04-08T03:04:41.409+0000] {processor.py:183} INFO - Processing /home/airflow/.local/lib/python3.8/site-packages/airflow/example_dags/example_task_group_decorator.py took 0.103 seconds
[2024-04-08T03:05:11.720+0000] {processor.py:161} INFO - Started process (PID=3488) to work on /home/airflow/.local/lib/python3.8/site-packages/airflow/example_dags/example_task_group_decorator.py
[2024-04-08T03:05:11.721+0000] {processor.py:830} INFO - Processing file /home/airflow/.local/lib/python3.8/site-packages/airflow/example_dags/example_task_group_decorator.py for tasks to queue
[2024-04-08T03:05:11.722+0000] {logging_mixin.py:188} INFO - [2024-04-08T03:05:11.721+0000] {dagbag.py:540} INFO - Filling up the DagBag from /home/airflow/.local/lib/python3.8/site-packages/airflow/example_dags/example_task_group_decorator.py
[2024-04-08T03:05:11.733+0000] {processor.py:840} INFO - DAG(s) 'example_task_group_decorator' retrieved from /home/airflow/.local/lib/python3.8/site-packages/airflow/example_dags/example_task_group_decorator.py
[2024-04-08T03:05:11.751+0000] {logging_mixin.py:188} INFO - [2024-04-08T03:05:11.751+0000] {dag.py:3047} INFO - Sync 1 DAGs
[2024-04-08T03:05:11.768+0000] {logging_mixin.py:188} INFO - [2024-04-08T03:05:11.767+0000] {dag.py:3834} INFO - Setting next_dagrun for example_task_group_decorator to 2024-04-07 00:00:00+00:00, run_after=2024-04-08 00:00:00+00:00
[2024-04-08T03:05:11.787+0000] {processor.py:183} INFO - Processing /home/airflow/.local/lib/python3.8/site-packages/airflow/example_dags/example_task_group_decorator.py took 0.069 seconds
[2024-04-08T03:05:42.410+0000] {processor.py:161} INFO - Started process (PID=3733) to work on /home/airflow/.local/lib/python3.8/site-packages/airflow/example_dags/example_task_group_decorator.py
[2024-04-08T03:05:42.411+0000] {processor.py:830} INFO - Processing file /home/airflow/.local/lib/python3.8/site-packages/airflow/example_dags/example_task_group_decorator.py for tasks to queue
[2024-04-08T03:05:42.412+0000] {logging_mixin.py:188} INFO - [2024-04-08T03:05:42.411+0000] {dagbag.py:540} INFO - Filling up the DagBag from /home/airflow/.local/lib/python3.8/site-packages/airflow/example_dags/example_task_group_decorator.py
[2024-04-08T03:05:42.433+0000] {processor.py:840} INFO - DAG(s) 'example_task_group_decorator' retrieved from /home/airflow/.local/lib/python3.8/site-packages/airflow/example_dags/example_task_group_decorator.py
[2024-04-08T03:05:42.461+0000] {logging_mixin.py:188} INFO - [2024-04-08T03:05:42.461+0000] {dag.py:3047} INFO - Sync 1 DAGs
[2024-04-08T03:05:42.487+0000] {logging_mixin.py:188} INFO - [2024-04-08T03:05:42.487+0000] {dag.py:3834} INFO - Setting next_dagrun for example_task_group_decorator to 2024-04-07 00:00:00+00:00, run_after=2024-04-08 00:00:00+00:00
[2024-04-08T03:05:42.524+0000] {processor.py:183} INFO - Processing /home/airflow/.local/lib/python3.8/site-packages/airflow/example_dags/example_task_group_decorator.py took 0.116 seconds
