[2024-04-08T02:58:38.361+0000] {processor.py:161} INFO - Started process (PID=362) to work on /home/airflow/.local/lib/python3.8/site-packages/airflow/example_dags/example_bash_operator.py
[2024-04-08T02:58:38.362+0000] {processor.py:830} INFO - Processing file /home/airflow/.local/lib/python3.8/site-packages/airflow/example_dags/example_bash_operator.py for tasks to queue
[2024-04-08T02:58:38.363+0000] {logging_mixin.py:188} INFO - [2024-04-08T02:58:38.363+0000] {dagbag.py:540} INFO - Filling up the DagBag from /home/airflow/.local/lib/python3.8/site-packages/airflow/example_dags/example_bash_operator.py
[2024-04-08T02:58:38.375+0000] {processor.py:840} INFO - DAG(s) 'example_bash_operator' retrieved from /home/airflow/.local/lib/python3.8/site-packages/airflow/example_dags/example_bash_operator.py
[2024-04-08T02:58:38.508+0000] {logging_mixin.py:188} INFO - [2024-04-08T02:58:38.508+0000] {override.py:1769} INFO - Created Permission View: can read on DAG:example_bash_operator
[2024-04-08T02:58:38.540+0000] {logging_mixin.py:188} INFO - [2024-04-08T02:58:38.539+0000] {override.py:1769} INFO - Created Permission View: can delete on DAG:example_bash_operator
[2024-04-08T02:58:38.553+0000] {logging_mixin.py:188} INFO - [2024-04-08T02:58:38.552+0000] {override.py:1769} INFO - Created Permission View: can edit on DAG:example_bash_operator
[2024-04-08T02:58:38.553+0000] {logging_mixin.py:188} INFO - [2024-04-08T02:58:38.553+0000] {dag.py:3047} INFO - Sync 1 DAGs
[2024-04-08T02:58:38.568+0000] {logging_mixin.py:188} INFO - [2024-04-08T02:58:38.568+0000] {dag.py:3069} INFO - Creating ORM DAG for example_bash_operator
[2024-04-08T02:58:38.581+0000] {logging_mixin.py:188} INFO - [2024-04-08T02:58:38.581+0000] {dag.py:3834} INFO - Setting next_dagrun for example_bash_operator to 2024-04-07 00:00:00+00:00, run_after=2024-04-08 00:00:00+00:00
[2024-04-08T02:58:38.605+0000] {processor.py:183} INFO - Processing /home/airflow/.local/lib/python3.8/site-packages/airflow/example_dags/example_bash_operator.py took 0.246 seconds
[2024-04-08T02:59:09.613+0000] {processor.py:161} INFO - Started process (PID=611) to work on /home/airflow/.local/lib/python3.8/site-packages/airflow/example_dags/example_bash_operator.py
[2024-04-08T02:59:09.614+0000] {processor.py:830} INFO - Processing file /home/airflow/.local/lib/python3.8/site-packages/airflow/example_dags/example_bash_operator.py for tasks to queue
[2024-04-08T02:59:09.615+0000] {logging_mixin.py:188} INFO - [2024-04-08T02:59:09.615+0000] {dagbag.py:540} INFO - Filling up the DagBag from /home/airflow/.local/lib/python3.8/site-packages/airflow/example_dags/example_bash_operator.py
[2024-04-08T02:59:09.629+0000] {processor.py:840} INFO - DAG(s) 'example_bash_operator' retrieved from /home/airflow/.local/lib/python3.8/site-packages/airflow/example_dags/example_bash_operator.py
[2024-04-08T02:59:09.664+0000] {logging_mixin.py:188} INFO - [2024-04-08T02:59:09.664+0000] {dag.py:3047} INFO - Sync 1 DAGs
[2024-04-08T02:59:09.689+0000] {logging_mixin.py:188} INFO - [2024-04-08T02:59:09.689+0000] {dag.py:3834} INFO - Setting next_dagrun for example_bash_operator to 2024-04-07 00:00:00+00:00, run_after=2024-04-08 00:00:00+00:00
[2024-04-08T02:59:09.731+0000] {processor.py:183} INFO - Processing /home/airflow/.local/lib/python3.8/site-packages/airflow/example_dags/example_bash_operator.py took 0.121 seconds
[2024-04-08T02:59:40.482+0000] {processor.py:161} INFO - Started process (PID=858) to work on /home/airflow/.local/lib/python3.8/site-packages/airflow/example_dags/example_bash_operator.py
[2024-04-08T02:59:40.483+0000] {processor.py:830} INFO - Processing file /home/airflow/.local/lib/python3.8/site-packages/airflow/example_dags/example_bash_operator.py for tasks to queue
[2024-04-08T02:59:40.484+0000] {logging_mixin.py:188} INFO - [2024-04-08T02:59:40.484+0000] {dagbag.py:540} INFO - Filling up the DagBag from /home/airflow/.local/lib/python3.8/site-packages/airflow/example_dags/example_bash_operator.py
[2024-04-08T02:59:40.504+0000] {processor.py:840} INFO - DAG(s) 'example_bash_operator' retrieved from /home/airflow/.local/lib/python3.8/site-packages/airflow/example_dags/example_bash_operator.py
[2024-04-08T02:59:40.548+0000] {logging_mixin.py:188} INFO - [2024-04-08T02:59:40.548+0000] {dag.py:3047} INFO - Sync 1 DAGs
[2024-04-08T02:59:40.574+0000] {logging_mixin.py:188} INFO - [2024-04-08T02:59:40.574+0000] {dag.py:3834} INFO - Setting next_dagrun for example_bash_operator to 2024-04-07 00:00:00+00:00, run_after=2024-04-08 00:00:00+00:00
[2024-04-08T02:59:40.599+0000] {processor.py:183} INFO - Processing /home/airflow/.local/lib/python3.8/site-packages/airflow/example_dags/example_bash_operator.py took 0.120 seconds
[2024-04-08T03:00:10.939+0000] {processor.py:161} INFO - Started process (PID=1105) to work on /home/airflow/.local/lib/python3.8/site-packages/airflow/example_dags/example_bash_operator.py
[2024-04-08T03:00:10.941+0000] {processor.py:830} INFO - Processing file /home/airflow/.local/lib/python3.8/site-packages/airflow/example_dags/example_bash_operator.py for tasks to queue
[2024-04-08T03:00:10.942+0000] {logging_mixin.py:188} INFO - [2024-04-08T03:00:10.941+0000] {dagbag.py:540} INFO - Filling up the DagBag from /home/airflow/.local/lib/python3.8/site-packages/airflow/example_dags/example_bash_operator.py
[2024-04-08T03:00:10.967+0000] {processor.py:840} INFO - DAG(s) 'example_bash_operator' retrieved from /home/airflow/.local/lib/python3.8/site-packages/airflow/example_dags/example_bash_operator.py
[2024-04-08T03:00:11.059+0000] {logging_mixin.py:188} INFO - [2024-04-08T03:00:11.059+0000] {dag.py:3047} INFO - Sync 1 DAGs
[2024-04-08T03:00:11.103+0000] {logging_mixin.py:188} INFO - [2024-04-08T03:00:11.103+0000] {dag.py:3834} INFO - Setting next_dagrun for example_bash_operator to 2024-04-07 00:00:00+00:00, run_after=2024-04-08 00:00:00+00:00
[2024-04-08T03:00:11.129+0000] {processor.py:183} INFO - Processing /home/airflow/.local/lib/python3.8/site-packages/airflow/example_dags/example_bash_operator.py took 0.193 seconds
[2024-04-08T03:00:41.581+0000] {processor.py:161} INFO - Started process (PID=1352) to work on /home/airflow/.local/lib/python3.8/site-packages/airflow/example_dags/example_bash_operator.py
[2024-04-08T03:00:41.582+0000] {processor.py:830} INFO - Processing file /home/airflow/.local/lib/python3.8/site-packages/airflow/example_dags/example_bash_operator.py for tasks to queue
[2024-04-08T03:00:41.583+0000] {logging_mixin.py:188} INFO - [2024-04-08T03:00:41.583+0000] {dagbag.py:540} INFO - Filling up the DagBag from /home/airflow/.local/lib/python3.8/site-packages/airflow/example_dags/example_bash_operator.py
[2024-04-08T03:00:41.597+0000] {processor.py:840} INFO - DAG(s) 'example_bash_operator' retrieved from /home/airflow/.local/lib/python3.8/site-packages/airflow/example_dags/example_bash_operator.py
[2024-04-08T03:00:41.651+0000] {logging_mixin.py:188} INFO - [2024-04-08T03:00:41.650+0000] {dag.py:3047} INFO - Sync 1 DAGs
[2024-04-08T03:00:41.694+0000] {logging_mixin.py:188} INFO - [2024-04-08T03:00:41.694+0000] {dag.py:3834} INFO - Setting next_dagrun for example_bash_operator to 2024-04-07 00:00:00+00:00, run_after=2024-04-08 00:00:00+00:00
[2024-04-08T03:00:41.761+0000] {processor.py:183} INFO - Processing /home/airflow/.local/lib/python3.8/site-packages/airflow/example_dags/example_bash_operator.py took 0.183 seconds
[2024-04-08T03:01:12.203+0000] {processor.py:161} INFO - Started process (PID=1599) to work on /home/airflow/.local/lib/python3.8/site-packages/airflow/example_dags/example_bash_operator.py
[2024-04-08T03:01:12.205+0000] {processor.py:830} INFO - Processing file /home/airflow/.local/lib/python3.8/site-packages/airflow/example_dags/example_bash_operator.py for tasks to queue
[2024-04-08T03:01:12.205+0000] {logging_mixin.py:188} INFO - [2024-04-08T03:01:12.205+0000] {dagbag.py:540} INFO - Filling up the DagBag from /home/airflow/.local/lib/python3.8/site-packages/airflow/example_dags/example_bash_operator.py
[2024-04-08T03:01:12.228+0000] {processor.py:840} INFO - DAG(s) 'example_bash_operator' retrieved from /home/airflow/.local/lib/python3.8/site-packages/airflow/example_dags/example_bash_operator.py
[2024-04-08T03:01:12.268+0000] {logging_mixin.py:188} INFO - [2024-04-08T03:01:12.268+0000] {dag.py:3047} INFO - Sync 1 DAGs
[2024-04-08T03:01:12.399+0000] {logging_mixin.py:188} INFO - [2024-04-08T03:01:12.399+0000] {dag.py:3834} INFO - Setting next_dagrun for example_bash_operator to 2024-04-07 00:00:00+00:00, run_after=2024-04-08 00:00:00+00:00
[2024-04-08T03:01:12.460+0000] {processor.py:183} INFO - Processing /home/airflow/.local/lib/python3.8/site-packages/airflow/example_dags/example_bash_operator.py took 0.259 seconds
[2024-04-08T03:01:42.718+0000] {processor.py:161} INFO - Started process (PID=1846) to work on /home/airflow/.local/lib/python3.8/site-packages/airflow/example_dags/example_bash_operator.py
[2024-04-08T03:01:42.720+0000] {processor.py:830} INFO - Processing file /home/airflow/.local/lib/python3.8/site-packages/airflow/example_dags/example_bash_operator.py for tasks to queue
[2024-04-08T03:01:42.722+0000] {logging_mixin.py:188} INFO - [2024-04-08T03:01:42.721+0000] {dagbag.py:540} INFO - Filling up the DagBag from /home/airflow/.local/lib/python3.8/site-packages/airflow/example_dags/example_bash_operator.py
[2024-04-08T03:01:42.735+0000] {processor.py:840} INFO - DAG(s) 'example_bash_operator' retrieved from /home/airflow/.local/lib/python3.8/site-packages/airflow/example_dags/example_bash_operator.py
[2024-04-08T03:01:42.768+0000] {logging_mixin.py:188} INFO - [2024-04-08T03:01:42.768+0000] {dag.py:3047} INFO - Sync 1 DAGs
[2024-04-08T03:01:42.790+0000] {logging_mixin.py:188} INFO - [2024-04-08T03:01:42.790+0000] {dag.py:3834} INFO - Setting next_dagrun for example_bash_operator to 2024-04-07 00:00:00+00:00, run_after=2024-04-08 00:00:00+00:00
[2024-04-08T03:01:42.815+0000] {processor.py:183} INFO - Processing /home/airflow/.local/lib/python3.8/site-packages/airflow/example_dags/example_bash_operator.py took 0.100 seconds
[2024-04-08T03:02:13.388+0000] {processor.py:161} INFO - Started process (PID=2093) to work on /home/airflow/.local/lib/python3.8/site-packages/airflow/example_dags/example_bash_operator.py
[2024-04-08T03:02:13.390+0000] {processor.py:830} INFO - Processing file /home/airflow/.local/lib/python3.8/site-packages/airflow/example_dags/example_bash_operator.py for tasks to queue
[2024-04-08T03:02:13.391+0000] {logging_mixin.py:188} INFO - [2024-04-08T03:02:13.391+0000] {dagbag.py:540} INFO - Filling up the DagBag from /home/airflow/.local/lib/python3.8/site-packages/airflow/example_dags/example_bash_operator.py
[2024-04-08T03:02:13.421+0000] {processor.py:840} INFO - DAG(s) 'example_bash_operator' retrieved from /home/airflow/.local/lib/python3.8/site-packages/airflow/example_dags/example_bash_operator.py
[2024-04-08T03:02:13.477+0000] {logging_mixin.py:188} INFO - [2024-04-08T03:02:13.477+0000] {dag.py:3047} INFO - Sync 1 DAGs
[2024-04-08T03:02:13.523+0000] {logging_mixin.py:188} INFO - [2024-04-08T03:02:13.522+0000] {dag.py:3834} INFO - Setting next_dagrun for example_bash_operator to 2024-04-07 00:00:00+00:00, run_after=2024-04-08 00:00:00+00:00
[2024-04-08T03:02:13.559+0000] {processor.py:183} INFO - Processing /home/airflow/.local/lib/python3.8/site-packages/airflow/example_dags/example_bash_operator.py took 0.173 seconds
[2024-04-08T03:02:43.918+0000] {processor.py:161} INFO - Started process (PID=2341) to work on /home/airflow/.local/lib/python3.8/site-packages/airflow/example_dags/example_bash_operator.py
[2024-04-08T03:02:43.919+0000] {processor.py:830} INFO - Processing file /home/airflow/.local/lib/python3.8/site-packages/airflow/example_dags/example_bash_operator.py for tasks to queue
[2024-04-08T03:02:43.920+0000] {logging_mixin.py:188} INFO - [2024-04-08T03:02:43.919+0000] {dagbag.py:540} INFO - Filling up the DagBag from /home/airflow/.local/lib/python3.8/site-packages/airflow/example_dags/example_bash_operator.py
[2024-04-08T03:02:43.936+0000] {processor.py:840} INFO - DAG(s) 'example_bash_operator' retrieved from /home/airflow/.local/lib/python3.8/site-packages/airflow/example_dags/example_bash_operator.py
[2024-04-08T03:02:43.974+0000] {logging_mixin.py:188} INFO - [2024-04-08T03:02:43.974+0000] {dag.py:3047} INFO - Sync 1 DAGs
[2024-04-08T03:02:44.008+0000] {logging_mixin.py:188} INFO - [2024-04-08T03:02:44.007+0000] {dag.py:3834} INFO - Setting next_dagrun for example_bash_operator to 2024-04-07 00:00:00+00:00, run_after=2024-04-08 00:00:00+00:00
[2024-04-08T03:02:44.043+0000] {processor.py:183} INFO - Processing /home/airflow/.local/lib/python3.8/site-packages/airflow/example_dags/example_bash_operator.py took 0.128 seconds
[2024-04-08T03:03:14.369+0000] {processor.py:161} INFO - Started process (PID=2589) to work on /home/airflow/.local/lib/python3.8/site-packages/airflow/example_dags/example_bash_operator.py
[2024-04-08T03:03:14.371+0000] {processor.py:830} INFO - Processing file /home/airflow/.local/lib/python3.8/site-packages/airflow/example_dags/example_bash_operator.py for tasks to queue
[2024-04-08T03:03:14.372+0000] {logging_mixin.py:188} INFO - [2024-04-08T03:03:14.371+0000] {dagbag.py:540} INFO - Filling up the DagBag from /home/airflow/.local/lib/python3.8/site-packages/airflow/example_dags/example_bash_operator.py
[2024-04-08T03:03:14.389+0000] {processor.py:840} INFO - DAG(s) 'example_bash_operator' retrieved from /home/airflow/.local/lib/python3.8/site-packages/airflow/example_dags/example_bash_operator.py
[2024-04-08T03:03:14.424+0000] {logging_mixin.py:188} INFO - [2024-04-08T03:03:14.424+0000] {dag.py:3047} INFO - Sync 1 DAGs
[2024-04-08T03:03:14.450+0000] {logging_mixin.py:188} INFO - [2024-04-08T03:03:14.449+0000] {dag.py:3834} INFO - Setting next_dagrun for example_bash_operator to 2024-04-07 00:00:00+00:00, run_after=2024-04-08 00:00:00+00:00
[2024-04-08T03:03:14.475+0000] {processor.py:183} INFO - Processing /home/airflow/.local/lib/python3.8/site-packages/airflow/example_dags/example_bash_operator.py took 0.109 seconds
[2024-04-08T03:03:45.085+0000] {processor.py:161} INFO - Started process (PID=2837) to work on /home/airflow/.local/lib/python3.8/site-packages/airflow/example_dags/example_bash_operator.py
[2024-04-08T03:03:45.086+0000] {processor.py:830} INFO - Processing file /home/airflow/.local/lib/python3.8/site-packages/airflow/example_dags/example_bash_operator.py for tasks to queue
[2024-04-08T03:03:45.087+0000] {logging_mixin.py:188} INFO - [2024-04-08T03:03:45.087+0000] {dagbag.py:540} INFO - Filling up the DagBag from /home/airflow/.local/lib/python3.8/site-packages/airflow/example_dags/example_bash_operator.py
[2024-04-08T03:03:45.100+0000] {processor.py:840} INFO - DAG(s) 'example_bash_operator' retrieved from /home/airflow/.local/lib/python3.8/site-packages/airflow/example_dags/example_bash_operator.py
[2024-04-08T03:03:45.138+0000] {logging_mixin.py:188} INFO - [2024-04-08T03:03:45.137+0000] {dag.py:3047} INFO - Sync 1 DAGs
[2024-04-08T03:03:45.162+0000] {logging_mixin.py:188} INFO - [2024-04-08T03:03:45.162+0000] {dag.py:3834} INFO - Setting next_dagrun for example_bash_operator to 2024-04-07 00:00:00+00:00, run_after=2024-04-08 00:00:00+00:00
[2024-04-08T03:03:45.182+0000] {processor.py:183} INFO - Processing /home/airflow/.local/lib/python3.8/site-packages/airflow/example_dags/example_bash_operator.py took 0.100 seconds
[2024-04-08T03:04:15.491+0000] {processor.py:161} INFO - Started process (PID=3084) to work on /home/airflow/.local/lib/python3.8/site-packages/airflow/example_dags/example_bash_operator.py
[2024-04-08T03:04:15.492+0000] {processor.py:830} INFO - Processing file /home/airflow/.local/lib/python3.8/site-packages/airflow/example_dags/example_bash_operator.py for tasks to queue
[2024-04-08T03:04:15.493+0000] {logging_mixin.py:188} INFO - [2024-04-08T03:04:15.493+0000] {dagbag.py:540} INFO - Filling up the DagBag from /home/airflow/.local/lib/python3.8/site-packages/airflow/example_dags/example_bash_operator.py
[2024-04-08T03:04:15.506+0000] {processor.py:840} INFO - DAG(s) 'example_bash_operator' retrieved from /home/airflow/.local/lib/python3.8/site-packages/airflow/example_dags/example_bash_operator.py
[2024-04-08T03:04:15.542+0000] {logging_mixin.py:188} INFO - [2024-04-08T03:04:15.542+0000] {dag.py:3047} INFO - Sync 1 DAGs
[2024-04-08T03:04:15.580+0000] {logging_mixin.py:188} INFO - [2024-04-08T03:04:15.580+0000] {dag.py:3834} INFO - Setting next_dagrun for example_bash_operator to 2024-04-07 00:00:00+00:00, run_after=2024-04-08 00:00:00+00:00
[2024-04-08T03:04:15.711+0000] {processor.py:183} INFO - Processing /home/airflow/.local/lib/python3.8/site-packages/airflow/example_dags/example_bash_operator.py took 0.223 seconds
[2024-04-08T03:04:45.920+0000] {processor.py:161} INFO - Started process (PID=3331) to work on /home/airflow/.local/lib/python3.8/site-packages/airflow/example_dags/example_bash_operator.py
[2024-04-08T03:04:45.921+0000] {processor.py:830} INFO - Processing file /home/airflow/.local/lib/python3.8/site-packages/airflow/example_dags/example_bash_operator.py for tasks to queue
[2024-04-08T03:04:45.922+0000] {logging_mixin.py:188} INFO - [2024-04-08T03:04:45.921+0000] {dagbag.py:540} INFO - Filling up the DagBag from /home/airflow/.local/lib/python3.8/site-packages/airflow/example_dags/example_bash_operator.py
[2024-04-08T03:04:45.935+0000] {processor.py:840} INFO - DAG(s) 'example_bash_operator' retrieved from /home/airflow/.local/lib/python3.8/site-packages/airflow/example_dags/example_bash_operator.py
[2024-04-08T03:04:45.973+0000] {logging_mixin.py:188} INFO - [2024-04-08T03:04:45.972+0000] {dag.py:3047} INFO - Sync 1 DAGs
[2024-04-08T03:04:46.005+0000] {logging_mixin.py:188} INFO - [2024-04-08T03:04:46.004+0000] {dag.py:3834} INFO - Setting next_dagrun for example_bash_operator to 2024-04-07 00:00:00+00:00, run_after=2024-04-08 00:00:00+00:00
[2024-04-08T03:04:46.273+0000] {processor.py:183} INFO - Processing /home/airflow/.local/lib/python3.8/site-packages/airflow/example_dags/example_bash_operator.py took 0.357 seconds
[2024-04-08T03:05:16.375+0000] {processor.py:161} INFO - Started process (PID=3578) to work on /home/airflow/.local/lib/python3.8/site-packages/airflow/example_dags/example_bash_operator.py
[2024-04-08T03:05:16.376+0000] {processor.py:830} INFO - Processing file /home/airflow/.local/lib/python3.8/site-packages/airflow/example_dags/example_bash_operator.py for tasks to queue
[2024-04-08T03:05:16.377+0000] {logging_mixin.py:188} INFO - [2024-04-08T03:05:16.377+0000] {dagbag.py:540} INFO - Filling up the DagBag from /home/airflow/.local/lib/python3.8/site-packages/airflow/example_dags/example_bash_operator.py
[2024-04-08T03:05:16.392+0000] {processor.py:840} INFO - DAG(s) 'example_bash_operator' retrieved from /home/airflow/.local/lib/python3.8/site-packages/airflow/example_dags/example_bash_operator.py
[2024-04-08T03:05:16.426+0000] {logging_mixin.py:188} INFO - [2024-04-08T03:05:16.426+0000] {dag.py:3047} INFO - Sync 1 DAGs
[2024-04-08T03:05:16.453+0000] {logging_mixin.py:188} INFO - [2024-04-08T03:05:16.453+0000] {dag.py:3834} INFO - Setting next_dagrun for example_bash_operator to 2024-04-07 00:00:00+00:00, run_after=2024-04-08 00:00:00+00:00
[2024-04-08T03:05:16.481+0000] {processor.py:183} INFO - Processing /home/airflow/.local/lib/python3.8/site-packages/airflow/example_dags/example_bash_operator.py took 0.109 seconds
[2024-04-08T03:05:46.901+0000] {processor.py:161} INFO - Started process (PID=3825) to work on /home/airflow/.local/lib/python3.8/site-packages/airflow/example_dags/example_bash_operator.py
[2024-04-08T03:05:46.902+0000] {processor.py:830} INFO - Processing file /home/airflow/.local/lib/python3.8/site-packages/airflow/example_dags/example_bash_operator.py for tasks to queue
[2024-04-08T03:05:46.903+0000] {logging_mixin.py:188} INFO - [2024-04-08T03:05:46.903+0000] {dagbag.py:540} INFO - Filling up the DagBag from /home/airflow/.local/lib/python3.8/site-packages/airflow/example_dags/example_bash_operator.py
[2024-04-08T03:05:46.921+0000] {processor.py:840} INFO - DAG(s) 'example_bash_operator' retrieved from /home/airflow/.local/lib/python3.8/site-packages/airflow/example_dags/example_bash_operator.py
[2024-04-08T03:05:46.954+0000] {logging_mixin.py:188} INFO - [2024-04-08T03:05:46.954+0000] {dag.py:3047} INFO - Sync 1 DAGs
[2024-04-08T03:05:46.979+0000] {logging_mixin.py:188} INFO - [2024-04-08T03:05:46.979+0000] {dag.py:3834} INFO - Setting next_dagrun for example_bash_operator to 2024-04-07 00:00:00+00:00, run_after=2024-04-08 00:00:00+00:00
[2024-04-08T03:05:47.009+0000] {processor.py:183} INFO - Processing /home/airflow/.local/lib/python3.8/site-packages/airflow/example_dags/example_bash_operator.py took 0.110 seconds
[2024-04-08T03:06:17.283+0000] {processor.py:161} INFO - Started process (PID=4073) to work on /home/airflow/.local/lib/python3.8/site-packages/airflow/example_dags/example_bash_operator.py
[2024-04-08T03:06:17.284+0000] {processor.py:830} INFO - Processing file /home/airflow/.local/lib/python3.8/site-packages/airflow/example_dags/example_bash_operator.py for tasks to queue
[2024-04-08T03:06:17.285+0000] {logging_mixin.py:188} INFO - [2024-04-08T03:06:17.285+0000] {dagbag.py:540} INFO - Filling up the DagBag from /home/airflow/.local/lib/python3.8/site-packages/airflow/example_dags/example_bash_operator.py
[2024-04-08T03:06:17.298+0000] {processor.py:840} INFO - DAG(s) 'example_bash_operator' retrieved from /home/airflow/.local/lib/python3.8/site-packages/airflow/example_dags/example_bash_operator.py
[2024-04-08T03:06:17.334+0000] {logging_mixin.py:188} INFO - [2024-04-08T03:06:17.333+0000] {dag.py:3047} INFO - Sync 1 DAGs
[2024-04-08T03:06:17.360+0000] {logging_mixin.py:188} INFO - [2024-04-08T03:06:17.360+0000] {dag.py:3834} INFO - Setting next_dagrun for example_bash_operator to 2024-04-07 00:00:00+00:00, run_after=2024-04-08 00:00:00+00:00
[2024-04-08T03:06:17.393+0000] {processor.py:183} INFO - Processing /home/airflow/.local/lib/python3.8/site-packages/airflow/example_dags/example_bash_operator.py took 0.113 seconds
