[2024-04-08T02:58:36.210+0000] {processor.py:161} INFO - Started process (PID=302) to work on /home/airflow/.local/lib/python3.8/site-packages/airflow/example_dags/example_dag_decorator.py
[2024-04-08T02:58:36.211+0000] {processor.py:830} INFO - Processing file /home/airflow/.local/lib/python3.8/site-packages/airflow/example_dags/example_dag_decorator.py for tasks to queue
[2024-04-08T02:58:36.212+0000] {logging_mixin.py:188} INFO - [2024-04-08T02:58:36.211+0000] {dagbag.py:540} INFO - Filling up the DagBag from /home/airflow/.local/lib/python3.8/site-packages/airflow/example_dags/example_dag_decorator.py
[2024-04-08T02:58:36.452+0000] {processor.py:840} INFO - DAG(s) 'example_dag_decorator' retrieved from /home/airflow/.local/lib/python3.8/site-packages/airflow/example_dags/example_dag_decorator.py
[2024-04-08T02:58:36.598+0000] {logging_mixin.py:188} INFO - [2024-04-08T02:58:36.597+0000] {override.py:1769} INFO - Created Permission View: can read on DAG:example_dag_decorator
[2024-04-08T02:58:36.612+0000] {logging_mixin.py:188} INFO - [2024-04-08T02:58:36.612+0000] {override.py:1769} INFO - Created Permission View: can delete on DAG:example_dag_decorator
[2024-04-08T02:58:36.624+0000] {logging_mixin.py:188} INFO - [2024-04-08T02:58:36.624+0000] {override.py:1769} INFO - Created Permission View: can edit on DAG:example_dag_decorator
[2024-04-08T02:58:36.625+0000] {logging_mixin.py:188} INFO - [2024-04-08T02:58:36.625+0000] {dag.py:3047} INFO - Sync 1 DAGs
[2024-04-08T02:58:36.637+0000] {logging_mixin.py:188} INFO - [2024-04-08T02:58:36.637+0000] {dag.py:3069} INFO - Creating ORM DAG for example_dag_decorator
[2024-04-08T02:58:36.638+0000] {logging_mixin.py:188} INFO - [2024-04-08T02:58:36.638+0000] {dag.py:3834} INFO - Setting next_dagrun for example_dag_decorator to None, run_after=None
[2024-04-08T02:58:36.659+0000] {processor.py:183} INFO - Processing /home/airflow/.local/lib/python3.8/site-packages/airflow/example_dags/example_dag_decorator.py took 0.452 seconds
[2024-04-08T02:59:07.456+0000] {processor.py:161} INFO - Started process (PID=551) to work on /home/airflow/.local/lib/python3.8/site-packages/airflow/example_dags/example_dag_decorator.py
[2024-04-08T02:59:07.457+0000] {processor.py:830} INFO - Processing file /home/airflow/.local/lib/python3.8/site-packages/airflow/example_dags/example_dag_decorator.py for tasks to queue
[2024-04-08T02:59:07.458+0000] {logging_mixin.py:188} INFO - [2024-04-08T02:59:07.458+0000] {dagbag.py:540} INFO - Filling up the DagBag from /home/airflow/.local/lib/python3.8/site-packages/airflow/example_dags/example_dag_decorator.py
[2024-04-08T02:59:07.569+0000] {processor.py:840} INFO - DAG(s) 'example_dag_decorator' retrieved from /home/airflow/.local/lib/python3.8/site-packages/airflow/example_dags/example_dag_decorator.py
[2024-04-08T02:59:07.716+0000] {logging_mixin.py:188} INFO - [2024-04-08T02:59:07.715+0000] {dag.py:3047} INFO - Sync 1 DAGs
[2024-04-08T02:59:07.731+0000] {logging_mixin.py:188} INFO - [2024-04-08T02:59:07.731+0000] {dag.py:3834} INFO - Setting next_dagrun for example_dag_decorator to None, run_after=None
[2024-04-08T02:59:07.769+0000] {processor.py:183} INFO - Processing /home/airflow/.local/lib/python3.8/site-packages/airflow/example_dags/example_dag_decorator.py took 0.316 seconds
[2024-04-08T02:59:38.687+0000] {processor.py:161} INFO - Started process (PID=803) to work on /home/airflow/.local/lib/python3.8/site-packages/airflow/example_dags/example_dag_decorator.py
[2024-04-08T02:59:38.689+0000] {processor.py:830} INFO - Processing file /home/airflow/.local/lib/python3.8/site-packages/airflow/example_dags/example_dag_decorator.py for tasks to queue
[2024-04-08T02:59:38.690+0000] {logging_mixin.py:188} INFO - [2024-04-08T02:59:38.690+0000] {dagbag.py:540} INFO - Filling up the DagBag from /home/airflow/.local/lib/python3.8/site-packages/airflow/example_dags/example_dag_decorator.py
[2024-04-08T02:59:38.808+0000] {processor.py:840} INFO - DAG(s) 'example_dag_decorator' retrieved from /home/airflow/.local/lib/python3.8/site-packages/airflow/example_dags/example_dag_decorator.py
[2024-04-08T02:59:38.931+0000] {logging_mixin.py:188} INFO - [2024-04-08T02:59:38.931+0000] {dag.py:3047} INFO - Sync 1 DAGs
[2024-04-08T02:59:38.943+0000] {logging_mixin.py:188} INFO - [2024-04-08T02:59:38.943+0000] {dag.py:3834} INFO - Setting next_dagrun for example_dag_decorator to None, run_after=None
[2024-04-08T02:59:38.966+0000] {processor.py:183} INFO - Processing /home/airflow/.local/lib/python3.8/site-packages/airflow/example_dags/example_dag_decorator.py took 0.283 seconds
[2024-04-08T03:00:09.140+0000] {processor.py:161} INFO - Started process (PID=1059) to work on /home/airflow/.local/lib/python3.8/site-packages/airflow/example_dags/example_dag_decorator.py
[2024-04-08T03:00:09.141+0000] {processor.py:830} INFO - Processing file /home/airflow/.local/lib/python3.8/site-packages/airflow/example_dags/example_dag_decorator.py for tasks to queue
[2024-04-08T03:00:09.142+0000] {logging_mixin.py:188} INFO - [2024-04-08T03:00:09.141+0000] {dagbag.py:540} INFO - Filling up the DagBag from /home/airflow/.local/lib/python3.8/site-packages/airflow/example_dags/example_dag_decorator.py
[2024-04-08T03:00:09.319+0000] {processor.py:840} INFO - DAG(s) 'example_dag_decorator' retrieved from /home/airflow/.local/lib/python3.8/site-packages/airflow/example_dags/example_dag_decorator.py
[2024-04-08T03:00:09.441+0000] {logging_mixin.py:188} INFO - [2024-04-08T03:00:09.440+0000] {dag.py:3047} INFO - Sync 1 DAGs
[2024-04-08T03:00:09.452+0000] {logging_mixin.py:188} INFO - [2024-04-08T03:00:09.452+0000] {dag.py:3834} INFO - Setting next_dagrun for example_dag_decorator to None, run_after=None
[2024-04-08T03:00:09.477+0000] {processor.py:183} INFO - Processing /home/airflow/.local/lib/python3.8/site-packages/airflow/example_dags/example_dag_decorator.py took 0.342 seconds
[2024-04-08T03:00:39.615+0000] {processor.py:161} INFO - Started process (PID=1297) to work on /home/airflow/.local/lib/python3.8/site-packages/airflow/example_dags/example_dag_decorator.py
[2024-04-08T03:00:39.616+0000] {processor.py:830} INFO - Processing file /home/airflow/.local/lib/python3.8/site-packages/airflow/example_dags/example_dag_decorator.py for tasks to queue
[2024-04-08T03:00:39.617+0000] {logging_mixin.py:188} INFO - [2024-04-08T03:00:39.617+0000] {dagbag.py:540} INFO - Filling up the DagBag from /home/airflow/.local/lib/python3.8/site-packages/airflow/example_dags/example_dag_decorator.py
[2024-04-08T03:00:39.803+0000] {processor.py:840} INFO - DAG(s) 'example_dag_decorator' retrieved from /home/airflow/.local/lib/python3.8/site-packages/airflow/example_dags/example_dag_decorator.py
[2024-04-08T03:00:40.022+0000] {logging_mixin.py:188} INFO - [2024-04-08T03:00:40.021+0000] {dag.py:3047} INFO - Sync 1 DAGs
[2024-04-08T03:00:40.056+0000] {logging_mixin.py:188} INFO - [2024-04-08T03:00:40.056+0000] {dag.py:3834} INFO - Setting next_dagrun for example_dag_decorator to None, run_after=None
[2024-04-08T03:00:40.096+0000] {processor.py:183} INFO - Processing /home/airflow/.local/lib/python3.8/site-packages/airflow/example_dags/example_dag_decorator.py took 0.484 seconds
[2024-04-08T03:01:10.403+0000] {processor.py:161} INFO - Started process (PID=1544) to work on /home/airflow/.local/lib/python3.8/site-packages/airflow/example_dags/example_dag_decorator.py
[2024-04-08T03:01:10.404+0000] {processor.py:830} INFO - Processing file /home/airflow/.local/lib/python3.8/site-packages/airflow/example_dags/example_dag_decorator.py for tasks to queue
[2024-04-08T03:01:10.406+0000] {logging_mixin.py:188} INFO - [2024-04-08T03:01:10.405+0000] {dagbag.py:540} INFO - Filling up the DagBag from /home/airflow/.local/lib/python3.8/site-packages/airflow/example_dags/example_dag_decorator.py
[2024-04-08T03:01:10.526+0000] {processor.py:840} INFO - DAG(s) 'example_dag_decorator' retrieved from /home/airflow/.local/lib/python3.8/site-packages/airflow/example_dags/example_dag_decorator.py
[2024-04-08T03:01:10.647+0000] {logging_mixin.py:188} INFO - [2024-04-08T03:01:10.647+0000] {dag.py:3047} INFO - Sync 1 DAGs
[2024-04-08T03:01:10.659+0000] {logging_mixin.py:188} INFO - [2024-04-08T03:01:10.659+0000] {dag.py:3834} INFO - Setting next_dagrun for example_dag_decorator to None, run_after=None
[2024-04-08T03:01:10.685+0000] {processor.py:183} INFO - Processing /home/airflow/.local/lib/python3.8/site-packages/airflow/example_dags/example_dag_decorator.py took 0.285 seconds
[2024-04-08T03:01:40.958+0000] {processor.py:161} INFO - Started process (PID=1791) to work on /home/airflow/.local/lib/python3.8/site-packages/airflow/example_dags/example_dag_decorator.py
[2024-04-08T03:01:40.959+0000] {processor.py:830} INFO - Processing file /home/airflow/.local/lib/python3.8/site-packages/airflow/example_dags/example_dag_decorator.py for tasks to queue
[2024-04-08T03:01:40.960+0000] {logging_mixin.py:188} INFO - [2024-04-08T03:01:40.959+0000] {dagbag.py:540} INFO - Filling up the DagBag from /home/airflow/.local/lib/python3.8/site-packages/airflow/example_dags/example_dag_decorator.py
[2024-04-08T03:01:41.076+0000] {processor.py:840} INFO - DAG(s) 'example_dag_decorator' retrieved from /home/airflow/.local/lib/python3.8/site-packages/airflow/example_dags/example_dag_decorator.py
[2024-04-08T03:01:41.196+0000] {logging_mixin.py:188} INFO - [2024-04-08T03:01:41.196+0000] {dag.py:3047} INFO - Sync 1 DAGs
[2024-04-08T03:01:41.208+0000] {logging_mixin.py:188} INFO - [2024-04-08T03:01:41.208+0000] {dag.py:3834} INFO - Setting next_dagrun for example_dag_decorator to None, run_after=None
[2024-04-08T03:01:41.236+0000] {processor.py:183} INFO - Processing /home/airflow/.local/lib/python3.8/site-packages/airflow/example_dags/example_dag_decorator.py took 0.281 seconds
[2024-04-08T03:02:11.339+0000] {processor.py:161} INFO - Started process (PID=2038) to work on /home/airflow/.local/lib/python3.8/site-packages/airflow/example_dags/example_dag_decorator.py
[2024-04-08T03:02:11.341+0000] {processor.py:830} INFO - Processing file /home/airflow/.local/lib/python3.8/site-packages/airflow/example_dags/example_dag_decorator.py for tasks to queue
[2024-04-08T03:02:11.342+0000] {logging_mixin.py:188} INFO - [2024-04-08T03:02:11.341+0000] {dagbag.py:540} INFO - Filling up the DagBag from /home/airflow/.local/lib/python3.8/site-packages/airflow/example_dags/example_dag_decorator.py
[2024-04-08T03:02:11.468+0000] {processor.py:840} INFO - DAG(s) 'example_dag_decorator' retrieved from /home/airflow/.local/lib/python3.8/site-packages/airflow/example_dags/example_dag_decorator.py
[2024-04-08T03:02:11.626+0000] {logging_mixin.py:188} INFO - [2024-04-08T03:02:11.626+0000] {dag.py:3047} INFO - Sync 1 DAGs
[2024-04-08T03:02:11.643+0000] {logging_mixin.py:188} INFO - [2024-04-08T03:02:11.642+0000] {dag.py:3834} INFO - Setting next_dagrun for example_dag_decorator to None, run_after=None
[2024-04-08T03:02:11.684+0000] {processor.py:183} INFO - Processing /home/airflow/.local/lib/python3.8/site-packages/airflow/example_dags/example_dag_decorator.py took 0.348 seconds
[2024-04-08T03:02:42.111+0000] {processor.py:161} INFO - Started process (PID=2286) to work on /home/airflow/.local/lib/python3.8/site-packages/airflow/example_dags/example_dag_decorator.py
[2024-04-08T03:02:42.112+0000] {processor.py:830} INFO - Processing file /home/airflow/.local/lib/python3.8/site-packages/airflow/example_dags/example_dag_decorator.py for tasks to queue
[2024-04-08T03:02:42.113+0000] {logging_mixin.py:188} INFO - [2024-04-08T03:02:42.113+0000] {dagbag.py:540} INFO - Filling up the DagBag from /home/airflow/.local/lib/python3.8/site-packages/airflow/example_dags/example_dag_decorator.py
[2024-04-08T03:02:42.266+0000] {processor.py:840} INFO - DAG(s) 'example_dag_decorator' retrieved from /home/airflow/.local/lib/python3.8/site-packages/airflow/example_dags/example_dag_decorator.py
[2024-04-08T03:02:42.396+0000] {logging_mixin.py:188} INFO - [2024-04-08T03:02:42.395+0000] {dag.py:3047} INFO - Sync 1 DAGs
[2024-04-08T03:02:42.408+0000] {logging_mixin.py:188} INFO - [2024-04-08T03:02:42.408+0000] {dag.py:3834} INFO - Setting next_dagrun for example_dag_decorator to None, run_after=None
[2024-04-08T03:02:42.430+0000] {processor.py:183} INFO - Processing /home/airflow/.local/lib/python3.8/site-packages/airflow/example_dags/example_dag_decorator.py took 0.322 seconds
[2024-04-08T03:03:12.519+0000] {processor.py:161} INFO - Started process (PID=2534) to work on /home/airflow/.local/lib/python3.8/site-packages/airflow/example_dags/example_dag_decorator.py
[2024-04-08T03:03:12.521+0000] {processor.py:830} INFO - Processing file /home/airflow/.local/lib/python3.8/site-packages/airflow/example_dags/example_dag_decorator.py for tasks to queue
[2024-04-08T03:03:12.522+0000] {logging_mixin.py:188} INFO - [2024-04-08T03:03:12.521+0000] {dagbag.py:540} INFO - Filling up the DagBag from /home/airflow/.local/lib/python3.8/site-packages/airflow/example_dags/example_dag_decorator.py
[2024-04-08T03:03:12.635+0000] {processor.py:840} INFO - DAG(s) 'example_dag_decorator' retrieved from /home/airflow/.local/lib/python3.8/site-packages/airflow/example_dags/example_dag_decorator.py
[2024-04-08T03:03:12.797+0000] {logging_mixin.py:188} INFO - [2024-04-08T03:03:12.796+0000] {dag.py:3047} INFO - Sync 1 DAGs
[2024-04-08T03:03:12.809+0000] {logging_mixin.py:188} INFO - [2024-04-08T03:03:12.809+0000] {dag.py:3834} INFO - Setting next_dagrun for example_dag_decorator to None, run_after=None
[2024-04-08T03:03:12.832+0000] {processor.py:183} INFO - Processing /home/airflow/.local/lib/python3.8/site-packages/airflow/example_dags/example_dag_decorator.py took 0.316 seconds
[2024-04-08T03:03:42.929+0000] {processor.py:161} INFO - Started process (PID=2782) to work on /home/airflow/.local/lib/python3.8/site-packages/airflow/example_dags/example_dag_decorator.py
[2024-04-08T03:03:42.930+0000] {processor.py:830} INFO - Processing file /home/airflow/.local/lib/python3.8/site-packages/airflow/example_dags/example_dag_decorator.py for tasks to queue
[2024-04-08T03:03:42.931+0000] {logging_mixin.py:188} INFO - [2024-04-08T03:03:42.931+0000] {dagbag.py:540} INFO - Filling up the DagBag from /home/airflow/.local/lib/python3.8/site-packages/airflow/example_dags/example_dag_decorator.py
[2024-04-08T03:03:43.047+0000] {processor.py:840} INFO - DAG(s) 'example_dag_decorator' retrieved from /home/airflow/.local/lib/python3.8/site-packages/airflow/example_dags/example_dag_decorator.py
[2024-04-08T03:03:43.276+0000] {logging_mixin.py:188} INFO - [2024-04-08T03:03:43.276+0000] {dag.py:3047} INFO - Sync 1 DAGs
[2024-04-08T03:03:43.287+0000] {logging_mixin.py:188} INFO - [2024-04-08T03:03:43.287+0000] {dag.py:3834} INFO - Setting next_dagrun for example_dag_decorator to None, run_after=None
[2024-04-08T03:03:43.336+0000] {processor.py:183} INFO - Processing /home/airflow/.local/lib/python3.8/site-packages/airflow/example_dags/example_dag_decorator.py took 0.410 seconds
[2024-04-08T03:04:13.409+0000] {processor.py:161} INFO - Started process (PID=3037) to work on /home/airflow/.local/lib/python3.8/site-packages/airflow/example_dags/example_dag_decorator.py
[2024-04-08T03:04:13.412+0000] {processor.py:830} INFO - Processing file /home/airflow/.local/lib/python3.8/site-packages/airflow/example_dags/example_dag_decorator.py for tasks to queue
[2024-04-08T03:04:13.413+0000] {logging_mixin.py:188} INFO - [2024-04-08T03:04:13.413+0000] {dagbag.py:540} INFO - Filling up the DagBag from /home/airflow/.local/lib/python3.8/site-packages/airflow/example_dags/example_dag_decorator.py
[2024-04-08T03:04:13.571+0000] {processor.py:840} INFO - DAG(s) 'example_dag_decorator' retrieved from /home/airflow/.local/lib/python3.8/site-packages/airflow/example_dags/example_dag_decorator.py
[2024-04-08T03:04:13.717+0000] {logging_mixin.py:188} INFO - [2024-04-08T03:04:13.716+0000] {dag.py:3047} INFO - Sync 1 DAGs
[2024-04-08T03:04:13.747+0000] {logging_mixin.py:188} INFO - [2024-04-08T03:04:13.747+0000] {dag.py:3834} INFO - Setting next_dagrun for example_dag_decorator to None, run_after=None
[2024-04-08T03:04:13.862+0000] {processor.py:183} INFO - Processing /home/airflow/.local/lib/python3.8/site-packages/airflow/example_dags/example_dag_decorator.py took 0.458 seconds
[2024-04-08T03:04:43.894+0000] {processor.py:161} INFO - Started process (PID=3276) to work on /home/airflow/.local/lib/python3.8/site-packages/airflow/example_dags/example_dag_decorator.py
[2024-04-08T03:04:43.895+0000] {processor.py:830} INFO - Processing file /home/airflow/.local/lib/python3.8/site-packages/airflow/example_dags/example_dag_decorator.py for tasks to queue
[2024-04-08T03:04:43.896+0000] {logging_mixin.py:188} INFO - [2024-04-08T03:04:43.896+0000] {dagbag.py:540} INFO - Filling up the DagBag from /home/airflow/.local/lib/python3.8/site-packages/airflow/example_dags/example_dag_decorator.py
[2024-04-08T03:04:44.024+0000] {processor.py:840} INFO - DAG(s) 'example_dag_decorator' retrieved from /home/airflow/.local/lib/python3.8/site-packages/airflow/example_dags/example_dag_decorator.py
[2024-04-08T03:04:44.107+0000] {logging_mixin.py:188} INFO - [2024-04-08T03:04:44.107+0000] {dag.py:3047} INFO - Sync 1 DAGs
[2024-04-08T03:04:44.116+0000] {logging_mixin.py:188} INFO - [2024-04-08T03:04:44.116+0000] {dag.py:3834} INFO - Setting next_dagrun for example_dag_decorator to None, run_after=None
[2024-04-08T03:04:44.234+0000] {processor.py:183} INFO - Processing /home/airflow/.local/lib/python3.8/site-packages/airflow/example_dags/example_dag_decorator.py took 0.343 seconds
[2024-04-08T03:05:14.348+0000] {processor.py:161} INFO - Started process (PID=3523) to work on /home/airflow/.local/lib/python3.8/site-packages/airflow/example_dags/example_dag_decorator.py
[2024-04-08T03:05:14.349+0000] {processor.py:830} INFO - Processing file /home/airflow/.local/lib/python3.8/site-packages/airflow/example_dags/example_dag_decorator.py for tasks to queue
[2024-04-08T03:05:14.350+0000] {logging_mixin.py:188} INFO - [2024-04-08T03:05:14.350+0000] {dagbag.py:540} INFO - Filling up the DagBag from /home/airflow/.local/lib/python3.8/site-packages/airflow/example_dags/example_dag_decorator.py
[2024-04-08T03:05:14.458+0000] {processor.py:840} INFO - DAG(s) 'example_dag_decorator' retrieved from /home/airflow/.local/lib/python3.8/site-packages/airflow/example_dags/example_dag_decorator.py
[2024-04-08T03:05:14.581+0000] {logging_mixin.py:188} INFO - [2024-04-08T03:05:14.581+0000] {dag.py:3047} INFO - Sync 1 DAGs
[2024-04-08T03:05:14.589+0000] {logging_mixin.py:188} INFO - [2024-04-08T03:05:14.589+0000] {dag.py:3834} INFO - Setting next_dagrun for example_dag_decorator to None, run_after=None
[2024-04-08T03:05:14.760+0000] {processor.py:183} INFO - Processing /home/airflow/.local/lib/python3.8/site-packages/airflow/example_dags/example_dag_decorator.py took 0.415 seconds
[2024-04-08T03:05:44.908+0000] {processor.py:161} INFO - Started process (PID=3780) to work on /home/airflow/.local/lib/python3.8/site-packages/airflow/example_dags/example_dag_decorator.py
[2024-04-08T03:05:44.908+0000] {processor.py:830} INFO - Processing file /home/airflow/.local/lib/python3.8/site-packages/airflow/example_dags/example_dag_decorator.py for tasks to queue
[2024-04-08T03:05:44.909+0000] {logging_mixin.py:188} INFO - [2024-04-08T03:05:44.909+0000] {dagbag.py:540} INFO - Filling up the DagBag from /home/airflow/.local/lib/python3.8/site-packages/airflow/example_dags/example_dag_decorator.py
[2024-04-08T03:05:44.983+0000] {processor.py:840} INFO - DAG(s) 'example_dag_decorator' retrieved from /home/airflow/.local/lib/python3.8/site-packages/airflow/example_dags/example_dag_decorator.py
[2024-04-08T03:05:45.071+0000] {logging_mixin.py:188} INFO - [2024-04-08T03:05:45.070+0000] {dag.py:3047} INFO - Sync 1 DAGs
[2024-04-08T03:05:45.079+0000] {logging_mixin.py:188} INFO - [2024-04-08T03:05:45.079+0000] {dag.py:3834} INFO - Setting next_dagrun for example_dag_decorator to None, run_after=None
[2024-04-08T03:05:45.102+0000] {processor.py:183} INFO - Processing /home/airflow/.local/lib/python3.8/site-packages/airflow/example_dags/example_dag_decorator.py took 0.196 seconds
