[2024-04-08T02:58:37.380+0000] {processor.py:161} INFO - Started process (PID=337) to work on /home/airflow/.local/lib/python3.8/site-packages/airflow/example_dags/example_external_task_marker_dag.py
[2024-04-08T02:58:37.381+0000] {processor.py:830} INFO - Processing file /home/airflow/.local/lib/python3.8/site-packages/airflow/example_dags/example_external_task_marker_dag.py for tasks to queue
[2024-04-08T02:58:37.383+0000] {logging_mixin.py:188} INFO - [2024-04-08T02:58:37.382+0000] {dagbag.py:540} INFO - Filling up the DagBag from /home/airflow/.local/lib/python3.8/site-packages/airflow/example_dags/example_external_task_marker_dag.py
[2024-04-08T02:58:37.395+0000] {processor.py:840} INFO - DAG(s) 'example_external_task_marker_parent', 'example_external_task_marker_child' retrieved from /home/airflow/.local/lib/python3.8/site-packages/airflow/example_dags/example_external_task_marker_dag.py
[2024-04-08T02:58:37.578+0000] {logging_mixin.py:188} INFO - [2024-04-08T02:58:37.578+0000] {override.py:1769} INFO - Created Permission View: can read on DAG:example_external_task_marker_parent
[2024-04-08T02:58:37.601+0000] {logging_mixin.py:188} INFO - [2024-04-08T02:58:37.600+0000] {override.py:1769} INFO - Created Permission View: can delete on DAG:example_external_task_marker_parent
[2024-04-08T02:58:37.617+0000] {logging_mixin.py:188} INFO - [2024-04-08T02:58:37.617+0000] {override.py:1769} INFO - Created Permission View: can edit on DAG:example_external_task_marker_parent
[2024-04-08T02:58:37.660+0000] {logging_mixin.py:188} INFO - [2024-04-08T02:58:37.660+0000] {override.py:1769} INFO - Created Permission View: can read on DAG:example_external_task_marker_child
[2024-04-08T02:58:37.672+0000] {logging_mixin.py:188} INFO - [2024-04-08T02:58:37.672+0000] {override.py:1769} INFO - Created Permission View: can delete on DAG:example_external_task_marker_child
[2024-04-08T02:58:37.684+0000] {logging_mixin.py:188} INFO - [2024-04-08T02:58:37.683+0000] {override.py:1769} INFO - Created Permission View: can edit on DAG:example_external_task_marker_child
[2024-04-08T02:58:37.685+0000] {logging_mixin.py:188} INFO - [2024-04-08T02:58:37.684+0000] {dag.py:3047} INFO - Sync 2 DAGs
[2024-04-08T02:58:37.699+0000] {logging_mixin.py:188} INFO - [2024-04-08T02:58:37.699+0000] {dag.py:3069} INFO - Creating ORM DAG for example_external_task_marker_child
[2024-04-08T02:58:37.700+0000] {logging_mixin.py:188} INFO - [2024-04-08T02:58:37.700+0000] {dag.py:3069} INFO - Creating ORM DAG for example_external_task_marker_parent
[2024-04-08T02:58:37.701+0000] {logging_mixin.py:188} INFO - [2024-04-08T02:58:37.701+0000] {dag.py:3834} INFO - Setting next_dagrun for example_external_task_marker_child to None, run_after=None
[2024-04-08T02:58:37.702+0000] {logging_mixin.py:188} INFO - [2024-04-08T02:58:37.702+0000] {dag.py:3834} INFO - Setting next_dagrun for example_external_task_marker_parent to None, run_after=None
[2024-04-08T02:58:37.728+0000] {processor.py:183} INFO - Processing /home/airflow/.local/lib/python3.8/site-packages/airflow/example_dags/example_external_task_marker_dag.py took 0.352 seconds
[2024-04-08T02:59:08.047+0000] {processor.py:161} INFO - Started process (PID=584) to work on /home/airflow/.local/lib/python3.8/site-packages/airflow/example_dags/example_external_task_marker_dag.py
[2024-04-08T02:59:08.048+0000] {processor.py:830} INFO - Processing file /home/airflow/.local/lib/python3.8/site-packages/airflow/example_dags/example_external_task_marker_dag.py for tasks to queue
[2024-04-08T02:59:08.056+0000] {logging_mixin.py:188} INFO - [2024-04-08T02:59:08.049+0000] {dagbag.py:540} INFO - Filling up the DagBag from /home/airflow/.local/lib/python3.8/site-packages/airflow/example_dags/example_external_task_marker_dag.py
[2024-04-08T02:59:08.065+0000] {processor.py:840} INFO - DAG(s) 'example_external_task_marker_parent', 'example_external_task_marker_child' retrieved from /home/airflow/.local/lib/python3.8/site-packages/airflow/example_dags/example_external_task_marker_dag.py
[2024-04-08T02:59:08.124+0000] {logging_mixin.py:188} INFO - [2024-04-08T02:59:08.123+0000] {dag.py:3047} INFO - Sync 2 DAGs
[2024-04-08T02:59:08.157+0000] {logging_mixin.py:188} INFO - [2024-04-08T02:59:08.157+0000] {dag.py:3834} INFO - Setting next_dagrun for example_external_task_marker_child to None, run_after=None
[2024-04-08T02:59:08.194+0000] {logging_mixin.py:188} INFO - [2024-04-08T02:59:08.194+0000] {dag.py:3834} INFO - Setting next_dagrun for example_external_task_marker_parent to None, run_after=None
[2024-04-08T02:59:08.238+0000] {processor.py:183} INFO - Processing /home/airflow/.local/lib/python3.8/site-packages/airflow/example_dags/example_external_task_marker_dag.py took 0.194 seconds
[2024-04-08T02:59:39.125+0000] {processor.py:161} INFO - Started process (PID=831) to work on /home/airflow/.local/lib/python3.8/site-packages/airflow/example_dags/example_external_task_marker_dag.py
[2024-04-08T02:59:39.126+0000] {processor.py:830} INFO - Processing file /home/airflow/.local/lib/python3.8/site-packages/airflow/example_dags/example_external_task_marker_dag.py for tasks to queue
[2024-04-08T02:59:39.127+0000] {logging_mixin.py:188} INFO - [2024-04-08T02:59:39.126+0000] {dagbag.py:540} INFO - Filling up the DagBag from /home/airflow/.local/lib/python3.8/site-packages/airflow/example_dags/example_external_task_marker_dag.py
[2024-04-08T02:59:39.133+0000] {processor.py:840} INFO - DAG(s) 'example_external_task_marker_child', 'example_external_task_marker_parent' retrieved from /home/airflow/.local/lib/python3.8/site-packages/airflow/example_dags/example_external_task_marker_dag.py
[2024-04-08T02:59:39.161+0000] {logging_mixin.py:188} INFO - [2024-04-08T02:59:39.161+0000] {dag.py:3047} INFO - Sync 2 DAGs
[2024-04-08T02:59:39.177+0000] {logging_mixin.py:188} INFO - [2024-04-08T02:59:39.177+0000] {dag.py:3834} INFO - Setting next_dagrun for example_external_task_marker_child to None, run_after=None
[2024-04-08T02:59:39.181+0000] {logging_mixin.py:188} INFO - [2024-04-08T02:59:39.181+0000] {dag.py:3834} INFO - Setting next_dagrun for example_external_task_marker_parent to None, run_after=None
[2024-04-08T02:59:39.203+0000] {processor.py:183} INFO - Processing /home/airflow/.local/lib/python3.8/site-packages/airflow/example_dags/example_external_task_marker_dag.py took 0.082 seconds
[2024-04-08T03:00:09.518+0000] {processor.py:161} INFO - Started process (PID=1078) to work on /home/airflow/.local/lib/python3.8/site-packages/airflow/example_dags/example_external_task_marker_dag.py
[2024-04-08T03:00:09.519+0000] {processor.py:830} INFO - Processing file /home/airflow/.local/lib/python3.8/site-packages/airflow/example_dags/example_external_task_marker_dag.py for tasks to queue
[2024-04-08T03:00:09.520+0000] {logging_mixin.py:188} INFO - [2024-04-08T03:00:09.519+0000] {dagbag.py:540} INFO - Filling up the DagBag from /home/airflow/.local/lib/python3.8/site-packages/airflow/example_dags/example_external_task_marker_dag.py
[2024-04-08T03:00:09.536+0000] {processor.py:840} INFO - DAG(s) 'example_external_task_marker_parent', 'example_external_task_marker_child' retrieved from /home/airflow/.local/lib/python3.8/site-packages/airflow/example_dags/example_external_task_marker_dag.py
[2024-04-08T03:00:09.563+0000] {logging_mixin.py:188} INFO - [2024-04-08T03:00:09.563+0000] {dag.py:3047} INFO - Sync 2 DAGs
[2024-04-08T03:00:09.577+0000] {logging_mixin.py:188} INFO - [2024-04-08T03:00:09.577+0000] {dag.py:3834} INFO - Setting next_dagrun for example_external_task_marker_child to None, run_after=None
[2024-04-08T03:00:09.581+0000] {logging_mixin.py:188} INFO - [2024-04-08T03:00:09.581+0000] {dag.py:3834} INFO - Setting next_dagrun for example_external_task_marker_parent to None, run_after=None
[2024-04-08T03:00:09.603+0000] {processor.py:183} INFO - Processing /home/airflow/.local/lib/python3.8/site-packages/airflow/example_dags/example_external_task_marker_dag.py took 0.092 seconds
[2024-04-08T03:00:40.266+0000] {processor.py:161} INFO - Started process (PID=1325) to work on /home/airflow/.local/lib/python3.8/site-packages/airflow/example_dags/example_external_task_marker_dag.py
[2024-04-08T03:00:40.268+0000] {processor.py:830} INFO - Processing file /home/airflow/.local/lib/python3.8/site-packages/airflow/example_dags/example_external_task_marker_dag.py for tasks to queue
[2024-04-08T03:00:40.269+0000] {logging_mixin.py:188} INFO - [2024-04-08T03:00:40.268+0000] {dagbag.py:540} INFO - Filling up the DagBag from /home/airflow/.local/lib/python3.8/site-packages/airflow/example_dags/example_external_task_marker_dag.py
[2024-04-08T03:00:40.276+0000] {processor.py:840} INFO - DAG(s) 'example_external_task_marker_parent', 'example_external_task_marker_child' retrieved from /home/airflow/.local/lib/python3.8/site-packages/airflow/example_dags/example_external_task_marker_dag.py
[2024-04-08T03:00:40.300+0000] {logging_mixin.py:188} INFO - [2024-04-08T03:00:40.300+0000] {dag.py:3047} INFO - Sync 2 DAGs
[2024-04-08T03:00:40.314+0000] {logging_mixin.py:188} INFO - [2024-04-08T03:00:40.314+0000] {dag.py:3834} INFO - Setting next_dagrun for example_external_task_marker_child to None, run_after=None
[2024-04-08T03:00:40.318+0000] {logging_mixin.py:188} INFO - [2024-04-08T03:00:40.318+0000] {dag.py:3834} INFO - Setting next_dagrun for example_external_task_marker_parent to None, run_after=None
[2024-04-08T03:00:40.341+0000] {processor.py:183} INFO - Processing /home/airflow/.local/lib/python3.8/site-packages/airflow/example_dags/example_external_task_marker_dag.py took 0.078 seconds
[2024-04-08T03:01:10.830+0000] {processor.py:161} INFO - Started process (PID=1572) to work on /home/airflow/.local/lib/python3.8/site-packages/airflow/example_dags/example_external_task_marker_dag.py
[2024-04-08T03:01:10.831+0000] {processor.py:830} INFO - Processing file /home/airflow/.local/lib/python3.8/site-packages/airflow/example_dags/example_external_task_marker_dag.py for tasks to queue
[2024-04-08T03:01:10.832+0000] {logging_mixin.py:188} INFO - [2024-04-08T03:01:10.832+0000] {dagbag.py:540} INFO - Filling up the DagBag from /home/airflow/.local/lib/python3.8/site-packages/airflow/example_dags/example_external_task_marker_dag.py
[2024-04-08T03:01:10.839+0000] {processor.py:840} INFO - DAG(s) 'example_external_task_marker_child', 'example_external_task_marker_parent' retrieved from /home/airflow/.local/lib/python3.8/site-packages/airflow/example_dags/example_external_task_marker_dag.py
[2024-04-08T03:01:10.870+0000] {logging_mixin.py:188} INFO - [2024-04-08T03:01:10.870+0000] {dag.py:3047} INFO - Sync 2 DAGs
[2024-04-08T03:01:10.882+0000] {logging_mixin.py:188} INFO - [2024-04-08T03:01:10.882+0000] {dag.py:3834} INFO - Setting next_dagrun for example_external_task_marker_child to None, run_after=None
[2024-04-08T03:01:10.885+0000] {logging_mixin.py:188} INFO - [2024-04-08T03:01:10.885+0000] {dag.py:3834} INFO - Setting next_dagrun for example_external_task_marker_parent to None, run_after=None
[2024-04-08T03:01:10.907+0000] {processor.py:183} INFO - Processing /home/airflow/.local/lib/python3.8/site-packages/airflow/example_dags/example_external_task_marker_dag.py took 0.080 seconds
[2024-04-08T03:01:41.371+0000] {processor.py:161} INFO - Started process (PID=1819) to work on /home/airflow/.local/lib/python3.8/site-packages/airflow/example_dags/example_external_task_marker_dag.py
[2024-04-08T03:01:41.372+0000] {processor.py:830} INFO - Processing file /home/airflow/.local/lib/python3.8/site-packages/airflow/example_dags/example_external_task_marker_dag.py for tasks to queue
[2024-04-08T03:01:41.373+0000] {logging_mixin.py:188} INFO - [2024-04-08T03:01:41.372+0000] {dagbag.py:540} INFO - Filling up the DagBag from /home/airflow/.local/lib/python3.8/site-packages/airflow/example_dags/example_external_task_marker_dag.py
[2024-04-08T03:01:41.379+0000] {processor.py:840} INFO - DAG(s) 'example_external_task_marker_child', 'example_external_task_marker_parent' retrieved from /home/airflow/.local/lib/python3.8/site-packages/airflow/example_dags/example_external_task_marker_dag.py
[2024-04-08T03:01:41.405+0000] {logging_mixin.py:188} INFO - [2024-04-08T03:01:41.405+0000] {dag.py:3047} INFO - Sync 2 DAGs
[2024-04-08T03:01:41.418+0000] {logging_mixin.py:188} INFO - [2024-04-08T03:01:41.418+0000] {dag.py:3834} INFO - Setting next_dagrun for example_external_task_marker_child to None, run_after=None
[2024-04-08T03:01:41.422+0000] {logging_mixin.py:188} INFO - [2024-04-08T03:01:41.422+0000] {dag.py:3834} INFO - Setting next_dagrun for example_external_task_marker_parent to None, run_after=None
[2024-04-08T03:01:41.447+0000] {processor.py:183} INFO - Processing /home/airflow/.local/lib/python3.8/site-packages/airflow/example_dags/example_external_task_marker_dag.py took 0.079 seconds
[2024-04-08T03:02:11.865+0000] {processor.py:161} INFO - Started process (PID=2066) to work on /home/airflow/.local/lib/python3.8/site-packages/airflow/example_dags/example_external_task_marker_dag.py
[2024-04-08T03:02:11.866+0000] {processor.py:830} INFO - Processing file /home/airflow/.local/lib/python3.8/site-packages/airflow/example_dags/example_external_task_marker_dag.py for tasks to queue
[2024-04-08T03:02:11.867+0000] {logging_mixin.py:188} INFO - [2024-04-08T03:02:11.867+0000] {dagbag.py:540} INFO - Filling up the DagBag from /home/airflow/.local/lib/python3.8/site-packages/airflow/example_dags/example_external_task_marker_dag.py
[2024-04-08T03:02:11.875+0000] {processor.py:840} INFO - DAG(s) 'example_external_task_marker_child', 'example_external_task_marker_parent' retrieved from /home/airflow/.local/lib/python3.8/site-packages/airflow/example_dags/example_external_task_marker_dag.py
[2024-04-08T03:02:11.903+0000] {logging_mixin.py:188} INFO - [2024-04-08T03:02:11.902+0000] {dag.py:3047} INFO - Sync 2 DAGs
[2024-04-08T03:02:11.928+0000] {logging_mixin.py:188} INFO - [2024-04-08T03:02:11.928+0000] {dag.py:3834} INFO - Setting next_dagrun for example_external_task_marker_child to None, run_after=None
[2024-04-08T03:02:11.943+0000] {logging_mixin.py:188} INFO - [2024-04-08T03:02:11.943+0000] {dag.py:3834} INFO - Setting next_dagrun for example_external_task_marker_parent to None, run_after=None
[2024-04-08T03:02:11.978+0000] {processor.py:183} INFO - Processing /home/airflow/.local/lib/python3.8/site-packages/airflow/example_dags/example_external_task_marker_dag.py took 0.116 seconds
[2024-04-08T03:02:42.576+0000] {processor.py:161} INFO - Started process (PID=2314) to work on /home/airflow/.local/lib/python3.8/site-packages/airflow/example_dags/example_external_task_marker_dag.py
[2024-04-08T03:02:42.577+0000] {processor.py:830} INFO - Processing file /home/airflow/.local/lib/python3.8/site-packages/airflow/example_dags/example_external_task_marker_dag.py for tasks to queue
[2024-04-08T03:02:42.578+0000] {logging_mixin.py:188} INFO - [2024-04-08T03:02:42.577+0000] {dagbag.py:540} INFO - Filling up the DagBag from /home/airflow/.local/lib/python3.8/site-packages/airflow/example_dags/example_external_task_marker_dag.py
[2024-04-08T03:02:42.584+0000] {processor.py:840} INFO - DAG(s) 'example_external_task_marker_child', 'example_external_task_marker_parent' retrieved from /home/airflow/.local/lib/python3.8/site-packages/airflow/example_dags/example_external_task_marker_dag.py
[2024-04-08T03:02:42.611+0000] {logging_mixin.py:188} INFO - [2024-04-08T03:02:42.611+0000] {dag.py:3047} INFO - Sync 2 DAGs
[2024-04-08T03:02:42.644+0000] {logging_mixin.py:188} INFO - [2024-04-08T03:02:42.644+0000] {dag.py:3834} INFO - Setting next_dagrun for example_external_task_marker_child to None, run_after=None
[2024-04-08T03:02:42.653+0000] {logging_mixin.py:188} INFO - [2024-04-08T03:02:42.653+0000] {dag.py:3834} INFO - Setting next_dagrun for example_external_task_marker_parent to None, run_after=None
[2024-04-08T03:02:42.680+0000] {processor.py:183} INFO - Processing /home/airflow/.local/lib/python3.8/site-packages/airflow/example_dags/example_external_task_marker_dag.py took 0.108 seconds
[2024-04-08T03:03:13.027+0000] {processor.py:161} INFO - Started process (PID=2562) to work on /home/airflow/.local/lib/python3.8/site-packages/airflow/example_dags/example_external_task_marker_dag.py
[2024-04-08T03:03:13.029+0000] {processor.py:830} INFO - Processing file /home/airflow/.local/lib/python3.8/site-packages/airflow/example_dags/example_external_task_marker_dag.py for tasks to queue
[2024-04-08T03:03:13.030+0000] {logging_mixin.py:188} INFO - [2024-04-08T03:03:13.029+0000] {dagbag.py:540} INFO - Filling up the DagBag from /home/airflow/.local/lib/python3.8/site-packages/airflow/example_dags/example_external_task_marker_dag.py
[2024-04-08T03:03:13.036+0000] {processor.py:840} INFO - DAG(s) 'example_external_task_marker_child', 'example_external_task_marker_parent' retrieved from /home/airflow/.local/lib/python3.8/site-packages/airflow/example_dags/example_external_task_marker_dag.py
[2024-04-08T03:03:13.062+0000] {logging_mixin.py:188} INFO - [2024-04-08T03:03:13.062+0000] {dag.py:3047} INFO - Sync 2 DAGs
[2024-04-08T03:03:13.076+0000] {logging_mixin.py:188} INFO - [2024-04-08T03:03:13.076+0000] {dag.py:3834} INFO - Setting next_dagrun for example_external_task_marker_child to None, run_after=None
[2024-04-08T03:03:13.080+0000] {logging_mixin.py:188} INFO - [2024-04-08T03:03:13.080+0000] {dag.py:3834} INFO - Setting next_dagrun for example_external_task_marker_parent to None, run_after=None
[2024-04-08T03:03:13.102+0000] {processor.py:183} INFO - Processing /home/airflow/.local/lib/python3.8/site-packages/airflow/example_dags/example_external_task_marker_dag.py took 0.078 seconds
[2024-04-08T03:03:43.508+0000] {processor.py:161} INFO - Started process (PID=2810) to work on /home/airflow/.local/lib/python3.8/site-packages/airflow/example_dags/example_external_task_marker_dag.py
[2024-04-08T03:03:43.508+0000] {processor.py:830} INFO - Processing file /home/airflow/.local/lib/python3.8/site-packages/airflow/example_dags/example_external_task_marker_dag.py for tasks to queue
[2024-04-08T03:03:43.509+0000] {logging_mixin.py:188} INFO - [2024-04-08T03:03:43.509+0000] {dagbag.py:540} INFO - Filling up the DagBag from /home/airflow/.local/lib/python3.8/site-packages/airflow/example_dags/example_external_task_marker_dag.py
[2024-04-08T03:03:43.516+0000] {processor.py:840} INFO - DAG(s) 'example_external_task_marker_child', 'example_external_task_marker_parent' retrieved from /home/airflow/.local/lib/python3.8/site-packages/airflow/example_dags/example_external_task_marker_dag.py
[2024-04-08T03:03:43.549+0000] {logging_mixin.py:188} INFO - [2024-04-08T03:03:43.548+0000] {dag.py:3047} INFO - Sync 2 DAGs
[2024-04-08T03:03:43.576+0000] {logging_mixin.py:188} INFO - [2024-04-08T03:03:43.575+0000] {dag.py:3834} INFO - Setting next_dagrun for example_external_task_marker_child to None, run_after=None
[2024-04-08T03:03:43.583+0000] {logging_mixin.py:188} INFO - [2024-04-08T03:03:43.583+0000] {dag.py:3834} INFO - Setting next_dagrun for example_external_task_marker_parent to None, run_after=None
[2024-04-08T03:03:43.625+0000] {processor.py:183} INFO - Processing /home/airflow/.local/lib/python3.8/site-packages/airflow/example_dags/example_external_task_marker_dag.py took 0.121 seconds
[2024-04-08T03:04:13.885+0000] {processor.py:161} INFO - Started process (PID=3052) to work on /home/airflow/.local/lib/python3.8/site-packages/airflow/example_dags/example_external_task_marker_dag.py
[2024-04-08T03:04:13.885+0000] {processor.py:830} INFO - Processing file /home/airflow/.local/lib/python3.8/site-packages/airflow/example_dags/example_external_task_marker_dag.py for tasks to queue
[2024-04-08T03:04:13.886+0000] {logging_mixin.py:188} INFO - [2024-04-08T03:04:13.886+0000] {dagbag.py:540} INFO - Filling up the DagBag from /home/airflow/.local/lib/python3.8/site-packages/airflow/example_dags/example_external_task_marker_dag.py
[2024-04-08T03:04:13.891+0000] {processor.py:840} INFO - DAG(s) 'example_external_task_marker_parent', 'example_external_task_marker_child' retrieved from /home/airflow/.local/lib/python3.8/site-packages/airflow/example_dags/example_external_task_marker_dag.py
[2024-04-08T03:04:13.909+0000] {logging_mixin.py:188} INFO - [2024-04-08T03:04:13.908+0000] {dag.py:3047} INFO - Sync 2 DAGs
[2024-04-08T03:04:13.919+0000] {logging_mixin.py:188} INFO - [2024-04-08T03:04:13.919+0000] {dag.py:3834} INFO - Setting next_dagrun for example_external_task_marker_child to None, run_after=None
[2024-04-08T03:04:13.923+0000] {logging_mixin.py:188} INFO - [2024-04-08T03:04:13.923+0000] {dag.py:3834} INFO - Setting next_dagrun for example_external_task_marker_parent to None, run_after=None
[2024-04-08T03:04:14.119+0000] {processor.py:183} INFO - Processing /home/airflow/.local/lib/python3.8/site-packages/airflow/example_dags/example_external_task_marker_dag.py took 0.236 seconds
[2024-04-08T03:04:44.500+0000] {processor.py:161} INFO - Started process (PID=3304) to work on /home/airflow/.local/lib/python3.8/site-packages/airflow/example_dags/example_external_task_marker_dag.py
[2024-04-08T03:04:44.501+0000] {processor.py:830} INFO - Processing file /home/airflow/.local/lib/python3.8/site-packages/airflow/example_dags/example_external_task_marker_dag.py for tasks to queue
[2024-04-08T03:04:44.502+0000] {logging_mixin.py:188} INFO - [2024-04-08T03:04:44.502+0000] {dagbag.py:540} INFO - Filling up the DagBag from /home/airflow/.local/lib/python3.8/site-packages/airflow/example_dags/example_external_task_marker_dag.py
[2024-04-08T03:04:44.507+0000] {processor.py:840} INFO - DAG(s) 'example_external_task_marker_child', 'example_external_task_marker_parent' retrieved from /home/airflow/.local/lib/python3.8/site-packages/airflow/example_dags/example_external_task_marker_dag.py
[2024-04-08T03:04:44.527+0000] {logging_mixin.py:188} INFO - [2024-04-08T03:04:44.527+0000] {dag.py:3047} INFO - Sync 2 DAGs
[2024-04-08T03:04:44.537+0000] {logging_mixin.py:188} INFO - [2024-04-08T03:04:44.537+0000] {dag.py:3834} INFO - Setting next_dagrun for example_external_task_marker_child to None, run_after=None
[2024-04-08T03:04:44.540+0000] {logging_mixin.py:188} INFO - [2024-04-08T03:04:44.540+0000] {dag.py:3834} INFO - Setting next_dagrun for example_external_task_marker_parent to None, run_after=None
[2024-04-08T03:04:44.668+0000] {processor.py:183} INFO - Processing /home/airflow/.local/lib/python3.8/site-packages/airflow/example_dags/example_external_task_marker_dag.py took 0.171 seconds
[2024-04-08T03:05:14.927+0000] {processor.py:161} INFO - Started process (PID=3551) to work on /home/airflow/.local/lib/python3.8/site-packages/airflow/example_dags/example_external_task_marker_dag.py
[2024-04-08T03:05:14.928+0000] {processor.py:830} INFO - Processing file /home/airflow/.local/lib/python3.8/site-packages/airflow/example_dags/example_external_task_marker_dag.py for tasks to queue
[2024-04-08T03:05:14.929+0000] {logging_mixin.py:188} INFO - [2024-04-08T03:05:14.928+0000] {dagbag.py:540} INFO - Filling up the DagBag from /home/airflow/.local/lib/python3.8/site-packages/airflow/example_dags/example_external_task_marker_dag.py
[2024-04-08T03:05:14.936+0000] {processor.py:840} INFO - DAG(s) 'example_external_task_marker_child', 'example_external_task_marker_parent' retrieved from /home/airflow/.local/lib/python3.8/site-packages/airflow/example_dags/example_external_task_marker_dag.py
[2024-04-08T03:05:14.960+0000] {logging_mixin.py:188} INFO - [2024-04-08T03:05:14.960+0000] {dag.py:3047} INFO - Sync 2 DAGs
[2024-04-08T03:05:14.970+0000] {logging_mixin.py:188} INFO - [2024-04-08T03:05:14.970+0000] {dag.py:3834} INFO - Setting next_dagrun for example_external_task_marker_child to None, run_after=None
[2024-04-08T03:05:14.973+0000] {logging_mixin.py:188} INFO - [2024-04-08T03:05:14.973+0000] {dag.py:3834} INFO - Setting next_dagrun for example_external_task_marker_parent to None, run_after=None
[2024-04-08T03:05:15.063+0000] {processor.py:183} INFO - Processing /home/airflow/.local/lib/python3.8/site-packages/airflow/example_dags/example_external_task_marker_dag.py took 0.140 seconds
[2024-04-08T03:05:45.294+0000] {processor.py:161} INFO - Started process (PID=3798) to work on /home/airflow/.local/lib/python3.8/site-packages/airflow/example_dags/example_external_task_marker_dag.py
[2024-04-08T03:05:45.295+0000] {processor.py:830} INFO - Processing file /home/airflow/.local/lib/python3.8/site-packages/airflow/example_dags/example_external_task_marker_dag.py for tasks to queue
[2024-04-08T03:05:45.296+0000] {logging_mixin.py:188} INFO - [2024-04-08T03:05:45.296+0000] {dagbag.py:540} INFO - Filling up the DagBag from /home/airflow/.local/lib/python3.8/site-packages/airflow/example_dags/example_external_task_marker_dag.py
[2024-04-08T03:05:45.303+0000] {processor.py:840} INFO - DAG(s) 'example_external_task_marker_child', 'example_external_task_marker_parent' retrieved from /home/airflow/.local/lib/python3.8/site-packages/airflow/example_dags/example_external_task_marker_dag.py
[2024-04-08T03:05:45.348+0000] {logging_mixin.py:188} INFO - [2024-04-08T03:05:45.348+0000] {dag.py:3047} INFO - Sync 2 DAGs
[2024-04-08T03:05:45.363+0000] {logging_mixin.py:188} INFO - [2024-04-08T03:05:45.363+0000] {dag.py:3834} INFO - Setting next_dagrun for example_external_task_marker_child to None, run_after=None
[2024-04-08T03:05:45.366+0000] {logging_mixin.py:188} INFO - [2024-04-08T03:05:45.366+0000] {dag.py:3834} INFO - Setting next_dagrun for example_external_task_marker_parent to None, run_after=None
[2024-04-08T03:05:45.428+0000] {processor.py:183} INFO - Processing /home/airflow/.local/lib/python3.8/site-packages/airflow/example_dags/example_external_task_marker_dag.py took 0.138 seconds
