[2024-04-08T02:58:36.954+0000] {processor.py:161} INFO - Started process (PID=324) to work on /home/airflow/.local/lib/python3.8/site-packages/airflow/example_dags/tutorial_taskflow_api.py
[2024-04-08T02:58:36.955+0000] {processor.py:830} INFO - Processing file /home/airflow/.local/lib/python3.8/site-packages/airflow/example_dags/tutorial_taskflow_api.py for tasks to queue
[2024-04-08T02:58:36.956+0000] {logging_mixin.py:188} INFO - [2024-04-08T02:58:36.956+0000] {dagbag.py:540} INFO - Filling up the DagBag from /home/airflow/.local/lib/python3.8/site-packages/airflow/example_dags/tutorial_taskflow_api.py
[2024-04-08T02:58:36.963+0000] {processor.py:840} INFO - DAG(s) 'tutorial_taskflow_api' retrieved from /home/airflow/.local/lib/python3.8/site-packages/airflow/example_dags/tutorial_taskflow_api.py
[2024-04-08T02:58:37.063+0000] {logging_mixin.py:188} INFO - [2024-04-08T02:58:37.063+0000] {override.py:1769} INFO - Created Permission View: can read on DAG:tutorial_taskflow_api
[2024-04-08T02:58:37.076+0000] {logging_mixin.py:188} INFO - [2024-04-08T02:58:37.076+0000] {override.py:1769} INFO - Created Permission View: can delete on DAG:tutorial_taskflow_api
[2024-04-08T02:58:37.087+0000] {logging_mixin.py:188} INFO - [2024-04-08T02:58:37.087+0000] {override.py:1769} INFO - Created Permission View: can edit on DAG:tutorial_taskflow_api
[2024-04-08T02:58:37.087+0000] {logging_mixin.py:188} INFO - [2024-04-08T02:58:37.087+0000] {dag.py:3047} INFO - Sync 1 DAGs
[2024-04-08T02:58:37.097+0000] {logging_mixin.py:188} INFO - [2024-04-08T02:58:37.097+0000] {dag.py:3069} INFO - Creating ORM DAG for tutorial_taskflow_api
[2024-04-08T02:58:37.098+0000] {logging_mixin.py:188} INFO - [2024-04-08T02:58:37.098+0000] {dag.py:3834} INFO - Setting next_dagrun for tutorial_taskflow_api to None, run_after=None
[2024-04-08T02:58:37.116+0000] {processor.py:183} INFO - Processing /home/airflow/.local/lib/python3.8/site-packages/airflow/example_dags/tutorial_taskflow_api.py took 0.164 seconds
[2024-04-08T02:59:07.929+0000] {processor.py:161} INFO - Started process (PID=571) to work on /home/airflow/.local/lib/python3.8/site-packages/airflow/example_dags/tutorial_taskflow_api.py
[2024-04-08T02:59:07.930+0000] {processor.py:830} INFO - Processing file /home/airflow/.local/lib/python3.8/site-packages/airflow/example_dags/tutorial_taskflow_api.py for tasks to queue
[2024-04-08T02:59:07.931+0000] {logging_mixin.py:188} INFO - [2024-04-08T02:59:07.931+0000] {dagbag.py:540} INFO - Filling up the DagBag from /home/airflow/.local/lib/python3.8/site-packages/airflow/example_dags/tutorial_taskflow_api.py
[2024-04-08T02:59:07.938+0000] {processor.py:840} INFO - DAG(s) 'tutorial_taskflow_api' retrieved from /home/airflow/.local/lib/python3.8/site-packages/airflow/example_dags/tutorial_taskflow_api.py
[2024-04-08T02:59:07.960+0000] {logging_mixin.py:188} INFO - [2024-04-08T02:59:07.960+0000] {dag.py:3047} INFO - Sync 1 DAGs
[2024-04-08T02:59:07.974+0000] {logging_mixin.py:188} INFO - [2024-04-08T02:59:07.974+0000] {dag.py:3834} INFO - Setting next_dagrun for tutorial_taskflow_api to None, run_after=None
[2024-04-08T02:59:07.998+0000] {processor.py:183} INFO - Processing /home/airflow/.local/lib/python3.8/site-packages/airflow/example_dags/tutorial_taskflow_api.py took 0.072 seconds
[2024-04-08T02:59:38.973+0000] {processor.py:161} INFO - Started process (PID=816) to work on /home/airflow/.local/lib/python3.8/site-packages/airflow/example_dags/tutorial_taskflow_api.py
[2024-04-08T02:59:38.976+0000] {processor.py:830} INFO - Processing file /home/airflow/.local/lib/python3.8/site-packages/airflow/example_dags/tutorial_taskflow_api.py for tasks to queue
[2024-04-08T02:59:38.978+0000] {logging_mixin.py:188} INFO - [2024-04-08T02:59:38.978+0000] {dagbag.py:540} INFO - Filling up the DagBag from /home/airflow/.local/lib/python3.8/site-packages/airflow/example_dags/tutorial_taskflow_api.py
[2024-04-08T02:59:38.987+0000] {processor.py:840} INFO - DAG(s) 'tutorial_taskflow_api' retrieved from /home/airflow/.local/lib/python3.8/site-packages/airflow/example_dags/tutorial_taskflow_api.py
[2024-04-08T02:59:39.015+0000] {logging_mixin.py:188} INFO - [2024-04-08T02:59:39.015+0000] {dag.py:3047} INFO - Sync 1 DAGs
[2024-04-08T02:59:39.029+0000] {logging_mixin.py:188} INFO - [2024-04-08T02:59:39.029+0000] {dag.py:3834} INFO - Setting next_dagrun for tutorial_taskflow_api to None, run_after=None
[2024-04-08T02:59:39.052+0000] {processor.py:183} INFO - Processing /home/airflow/.local/lib/python3.8/site-packages/airflow/example_dags/tutorial_taskflow_api.py took 0.082 seconds
[2024-04-08T03:00:09.185+0000] {processor.py:161} INFO - Started process (PID=1063) to work on /home/airflow/.local/lib/python3.8/site-packages/airflow/example_dags/tutorial_taskflow_api.py
[2024-04-08T03:00:09.186+0000] {processor.py:830} INFO - Processing file /home/airflow/.local/lib/python3.8/site-packages/airflow/example_dags/tutorial_taskflow_api.py for tasks to queue
[2024-04-08T03:00:09.187+0000] {logging_mixin.py:188} INFO - [2024-04-08T03:00:09.187+0000] {dagbag.py:540} INFO - Filling up the DagBag from /home/airflow/.local/lib/python3.8/site-packages/airflow/example_dags/tutorial_taskflow_api.py
[2024-04-08T03:00:09.193+0000] {processor.py:840} INFO - DAG(s) 'tutorial_taskflow_api' retrieved from /home/airflow/.local/lib/python3.8/site-packages/airflow/example_dags/tutorial_taskflow_api.py
[2024-04-08T03:00:09.217+0000] {logging_mixin.py:188} INFO - [2024-04-08T03:00:09.217+0000] {dag.py:3047} INFO - Sync 1 DAGs
[2024-04-08T03:00:09.232+0000] {logging_mixin.py:188} INFO - [2024-04-08T03:00:09.232+0000] {dag.py:3834} INFO - Setting next_dagrun for tutorial_taskflow_api to None, run_after=None
[2024-04-08T03:00:09.255+0000] {processor.py:183} INFO - Processing /home/airflow/.local/lib/python3.8/site-packages/airflow/example_dags/tutorial_taskflow_api.py took 0.076 seconds
[2024-04-08T03:00:40.152+0000] {processor.py:161} INFO - Started process (PID=1311) to work on /home/airflow/.local/lib/python3.8/site-packages/airflow/example_dags/tutorial_taskflow_api.py
[2024-04-08T03:00:40.153+0000] {processor.py:830} INFO - Processing file /home/airflow/.local/lib/python3.8/site-packages/airflow/example_dags/tutorial_taskflow_api.py for tasks to queue
[2024-04-08T03:00:40.154+0000] {logging_mixin.py:188} INFO - [2024-04-08T03:00:40.154+0000] {dagbag.py:540} INFO - Filling up the DagBag from /home/airflow/.local/lib/python3.8/site-packages/airflow/example_dags/tutorial_taskflow_api.py
[2024-04-08T03:00:40.162+0000] {processor.py:840} INFO - DAG(s) 'tutorial_taskflow_api' retrieved from /home/airflow/.local/lib/python3.8/site-packages/airflow/example_dags/tutorial_taskflow_api.py
[2024-04-08T03:00:40.182+0000] {logging_mixin.py:188} INFO - [2024-04-08T03:00:40.182+0000] {dag.py:3047} INFO - Sync 1 DAGs
[2024-04-08T03:00:40.195+0000] {logging_mixin.py:188} INFO - [2024-04-08T03:00:40.195+0000] {dag.py:3834} INFO - Setting next_dagrun for tutorial_taskflow_api to None, run_after=None
[2024-04-08T03:00:40.218+0000] {processor.py:183} INFO - Processing /home/airflow/.local/lib/python3.8/site-packages/airflow/example_dags/tutorial_taskflow_api.py took 0.069 seconds
[2024-04-08T03:01:10.669+0000] {processor.py:161} INFO - Started process (PID=1557) to work on /home/airflow/.local/lib/python3.8/site-packages/airflow/example_dags/tutorial_taskflow_api.py
[2024-04-08T03:01:10.670+0000] {processor.py:830} INFO - Processing file /home/airflow/.local/lib/python3.8/site-packages/airflow/example_dags/tutorial_taskflow_api.py for tasks to queue
[2024-04-08T03:01:10.671+0000] {logging_mixin.py:188} INFO - [2024-04-08T03:01:10.671+0000] {dagbag.py:540} INFO - Filling up the DagBag from /home/airflow/.local/lib/python3.8/site-packages/airflow/example_dags/tutorial_taskflow_api.py
[2024-04-08T03:01:10.678+0000] {processor.py:840} INFO - DAG(s) 'tutorial_taskflow_api' retrieved from /home/airflow/.local/lib/python3.8/site-packages/airflow/example_dags/tutorial_taskflow_api.py
[2024-04-08T03:01:10.699+0000] {logging_mixin.py:188} INFO - [2024-04-08T03:01:10.699+0000] {dag.py:3047} INFO - Sync 1 DAGs
[2024-04-08T03:01:10.713+0000] {logging_mixin.py:188} INFO - [2024-04-08T03:01:10.713+0000] {dag.py:3834} INFO - Setting next_dagrun for tutorial_taskflow_api to None, run_after=None
[2024-04-08T03:01:10.738+0000] {processor.py:183} INFO - Processing /home/airflow/.local/lib/python3.8/site-packages/airflow/example_dags/tutorial_taskflow_api.py took 0.072 seconds
[2024-04-08T03:01:41.225+0000] {processor.py:161} INFO - Started process (PID=1804) to work on /home/airflow/.local/lib/python3.8/site-packages/airflow/example_dags/tutorial_taskflow_api.py
[2024-04-08T03:01:41.228+0000] {processor.py:830} INFO - Processing file /home/airflow/.local/lib/python3.8/site-packages/airflow/example_dags/tutorial_taskflow_api.py for tasks to queue
[2024-04-08T03:01:41.231+0000] {logging_mixin.py:188} INFO - [2024-04-08T03:01:41.230+0000] {dagbag.py:540} INFO - Filling up the DagBag from /home/airflow/.local/lib/python3.8/site-packages/airflow/example_dags/tutorial_taskflow_api.py
[2024-04-08T03:01:41.239+0000] {processor.py:840} INFO - DAG(s) 'tutorial_taskflow_api' retrieved from /home/airflow/.local/lib/python3.8/site-packages/airflow/example_dags/tutorial_taskflow_api.py
[2024-04-08T03:01:41.259+0000] {logging_mixin.py:188} INFO - [2024-04-08T03:01:41.259+0000] {dag.py:3047} INFO - Sync 1 DAGs
[2024-04-08T03:01:41.273+0000] {logging_mixin.py:188} INFO - [2024-04-08T03:01:41.272+0000] {dag.py:3834} INFO - Setting next_dagrun for tutorial_taskflow_api to None, run_after=None
[2024-04-08T03:01:41.303+0000] {processor.py:183} INFO - Processing /home/airflow/.local/lib/python3.8/site-packages/airflow/example_dags/tutorial_taskflow_api.py took 0.082 seconds
[2024-04-08T03:02:11.696+0000] {processor.py:161} INFO - Started process (PID=2051) to work on /home/airflow/.local/lib/python3.8/site-packages/airflow/example_dags/tutorial_taskflow_api.py
[2024-04-08T03:02:11.702+0000] {processor.py:830} INFO - Processing file /home/airflow/.local/lib/python3.8/site-packages/airflow/example_dags/tutorial_taskflow_api.py for tasks to queue
[2024-04-08T03:02:11.703+0000] {logging_mixin.py:188} INFO - [2024-04-08T03:02:11.703+0000] {dagbag.py:540} INFO - Filling up the DagBag from /home/airflow/.local/lib/python3.8/site-packages/airflow/example_dags/tutorial_taskflow_api.py
[2024-04-08T03:02:11.709+0000] {processor.py:840} INFO - DAG(s) 'tutorial_taskflow_api' retrieved from /home/airflow/.local/lib/python3.8/site-packages/airflow/example_dags/tutorial_taskflow_api.py
[2024-04-08T03:02:11.735+0000] {logging_mixin.py:188} INFO - [2024-04-08T03:02:11.734+0000] {dag.py:3047} INFO - Sync 1 DAGs
[2024-04-08T03:02:11.748+0000] {logging_mixin.py:188} INFO - [2024-04-08T03:02:11.748+0000] {dag.py:3834} INFO - Setting next_dagrun for tutorial_taskflow_api to None, run_after=None
[2024-04-08T03:02:11.773+0000] {processor.py:183} INFO - Processing /home/airflow/.local/lib/python3.8/site-packages/airflow/example_dags/tutorial_taskflow_api.py took 0.082 seconds
[2024-04-08T03:02:42.446+0000] {processor.py:161} INFO - Started process (PID=2301) to work on /home/airflow/.local/lib/python3.8/site-packages/airflow/example_dags/tutorial_taskflow_api.py
[2024-04-08T03:02:42.447+0000] {processor.py:830} INFO - Processing file /home/airflow/.local/lib/python3.8/site-packages/airflow/example_dags/tutorial_taskflow_api.py for tasks to queue
[2024-04-08T03:02:42.448+0000] {logging_mixin.py:188} INFO - [2024-04-08T03:02:42.447+0000] {dagbag.py:540} INFO - Filling up the DagBag from /home/airflow/.local/lib/python3.8/site-packages/airflow/example_dags/tutorial_taskflow_api.py
[2024-04-08T03:02:42.454+0000] {processor.py:840} INFO - DAG(s) 'tutorial_taskflow_api' retrieved from /home/airflow/.local/lib/python3.8/site-packages/airflow/example_dags/tutorial_taskflow_api.py
[2024-04-08T03:02:42.477+0000] {logging_mixin.py:188} INFO - [2024-04-08T03:02:42.476+0000] {dag.py:3047} INFO - Sync 1 DAGs
[2024-04-08T03:02:42.492+0000] {logging_mixin.py:188} INFO - [2024-04-08T03:02:42.492+0000] {dag.py:3834} INFO - Setting next_dagrun for tutorial_taskflow_api to None, run_after=None
[2024-04-08T03:02:42.516+0000] {processor.py:183} INFO - Processing /home/airflow/.local/lib/python3.8/site-packages/airflow/example_dags/tutorial_taskflow_api.py took 0.073 seconds
[2024-04-08T03:03:12.852+0000] {processor.py:161} INFO - Started process (PID=2549) to work on /home/airflow/.local/lib/python3.8/site-packages/airflow/example_dags/tutorial_taskflow_api.py
[2024-04-08T03:03:12.853+0000] {processor.py:830} INFO - Processing file /home/airflow/.local/lib/python3.8/site-packages/airflow/example_dags/tutorial_taskflow_api.py for tasks to queue
[2024-04-08T03:03:12.855+0000] {logging_mixin.py:188} INFO - [2024-04-08T03:03:12.854+0000] {dagbag.py:540} INFO - Filling up the DagBag from /home/airflow/.local/lib/python3.8/site-packages/airflow/example_dags/tutorial_taskflow_api.py
[2024-04-08T03:03:12.861+0000] {processor.py:840} INFO - DAG(s) 'tutorial_taskflow_api' retrieved from /home/airflow/.local/lib/python3.8/site-packages/airflow/example_dags/tutorial_taskflow_api.py
[2024-04-08T03:03:12.884+0000] {logging_mixin.py:188} INFO - [2024-04-08T03:03:12.884+0000] {dag.py:3047} INFO - Sync 1 DAGs
[2024-04-08T03:03:12.898+0000] {logging_mixin.py:188} INFO - [2024-04-08T03:03:12.897+0000] {dag.py:3834} INFO - Setting next_dagrun for tutorial_taskflow_api to None, run_after=None
[2024-04-08T03:03:12.921+0000] {processor.py:183} INFO - Processing /home/airflow/.local/lib/python3.8/site-packages/airflow/example_dags/tutorial_taskflow_api.py took 0.072 seconds
[2024-04-08T03:03:43.258+0000] {processor.py:161} INFO - Started process (PID=2795) to work on /home/airflow/.local/lib/python3.8/site-packages/airflow/example_dags/tutorial_taskflow_api.py
[2024-04-08T03:03:43.260+0000] {processor.py:830} INFO - Processing file /home/airflow/.local/lib/python3.8/site-packages/airflow/example_dags/tutorial_taskflow_api.py for tasks to queue
[2024-04-08T03:03:43.261+0000] {logging_mixin.py:188} INFO - [2024-04-08T03:03:43.260+0000] {dagbag.py:540} INFO - Filling up the DagBag from /home/airflow/.local/lib/python3.8/site-packages/airflow/example_dags/tutorial_taskflow_api.py
[2024-04-08T03:03:43.269+0000] {processor.py:840} INFO - DAG(s) 'tutorial_taskflow_api' retrieved from /home/airflow/.local/lib/python3.8/site-packages/airflow/example_dags/tutorial_taskflow_api.py
[2024-04-08T03:03:43.307+0000] {logging_mixin.py:188} INFO - [2024-04-08T03:03:43.307+0000] {dag.py:3047} INFO - Sync 1 DAGs
[2024-04-08T03:03:43.322+0000] {logging_mixin.py:188} INFO - [2024-04-08T03:03:43.321+0000] {dag.py:3834} INFO - Setting next_dagrun for tutorial_taskflow_api to None, run_after=None
[2024-04-08T03:03:43.357+0000] {processor.py:183} INFO - Processing /home/airflow/.local/lib/python3.8/site-packages/airflow/example_dags/tutorial_taskflow_api.py took 0.101 seconds
[2024-04-08T03:04:13.510+0000] {processor.py:161} INFO - Started process (PID=3042) to work on /home/airflow/.local/lib/python3.8/site-packages/airflow/example_dags/tutorial_taskflow_api.py
[2024-04-08T03:04:13.511+0000] {processor.py:830} INFO - Processing file /home/airflow/.local/lib/python3.8/site-packages/airflow/example_dags/tutorial_taskflow_api.py for tasks to queue
[2024-04-08T03:04:13.512+0000] {logging_mixin.py:188} INFO - [2024-04-08T03:04:13.511+0000] {dagbag.py:540} INFO - Filling up the DagBag from /home/airflow/.local/lib/python3.8/site-packages/airflow/example_dags/tutorial_taskflow_api.py
[2024-04-08T03:04:13.518+0000] {processor.py:840} INFO - DAG(s) 'tutorial_taskflow_api' retrieved from /home/airflow/.local/lib/python3.8/site-packages/airflow/example_dags/tutorial_taskflow_api.py
[2024-04-08T03:04:13.565+0000] {logging_mixin.py:188} INFO - [2024-04-08T03:04:13.565+0000] {dag.py:3047} INFO - Sync 1 DAGs
[2024-04-08T03:04:13.586+0000] {logging_mixin.py:188} INFO - [2024-04-08T03:04:13.585+0000] {dag.py:3834} INFO - Setting next_dagrun for tutorial_taskflow_api to None, run_after=None
[2024-04-08T03:04:13.728+0000] {processor.py:183} INFO - Processing /home/airflow/.local/lib/python3.8/site-packages/airflow/example_dags/tutorial_taskflow_api.py took 0.221 seconds
[2024-04-08T03:04:44.266+0000] {processor.py:161} INFO - Started process (PID=3289) to work on /home/airflow/.local/lib/python3.8/site-packages/airflow/example_dags/tutorial_taskflow_api.py
[2024-04-08T03:04:44.267+0000] {processor.py:830} INFO - Processing file /home/airflow/.local/lib/python3.8/site-packages/airflow/example_dags/tutorial_taskflow_api.py for tasks to queue
[2024-04-08T03:04:44.267+0000] {logging_mixin.py:188} INFO - [2024-04-08T03:04:44.267+0000] {dagbag.py:540} INFO - Filling up the DagBag from /home/airflow/.local/lib/python3.8/site-packages/airflow/example_dags/tutorial_taskflow_api.py
[2024-04-08T03:04:44.273+0000] {processor.py:840} INFO - DAG(s) 'tutorial_taskflow_api' retrieved from /home/airflow/.local/lib/python3.8/site-packages/airflow/example_dags/tutorial_taskflow_api.py
[2024-04-08T03:04:44.289+0000] {logging_mixin.py:188} INFO - [2024-04-08T03:04:44.289+0000] {dag.py:3047} INFO - Sync 1 DAGs
[2024-04-08T03:04:44.298+0000] {logging_mixin.py:188} INFO - [2024-04-08T03:04:44.298+0000] {dag.py:3834} INFO - Setting next_dagrun for tutorial_taskflow_api to None, run_after=None
[2024-04-08T03:04:44.384+0000] {processor.py:183} INFO - Processing /home/airflow/.local/lib/python3.8/site-packages/airflow/example_dags/tutorial_taskflow_api.py took 0.121 seconds
[2024-04-08T03:05:14.733+0000] {processor.py:161} INFO - Started process (PID=3536) to work on /home/airflow/.local/lib/python3.8/site-packages/airflow/example_dags/tutorial_taskflow_api.py
[2024-04-08T03:05:14.734+0000] {processor.py:830} INFO - Processing file /home/airflow/.local/lib/python3.8/site-packages/airflow/example_dags/tutorial_taskflow_api.py for tasks to queue
[2024-04-08T03:05:14.735+0000] {logging_mixin.py:188} INFO - [2024-04-08T03:05:14.734+0000] {dagbag.py:540} INFO - Filling up the DagBag from /home/airflow/.local/lib/python3.8/site-packages/airflow/example_dags/tutorial_taskflow_api.py
[2024-04-08T03:05:14.739+0000] {processor.py:840} INFO - DAG(s) 'tutorial_taskflow_api' retrieved from /home/airflow/.local/lib/python3.8/site-packages/airflow/example_dags/tutorial_taskflow_api.py
[2024-04-08T03:05:14.754+0000] {logging_mixin.py:188} INFO - [2024-04-08T03:05:14.754+0000] {dag.py:3047} INFO - Sync 1 DAGs
[2024-04-08T03:05:14.768+0000] {logging_mixin.py:188} INFO - [2024-04-08T03:05:14.768+0000] {dag.py:3834} INFO - Setting next_dagrun for tutorial_taskflow_api to None, run_after=None
[2024-04-08T03:05:14.840+0000] {processor.py:183} INFO - Processing /home/airflow/.local/lib/python3.8/site-packages/airflow/example_dags/tutorial_taskflow_api.py took 0.109 seconds
[2024-04-08T03:05:45.129+0000] {processor.py:161} INFO - Started process (PID=3785) to work on /home/airflow/.local/lib/python3.8/site-packages/airflow/example_dags/tutorial_taskflow_api.py
[2024-04-08T03:05:45.130+0000] {processor.py:830} INFO - Processing file /home/airflow/.local/lib/python3.8/site-packages/airflow/example_dags/tutorial_taskflow_api.py for tasks to queue
[2024-04-08T03:05:45.131+0000] {logging_mixin.py:188} INFO - [2024-04-08T03:05:45.131+0000] {dagbag.py:540} INFO - Filling up the DagBag from /home/airflow/.local/lib/python3.8/site-packages/airflow/example_dags/tutorial_taskflow_api.py
[2024-04-08T03:05:45.139+0000] {processor.py:840} INFO - DAG(s) 'tutorial_taskflow_api' retrieved from /home/airflow/.local/lib/python3.8/site-packages/airflow/example_dags/tutorial_taskflow_api.py
[2024-04-08T03:05:45.162+0000] {logging_mixin.py:188} INFO - [2024-04-08T03:05:45.161+0000] {dag.py:3047} INFO - Sync 1 DAGs
[2024-04-08T03:05:45.176+0000] {logging_mixin.py:188} INFO - [2024-04-08T03:05:45.176+0000] {dag.py:3834} INFO - Setting next_dagrun for tutorial_taskflow_api to None, run_after=None
[2024-04-08T03:05:45.200+0000] {processor.py:183} INFO - Processing /home/airflow/.local/lib/python3.8/site-packages/airflow/example_dags/tutorial_taskflow_api.py took 0.074 seconds
[2024-04-08T03:06:15.462+0000] {processor.py:161} INFO - Started process (PID=4031) to work on /home/airflow/.local/lib/python3.8/site-packages/airflow/example_dags/tutorial_taskflow_api.py
[2024-04-08T03:06:15.463+0000] {processor.py:830} INFO - Processing file /home/airflow/.local/lib/python3.8/site-packages/airflow/example_dags/tutorial_taskflow_api.py for tasks to queue
[2024-04-08T03:06:15.464+0000] {logging_mixin.py:188} INFO - [2024-04-08T03:06:15.463+0000] {dagbag.py:540} INFO - Filling up the DagBag from /home/airflow/.local/lib/python3.8/site-packages/airflow/example_dags/tutorial_taskflow_api.py
[2024-04-08T03:06:15.468+0000] {processor.py:840} INFO - DAG(s) 'tutorial_taskflow_api' retrieved from /home/airflow/.local/lib/python3.8/site-packages/airflow/example_dags/tutorial_taskflow_api.py
[2024-04-08T03:06:15.489+0000] {logging_mixin.py:188} INFO - [2024-04-08T03:06:15.488+0000] {dag.py:3047} INFO - Sync 1 DAGs
[2024-04-08T03:06:15.501+0000] {logging_mixin.py:188} INFO - [2024-04-08T03:06:15.501+0000] {dag.py:3834} INFO - Setting next_dagrun for tutorial_taskflow_api to None, run_after=None
[2024-04-08T03:06:15.530+0000] {processor.py:183} INFO - Processing /home/airflow/.local/lib/python3.8/site-packages/airflow/example_dags/tutorial_taskflow_api.py took 0.072 seconds
