[2024-04-08T02:58:35.082+0000] {processor.py:161} INFO - Started process (PID=267) to work on /home/airflow/.local/lib/python3.8/site-packages/airflow/example_dags/tutorial_objectstorage.py
[2024-04-08T02:58:35.083+0000] {processor.py:830} INFO - Processing file /home/airflow/.local/lib/python3.8/site-packages/airflow/example_dags/tutorial_objectstorage.py for tasks to queue
[2024-04-08T02:58:35.084+0000] {logging_mixin.py:188} INFO - [2024-04-08T02:58:35.084+0000] {dagbag.py:540} INFO - Filling up the DagBag from /home/airflow/.local/lib/python3.8/site-packages/airflow/example_dags/tutorial_objectstorage.py
[2024-04-08T02:58:35.094+0000] {processor.py:840} INFO - DAG(s) 'tutorial_objectstorage' retrieved from /home/airflow/.local/lib/python3.8/site-packages/airflow/example_dags/tutorial_objectstorage.py
[2024-04-08T02:58:35.296+0000] {logging_mixin.py:188} INFO - [2024-04-08T02:58:35.293+0000] {override.py:1769} INFO - Created Permission View: can read on DAG:tutorial_objectstorage
[2024-04-08T02:58:35.318+0000] {logging_mixin.py:188} INFO - [2024-04-08T02:58:35.317+0000] {override.py:1769} INFO - Created Permission View: can delete on DAG:tutorial_objectstorage
[2024-04-08T02:58:35.332+0000] {logging_mixin.py:188} INFO - [2024-04-08T02:58:35.332+0000] {override.py:1769} INFO - Created Permission View: can edit on DAG:tutorial_objectstorage
[2024-04-08T02:58:35.333+0000] {logging_mixin.py:188} INFO - [2024-04-08T02:58:35.333+0000] {dag.py:3047} INFO - Sync 1 DAGs
[2024-04-08T02:58:35.349+0000] {logging_mixin.py:188} INFO - [2024-04-08T02:58:35.349+0000] {dag.py:3069} INFO - Creating ORM DAG for tutorial_objectstorage
[2024-04-08T02:58:35.350+0000] {logging_mixin.py:188} INFO - [2024-04-08T02:58:35.350+0000] {dag.py:3834} INFO - Setting next_dagrun for tutorial_objectstorage to None, run_after=None
[2024-04-08T02:58:35.383+0000] {processor.py:183} INFO - Processing /home/airflow/.local/lib/python3.8/site-packages/airflow/example_dags/tutorial_objectstorage.py took 0.304 seconds
[2024-04-08T02:59:05.798+0000] {processor.py:161} INFO - Started process (PID=514) to work on /home/airflow/.local/lib/python3.8/site-packages/airflow/example_dags/tutorial_objectstorage.py
[2024-04-08T02:59:05.799+0000] {processor.py:830} INFO - Processing file /home/airflow/.local/lib/python3.8/site-packages/airflow/example_dags/tutorial_objectstorage.py for tasks to queue
[2024-04-08T02:59:05.801+0000] {logging_mixin.py:188} INFO - [2024-04-08T02:59:05.801+0000] {dagbag.py:540} INFO - Filling up the DagBag from /home/airflow/.local/lib/python3.8/site-packages/airflow/example_dags/tutorial_objectstorage.py
[2024-04-08T02:59:05.809+0000] {processor.py:840} INFO - DAG(s) 'tutorial_objectstorage' retrieved from /home/airflow/.local/lib/python3.8/site-packages/airflow/example_dags/tutorial_objectstorage.py
[2024-04-08T02:59:05.829+0000] {logging_mixin.py:188} INFO - [2024-04-08T02:59:05.829+0000] {dag.py:3047} INFO - Sync 1 DAGs
[2024-04-08T02:59:05.867+0000] {logging_mixin.py:188} INFO - [2024-04-08T02:59:05.866+0000] {dag.py:3834} INFO - Setting next_dagrun for tutorial_objectstorage to None, run_after=None
[2024-04-08T02:59:05.929+0000] {processor.py:183} INFO - Processing /home/airflow/.local/lib/python3.8/site-packages/airflow/example_dags/tutorial_objectstorage.py took 0.143 seconds
[2024-04-08T02:59:36.113+0000] {processor.py:161} INFO - Started process (PID=760) to work on /home/airflow/.local/lib/python3.8/site-packages/airflow/example_dags/tutorial_objectstorage.py
[2024-04-08T02:59:36.115+0000] {processor.py:830} INFO - Processing file /home/airflow/.local/lib/python3.8/site-packages/airflow/example_dags/tutorial_objectstorage.py for tasks to queue
[2024-04-08T02:59:36.116+0000] {logging_mixin.py:188} INFO - [2024-04-08T02:59:36.116+0000] {dagbag.py:540} INFO - Filling up the DagBag from /home/airflow/.local/lib/python3.8/site-packages/airflow/example_dags/tutorial_objectstorage.py
[2024-04-08T02:59:36.125+0000] {processor.py:840} INFO - DAG(s) 'tutorial_objectstorage' retrieved from /home/airflow/.local/lib/python3.8/site-packages/airflow/example_dags/tutorial_objectstorage.py
[2024-04-08T02:59:36.163+0000] {logging_mixin.py:188} INFO - [2024-04-08T02:59:36.163+0000] {dag.py:3047} INFO - Sync 1 DAGs
[2024-04-08T02:59:36.181+0000] {logging_mixin.py:188} INFO - [2024-04-08T02:59:36.181+0000] {dag.py:3834} INFO - Setting next_dagrun for tutorial_objectstorage to None, run_after=None
[2024-04-08T02:59:36.212+0000] {processor.py:183} INFO - Processing /home/airflow/.local/lib/python3.8/site-packages/airflow/example_dags/tutorial_objectstorage.py took 0.102 seconds
[2024-04-08T03:00:06.321+0000] {processor.py:161} INFO - Started process (PID=1010) to work on /home/airflow/.local/lib/python3.8/site-packages/airflow/example_dags/tutorial_objectstorage.py
[2024-04-08T03:00:06.322+0000] {processor.py:830} INFO - Processing file /home/airflow/.local/lib/python3.8/site-packages/airflow/example_dags/tutorial_objectstorage.py for tasks to queue
[2024-04-08T03:00:06.322+0000] {logging_mixin.py:188} INFO - [2024-04-08T03:00:06.322+0000] {dagbag.py:540} INFO - Filling up the DagBag from /home/airflow/.local/lib/python3.8/site-packages/airflow/example_dags/tutorial_objectstorage.py
[2024-04-08T03:00:06.328+0000] {processor.py:840} INFO - DAG(s) 'tutorial_objectstorage' retrieved from /home/airflow/.local/lib/python3.8/site-packages/airflow/example_dags/tutorial_objectstorage.py
[2024-04-08T03:00:06.343+0000] {logging_mixin.py:188} INFO - [2024-04-08T03:00:06.343+0000] {dag.py:3047} INFO - Sync 1 DAGs
[2024-04-08T03:00:06.353+0000] {logging_mixin.py:188} INFO - [2024-04-08T03:00:06.352+0000] {dag.py:3834} INFO - Setting next_dagrun for tutorial_objectstorage to None, run_after=None
[2024-04-08T03:00:06.375+0000] {processor.py:183} INFO - Processing /home/airflow/.local/lib/python3.8/site-packages/airflow/example_dags/tutorial_objectstorage.py took 0.057 seconds
[2024-04-08T03:00:37.018+0000] {processor.py:161} INFO - Started process (PID=1255) to work on /home/airflow/.local/lib/python3.8/site-packages/airflow/example_dags/tutorial_objectstorage.py
[2024-04-08T03:00:37.019+0000] {processor.py:830} INFO - Processing file /home/airflow/.local/lib/python3.8/site-packages/airflow/example_dags/tutorial_objectstorage.py for tasks to queue
[2024-04-08T03:00:37.020+0000] {logging_mixin.py:188} INFO - [2024-04-08T03:00:37.020+0000] {dagbag.py:540} INFO - Filling up the DagBag from /home/airflow/.local/lib/python3.8/site-packages/airflow/example_dags/tutorial_objectstorage.py
[2024-04-08T03:00:37.030+0000] {processor.py:840} INFO - DAG(s) 'tutorial_objectstorage' retrieved from /home/airflow/.local/lib/python3.8/site-packages/airflow/example_dags/tutorial_objectstorage.py
[2024-04-08T03:00:37.054+0000] {logging_mixin.py:188} INFO - [2024-04-08T03:00:37.054+0000] {dag.py:3047} INFO - Sync 1 DAGs
[2024-04-08T03:00:37.070+0000] {logging_mixin.py:188} INFO - [2024-04-08T03:00:37.069+0000] {dag.py:3834} INFO - Setting next_dagrun for tutorial_objectstorage to None, run_after=None
[2024-04-08T03:00:37.100+0000] {processor.py:183} INFO - Processing /home/airflow/.local/lib/python3.8/site-packages/airflow/example_dags/tutorial_objectstorage.py took 0.085 seconds
[2024-04-08T03:01:07.803+0000] {processor.py:161} INFO - Started process (PID=1504) to work on /home/airflow/.local/lib/python3.8/site-packages/airflow/example_dags/tutorial_objectstorage.py
[2024-04-08T03:01:07.805+0000] {processor.py:830} INFO - Processing file /home/airflow/.local/lib/python3.8/site-packages/airflow/example_dags/tutorial_objectstorage.py for tasks to queue
[2024-04-08T03:01:07.806+0000] {logging_mixin.py:188} INFO - [2024-04-08T03:01:07.805+0000] {dagbag.py:540} INFO - Filling up the DagBag from /home/airflow/.local/lib/python3.8/site-packages/airflow/example_dags/tutorial_objectstorage.py
[2024-04-08T03:01:07.818+0000] {processor.py:840} INFO - DAG(s) 'tutorial_objectstorage' retrieved from /home/airflow/.local/lib/python3.8/site-packages/airflow/example_dags/tutorial_objectstorage.py
[2024-04-08T03:01:07.841+0000] {logging_mixin.py:188} INFO - [2024-04-08T03:01:07.841+0000] {dag.py:3047} INFO - Sync 1 DAGs
[2024-04-08T03:01:07.859+0000] {logging_mixin.py:188} INFO - [2024-04-08T03:01:07.858+0000] {dag.py:3834} INFO - Setting next_dagrun for tutorial_objectstorage to None, run_after=None
[2024-04-08T03:01:07.889+0000] {processor.py:183} INFO - Processing /home/airflow/.local/lib/python3.8/site-packages/airflow/example_dags/tutorial_objectstorage.py took 0.092 seconds
[2024-04-08T03:01:38.440+0000] {processor.py:161} INFO - Started process (PID=1749) to work on /home/airflow/.local/lib/python3.8/site-packages/airflow/example_dags/tutorial_objectstorage.py
[2024-04-08T03:01:38.441+0000] {processor.py:830} INFO - Processing file /home/airflow/.local/lib/python3.8/site-packages/airflow/example_dags/tutorial_objectstorage.py for tasks to queue
[2024-04-08T03:01:38.442+0000] {logging_mixin.py:188} INFO - [2024-04-08T03:01:38.441+0000] {dagbag.py:540} INFO - Filling up the DagBag from /home/airflow/.local/lib/python3.8/site-packages/airflow/example_dags/tutorial_objectstorage.py
[2024-04-08T03:01:38.449+0000] {processor.py:840} INFO - DAG(s) 'tutorial_objectstorage' retrieved from /home/airflow/.local/lib/python3.8/site-packages/airflow/example_dags/tutorial_objectstorage.py
[2024-04-08T03:01:38.468+0000] {logging_mixin.py:188} INFO - [2024-04-08T03:01:38.468+0000] {dag.py:3047} INFO - Sync 1 DAGs
[2024-04-08T03:01:38.482+0000] {logging_mixin.py:188} INFO - [2024-04-08T03:01:38.482+0000] {dag.py:3834} INFO - Setting next_dagrun for tutorial_objectstorage to None, run_after=None
[2024-04-08T03:01:38.507+0000] {processor.py:183} INFO - Processing /home/airflow/.local/lib/python3.8/site-packages/airflow/example_dags/tutorial_objectstorage.py took 0.075 seconds
[2024-04-08T03:02:08.921+0000] {processor.py:161} INFO - Started process (PID=1996) to work on /home/airflow/.local/lib/python3.8/site-packages/airflow/example_dags/tutorial_objectstorage.py
[2024-04-08T03:02:08.923+0000] {processor.py:830} INFO - Processing file /home/airflow/.local/lib/python3.8/site-packages/airflow/example_dags/tutorial_objectstorage.py for tasks to queue
[2024-04-08T03:02:08.924+0000] {logging_mixin.py:188} INFO - [2024-04-08T03:02:08.923+0000] {dagbag.py:540} INFO - Filling up the DagBag from /home/airflow/.local/lib/python3.8/site-packages/airflow/example_dags/tutorial_objectstorage.py
[2024-04-08T03:02:08.929+0000] {processor.py:840} INFO - DAG(s) 'tutorial_objectstorage' retrieved from /home/airflow/.local/lib/python3.8/site-packages/airflow/example_dags/tutorial_objectstorage.py
[2024-04-08T03:02:08.948+0000] {logging_mixin.py:188} INFO - [2024-04-08T03:02:08.948+0000] {dag.py:3047} INFO - Sync 1 DAGs
[2024-04-08T03:02:08.963+0000] {logging_mixin.py:188} INFO - [2024-04-08T03:02:08.961+0000] {dag.py:3834} INFO - Setting next_dagrun for tutorial_objectstorage to None, run_after=None
[2024-04-08T03:02:08.994+0000] {processor.py:183} INFO - Processing /home/airflow/.local/lib/python3.8/site-packages/airflow/example_dags/tutorial_objectstorage.py took 0.076 seconds
[2024-04-08T03:02:39.306+0000] {processor.py:161} INFO - Started process (PID=2244) to work on /home/airflow/.local/lib/python3.8/site-packages/airflow/example_dags/tutorial_objectstorage.py
[2024-04-08T03:02:39.307+0000] {processor.py:830} INFO - Processing file /home/airflow/.local/lib/python3.8/site-packages/airflow/example_dags/tutorial_objectstorage.py for tasks to queue
[2024-04-08T03:02:39.308+0000] {logging_mixin.py:188} INFO - [2024-04-08T03:02:39.308+0000] {dagbag.py:540} INFO - Filling up the DagBag from /home/airflow/.local/lib/python3.8/site-packages/airflow/example_dags/tutorial_objectstorage.py
[2024-04-08T03:02:39.330+0000] {processor.py:840} INFO - DAG(s) 'tutorial_objectstorage' retrieved from /home/airflow/.local/lib/python3.8/site-packages/airflow/example_dags/tutorial_objectstorage.py
[2024-04-08T03:02:39.415+0000] {logging_mixin.py:188} INFO - [2024-04-08T03:02:39.408+0000] {dag.py:3047} INFO - Sync 1 DAGs
[2024-04-08T03:02:39.436+0000] {logging_mixin.py:188} INFO - [2024-04-08T03:02:39.436+0000] {dag.py:3834} INFO - Setting next_dagrun for tutorial_objectstorage to None, run_after=None
[2024-04-08T03:02:39.465+0000] {processor.py:183} INFO - Processing /home/airflow/.local/lib/python3.8/site-packages/airflow/example_dags/tutorial_objectstorage.py took 0.163 seconds
[2024-04-08T03:03:10.058+0000] {processor.py:161} INFO - Started process (PID=2494) to work on /home/airflow/.local/lib/python3.8/site-packages/airflow/example_dags/tutorial_objectstorage.py
[2024-04-08T03:03:10.060+0000] {processor.py:830} INFO - Processing file /home/airflow/.local/lib/python3.8/site-packages/airflow/example_dags/tutorial_objectstorage.py for tasks to queue
[2024-04-08T03:03:10.061+0000] {logging_mixin.py:188} INFO - [2024-04-08T03:03:10.060+0000] {dagbag.py:540} INFO - Filling up the DagBag from /home/airflow/.local/lib/python3.8/site-packages/airflow/example_dags/tutorial_objectstorage.py
[2024-04-08T03:03:10.069+0000] {processor.py:840} INFO - DAG(s) 'tutorial_objectstorage' retrieved from /home/airflow/.local/lib/python3.8/site-packages/airflow/example_dags/tutorial_objectstorage.py
[2024-04-08T03:03:10.092+0000] {logging_mixin.py:188} INFO - [2024-04-08T03:03:10.092+0000] {dag.py:3047} INFO - Sync 1 DAGs
[2024-04-08T03:03:10.122+0000] {logging_mixin.py:188} INFO - [2024-04-08T03:03:10.122+0000] {dag.py:3834} INFO - Setting next_dagrun for tutorial_objectstorage to None, run_after=None
[2024-04-08T03:03:10.154+0000] {processor.py:183} INFO - Processing /home/airflow/.local/lib/python3.8/site-packages/airflow/example_dags/tutorial_objectstorage.py took 0.099 seconds
[2024-04-08T03:03:40.363+0000] {processor.py:161} INFO - Started process (PID=2740) to work on /home/airflow/.local/lib/python3.8/site-packages/airflow/example_dags/tutorial_objectstorage.py
[2024-04-08T03:03:40.364+0000] {processor.py:830} INFO - Processing file /home/airflow/.local/lib/python3.8/site-packages/airflow/example_dags/tutorial_objectstorage.py for tasks to queue
[2024-04-08T03:03:40.365+0000] {logging_mixin.py:188} INFO - [2024-04-08T03:03:40.365+0000] {dagbag.py:540} INFO - Filling up the DagBag from /home/airflow/.local/lib/python3.8/site-packages/airflow/example_dags/tutorial_objectstorage.py
[2024-04-08T03:03:40.373+0000] {processor.py:840} INFO - DAG(s) 'tutorial_objectstorage' retrieved from /home/airflow/.local/lib/python3.8/site-packages/airflow/example_dags/tutorial_objectstorage.py
[2024-04-08T03:03:40.394+0000] {logging_mixin.py:188} INFO - [2024-04-08T03:03:40.394+0000] {dag.py:3047} INFO - Sync 1 DAGs
[2024-04-08T03:03:40.405+0000] {logging_mixin.py:188} INFO - [2024-04-08T03:03:40.405+0000] {dag.py:3834} INFO - Setting next_dagrun for tutorial_objectstorage to None, run_after=None
[2024-04-08T03:03:40.451+0000] {processor.py:183} INFO - Processing /home/airflow/.local/lib/python3.8/site-packages/airflow/example_dags/tutorial_objectstorage.py took 0.091 seconds
[2024-04-08T03:04:10.663+0000] {processor.py:161} INFO - Started process (PID=2987) to work on /home/airflow/.local/lib/python3.8/site-packages/airflow/example_dags/tutorial_objectstorage.py
[2024-04-08T03:04:10.664+0000] {processor.py:830} INFO - Processing file /home/airflow/.local/lib/python3.8/site-packages/airflow/example_dags/tutorial_objectstorage.py for tasks to queue
[2024-04-08T03:04:10.665+0000] {logging_mixin.py:188} INFO - [2024-04-08T03:04:10.665+0000] {dagbag.py:540} INFO - Filling up the DagBag from /home/airflow/.local/lib/python3.8/site-packages/airflow/example_dags/tutorial_objectstorage.py
[2024-04-08T03:04:10.675+0000] {processor.py:840} INFO - DAG(s) 'tutorial_objectstorage' retrieved from /home/airflow/.local/lib/python3.8/site-packages/airflow/example_dags/tutorial_objectstorage.py
[2024-04-08T03:04:10.694+0000] {logging_mixin.py:188} INFO - [2024-04-08T03:04:10.694+0000] {dag.py:3047} INFO - Sync 1 DAGs
[2024-04-08T03:04:10.707+0000] {logging_mixin.py:188} INFO - [2024-04-08T03:04:10.707+0000] {dag.py:3834} INFO - Setting next_dagrun for tutorial_objectstorage to None, run_after=None
[2024-04-08T03:04:10.732+0000] {processor.py:183} INFO - Processing /home/airflow/.local/lib/python3.8/site-packages/airflow/example_dags/tutorial_objectstorage.py took 0.073 seconds
[2024-04-08T03:04:41.189+0000] {processor.py:161} INFO - Started process (PID=3236) to work on /home/airflow/.local/lib/python3.8/site-packages/airflow/example_dags/tutorial_objectstorage.py
[2024-04-08T03:04:41.190+0000] {processor.py:830} INFO - Processing file /home/airflow/.local/lib/python3.8/site-packages/airflow/example_dags/tutorial_objectstorage.py for tasks to queue
[2024-04-08T03:04:41.191+0000] {logging_mixin.py:188} INFO - [2024-04-08T03:04:41.191+0000] {dagbag.py:540} INFO - Filling up the DagBag from /home/airflow/.local/lib/python3.8/site-packages/airflow/example_dags/tutorial_objectstorage.py
[2024-04-08T03:04:41.199+0000] {processor.py:840} INFO - DAG(s) 'tutorial_objectstorage' retrieved from /home/airflow/.local/lib/python3.8/site-packages/airflow/example_dags/tutorial_objectstorage.py
[2024-04-08T03:04:41.232+0000] {logging_mixin.py:188} INFO - [2024-04-08T03:04:41.231+0000] {dag.py:3047} INFO - Sync 1 DAGs
[2024-04-08T03:04:41.245+0000] {logging_mixin.py:188} INFO - [2024-04-08T03:04:41.245+0000] {dag.py:3834} INFO - Setting next_dagrun for tutorial_objectstorage to None, run_after=None
[2024-04-08T03:04:41.270+0000] {processor.py:183} INFO - Processing /home/airflow/.local/lib/python3.8/site-packages/airflow/example_dags/tutorial_objectstorage.py took 0.085 seconds
[2024-04-08T03:05:11.632+0000] {processor.py:161} INFO - Started process (PID=3481) to work on /home/airflow/.local/lib/python3.8/site-packages/airflow/example_dags/tutorial_objectstorage.py
[2024-04-08T03:05:11.632+0000] {processor.py:830} INFO - Processing file /home/airflow/.local/lib/python3.8/site-packages/airflow/example_dags/tutorial_objectstorage.py for tasks to queue
[2024-04-08T03:05:11.633+0000] {logging_mixin.py:188} INFO - [2024-04-08T03:05:11.633+0000] {dagbag.py:540} INFO - Filling up the DagBag from /home/airflow/.local/lib/python3.8/site-packages/airflow/example_dags/tutorial_objectstorage.py
[2024-04-08T03:05:11.640+0000] {processor.py:840} INFO - DAG(s) 'tutorial_objectstorage' retrieved from /home/airflow/.local/lib/python3.8/site-packages/airflow/example_dags/tutorial_objectstorage.py
[2024-04-08T03:05:11.660+0000] {logging_mixin.py:188} INFO - [2024-04-08T03:05:11.659+0000] {dag.py:3047} INFO - Sync 1 DAGs
[2024-04-08T03:05:11.673+0000] {logging_mixin.py:188} INFO - [2024-04-08T03:05:11.673+0000] {dag.py:3834} INFO - Setting next_dagrun for tutorial_objectstorage to None, run_after=None
[2024-04-08T03:05:11.695+0000] {processor.py:183} INFO - Processing /home/airflow/.local/lib/python3.8/site-packages/airflow/example_dags/tutorial_objectstorage.py took 0.066 seconds
[2024-04-08T03:05:42.354+0000] {processor.py:161} INFO - Started process (PID=3728) to work on /home/airflow/.local/lib/python3.8/site-packages/airflow/example_dags/tutorial_objectstorage.py
[2024-04-08T03:05:42.355+0000] {processor.py:830} INFO - Processing file /home/airflow/.local/lib/python3.8/site-packages/airflow/example_dags/tutorial_objectstorage.py for tasks to queue
[2024-04-08T03:05:42.356+0000] {logging_mixin.py:188} INFO - [2024-04-08T03:05:42.356+0000] {dagbag.py:540} INFO - Filling up the DagBag from /home/airflow/.local/lib/python3.8/site-packages/airflow/example_dags/tutorial_objectstorage.py
[2024-04-08T03:05:42.364+0000] {processor.py:840} INFO - DAG(s) 'tutorial_objectstorage' retrieved from /home/airflow/.local/lib/python3.8/site-packages/airflow/example_dags/tutorial_objectstorage.py
[2024-04-08T03:05:42.382+0000] {logging_mixin.py:188} INFO - [2024-04-08T03:05:42.382+0000] {dag.py:3047} INFO - Sync 1 DAGs
[2024-04-08T03:05:42.394+0000] {logging_mixin.py:188} INFO - [2024-04-08T03:05:42.394+0000] {dag.py:3834} INFO - Setting next_dagrun for tutorial_objectstorage to None, run_after=None
[2024-04-08T03:05:42.418+0000] {processor.py:183} INFO - Processing /home/airflow/.local/lib/python3.8/site-packages/airflow/example_dags/tutorial_objectstorage.py took 0.068 seconds
[2024-04-08T03:06:13.308+0000] {processor.py:161} INFO - Started process (PID=3976) to work on /home/airflow/.local/lib/python3.8/site-packages/airflow/example_dags/tutorial_objectstorage.py
[2024-04-08T03:06:13.310+0000] {processor.py:830} INFO - Processing file /home/airflow/.local/lib/python3.8/site-packages/airflow/example_dags/tutorial_objectstorage.py for tasks to queue
[2024-04-08T03:06:13.314+0000] {logging_mixin.py:188} INFO - [2024-04-08T03:06:13.313+0000] {dagbag.py:540} INFO - Filling up the DagBag from /home/airflow/.local/lib/python3.8/site-packages/airflow/example_dags/tutorial_objectstorage.py
[2024-04-08T03:06:13.322+0000] {processor.py:840} INFO - DAG(s) 'tutorial_objectstorage' retrieved from /home/airflow/.local/lib/python3.8/site-packages/airflow/example_dags/tutorial_objectstorage.py
[2024-04-08T03:06:13.357+0000] {logging_mixin.py:188} INFO - [2024-04-08T03:06:13.357+0000] {dag.py:3047} INFO - Sync 1 DAGs
[2024-04-08T03:06:13.386+0000] {logging_mixin.py:188} INFO - [2024-04-08T03:06:13.385+0000] {dag.py:3834} INFO - Setting next_dagrun for tutorial_objectstorage to None, run_after=None
[2024-04-08T03:06:13.420+0000] {processor.py:183} INFO - Processing /home/airflow/.local/lib/python3.8/site-packages/airflow/example_dags/tutorial_objectstorage.py took 0.116 seconds
