[2024-04-08T02:58:36.423+0000] {processor.py:161} INFO - Started process (PID=307) to work on /home/airflow/.local/lib/python3.8/site-packages/airflow/example_dags/tutorial.py
[2024-04-08T02:58:36.425+0000] {processor.py:830} INFO - Processing file /home/airflow/.local/lib/python3.8/site-packages/airflow/example_dags/tutorial.py for tasks to queue
[2024-04-08T02:58:36.430+0000] {logging_mixin.py:188} INFO - [2024-04-08T02:58:36.429+0000] {dagbag.py:540} INFO - Filling up the DagBag from /home/airflow/.local/lib/python3.8/site-packages/airflow/example_dags/tutorial.py
[2024-04-08T02:58:36.441+0000] {processor.py:840} INFO - DAG(s) 'tutorial' retrieved from /home/airflow/.local/lib/python3.8/site-packages/airflow/example_dags/tutorial.py
[2024-04-08T02:58:36.604+0000] {logging_mixin.py:188} INFO - [2024-04-08T02:58:36.603+0000] {override.py:1769} INFO - Created Permission View: can read on DAG:tutorial
[2024-04-08T02:58:36.618+0000] {logging_mixin.py:188} INFO - [2024-04-08T02:58:36.618+0000] {override.py:1769} INFO - Created Permission View: can delete on DAG:tutorial
[2024-04-08T02:58:36.630+0000] {logging_mixin.py:188} INFO - [2024-04-08T02:58:36.630+0000] {override.py:1769} INFO - Created Permission View: can edit on DAG:tutorial
[2024-04-08T02:58:36.631+0000] {logging_mixin.py:188} INFO - [2024-04-08T02:58:36.630+0000] {dag.py:3047} INFO - Sync 1 DAGs
[2024-04-08T02:58:36.644+0000] {logging_mixin.py:188} INFO - [2024-04-08T02:58:36.644+0000] {dag.py:3069} INFO - Creating ORM DAG for tutorial
[2024-04-08T02:58:36.654+0000] {logging_mixin.py:188} INFO - [2024-04-08T02:58:36.654+0000] {dag.py:3834} INFO - Setting next_dagrun for tutorial to 2024-04-07 00:00:00+00:00, run_after=2024-04-08 00:00:00+00:00
[2024-04-08T02:58:36.679+0000] {processor.py:183} INFO - Processing /home/airflow/.local/lib/python3.8/site-packages/airflow/example_dags/tutorial.py took 0.259 seconds
[2024-04-08T02:59:07.465+0000] {processor.py:161} INFO - Started process (PID=554) to work on /home/airflow/.local/lib/python3.8/site-packages/airflow/example_dags/tutorial.py
[2024-04-08T02:59:07.466+0000] {processor.py:830} INFO - Processing file /home/airflow/.local/lib/python3.8/site-packages/airflow/example_dags/tutorial.py for tasks to queue
[2024-04-08T02:59:07.468+0000] {logging_mixin.py:188} INFO - [2024-04-08T02:59:07.467+0000] {dagbag.py:540} INFO - Filling up the DagBag from /home/airflow/.local/lib/python3.8/site-packages/airflow/example_dags/tutorial.py
[2024-04-08T02:59:07.476+0000] {processor.py:840} INFO - DAG(s) 'tutorial' retrieved from /home/airflow/.local/lib/python3.8/site-packages/airflow/example_dags/tutorial.py
[2024-04-08T02:59:07.498+0000] {logging_mixin.py:188} INFO - [2024-04-08T02:59:07.497+0000] {dag.py:3047} INFO - Sync 1 DAGs
[2024-04-08T02:59:07.519+0000] {logging_mixin.py:188} INFO - [2024-04-08T02:59:07.519+0000] {dag.py:3834} INFO - Setting next_dagrun for tutorial to 2024-04-07 00:00:00+00:00, run_after=2024-04-08 00:00:00+00:00
[2024-04-08T02:59:07.560+0000] {processor.py:183} INFO - Processing /home/airflow/.local/lib/python3.8/site-packages/airflow/example_dags/tutorial.py took 0.098 seconds
[2024-04-08T02:59:37.680+0000] {processor.py:161} INFO - Started process (PID=798) to work on /home/airflow/.local/lib/python3.8/site-packages/airflow/example_dags/tutorial.py
[2024-04-08T02:59:37.681+0000] {processor.py:830} INFO - Processing file /home/airflow/.local/lib/python3.8/site-packages/airflow/example_dags/tutorial.py for tasks to queue
[2024-04-08T02:59:37.682+0000] {logging_mixin.py:188} INFO - [2024-04-08T02:59:37.681+0000] {dagbag.py:540} INFO - Filling up the DagBag from /home/airflow/.local/lib/python3.8/site-packages/airflow/example_dags/tutorial.py
[2024-04-08T02:59:37.692+0000] {processor.py:840} INFO - DAG(s) 'tutorial' retrieved from /home/airflow/.local/lib/python3.8/site-packages/airflow/example_dags/tutorial.py
[2024-04-08T02:59:37.716+0000] {logging_mixin.py:188} INFO - [2024-04-08T02:59:37.715+0000] {dag.py:3047} INFO - Sync 1 DAGs
[2024-04-08T02:59:37.740+0000] {logging_mixin.py:188} INFO - [2024-04-08T02:59:37.740+0000] {dag.py:3834} INFO - Setting next_dagrun for tutorial to 2024-04-07 00:00:00+00:00, run_after=2024-04-08 00:00:00+00:00
[2024-04-08T02:59:37.767+0000] {processor.py:183} INFO - Processing /home/airflow/.local/lib/python3.8/site-packages/airflow/example_dags/tutorial.py took 0.091 seconds
[2024-04-08T03:00:07.887+0000] {processor.py:161} INFO - Started process (PID=1045) to work on /home/airflow/.local/lib/python3.8/site-packages/airflow/example_dags/tutorial.py
[2024-04-08T03:00:07.888+0000] {processor.py:830} INFO - Processing file /home/airflow/.local/lib/python3.8/site-packages/airflow/example_dags/tutorial.py for tasks to queue
[2024-04-08T03:00:07.889+0000] {logging_mixin.py:188} INFO - [2024-04-08T03:00:07.889+0000] {dagbag.py:540} INFO - Filling up the DagBag from /home/airflow/.local/lib/python3.8/site-packages/airflow/example_dags/tutorial.py
[2024-04-08T03:00:07.895+0000] {processor.py:840} INFO - DAG(s) 'tutorial' retrieved from /home/airflow/.local/lib/python3.8/site-packages/airflow/example_dags/tutorial.py
[2024-04-08T03:00:07.918+0000] {logging_mixin.py:188} INFO - [2024-04-08T03:00:07.918+0000] {dag.py:3047} INFO - Sync 1 DAGs
[2024-04-08T03:00:07.934+0000] {logging_mixin.py:188} INFO - [2024-04-08T03:00:07.934+0000] {dag.py:3834} INFO - Setting next_dagrun for tutorial to 2024-04-07 00:00:00+00:00, run_after=2024-04-08 00:00:00+00:00
[2024-04-08T03:00:07.953+0000] {processor.py:183} INFO - Processing /home/airflow/.local/lib/python3.8/site-packages/airflow/example_dags/tutorial.py took 0.069 seconds
[2024-04-08T03:00:38.539+0000] {processor.py:161} INFO - Started process (PID=1292) to work on /home/airflow/.local/lib/python3.8/site-packages/airflow/example_dags/tutorial.py
[2024-04-08T03:00:38.540+0000] {processor.py:830} INFO - Processing file /home/airflow/.local/lib/python3.8/site-packages/airflow/example_dags/tutorial.py for tasks to queue
[2024-04-08T03:00:38.541+0000] {logging_mixin.py:188} INFO - [2024-04-08T03:00:38.541+0000] {dagbag.py:540} INFO - Filling up the DagBag from /home/airflow/.local/lib/python3.8/site-packages/airflow/example_dags/tutorial.py
[2024-04-08T03:00:38.546+0000] {processor.py:840} INFO - DAG(s) 'tutorial' retrieved from /home/airflow/.local/lib/python3.8/site-packages/airflow/example_dags/tutorial.py
[2024-04-08T03:00:38.561+0000] {logging_mixin.py:188} INFO - [2024-04-08T03:00:38.561+0000] {dag.py:3047} INFO - Sync 1 DAGs
[2024-04-08T03:00:38.576+0000] {logging_mixin.py:188} INFO - [2024-04-08T03:00:38.576+0000] {dag.py:3834} INFO - Setting next_dagrun for tutorial to 2024-04-07 00:00:00+00:00, run_after=2024-04-08 00:00:00+00:00
[2024-04-08T03:00:38.595+0000] {processor.py:183} INFO - Processing /home/airflow/.local/lib/python3.8/site-packages/airflow/example_dags/tutorial.py took 0.059 seconds
[2024-04-08T03:01:09.331+0000] {processor.py:161} INFO - Started process (PID=1539) to work on /home/airflow/.local/lib/python3.8/site-packages/airflow/example_dags/tutorial.py
[2024-04-08T03:01:09.332+0000] {processor.py:830} INFO - Processing file /home/airflow/.local/lib/python3.8/site-packages/airflow/example_dags/tutorial.py for tasks to queue
[2024-04-08T03:01:09.332+0000] {logging_mixin.py:188} INFO - [2024-04-08T03:01:09.332+0000] {dagbag.py:540} INFO - Filling up the DagBag from /home/airflow/.local/lib/python3.8/site-packages/airflow/example_dags/tutorial.py
[2024-04-08T03:01:09.337+0000] {processor.py:840} INFO - DAG(s) 'tutorial' retrieved from /home/airflow/.local/lib/python3.8/site-packages/airflow/example_dags/tutorial.py
[2024-04-08T03:01:09.352+0000] {logging_mixin.py:188} INFO - [2024-04-08T03:01:09.352+0000] {dag.py:3047} INFO - Sync 1 DAGs
[2024-04-08T03:01:09.368+0000] {logging_mixin.py:188} INFO - [2024-04-08T03:01:09.368+0000] {dag.py:3834} INFO - Setting next_dagrun for tutorial to 2024-04-07 00:00:00+00:00, run_after=2024-04-08 00:00:00+00:00
[2024-04-08T03:01:09.388+0000] {processor.py:183} INFO - Processing /home/airflow/.local/lib/python3.8/site-packages/airflow/example_dags/tutorial.py took 0.060 seconds
[2024-04-08T03:01:39.881+0000] {processor.py:161} INFO - Started process (PID=1786) to work on /home/airflow/.local/lib/python3.8/site-packages/airflow/example_dags/tutorial.py
[2024-04-08T03:01:39.882+0000] {processor.py:830} INFO - Processing file /home/airflow/.local/lib/python3.8/site-packages/airflow/example_dags/tutorial.py for tasks to queue
[2024-04-08T03:01:39.883+0000] {logging_mixin.py:188} INFO - [2024-04-08T03:01:39.882+0000] {dagbag.py:540} INFO - Filling up the DagBag from /home/airflow/.local/lib/python3.8/site-packages/airflow/example_dags/tutorial.py
[2024-04-08T03:01:39.887+0000] {processor.py:840} INFO - DAG(s) 'tutorial' retrieved from /home/airflow/.local/lib/python3.8/site-packages/airflow/example_dags/tutorial.py
[2024-04-08T03:01:39.902+0000] {logging_mixin.py:188} INFO - [2024-04-08T03:01:39.902+0000] {dag.py:3047} INFO - Sync 1 DAGs
[2024-04-08T03:01:39.918+0000] {logging_mixin.py:188} INFO - [2024-04-08T03:01:39.917+0000] {dag.py:3834} INFO - Setting next_dagrun for tutorial to 2024-04-07 00:00:00+00:00, run_after=2024-04-08 00:00:00+00:00
[2024-04-08T03:01:39.938+0000] {processor.py:183} INFO - Processing /home/airflow/.local/lib/python3.8/site-packages/airflow/example_dags/tutorial.py took 0.060 seconds
[2024-04-08T03:02:10.329+0000] {processor.py:161} INFO - Started process (PID=2033) to work on /home/airflow/.local/lib/python3.8/site-packages/airflow/example_dags/tutorial.py
[2024-04-08T03:02:10.330+0000] {processor.py:830} INFO - Processing file /home/airflow/.local/lib/python3.8/site-packages/airflow/example_dags/tutorial.py for tasks to queue
[2024-04-08T03:02:10.330+0000] {logging_mixin.py:188} INFO - [2024-04-08T03:02:10.330+0000] {dagbag.py:540} INFO - Filling up the DagBag from /home/airflow/.local/lib/python3.8/site-packages/airflow/example_dags/tutorial.py
[2024-04-08T03:02:10.335+0000] {processor.py:840} INFO - DAG(s) 'tutorial' retrieved from /home/airflow/.local/lib/python3.8/site-packages/airflow/example_dags/tutorial.py
[2024-04-08T03:02:10.350+0000] {logging_mixin.py:188} INFO - [2024-04-08T03:02:10.349+0000] {dag.py:3047} INFO - Sync 1 DAGs
[2024-04-08T03:02:10.365+0000] {logging_mixin.py:188} INFO - [2024-04-08T03:02:10.365+0000] {dag.py:3834} INFO - Setting next_dagrun for tutorial to 2024-04-07 00:00:00+00:00, run_after=2024-04-08 00:00:00+00:00
[2024-04-08T03:02:10.384+0000] {processor.py:183} INFO - Processing /home/airflow/.local/lib/python3.8/site-packages/airflow/example_dags/tutorial.py took 0.058 seconds
[2024-04-08T03:02:41.035+0000] {processor.py:161} INFO - Started process (PID=2281) to work on /home/airflow/.local/lib/python3.8/site-packages/airflow/example_dags/tutorial.py
[2024-04-08T03:02:41.036+0000] {processor.py:830} INFO - Processing file /home/airflow/.local/lib/python3.8/site-packages/airflow/example_dags/tutorial.py for tasks to queue
[2024-04-08T03:02:41.037+0000] {logging_mixin.py:188} INFO - [2024-04-08T03:02:41.037+0000] {dagbag.py:540} INFO - Filling up the DagBag from /home/airflow/.local/lib/python3.8/site-packages/airflow/example_dags/tutorial.py
[2024-04-08T03:02:41.042+0000] {processor.py:840} INFO - DAG(s) 'tutorial' retrieved from /home/airflow/.local/lib/python3.8/site-packages/airflow/example_dags/tutorial.py
[2024-04-08T03:02:41.057+0000] {logging_mixin.py:188} INFO - [2024-04-08T03:02:41.056+0000] {dag.py:3047} INFO - Sync 1 DAGs
[2024-04-08T03:02:41.073+0000] {logging_mixin.py:188} INFO - [2024-04-08T03:02:41.073+0000] {dag.py:3834} INFO - Setting next_dagrun for tutorial to 2024-04-07 00:00:00+00:00, run_after=2024-04-08 00:00:00+00:00
[2024-04-08T03:02:41.092+0000] {processor.py:183} INFO - Processing /home/airflow/.local/lib/python3.8/site-packages/airflow/example_dags/tutorial.py took 0.060 seconds
[2024-04-08T03:03:11.445+0000] {processor.py:161} INFO - Started process (PID=2529) to work on /home/airflow/.local/lib/python3.8/site-packages/airflow/example_dags/tutorial.py
[2024-04-08T03:03:11.445+0000] {processor.py:830} INFO - Processing file /home/airflow/.local/lib/python3.8/site-packages/airflow/example_dags/tutorial.py for tasks to queue
[2024-04-08T03:03:11.446+0000] {logging_mixin.py:188} INFO - [2024-04-08T03:03:11.446+0000] {dagbag.py:540} INFO - Filling up the DagBag from /home/airflow/.local/lib/python3.8/site-packages/airflow/example_dags/tutorial.py
[2024-04-08T03:03:11.451+0000] {processor.py:840} INFO - DAG(s) 'tutorial' retrieved from /home/airflow/.local/lib/python3.8/site-packages/airflow/example_dags/tutorial.py
[2024-04-08T03:03:11.466+0000] {logging_mixin.py:188} INFO - [2024-04-08T03:03:11.466+0000] {dag.py:3047} INFO - Sync 1 DAGs
[2024-04-08T03:03:11.483+0000] {logging_mixin.py:188} INFO - [2024-04-08T03:03:11.483+0000] {dag.py:3834} INFO - Setting next_dagrun for tutorial to 2024-04-07 00:00:00+00:00, run_after=2024-04-08 00:00:00+00:00
[2024-04-08T03:03:11.506+0000] {processor.py:183} INFO - Processing /home/airflow/.local/lib/python3.8/site-packages/airflow/example_dags/tutorial.py took 0.063 seconds
[2024-04-08T03:03:41.848+0000] {processor.py:161} INFO - Started process (PID=2777) to work on /home/airflow/.local/lib/python3.8/site-packages/airflow/example_dags/tutorial.py
[2024-04-08T03:03:41.848+0000] {processor.py:830} INFO - Processing file /home/airflow/.local/lib/python3.8/site-packages/airflow/example_dags/tutorial.py for tasks to queue
[2024-04-08T03:03:41.849+0000] {logging_mixin.py:188} INFO - [2024-04-08T03:03:41.849+0000] {dagbag.py:540} INFO - Filling up the DagBag from /home/airflow/.local/lib/python3.8/site-packages/airflow/example_dags/tutorial.py
[2024-04-08T03:03:41.854+0000] {processor.py:840} INFO - DAG(s) 'tutorial' retrieved from /home/airflow/.local/lib/python3.8/site-packages/airflow/example_dags/tutorial.py
[2024-04-08T03:03:41.868+0000] {logging_mixin.py:188} INFO - [2024-04-08T03:03:41.868+0000] {dag.py:3047} INFO - Sync 1 DAGs
[2024-04-08T03:03:41.883+0000] {logging_mixin.py:188} INFO - [2024-04-08T03:03:41.883+0000] {dag.py:3834} INFO - Setting next_dagrun for tutorial to 2024-04-07 00:00:00+00:00, run_after=2024-04-08 00:00:00+00:00
[2024-04-08T03:03:41.902+0000] {processor.py:183} INFO - Processing /home/airflow/.local/lib/python3.8/site-packages/airflow/example_dags/tutorial.py took 0.057 seconds
[2024-04-08T03:04:12.129+0000] {processor.py:161} INFO - Started process (PID=3024) to work on /home/airflow/.local/lib/python3.8/site-packages/airflow/example_dags/tutorial.py
[2024-04-08T03:04:12.130+0000] {processor.py:830} INFO - Processing file /home/airflow/.local/lib/python3.8/site-packages/airflow/example_dags/tutorial.py for tasks to queue
[2024-04-08T03:04:12.130+0000] {logging_mixin.py:188} INFO - [2024-04-08T03:04:12.130+0000] {dagbag.py:540} INFO - Filling up the DagBag from /home/airflow/.local/lib/python3.8/site-packages/airflow/example_dags/tutorial.py
[2024-04-08T03:04:12.135+0000] {processor.py:840} INFO - DAG(s) 'tutorial' retrieved from /home/airflow/.local/lib/python3.8/site-packages/airflow/example_dags/tutorial.py
[2024-04-08T03:04:12.150+0000] {logging_mixin.py:188} INFO - [2024-04-08T03:04:12.149+0000] {dag.py:3047} INFO - Sync 1 DAGs
[2024-04-08T03:04:12.168+0000] {logging_mixin.py:188} INFO - [2024-04-08T03:04:12.168+0000] {dag.py:3834} INFO - Setting next_dagrun for tutorial to 2024-04-07 00:00:00+00:00, run_after=2024-04-08 00:00:00+00:00
[2024-04-08T03:04:12.314+0000] {processor.py:183} INFO - Processing /home/airflow/.local/lib/python3.8/site-packages/airflow/example_dags/tutorial.py took 0.187 seconds
[2024-04-08T03:04:42.770+0000] {processor.py:161} INFO - Started process (PID=3271) to work on /home/airflow/.local/lib/python3.8/site-packages/airflow/example_dags/tutorial.py
[2024-04-08T03:04:42.771+0000] {processor.py:830} INFO - Processing file /home/airflow/.local/lib/python3.8/site-packages/airflow/example_dags/tutorial.py for tasks to queue
[2024-04-08T03:04:42.771+0000] {logging_mixin.py:188} INFO - [2024-04-08T03:04:42.771+0000] {dagbag.py:540} INFO - Filling up the DagBag from /home/airflow/.local/lib/python3.8/site-packages/airflow/example_dags/tutorial.py
[2024-04-08T03:04:42.776+0000] {processor.py:840} INFO - DAG(s) 'tutorial' retrieved from /home/airflow/.local/lib/python3.8/site-packages/airflow/example_dags/tutorial.py
[2024-04-08T03:04:42.798+0000] {logging_mixin.py:188} INFO - [2024-04-08T03:04:42.798+0000] {dag.py:3047} INFO - Sync 1 DAGs
[2024-04-08T03:04:42.824+0000] {logging_mixin.py:188} INFO - [2024-04-08T03:04:42.824+0000] {dag.py:3834} INFO - Setting next_dagrun for tutorial to 2024-04-07 00:00:00+00:00, run_after=2024-04-08 00:00:00+00:00
[2024-04-08T03:04:42.954+0000] {processor.py:183} INFO - Processing /home/airflow/.local/lib/python3.8/site-packages/airflow/example_dags/tutorial.py took 0.186 seconds
[2024-04-08T03:05:13.120+0000] {processor.py:161} INFO - Started process (PID=3518) to work on /home/airflow/.local/lib/python3.8/site-packages/airflow/example_dags/tutorial.py
[2024-04-08T03:05:13.120+0000] {processor.py:830} INFO - Processing file /home/airflow/.local/lib/python3.8/site-packages/airflow/example_dags/tutorial.py for tasks to queue
[2024-04-08T03:05:13.121+0000] {logging_mixin.py:188} INFO - [2024-04-08T03:05:13.121+0000] {dagbag.py:540} INFO - Filling up the DagBag from /home/airflow/.local/lib/python3.8/site-packages/airflow/example_dags/tutorial.py
[2024-04-08T03:05:13.126+0000] {processor.py:840} INFO - DAG(s) 'tutorial' retrieved from /home/airflow/.local/lib/python3.8/site-packages/airflow/example_dags/tutorial.py
[2024-04-08T03:05:13.142+0000] {logging_mixin.py:188} INFO - [2024-04-08T03:05:13.142+0000] {dag.py:3047} INFO - Sync 1 DAGs
[2024-04-08T03:05:13.165+0000] {logging_mixin.py:188} INFO - [2024-04-08T03:05:13.165+0000] {dag.py:3834} INFO - Setting next_dagrun for tutorial to 2024-04-07 00:00:00+00:00, run_after=2024-04-08 00:00:00+00:00
[2024-04-08T03:05:13.316+0000] {processor.py:183} INFO - Processing /home/airflow/.local/lib/python3.8/site-packages/airflow/example_dags/tutorial.py took 0.199 seconds
[2024-04-08T03:05:43.772+0000] {processor.py:161} INFO - Started process (PID=3765) to work on /home/airflow/.local/lib/python3.8/site-packages/airflow/example_dags/tutorial.py
[2024-04-08T03:05:43.773+0000] {processor.py:830} INFO - Processing file /home/airflow/.local/lib/python3.8/site-packages/airflow/example_dags/tutorial.py for tasks to queue
[2024-04-08T03:05:43.774+0000] {logging_mixin.py:188} INFO - [2024-04-08T03:05:43.774+0000] {dagbag.py:540} INFO - Filling up the DagBag from /home/airflow/.local/lib/python3.8/site-packages/airflow/example_dags/tutorial.py
[2024-04-08T03:05:43.780+0000] {processor.py:840} INFO - DAG(s) 'tutorial' retrieved from /home/airflow/.local/lib/python3.8/site-packages/airflow/example_dags/tutorial.py
[2024-04-08T03:05:43.795+0000] {logging_mixin.py:188} INFO - [2024-04-08T03:05:43.795+0000] {dag.py:3047} INFO - Sync 1 DAGs
[2024-04-08T03:05:43.811+0000] {logging_mixin.py:188} INFO - [2024-04-08T03:05:43.811+0000] {dag.py:3834} INFO - Setting next_dagrun for tutorial to 2024-04-07 00:00:00+00:00, run_after=2024-04-08 00:00:00+00:00
[2024-04-08T03:05:43.831+0000] {processor.py:183} INFO - Processing /home/airflow/.local/lib/python3.8/site-packages/airflow/example_dags/tutorial.py took 0.064 seconds
[2024-04-08T03:06:14.140+0000] {processor.py:161} INFO - Started process (PID=4011) to work on /home/airflow/.local/lib/python3.8/site-packages/airflow/example_dags/tutorial.py
[2024-04-08T03:06:14.141+0000] {processor.py:830} INFO - Processing file /home/airflow/.local/lib/python3.8/site-packages/airflow/example_dags/tutorial.py for tasks to queue
[2024-04-08T03:06:14.142+0000] {logging_mixin.py:188} INFO - [2024-04-08T03:06:14.141+0000] {dagbag.py:540} INFO - Filling up the DagBag from /home/airflow/.local/lib/python3.8/site-packages/airflow/example_dags/tutorial.py
[2024-04-08T03:06:14.148+0000] {processor.py:840} INFO - DAG(s) 'tutorial' retrieved from /home/airflow/.local/lib/python3.8/site-packages/airflow/example_dags/tutorial.py
[2024-04-08T03:06:14.167+0000] {logging_mixin.py:188} INFO - [2024-04-08T03:06:14.167+0000] {dag.py:3047} INFO - Sync 1 DAGs
[2024-04-08T03:06:14.183+0000] {logging_mixin.py:188} INFO - [2024-04-08T03:06:14.183+0000] {dag.py:3834} INFO - Setting next_dagrun for tutorial to 2024-04-07 00:00:00+00:00, run_after=2024-04-08 00:00:00+00:00
[2024-04-08T03:06:14.204+0000] {processor.py:183} INFO - Processing /home/airflow/.local/lib/python3.8/site-packages/airflow/example_dags/tutorial.py took 0.067 seconds
