[2024-04-08T02:58:38.097+0000] {processor.py:161} INFO - Started process (PID=352) to work on /home/airflow/.local/lib/python3.8/site-packages/airflow/example_dags/tutorial_dag.py
[2024-04-08T02:58:38.098+0000] {processor.py:830} INFO - Processing file /home/airflow/.local/lib/python3.8/site-packages/airflow/example_dags/tutorial_dag.py for tasks to queue
[2024-04-08T02:58:38.103+0000] {logging_mixin.py:188} INFO - [2024-04-08T02:58:38.102+0000] {dagbag.py:540} INFO - Filling up the DagBag from /home/airflow/.local/lib/python3.8/site-packages/airflow/example_dags/tutorial_dag.py
[2024-04-08T02:58:38.109+0000] {processor.py:840} INFO - DAG(s) 'tutorial_dag' retrieved from /home/airflow/.local/lib/python3.8/site-packages/airflow/example_dags/tutorial_dag.py
[2024-04-08T02:58:38.256+0000] {logging_mixin.py:188} INFO - [2024-04-08T02:58:38.256+0000] {override.py:1769} INFO - Created Permission View: can read on DAG:tutorial_dag
[2024-04-08T02:58:38.279+0000] {logging_mixin.py:188} INFO - [2024-04-08T02:58:38.279+0000] {override.py:1769} INFO - Created Permission View: can delete on DAG:tutorial_dag
[2024-04-08T02:58:38.291+0000] {logging_mixin.py:188} INFO - [2024-04-08T02:58:38.291+0000] {override.py:1769} INFO - Created Permission View: can edit on DAG:tutorial_dag
[2024-04-08T02:58:38.292+0000] {logging_mixin.py:188} INFO - [2024-04-08T02:58:38.291+0000] {dag.py:3047} INFO - Sync 1 DAGs
[2024-04-08T02:58:38.306+0000] {logging_mixin.py:188} INFO - [2024-04-08T02:58:38.306+0000] {dag.py:3069} INFO - Creating ORM DAG for tutorial_dag
[2024-04-08T02:58:38.307+0000] {logging_mixin.py:188} INFO - [2024-04-08T02:58:38.307+0000] {dag.py:3834} INFO - Setting next_dagrun for tutorial_dag to None, run_after=None
[2024-04-08T02:58:38.329+0000] {processor.py:183} INFO - Processing /home/airflow/.local/lib/python3.8/site-packages/airflow/example_dags/tutorial_dag.py took 0.235 seconds
[2024-04-08T02:59:08.516+0000] {processor.py:161} INFO - Started process (PID=601) to work on /home/airflow/.local/lib/python3.8/site-packages/airflow/example_dags/tutorial_dag.py
[2024-04-08T02:59:08.518+0000] {processor.py:830} INFO - Processing file /home/airflow/.local/lib/python3.8/site-packages/airflow/example_dags/tutorial_dag.py for tasks to queue
[2024-04-08T02:59:08.519+0000] {logging_mixin.py:188} INFO - [2024-04-08T02:59:08.518+0000] {dagbag.py:540} INFO - Filling up the DagBag from /home/airflow/.local/lib/python3.8/site-packages/airflow/example_dags/tutorial_dag.py
[2024-04-08T02:59:08.524+0000] {processor.py:840} INFO - DAG(s) 'tutorial_dag' retrieved from /home/airflow/.local/lib/python3.8/site-packages/airflow/example_dags/tutorial_dag.py
[2024-04-08T02:59:08.546+0000] {logging_mixin.py:188} INFO - [2024-04-08T02:59:08.546+0000] {dag.py:3047} INFO - Sync 1 DAGs
[2024-04-08T02:59:08.559+0000] {logging_mixin.py:188} INFO - [2024-04-08T02:59:08.559+0000] {dag.py:3834} INFO - Setting next_dagrun for tutorial_dag to None, run_after=None
[2024-04-08T02:59:08.583+0000] {processor.py:183} INFO - Processing /home/airflow/.local/lib/python3.8/site-packages/airflow/example_dags/tutorial_dag.py took 0.069 seconds
[2024-04-08T02:59:39.364+0000] {processor.py:161} INFO - Started process (PID=846) to work on /home/airflow/.local/lib/python3.8/site-packages/airflow/example_dags/tutorial_dag.py
[2024-04-08T02:59:39.369+0000] {processor.py:830} INFO - Processing file /home/airflow/.local/lib/python3.8/site-packages/airflow/example_dags/tutorial_dag.py for tasks to queue
[2024-04-08T02:59:39.370+0000] {logging_mixin.py:188} INFO - [2024-04-08T02:59:39.370+0000] {dagbag.py:540} INFO - Filling up the DagBag from /home/airflow/.local/lib/python3.8/site-packages/airflow/example_dags/tutorial_dag.py
[2024-04-08T02:59:39.377+0000] {processor.py:840} INFO - DAG(s) 'tutorial_dag' retrieved from /home/airflow/.local/lib/python3.8/site-packages/airflow/example_dags/tutorial_dag.py
[2024-04-08T02:59:39.398+0000] {logging_mixin.py:188} INFO - [2024-04-08T02:59:39.398+0000] {dag.py:3047} INFO - Sync 1 DAGs
[2024-04-08T02:59:39.412+0000] {logging_mixin.py:188} INFO - [2024-04-08T02:59:39.412+0000] {dag.py:3834} INFO - Setting next_dagrun for tutorial_dag to None, run_after=None
[2024-04-08T02:59:39.435+0000] {processor.py:183} INFO - Processing /home/airflow/.local/lib/python3.8/site-packages/airflow/example_dags/tutorial_dag.py took 0.075 seconds
[2024-04-08T03:00:09.805+0000] {processor.py:161} INFO - Started process (PID=1093) to work on /home/airflow/.local/lib/python3.8/site-packages/airflow/example_dags/tutorial_dag.py
[2024-04-08T03:00:09.810+0000] {processor.py:830} INFO - Processing file /home/airflow/.local/lib/python3.8/site-packages/airflow/example_dags/tutorial_dag.py for tasks to queue
[2024-04-08T03:00:09.815+0000] {logging_mixin.py:188} INFO - [2024-04-08T03:00:09.814+0000] {dagbag.py:540} INFO - Filling up the DagBag from /home/airflow/.local/lib/python3.8/site-packages/airflow/example_dags/tutorial_dag.py
[2024-04-08T03:00:09.824+0000] {processor.py:840} INFO - DAG(s) 'tutorial_dag' retrieved from /home/airflow/.local/lib/python3.8/site-packages/airflow/example_dags/tutorial_dag.py
[2024-04-08T03:00:09.848+0000] {logging_mixin.py:188} INFO - [2024-04-08T03:00:09.848+0000] {dag.py:3047} INFO - Sync 1 DAGs
[2024-04-08T03:00:09.873+0000] {logging_mixin.py:188} INFO - [2024-04-08T03:00:09.873+0000] {dag.py:3834} INFO - Setting next_dagrun for tutorial_dag to None, run_after=None
[2024-04-08T03:00:09.900+0000] {processor.py:183} INFO - Processing /home/airflow/.local/lib/python3.8/site-packages/airflow/example_dags/tutorial_dag.py took 0.099 seconds
[2024-04-08T03:00:40.500+0000] {processor.py:161} INFO - Started process (PID=1342) to work on /home/airflow/.local/lib/python3.8/site-packages/airflow/example_dags/tutorial_dag.py
[2024-04-08T03:00:40.501+0000] {processor.py:830} INFO - Processing file /home/airflow/.local/lib/python3.8/site-packages/airflow/example_dags/tutorial_dag.py for tasks to queue
[2024-04-08T03:00:40.501+0000] {logging_mixin.py:188} INFO - [2024-04-08T03:00:40.501+0000] {dagbag.py:540} INFO - Filling up the DagBag from /home/airflow/.local/lib/python3.8/site-packages/airflow/example_dags/tutorial_dag.py
[2024-04-08T03:00:40.506+0000] {processor.py:840} INFO - DAG(s) 'tutorial_dag' retrieved from /home/airflow/.local/lib/python3.8/site-packages/airflow/example_dags/tutorial_dag.py
[2024-04-08T03:00:40.522+0000] {logging_mixin.py:188} INFO - [2024-04-08T03:00:40.522+0000] {dag.py:3047} INFO - Sync 1 DAGs
[2024-04-08T03:00:40.531+0000] {logging_mixin.py:188} INFO - [2024-04-08T03:00:40.531+0000] {dag.py:3834} INFO - Setting next_dagrun for tutorial_dag to None, run_after=None
[2024-04-08T03:00:40.550+0000] {processor.py:183} INFO - Processing /home/airflow/.local/lib/python3.8/site-packages/airflow/example_dags/tutorial_dag.py took 0.053 seconds
[2024-04-08T03:01:11.057+0000] {processor.py:161} INFO - Started process (PID=1587) to work on /home/airflow/.local/lib/python3.8/site-packages/airflow/example_dags/tutorial_dag.py
[2024-04-08T03:01:11.058+0000] {processor.py:830} INFO - Processing file /home/airflow/.local/lib/python3.8/site-packages/airflow/example_dags/tutorial_dag.py for tasks to queue
[2024-04-08T03:01:11.059+0000] {logging_mixin.py:188} INFO - [2024-04-08T03:01:11.059+0000] {dagbag.py:540} INFO - Filling up the DagBag from /home/airflow/.local/lib/python3.8/site-packages/airflow/example_dags/tutorial_dag.py
[2024-04-08T03:01:11.065+0000] {processor.py:840} INFO - DAG(s) 'tutorial_dag' retrieved from /home/airflow/.local/lib/python3.8/site-packages/airflow/example_dags/tutorial_dag.py
[2024-04-08T03:01:11.097+0000] {logging_mixin.py:188} INFO - [2024-04-08T03:01:11.096+0000] {dag.py:3047} INFO - Sync 1 DAGs
[2024-04-08T03:01:11.115+0000] {logging_mixin.py:188} INFO - [2024-04-08T03:01:11.115+0000] {dag.py:3834} INFO - Setting next_dagrun for tutorial_dag to None, run_after=None
[2024-04-08T03:01:11.139+0000] {processor.py:183} INFO - Processing /home/airflow/.local/lib/python3.8/site-packages/airflow/example_dags/tutorial_dag.py took 0.087 seconds
[2024-04-08T03:01:41.598+0000] {processor.py:161} INFO - Started process (PID=1836) to work on /home/airflow/.local/lib/python3.8/site-packages/airflow/example_dags/tutorial_dag.py
[2024-04-08T03:01:41.599+0000] {processor.py:830} INFO - Processing file /home/airflow/.local/lib/python3.8/site-packages/airflow/example_dags/tutorial_dag.py for tasks to queue
[2024-04-08T03:01:41.600+0000] {logging_mixin.py:188} INFO - [2024-04-08T03:01:41.599+0000] {dagbag.py:540} INFO - Filling up the DagBag from /home/airflow/.local/lib/python3.8/site-packages/airflow/example_dags/tutorial_dag.py
[2024-04-08T03:01:41.604+0000] {processor.py:840} INFO - DAG(s) 'tutorial_dag' retrieved from /home/airflow/.local/lib/python3.8/site-packages/airflow/example_dags/tutorial_dag.py
[2024-04-08T03:01:41.619+0000] {logging_mixin.py:188} INFO - [2024-04-08T03:01:41.619+0000] {dag.py:3047} INFO - Sync 1 DAGs
[2024-04-08T03:01:41.627+0000] {logging_mixin.py:188} INFO - [2024-04-08T03:01:41.627+0000] {dag.py:3834} INFO - Setting next_dagrun for tutorial_dag to None, run_after=None
[2024-04-08T03:01:41.648+0000] {processor.py:183} INFO - Processing /home/airflow/.local/lib/python3.8/site-packages/airflow/example_dags/tutorial_dag.py took 0.052 seconds
[2024-04-08T03:02:12.245+0000] {processor.py:161} INFO - Started process (PID=2081) to work on /home/airflow/.local/lib/python3.8/site-packages/airflow/example_dags/tutorial_dag.py
[2024-04-08T03:02:12.247+0000] {processor.py:830} INFO - Processing file /home/airflow/.local/lib/python3.8/site-packages/airflow/example_dags/tutorial_dag.py for tasks to queue
[2024-04-08T03:02:12.247+0000] {logging_mixin.py:188} INFO - [2024-04-08T03:02:12.247+0000] {dagbag.py:540} INFO - Filling up the DagBag from /home/airflow/.local/lib/python3.8/site-packages/airflow/example_dags/tutorial_dag.py
[2024-04-08T03:02:12.253+0000] {processor.py:840} INFO - DAG(s) 'tutorial_dag' retrieved from /home/airflow/.local/lib/python3.8/site-packages/airflow/example_dags/tutorial_dag.py
[2024-04-08T03:02:12.286+0000] {logging_mixin.py:188} INFO - [2024-04-08T03:02:12.285+0000] {dag.py:3047} INFO - Sync 1 DAGs
[2024-04-08T03:02:12.300+0000] {logging_mixin.py:188} INFO - [2024-04-08T03:02:12.300+0000] {dag.py:3834} INFO - Setting next_dagrun for tutorial_dag to None, run_after=None
[2024-04-08T03:02:12.327+0000] {processor.py:183} INFO - Processing /home/airflow/.local/lib/python3.8/site-packages/airflow/example_dags/tutorial_dag.py took 0.085 seconds
[2024-04-08T03:02:42.810+0000] {processor.py:161} INFO - Started process (PID=2329) to work on /home/airflow/.local/lib/python3.8/site-packages/airflow/example_dags/tutorial_dag.py
[2024-04-08T03:02:42.811+0000] {processor.py:830} INFO - Processing file /home/airflow/.local/lib/python3.8/site-packages/airflow/example_dags/tutorial_dag.py for tasks to queue
[2024-04-08T03:02:42.812+0000] {logging_mixin.py:188} INFO - [2024-04-08T03:02:42.812+0000] {dagbag.py:540} INFO - Filling up the DagBag from /home/airflow/.local/lib/python3.8/site-packages/airflow/example_dags/tutorial_dag.py
[2024-04-08T03:02:42.818+0000] {processor.py:840} INFO - DAG(s) 'tutorial_dag' retrieved from /home/airflow/.local/lib/python3.8/site-packages/airflow/example_dags/tutorial_dag.py
[2024-04-08T03:02:42.839+0000] {logging_mixin.py:188} INFO - [2024-04-08T03:02:42.839+0000] {dag.py:3047} INFO - Sync 1 DAGs
[2024-04-08T03:02:42.852+0000] {logging_mixin.py:188} INFO - [2024-04-08T03:02:42.852+0000] {dag.py:3834} INFO - Setting next_dagrun for tutorial_dag to None, run_after=None
[2024-04-08T03:02:42.874+0000] {processor.py:183} INFO - Processing /home/airflow/.local/lib/python3.8/site-packages/airflow/example_dags/tutorial_dag.py took 0.067 seconds
[2024-04-08T03:03:13.270+0000] {processor.py:161} INFO - Started process (PID=2578) to work on /home/airflow/.local/lib/python3.8/site-packages/airflow/example_dags/tutorial_dag.py
[2024-04-08T03:03:13.271+0000] {processor.py:830} INFO - Processing file /home/airflow/.local/lib/python3.8/site-packages/airflow/example_dags/tutorial_dag.py for tasks to queue
[2024-04-08T03:03:13.272+0000] {logging_mixin.py:188} INFO - [2024-04-08T03:03:13.272+0000] {dagbag.py:540} INFO - Filling up the DagBag from /home/airflow/.local/lib/python3.8/site-packages/airflow/example_dags/tutorial_dag.py
[2024-04-08T03:03:13.277+0000] {processor.py:840} INFO - DAG(s) 'tutorial_dag' retrieved from /home/airflow/.local/lib/python3.8/site-packages/airflow/example_dags/tutorial_dag.py
[2024-04-08T03:03:13.299+0000] {logging_mixin.py:188} INFO - [2024-04-08T03:03:13.299+0000] {dag.py:3047} INFO - Sync 1 DAGs
[2024-04-08T03:03:13.313+0000] {logging_mixin.py:188} INFO - [2024-04-08T03:03:13.313+0000] {dag.py:3834} INFO - Setting next_dagrun for tutorial_dag to None, run_after=None
[2024-04-08T03:03:13.338+0000] {processor.py:183} INFO - Processing /home/airflow/.local/lib/python3.8/site-packages/airflow/example_dags/tutorial_dag.py took 0.071 seconds
[2024-04-08T03:03:43.965+0000] {processor.py:161} INFO - Started process (PID=2825) to work on /home/airflow/.local/lib/python3.8/site-packages/airflow/example_dags/tutorial_dag.py
[2024-04-08T03:03:43.967+0000] {processor.py:830} INFO - Processing file /home/airflow/.local/lib/python3.8/site-packages/airflow/example_dags/tutorial_dag.py for tasks to queue
[2024-04-08T03:03:43.968+0000] {logging_mixin.py:188} INFO - [2024-04-08T03:03:43.968+0000] {dagbag.py:540} INFO - Filling up the DagBag from /home/airflow/.local/lib/python3.8/site-packages/airflow/example_dags/tutorial_dag.py
[2024-04-08T03:03:43.983+0000] {processor.py:840} INFO - DAG(s) 'tutorial_dag' retrieved from /home/airflow/.local/lib/python3.8/site-packages/airflow/example_dags/tutorial_dag.py
[2024-04-08T03:03:44.021+0000] {logging_mixin.py:188} INFO - [2024-04-08T03:03:44.021+0000] {dag.py:3047} INFO - Sync 1 DAGs
[2024-04-08T03:03:44.032+0000] {logging_mixin.py:188} INFO - [2024-04-08T03:03:44.031+0000] {dag.py:3834} INFO - Setting next_dagrun for tutorial_dag to None, run_after=None
[2024-04-08T03:03:44.054+0000] {processor.py:183} INFO - Processing /home/airflow/.local/lib/python3.8/site-packages/airflow/example_dags/tutorial_dag.py took 0.093 seconds
[2024-04-08T03:04:14.367+0000] {processor.py:161} INFO - Started process (PID=3072) to work on /home/airflow/.local/lib/python3.8/site-packages/airflow/example_dags/tutorial_dag.py
[2024-04-08T03:04:14.368+0000] {processor.py:830} INFO - Processing file /home/airflow/.local/lib/python3.8/site-packages/airflow/example_dags/tutorial_dag.py for tasks to queue
[2024-04-08T03:04:14.369+0000] {logging_mixin.py:188} INFO - [2024-04-08T03:04:14.368+0000] {dagbag.py:540} INFO - Filling up the DagBag from /home/airflow/.local/lib/python3.8/site-packages/airflow/example_dags/tutorial_dag.py
[2024-04-08T03:04:14.373+0000] {processor.py:840} INFO - DAG(s) 'tutorial_dag' retrieved from /home/airflow/.local/lib/python3.8/site-packages/airflow/example_dags/tutorial_dag.py
[2024-04-08T03:04:14.388+0000] {logging_mixin.py:188} INFO - [2024-04-08T03:04:14.388+0000] {dag.py:3047} INFO - Sync 1 DAGs
[2024-04-08T03:04:14.397+0000] {logging_mixin.py:188} INFO - [2024-04-08T03:04:14.397+0000] {dag.py:3834} INFO - Setting next_dagrun for tutorial_dag to None, run_after=None
[2024-04-08T03:04:14.462+0000] {processor.py:183} INFO - Processing /home/airflow/.local/lib/python3.8/site-packages/airflow/example_dags/tutorial_dag.py took 0.097 seconds
[2024-04-08T03:04:44.768+0000] {processor.py:161} INFO - Started process (PID=3319) to work on /home/airflow/.local/lib/python3.8/site-packages/airflow/example_dags/tutorial_dag.py
[2024-04-08T03:04:44.769+0000] {processor.py:830} INFO - Processing file /home/airflow/.local/lib/python3.8/site-packages/airflow/example_dags/tutorial_dag.py for tasks to queue
[2024-04-08T03:04:44.770+0000] {logging_mixin.py:188} INFO - [2024-04-08T03:04:44.769+0000] {dagbag.py:540} INFO - Filling up the DagBag from /home/airflow/.local/lib/python3.8/site-packages/airflow/example_dags/tutorial_dag.py
[2024-04-08T03:04:44.775+0000] {processor.py:840} INFO - DAG(s) 'tutorial_dag' retrieved from /home/airflow/.local/lib/python3.8/site-packages/airflow/example_dags/tutorial_dag.py
[2024-04-08T03:04:44.796+0000] {logging_mixin.py:188} INFO - [2024-04-08T03:04:44.796+0000] {dag.py:3047} INFO - Sync 1 DAGs
[2024-04-08T03:04:44.809+0000] {logging_mixin.py:188} INFO - [2024-04-08T03:04:44.809+0000] {dag.py:3834} INFO - Setting next_dagrun for tutorial_dag to None, run_after=None
[2024-04-08T03:04:44.891+0000] {processor.py:183} INFO - Processing /home/airflow/.local/lib/python3.8/site-packages/airflow/example_dags/tutorial_dag.py took 0.125 seconds
[2024-04-08T03:05:15.234+0000] {processor.py:161} INFO - Started process (PID=3566) to work on /home/airflow/.local/lib/python3.8/site-packages/airflow/example_dags/tutorial_dag.py
[2024-04-08T03:05:15.235+0000] {processor.py:830} INFO - Processing file /home/airflow/.local/lib/python3.8/site-packages/airflow/example_dags/tutorial_dag.py for tasks to queue
[2024-04-08T03:05:15.236+0000] {logging_mixin.py:188} INFO - [2024-04-08T03:05:15.235+0000] {dagbag.py:540} INFO - Filling up the DagBag from /home/airflow/.local/lib/python3.8/site-packages/airflow/example_dags/tutorial_dag.py
[2024-04-08T03:05:15.240+0000] {processor.py:840} INFO - DAG(s) 'tutorial_dag' retrieved from /home/airflow/.local/lib/python3.8/site-packages/airflow/example_dags/tutorial_dag.py
[2024-04-08T03:05:15.255+0000] {logging_mixin.py:188} INFO - [2024-04-08T03:05:15.254+0000] {dag.py:3047} INFO - Sync 1 DAGs
[2024-04-08T03:05:15.264+0000] {logging_mixin.py:188} INFO - [2024-04-08T03:05:15.264+0000] {dag.py:3834} INFO - Setting next_dagrun for tutorial_dag to None, run_after=None
[2024-04-08T03:05:15.341+0000] {processor.py:183} INFO - Processing /home/airflow/.local/lib/python3.8/site-packages/airflow/example_dags/tutorial_dag.py took 0.109 seconds
[2024-04-08T03:05:45.788+0000] {processor.py:161} INFO - Started process (PID=3814) to work on /home/airflow/.local/lib/python3.8/site-packages/airflow/example_dags/tutorial_dag.py
[2024-04-08T03:05:45.789+0000] {processor.py:830} INFO - Processing file /home/airflow/.local/lib/python3.8/site-packages/airflow/example_dags/tutorial_dag.py for tasks to queue
[2024-04-08T03:05:45.790+0000] {logging_mixin.py:188} INFO - [2024-04-08T03:05:45.790+0000] {dagbag.py:540} INFO - Filling up the DagBag from /home/airflow/.local/lib/python3.8/site-packages/airflow/example_dags/tutorial_dag.py
[2024-04-08T03:05:45.795+0000] {processor.py:840} INFO - DAG(s) 'tutorial_dag' retrieved from /home/airflow/.local/lib/python3.8/site-packages/airflow/example_dags/tutorial_dag.py
[2024-04-08T03:05:45.827+0000] {logging_mixin.py:188} INFO - [2024-04-08T03:05:45.826+0000] {dag.py:3047} INFO - Sync 1 DAGs
[2024-04-08T03:05:45.843+0000] {logging_mixin.py:188} INFO - [2024-04-08T03:05:45.843+0000] {dag.py:3834} INFO - Setting next_dagrun for tutorial_dag to None, run_after=None
[2024-04-08T03:05:45.867+0000] {processor.py:183} INFO - Processing /home/airflow/.local/lib/python3.8/site-packages/airflow/example_dags/tutorial_dag.py took 0.082 seconds
[2024-04-08T03:06:16.025+0000] {processor.py:161} INFO - Started process (PID=4063) to work on /home/airflow/.local/lib/python3.8/site-packages/airflow/example_dags/tutorial_dag.py
[2024-04-08T03:06:16.027+0000] {processor.py:830} INFO - Processing file /home/airflow/.local/lib/python3.8/site-packages/airflow/example_dags/tutorial_dag.py for tasks to queue
[2024-04-08T03:06:16.035+0000] {logging_mixin.py:188} INFO - [2024-04-08T03:06:16.034+0000] {dagbag.py:540} INFO - Filling up the DagBag from /home/airflow/.local/lib/python3.8/site-packages/airflow/example_dags/tutorial_dag.py
[2024-04-08T03:06:16.067+0000] {processor.py:840} INFO - DAG(s) 'tutorial_dag' retrieved from /home/airflow/.local/lib/python3.8/site-packages/airflow/example_dags/tutorial_dag.py
[2024-04-08T03:06:16.147+0000] {logging_mixin.py:188} INFO - [2024-04-08T03:06:16.146+0000] {dag.py:3047} INFO - Sync 1 DAGs
[2024-04-08T03:06:16.184+0000] {logging_mixin.py:188} INFO - [2024-04-08T03:06:16.184+0000] {dag.py:3834} INFO - Setting next_dagrun for tutorial_dag to None, run_after=None
[2024-04-08T03:06:16.238+0000] {processor.py:183} INFO - Processing /home/airflow/.local/lib/python3.8/site-packages/airflow/example_dags/tutorial_dag.py took 0.219 seconds
